/usr/local/lib/python3.9/site-packages/google/auth/__init__.py:54: FutureWarning: You are using a Python version 3.9 past its end of life. Google will update google-auth with critical bug fixes on a best-effort basis, but not with any other fixes or features. Please upgrade your Python version, and then update google-auth.
  warnings.warn(eol_message.format("3.9"), FutureWarning)
/usr/local/lib/python3.9/site-packages/google/oauth2/__init__.py:40: FutureWarning: You are using a Python version 3.9 past its end of life. Google will update google-auth with critical bug fixes on a best-effort basis, but not with any other fixes or features. Please upgrade your Python version, and then update google-auth.
  warnings.warn(eol_message.format("3.9"), FutureWarning)
2026-06-16T17:43:55 [INFO] scaler.main — Scaler starting: namespace=tcc-expsm-a-cpu-hv model=ExponentialSmoothing dataset=a-cpu mode=combined
2026-06-16T17:43:55 [INFO] scaler.main — Scale Engine active: VM Cores=5.00, VM RAM=8.00GB | Real Cores=48.00, Real RAM=384.00GB
2026-06-16T17:44:00 [WARNING] darts.models — The statsforecast module could not be imported. To enable support for the StatsForecastAutoARIMA, StatsForecastETS and Croston models, please consider installing it.
2026-06-16T17:44:00 [INFO] predictor — Model loaded: ExponentialSmoothing | dataset_slug=a-cpu | run_dir=/app/experiments/results/cegedim_application_A_CPU_exp1/ExponentialSmoothing/20260609_011715
2026-06-16T17:44:00 [INFO] predictor — Model loaded: ExponentialSmoothing | dataset_slug=a-ram | run_dir=/app/experiments/results/cegedim_application_A_RAM_exp1/ExponentialSmoothing/20260609_011715
2026-06-16T17:44:00 [INFO] predictor — Secondary model loaded for combined mode: slug=a-ram
2026-06-16T17:44:00 [INFO] k8s_scaler — Using in-cluster Kubernetes config
2026-06-16T17:44:00 [INFO] metrics_recorder — MetricsRecorder: initialized scaling and warmup logs in /results
2026-06-16T17:44:00 [INFO] scaler.main — Bootstrapping history: 30 minutes at 15s steps
2026-06-16T17:44:00 [INFO] scaler.main — Bootstrap complete: cpu=120 rows, ram=121 rows
2026-06-16T17:44:00 [INFO] predictor — fit_predict.history: rows=121 freq=15S head=[{'timestamp_date_format': Timestamp('2026-06-16 17:14:00'), 'Total_Usage': 1.8903630023956304}, {'timestamp_date_format': Timestamp('2026-06-16 17:14:15'), 'Total_Usage': 3.4665282482755884}, {'timestamp_date_format': Timestamp('2026-06-16 17:14:30'), 'Total_Usage': 3.8183796250745563}] tail=[{'timestamp_date_format': Timestamp('2026-06-16 17:43:30'), 'Total_Usage': 1.7929072320095905}, {'timestamp_date_format': Timestamp('2026-06-16 17:43:45'), 'Total_Usage': 3.1979252795670186}, {'timestamp_date_format': Timestamp('2026-06-16 17:44:00'), 'Total_Usage': 2.964972147269656}]
2026-06-16T17:44:00 [INFO] predictor — fit_predict.test_df: rows=1 freq=15S head=[{'timestamp_date_format': Timestamp('2026-06-16 17:44:15'), 'Total_Usage': 0.0}] tail=[{'timestamp_date_format': Timestamp('2026-06-16 17:44:15'), 'Total_Usage': 0.0}]
2026-06-16T17:44:00 [INFO] predictor — fit_predict.raw_pred=2.937064616998075 freq=15S
2026-06-16T17:44:00 [INFO] predictor — fit_predict_secondary.history: rows=121 freq=15S head=[{'timestamp_date_format': Timestamp('2026-06-16 17:14:00'), 'Total_Usage': 562.9083251953125}, {'timestamp_date_format': Timestamp('2026-06-16 17:14:15'), 'Total_Usage': 634.074462890625}, {'timestamp_date_format': Timestamp('2026-06-16 17:14:30'), 'Total_Usage': 634.077392578125}] tail=[{'timestamp_date_format': Timestamp('2026-06-16 17:43:30'), 'Total_Usage': 487.3443603515625}, {'timestamp_date_format': Timestamp('2026-06-16 17:43:45'), 'Total_Usage': 487.53607177734375}, {'timestamp_date_format': Timestamp('2026-06-16 17:44:00'), 'Total_Usage': 487.53607177734375}]
2026-06-16T17:44:00 [INFO] predictor — fit_predict_secondary.test_df: rows=1 freq=15S head=[{'timestamp_date_format': Timestamp('2026-06-16 17:44:15'), 'Total_Usage': 0.0}] tail=[{'timestamp_date_format': Timestamp('2026-06-16 17:44:15'), 'Total_Usage': 0.0}]
2026-06-16T17:44:00 [INFO] predictor — fit_predict_secondary.raw_pred=486.90789459155167 freq=15S
2026-06-16T17:44:00 [INFO] k8s_scaler — Patching replicas → 1
2026-06-16T17:44:00 [INFO] scaler.main — Cycle 0 | cpu=0.309→2.937 replicas=2→1 | ram=10.157GB→486.908GB mem=4096MB→4096MB | h=scale_down v=no_change | sla_cpu=False sla_ram=False
