  Error on attempt 1/10 for pod target-app-54678f7884-rvvtq: kubectl exec failed: command terminated with exit code 137
, retrying in 3s …
  Error on attempt 2/10 for pod target-app-54678f7884-rvvtq: kubectl exec failed: command terminated with exit code 137
, retrying in 3s …
  Error on attempt 3/10 for pod target-app-54678f7884-rvvtq: kubectl exec failed: error: unable to upgrade connection: container not found ("target-app")
, retrying in 3s …
  Error on attempt 4/10 for pod target-app-54678f7884-rvvtq: kubectl exec failed: error: unable to upgrade connection: container not found ("target-app")
, retrying in 3s …
  Error on attempt 5/10 for pod target-app-54678f7884-rvvtq: kubectl exec failed: Error from server (NotFound): pods "target-app-54678f7884-rvvtq" not found
, retrying in 3s …
  Error on attempt 6/10 for pod target-app-54678f7884-rvvtq: kubectl exec failed: Error from server (NotFound): pods "target-app-54678f7884-rvvtq" not found
, retrying in 3s …
  Error on attempt 7/10 for pod target-app-54678f7884-rvvtq: kubectl exec failed: Error from server (NotFound): pods "target-app-54678f7884-rvvtq" not found
, retrying in 3s …
  Error on attempt 8/10 for pod target-app-54678f7884-rvvtq: kubectl exec failed: Error from server (NotFound): pods "target-app-54678f7884-rvvtq" not found
, retrying in 3s …
  Error on attempt 9/10 for pod target-app-54678f7884-rvvtq: kubectl exec failed: Error from server (NotFound): pods "target-app-54678f7884-rvvtq" not found
, retrying in 3s …
  Error on attempt 10/10 for pod target-app-54678f7884-rvvtq: kubectl exec failed: Error from server (NotFound): pods "target-app-54678f7884-rvvtq" not found
, retrying in 3s …
  Error on attempt 1/10 for pod target-app-7d7746d958-zs46g: kubectl exec failed: Error from server (NotFound): pods "target-app-7d7746d958-zs46g" not found
, retrying in 3s …
  Error on attempt 2/10 for pod target-app-7d7746d958-zs46g: kubectl exec failed: Error from server (NotFound): pods "target-app-7d7746d958-zs46g" not found
, retrying in 3s …
  Error on attempt 3/10 for pod target-app-7d7746d958-zs46g: kubectl exec failed: Error from server (NotFound): pods "target-app-7d7746d958-zs46g" not found
, retrying in 3s …
  Error on attempt 4/10 for pod target-app-7d7746d958-zs46g: kubectl exec failed: Error from server (NotFound): pods "target-app-7d7746d958-zs46g" not found
, retrying in 3s …
  Error on attempt 5/10 for pod target-app-7d7746d958-zs46g: kubectl exec failed: Error from server (NotFound): pods "target-app-7d7746d958-zs46g" not found
, retrying in 3s …
  Error on attempt 6/10 for pod target-app-7d7746d958-zs46g: kubectl exec failed: Error from server (NotFound): pods "target-app-7d7746d958-zs46g" not found
, retrying in 3s …
  Error on attempt 7/10 for pod target-app-7d7746d958-zs46g: kubectl exec failed: Error from server (NotFound): pods "target-app-7d7746d958-zs46g" not found
, retrying in 3s …
  Error on attempt 8/10 for pod target-app-7d7746d958-zs46g: kubectl exec failed: Error from server (NotFound): pods "target-app-7d7746d958-zs46g" not found
, retrying in 3s …
  Error on attempt 9/10 for pod target-app-7d7746d958-zs46g: kubectl exec failed: Error from server (NotFound): pods "target-app-7d7746d958-zs46g" not found
, retrying in 3s …
  Error on attempt 10/10 for pod target-app-7d7746d958-zs46g: kubectl exec failed: Error from server (NotFound): pods "target-app-7d7746d958-zs46g" not found
, retrying in 3s …
  Error on attempt 1/10 for pod target-app-677c8b4b6f-jl2ld: kubectl exec failed: command terminated with exit code 137
, retrying in 3s …
  Error on attempt 2/10 for pod target-app-677c8b4b6f-jl2ld: kubectl exec failed: command terminated with exit code 137
, retrying in 3s …
  Error on attempt 3/10 for pod target-app-677c8b4b6f-jl2ld: kubectl exec failed: error: unable to upgrade connection: container not found ("target-app")
, retrying in 3s …
  Error on attempt 4/10 for pod target-app-677c8b4b6f-jl2ld: kubectl exec failed: error: unable to upgrade connection: container not found ("target-app")
, retrying in 3s …
  Error on attempt 5/10 for pod target-app-677c8b4b6f-jl2ld: kubectl exec failed: error: unable to upgrade connection: container not found ("target-app")
, retrying in 3s …
  Error on attempt 6/10 for pod target-app-677c8b4b6f-jl2ld: kubectl exec failed: error: unable to upgrade connection: container not found ("target-app")
, retrying in 3s …
  Error on attempt 7/10 for pod target-app-677c8b4b6f-jl2ld: kubectl exec failed: command terminated with exit code 137
, retrying in 3s …
  Error on attempt 8/10 for pod target-app-677c8b4b6f-jl2ld: kubectl exec failed: error: unable to upgrade connection: container not found ("target-app")
, retrying in 3s …
  Error on attempt 9/10 for pod target-app-677c8b4b6f-jl2ld: kubectl exec failed: error: unable to upgrade connection: container not found ("target-app")
, retrying in 3s …
  Error on attempt 10/10 for pod target-app-677c8b4b6f-jl2ld: kubectl exec failed: error: unable to upgrade connection: container not found ("target-app")
, retrying in 3s …
  Error on attempt 1/10 for pod target-app-677c8b4b6f-jl2ld: kubectl exec failed: error: unable to upgrade connection: container not found ("target-app")
, retrying in 3s …
  Error on attempt 2/10 for pod target-app-677c8b4b6f-jl2ld: kubectl exec failed: command terminated with exit code 137
, retrying in 3s …
  Error on attempt 3/10 for pod target-app-677c8b4b6f-jl2ld: kubectl exec failed: error: unable to upgrade connection: container not found ("target-app")
, retrying in 3s …
  Error on attempt 4/10 for pod target-app-677c8b4b6f-jl2ld: kubectl exec failed: error: unable to upgrade connection: container not found ("target-app")
, retrying in 3s …
  Error on attempt 5/10 for pod target-app-677c8b4b6f-jl2ld: kubectl exec failed: error: unable to upgrade connection: container not found ("target-app")
, retrying in 3s …
  Error on attempt 6/10 for pod target-app-677c8b4b6f-jl2ld: kubectl exec failed: error: unable to upgrade connection: container not found ("target-app")
, retrying in 3s …
  Error on attempt 7/10 for pod target-app-677c8b4b6f-jl2ld: kubectl exec failed: error: unable to upgrade connection: container not found ("target-app")
, retrying in 3s …
  Error on attempt 8/10 for pod target-app-677c8b4b6f-jl2ld: kubectl exec failed: error: unable to upgrade connection: container not found ("target-app")
, retrying in 3s …
  Error on attempt 9/10 for pod target-app-677c8b4b6f-jl2ld: kubectl exec failed: error: unable to upgrade connection: container not found ("target-app")
, retrying in 3s …
  Error on attempt 10/10 for pod target-app-677c8b4b6f-jl2ld: kubectl exec failed: error: unable to upgrade connection: container not found ("target-app")
, retrying in 3s …
  Error on attempt 1/10 for pod target-app-677c8b4b6f-jl2ld: kubectl exec failed: command terminated with exit code 7
, retrying in 3s …
  Error on attempt 2/10 for pod target-app-677c8b4b6f-jl2ld: kubectl exec failed: command terminated with exit code 137
, retrying in 3s …
  Error on attempt 3/10 for pod target-app-677c8b4b6f-jl2ld: kubectl exec failed: error: unable to upgrade connection: container not found ("target-app")
, retrying in 3s …
  Error on attempt 4/10 for pod target-app-677c8b4b6f-jl2ld: kubectl exec failed: error: unable to upgrade connection: container not found ("target-app")
, retrying in 3s …
  Error on attempt 5/10 for pod target-app-677c8b4b6f-jl2ld: kubectl exec failed: error: unable to upgrade connection: container not found ("target-app")
, retrying in 3s …
  Error on attempt 6/10 for pod target-app-677c8b4b6f-jl2ld: kubectl exec failed: error: unable to upgrade connection: container not found ("target-app")
, retrying in 3s …
  Error on attempt 7/10 for pod target-app-677c8b4b6f-jl2ld: kubectl exec failed: error: unable to upgrade connection: container not found ("target-app")
, retrying in 3s …
  Error on attempt 8/10 for pod target-app-677c8b4b6f-jl2ld: kubectl exec failed: error: unable to upgrade connection: container not found ("target-app")
, retrying in 3s …
  Error on attempt 9/10 for pod target-app-677c8b4b6f-jl2ld: kubectl exec failed: error: unable to upgrade connection: container not found ("target-app")
, retrying in 3s …
  Error on attempt 10/10 for pod target-app-677c8b4b6f-jl2ld: kubectl exec failed: error: unable to upgrade connection: container not found ("target-app")
, retrying in 3s …
  Error on attempt 1/10 for pod target-app-677c8b4b6f-jl2ld: kubectl exec failed: error: unable to upgrade connection: container not found ("target-app")
, retrying in 3s …
  Error on attempt 2/10 for pod target-app-677c8b4b6f-jl2ld: kubectl exec failed: error: unable to upgrade connection: container not found ("target-app")
, retrying in 3s …
  Error on attempt 3/10 for pod target-app-677c8b4b6f-jl2ld: kubectl exec failed: error: unable to upgrade connection: container not found ("target-app")
, retrying in 3s …
  Error on attempt 4/10 for pod target-app-677c8b4b6f-jl2ld: kubectl exec failed: error: unable to upgrade connection: container not found ("target-app")
, retrying in 3s …
  Error on attempt 5/10 for pod target-app-677c8b4b6f-jl2ld: kubectl exec failed: error: unable to upgrade connection: container not found ("target-app")
, retrying in 3s …
  Error on attempt 6/10 for pod target-app-677c8b4b6f-jl2ld: kubectl exec failed: error: unable to upgrade connection: container not found ("target-app")
, retrying in 3s …
  Error on attempt 7/10 for pod target-app-677c8b4b6f-jl2ld: kubectl exec failed: error: unable to upgrade connection: container not found ("target-app")
, retrying in 3s …
  Error on attempt 8/10 for pod target-app-677c8b4b6f-jl2ld: kubectl exec failed: error: unable to upgrade connection: container not found ("target-app")
, retrying in 3s …
  Error on attempt 9/10 for pod target-app-677c8b4b6f-jl2ld: kubectl exec failed: error: unable to upgrade connection: container not found ("target-app")
, retrying in 3s …
  Error on attempt 10/10 for pod target-app-677c8b4b6f-jl2ld: kubectl exec failed: error: unable to upgrade connection: container not found ("target-app")
, retrying in 3s …
  Error on attempt 1/10 for pod target-app-677c8b4b6f-jl2ld: kubectl exec failed: error: unable to upgrade connection: container not found ("target-app")
, retrying in 3s …
  Error on attempt 2/10 for pod target-app-677c8b4b6f-jl2ld: kubectl exec failed: command terminated with exit code 7
, retrying in 3s …
  Error on attempt 3/10 for pod target-app-677c8b4b6f-jl2ld: kubectl exec failed: command terminated with exit code 137
, retrying in 3s …
  Error on attempt 4/10 for pod target-app-677c8b4b6f-jl2ld: kubectl exec failed: error: unable to upgrade connection: container not found ("target-app")
, retrying in 3s …
  Error on attempt 5/10 for pod target-app-677c8b4b6f-jl2ld: kubectl exec failed: error: unable to upgrade connection: container not found ("target-app")
, retrying in 3s …
  Error on attempt 6/10 for pod target-app-677c8b4b6f-jl2ld: kubectl exec failed: error: unable to upgrade connection: container not found ("target-app")
, retrying in 3s …
  Error on attempt 7/10 for pod target-app-677c8b4b6f-jl2ld: kubectl exec failed: error: unable to upgrade connection: container not found ("target-app")
, retrying in 3s …
  Error on attempt 8/10 for pod target-app-677c8b4b6f-jl2ld: kubectl exec failed: error: unable to upgrade connection: container not found ("target-app")
, retrying in 3s …
  Error on attempt 9/10 for pod target-app-677c8b4b6f-jl2ld: kubectl exec failed: error: unable to upgrade connection: container not found ("target-app")
, retrying in 3s …
  Error on attempt 10/10 for pod target-app-677c8b4b6f-jl2ld: kubectl exec failed: error: unable to upgrade connection: container not found ("target-app")
, retrying in 3s …
  Error on attempt 1/10 for pod target-app-677c8b4b6f-jl2ld: kubectl exec failed: error: unable to upgrade connection: container not found ("target-app")
, retrying in 3s …
  Error on attempt 2/10 for pod target-app-677c8b4b6f-jl2ld: kubectl exec failed: Error from server (NotFound): pods "target-app-677c8b4b6f-jl2ld" not found
, retrying in 3s …
  Error on attempt 3/10 for pod target-app-677c8b4b6f-jl2ld: kubectl exec failed: Error from server (NotFound): pods "target-app-677c8b4b6f-jl2ld" not found
, retrying in 3s …
  Error on attempt 4/10 for pod target-app-677c8b4b6f-jl2ld: kubectl exec failed: Error from server (NotFound): pods "target-app-677c8b4b6f-jl2ld" not found
, retrying in 3s …
  Error on attempt 5/10 for pod target-app-677c8b4b6f-jl2ld: kubectl exec failed: Error from server (NotFound): pods "target-app-677c8b4b6f-jl2ld" not found
, retrying in 3s …
  Error on attempt 6/10 for pod target-app-677c8b4b6f-jl2ld: kubectl exec failed: Error from server (NotFound): pods "target-app-677c8b4b6f-jl2ld" not found
, retrying in 3s …
  Error on attempt 7/10 for pod target-app-677c8b4b6f-jl2ld: kubectl exec failed: Error from server (NotFound): pods "target-app-677c8b4b6f-jl2ld" not found
, retrying in 3s …
  Error on attempt 8/10 for pod target-app-677c8b4b6f-jl2ld: kubectl exec failed: Error from server (NotFound): pods "target-app-677c8b4b6f-jl2ld" not found
, retrying in 3s …
  Error on attempt 9/10 for pod target-app-677c8b4b6f-jl2ld: kubectl exec failed: Error from server (NotFound): pods "target-app-677c8b4b6f-jl2ld" not found
, retrying in 3s …
  Error on attempt 10/10 for pod target-app-677c8b4b6f-jl2ld: kubectl exec failed: Error from server (NotFound): pods "target-app-677c8b4b6f-jl2ld" not found
, retrying in 3s …
  Error on attempt 1/10 for pod target-app-7cbb4bb8fd-b27pv: kubectl exec failed: error: cannot exec into a container in a completed pod; current phase is Succeeded
, retrying in 3s …
  Error on attempt 2/10 for pod target-app-7cbb4bb8fd-b27pv: kubectl exec failed: Error from server (NotFound): pods "target-app-7cbb4bb8fd-b27pv" not found
, retrying in 3s …
  Error on attempt 3/10 for pod target-app-7cbb4bb8fd-b27pv: kubectl exec failed: Error from server (NotFound): pods "target-app-7cbb4bb8fd-b27pv" not found
, retrying in 3s …
  Error on attempt 4/10 for pod target-app-7cbb4bb8fd-b27pv: kubectl exec failed: Error from server (NotFound): pods "target-app-7cbb4bb8fd-b27pv" not found
, retrying in 3s …
  Error on attempt 5/10 for pod target-app-7cbb4bb8fd-b27pv: kubectl exec failed: Error from server (NotFound): pods "target-app-7cbb4bb8fd-b27pv" not found
, retrying in 3s …
  Error on attempt 6/10 for pod target-app-7cbb4bb8fd-b27pv: kubectl exec failed: Error from server (NotFound): pods "target-app-7cbb4bb8fd-b27pv" not found
, retrying in 3s …
  Error on attempt 7/10 for pod target-app-7cbb4bb8fd-b27pv: kubectl exec failed: Error from server (NotFound): pods "target-app-7cbb4bb8fd-b27pv" not found
, retrying in 3s …
  Error on attempt 8/10 for pod target-app-7cbb4bb8fd-b27pv: kubectl exec failed: Error from server (NotFound): pods "target-app-7cbb4bb8fd-b27pv" not found
, retrying in 3s …
  Error on attempt 9/10 for pod target-app-7cbb4bb8fd-b27pv: kubectl exec failed: Error from server (NotFound): pods "target-app-7cbb4bb8fd-b27pv" not found
, retrying in 3s …
  Error on attempt 10/10 for pod target-app-7cbb4bb8fd-b27pv: kubectl exec failed: Error from server (NotFound): pods "target-app-7cbb4bb8fd-b27pv" not found
, retrying in 3s …
  Error on attempt 1/10 for pod target-app-7cbb4bb8fd-n7bg6: kubectl exec failed: Error from server (NotFound): pods "target-app-7cbb4bb8fd-n7bg6" not found
, retrying in 3s …
  Error on attempt 2/10 for pod target-app-7cbb4bb8fd-n7bg6: kubectl exec failed: Error from server (NotFound): pods "target-app-7cbb4bb8fd-n7bg6" not found
, retrying in 3s …
  Error on attempt 3/10 for pod target-app-7cbb4bb8fd-n7bg6: kubectl exec failed: Error from server (NotFound): pods "target-app-7cbb4bb8fd-n7bg6" not found
, retrying in 3s …
  Error on attempt 4/10 for pod target-app-7cbb4bb8fd-n7bg6: kubectl exec failed: Error from server (NotFound): pods "target-app-7cbb4bb8fd-n7bg6" not found
, retrying in 3s …
  Error on attempt 5/10 for pod target-app-7cbb4bb8fd-n7bg6: kubectl exec failed: Error from server (NotFound): pods "target-app-7cbb4bb8fd-n7bg6" not found
, retrying in 3s …
  Error on attempt 6/10 for pod target-app-7cbb4bb8fd-n7bg6: kubectl exec failed: Error from server (NotFound): pods "target-app-7cbb4bb8fd-n7bg6" not found
, retrying in 3s …
  Error on attempt 7/10 for pod target-app-7cbb4bb8fd-n7bg6: kubectl exec failed: Error from server (NotFound): pods "target-app-7cbb4bb8fd-n7bg6" not found
, retrying in 3s …
  Error on attempt 8/10 for pod target-app-7cbb4bb8fd-n7bg6: kubectl exec failed: Error from server (NotFound): pods "target-app-7cbb4bb8fd-n7bg6" not found
, retrying in 3s …
  Error on attempt 9/10 for pod target-app-7cbb4bb8fd-n7bg6: kubectl exec failed: Error from server (NotFound): pods "target-app-7cbb4bb8fd-n7bg6" not found
, retrying in 3s …
  Error on attempt 10/10 for pod target-app-7cbb4bb8fd-n7bg6: kubectl exec failed: Error from server (NotFound): pods "target-app-7cbb4bb8fd-n7bg6" not found
, retrying in 3s …
RAM injector started: 757 points, starting at index 0, step=15s, namespace=tcc-ens-fft-prophet-b-cpu-hv
Logging to: /app/k8s/load/traces/ram_injection_log.csv
  [startup] waiting for pods in tcc-ens-fft-prophet-b-cpu-hv …
[0/756] 2022-04-10T00:00:00  total_mb=2109  pods=2
  → pod=target-app-54678f7884-rvvtq status=ERROR  latency=0.0ms
  → pod=target-app-7d7746d958-zs46g status=ERROR  latency=0.0ms
[1/756] 2022-04-10T00:40:00  total_mb=2134  pods=1
  → pod=target-app-677c8b4b6f-jl2ld status=ERROR  latency=0.0ms
[2/756] 2022-04-10T01:20:00  total_mb=2123  pods=1
  → pod=target-app-677c8b4b6f-jl2ld status=ERROR  latency=0.0ms
[3/756] 2022-04-10T02:00:00  total_mb=2106  pods=1
  → pod=target-app-677c8b4b6f-jl2ld status=ERROR  latency=0.0ms
[4/756] 2022-04-10T02:40:00  total_mb=2115  pods=1
  → pod=target-app-677c8b4b6f-jl2ld status=ERROR  latency=0.0ms
[5/756] 2022-04-10T03:20:00  total_mb=2135  pods=1
  → pod=target-app-677c8b4b6f-jl2ld status=ERROR  latency=0.0ms
[6/756] 2022-04-10T04:00:00  total_mb=2138  pods=2
  → pod=target-app-677c8b4b6f-jl2ld status=ERROR  latency=0.0ms
  → pod=target-app-7cbb4bb8fd-n7bg6 status=200  latency=730.1ms
[7/756] 2022-04-10T04:40:00  total_mb=2121  pods=1
  → pod=target-app-7cbb4bb8fd-n7bg6 status=200  latency=1103.9ms
[8/756] 2022-04-10T05:20:00  total_mb=2097  pods=1
  → pod=target-app-7cbb4bb8fd-n7bg6 status=200  latency=1273.0ms
[9/756] 2022-04-10T06:00:00  total_mb=2100  pods=1
  → pod=target-app-7cbb4bb8fd-n7bg6 status=200  latency=1304.4ms
[10/756] 2022-04-10T06:40:00  total_mb=2098  pods=1
  → pod=target-app-7cbb4bb8fd-n7bg6 status=200  latency=1283.1ms
[11/756] 2022-04-10T07:20:00  total_mb=2095  pods=1
  → pod=target-app-7cbb4bb8fd-n7bg6 status=200  latency=1163.1ms
[12/756] 2022-04-10T08:00:00  total_mb=2082  pods=1
  → pod=target-app-7cbb4bb8fd-n7bg6 status=200  latency=1244.6ms
[13/756] 2022-04-10T08:40:00  total_mb=2080  pods=1
  → pod=target-app-7cbb4bb8fd-n7bg6 status=200  latency=1277.8ms
[14/756] 2022-04-10T09:20:00  total_mb=2080  pods=1
  → pod=target-app-7cbb4bb8fd-n7bg6 status=200  latency=1697.8ms
[15/756] 2022-04-10T10:00:00  total_mb=2080  pods=1
  → pod=target-app-7cbb4bb8fd-n7bg6 status=200  latency=1648.7ms
[16/756] 2022-04-10T10:40:00  total_mb=2080  pods=1
  → pod=target-app-7cbb4bb8fd-n7bg6 status=200  latency=2090.8ms
[17/756] 2022-04-10T11:20:00  total_mb=2081  pods=2
  → pod=target-app-7cbb4bb8fd-b27pv status=200  latency=1185.8ms
  → pod=target-app-7cbb4bb8fd-n7bg6 status=200  latency=1118.6ms
[18/756] 2022-04-10T12:00:00  total_mb=2079  pods=2
  → pod=target-app-7cbb4bb8fd-b27pv status=200  latency=914.5ms
  → pod=target-app-7cbb4bb8fd-n7bg6 status=200  latency=1043.3ms
[19/756] 2022-04-10T12:40:00  total_mb=2071  pods=2
  → pod=target-app-7cbb4bb8fd-b27pv status=200  latency=1210.8ms
  → pod=target-app-7cbb4bb8fd-n7bg6 status=200  latency=1090.8ms
[20/756] 2022-04-10T13:20:00  total_mb=2062  pods=2
  → pod=target-app-7cbb4bb8fd-b27pv status=200  latency=1012.7ms
  → pod=target-app-7cbb4bb8fd-n7bg6 status=200  latency=1041.9ms
[21/756] 2022-04-10T14:00:00  total_mb=2063  pods=3
  → pod=target-app-7cbb4bb8fd-b27pv status=200  latency=950.1ms
  → pod=target-app-7cbb4bb8fd-n7bg6 status=200  latency=833.5ms
  → pod=target-app-7cbb4bb8fd-w467b status=200  latency=702.2ms
[22/756] 2022-04-10T14:40:00  total_mb=2088  pods=3
  → pod=target-app-7cbb4bb8fd-b27pv status=200  latency=746.0ms
  → pod=target-app-7cbb4bb8fd-n7bg6 status=200  latency=834.2ms
  → pod=target-app-7cbb4bb8fd-w467b status=200  latency=763.8ms
[23/756] 2022-04-10T15:20:00  total_mb=2081  pods=5
  → pod=target-app-65b6765b8-nvpr5 status=200  latency=638.9ms
  → pod=target-app-65b6765b8-pd6j8 status=200  latency=906.4ms
  → pod=target-app-65b6765b8-qxpdf status=200  latency=405.3ms
  → pod=target-app-7cbb4bb8fd-b27pv status=ERROR  latency=0.0ms
  → pod=target-app-7cbb4bb8fd-n7bg6 status=ERROR  latency=0.0ms
[24/756] 2022-04-10T16:00:00  total_mb=2075  pods=3
  → pod=target-app-65b6765b8-nvpr5 status=200  latency=483.6ms
  → pod=target-app-65b6765b8-pd6j8 status=200  latency=485.3ms
  → pod=target-app-65b6765b8-qxpdf status=200  latency=532.4ms
[25/756] 2022-04-10T16:40:00  total_mb=2064  pods=3
  → pod=target-app-65b6765b8-nvpr5 status=200  latency=581.9ms
  → pod=target-app-65b6765b8-pd6j8 status=200  latency=482.3ms
  → pod=target-app-65b6765b8-qxpdf status=200  latency=494.9ms
[26/756] 2022-04-10T17:20:00  total_mb=2060  pods=3
  → pod=target-app-65b6765b8-nvpr5 status=200  latency=482.2ms
  → pod=target-app-65b6765b8-pd6j8 status=200  latency=474.7ms
  → pod=target-app-65b6765b8-qxpdf status=200  latency=472.6ms
[27/756] 2022-04-10T18:00:00  total_mb=2045  pods=3
  → pod=target-app-65b6765b8-nvpr5 status=200  latency=580.4ms
  → pod=target-app-65b6765b8-pd6j8 status=200  latency=498.3ms
  → pod=target-app-65b6765b8-qxpdf status=200  latency=702.7ms
[28/756] 2022-04-10T18:40:00  total_mb=2061  pods=3
  → pod=target-app-65b6765b8-nvpr5 status=200  latency=564.2ms
  → pod=target-app-65b6765b8-pd6j8 status=200  latency=481.1ms
  → pod=target-app-65b6765b8-qxpdf status=200  latency=520.8ms
[29/756] 2022-04-10T19:20:00  total_mb=2032  pods=3
  → pod=target-app-65b6765b8-nvpr5 status=200  latency=483.8ms
  → pod=target-app-65b6765b8-pd6j8 status=200  latency=477.4ms
  → pod=target-app-65b6765b8-qxpdf status=200  latency=467.7ms
[30/756] 2022-04-10T20:00:00  total_mb=2038  pods=3
  → pod=target-app-65b6765b8-nvpr5 status=200  latency=579.5ms
  → pod=target-app-65b6765b8-pd6j8 status=200  latency=490.3ms
  → pod=target-app-65b6765b8-qxpdf status=200  latency=528.1ms
[31/756] 2022-04-10T20:40:00  total_mb=2048  pods=3
  → pod=target-app-65b6765b8-nvpr5 status=200  latency=851.0ms
  → pod=target-app-65b6765b8-pd6j8 status=200  latency=704.0ms
  → pod=target-app-65b6765b8-qxpdf status=200  latency=674.3ms
[32/756] 2022-04-10T21:20:00  total_mb=2055  pods=3
  → pod=target-app-65b6765b8-nvpr5 status=200  latency=1060.5ms
  → pod=target-app-65b6765b8-pd6j8 status=200  latency=1138.9ms
  → pod=target-app-65b6765b8-qxpdf status=200  latency=1326.5ms
[33/756] 2022-04-10T22:00:00  total_mb=2048  pods=3
  → pod=target-app-65b6765b8-nvpr5 status=200  latency=1715.8ms
  → pod=target-app-65b6765b8-pd6j8 status=200  latency=973.7ms
  → pod=target-app-65b6765b8-qxpdf status=200  latency=1249.4ms
[34/756] 2022-04-10T22:40:00  total_mb=2066  pods=3
  → pod=target-app-65b6765b8-nvpr5 status=200  latency=1388.0ms
  → pod=target-app-65b6765b8-pd6j8 status=200  latency=1229.4ms
  → pod=target-app-65b6765b8-qxpdf status=200  latency=822.4ms
[35/756] 2022-04-10T23:20:00  total_mb=2070  pods=3
  → pod=target-app-65b6765b8-nvpr5 status=200  latency=1017.6ms
  → pod=target-app-65b6765b8-pd6j8 status=200  latency=1545.7ms
  → pod=target-app-65b6765b8-qxpdf status=200  latency=1871.3ms
[36/756] 2022-04-11T00:00:00  total_mb=2074  pods=3
  → pod=target-app-65b6765b8-nvpr5 status=200  latency=1410.3ms
  → pod=target-app-65b6765b8-pd6j8 status=200  latency=1462.2ms
  → pod=target-app-65b6765b8-qxpdf status=200  latency=1445.4ms
[37/756] 2022-04-11T00:40:00  total_mb=2079  pods=3
  → pod=target-app-65b6765b8-nvpr5 status=200  latency=1495.4ms
  → pod=target-app-65b6765b8-pd6j8 status=200  latency=1579.8ms
  → pod=target-app-65b6765b8-qxpdf status=200  latency=1956.4ms
[38/756] 2022-04-11T01:20:00  total_mb=2083  pods=4
  → pod=target-app-65b6765b8-cg9lc status=200  latency=839.4ms
  → pod=target-app-65b6765b8-nvpr5 status=200  latency=881.1ms
  → pod=target-app-65b6765b8-pd6j8 status=200  latency=2334.0ms
  → pod=target-app-65b6765b8-qxpdf status=200  latency=1726.3ms
[39/756] 2022-04-11T02:00:00  total_mb=2094  pods=4
  → pod=target-app-677c8b4b6f-279ph status=200  latency=435.8ms
  → pod=target-app-677c8b4b6f-8xv7j status=200  latency=552.3ms
  → pod=target-app-677c8b4b6f-lr586 status=200  latency=975.9ms
  → pod=target-app-677c8b4b6f-pwmdv status=200  latency=982.7ms
[40/756] 2022-04-11T02:40:00  total_mb=2116  pods=4
  Error on attempt 1/10 for pod target-app-677c8b4b6f-279ph: kubectl exec failed: command terminated with exit code 137
, retrying in 3s …
  Error on attempt 2/10 for pod target-app-677c8b4b6f-279ph: kubectl exec failed: command terminated with exit code 137
, retrying in 3s …
  Error on attempt 3/10 for pod target-app-677c8b4b6f-279ph: kubectl exec failed: error: unable to upgrade connection: container not found ("target-app")
, retrying in 3s …
  Error on attempt 4/10 for pod target-app-677c8b4b6f-279ph: kubectl exec failed: error: unable to upgrade connection: container not found ("target-app")
, retrying in 3s …
  Error on attempt 5/10 for pod target-app-677c8b4b6f-279ph: kubectl exec failed: error: unable to upgrade connection: container not found ("target-app")
, retrying in 3s …
  Error on attempt 6/10 for pod target-app-677c8b4b6f-279ph: kubectl exec failed: error: unable to upgrade connection: container not found ("target-app")
, retrying in 3s …
  Error on attempt 7/10 for pod target-app-677c8b4b6f-279ph: kubectl exec failed: error: cannot exec into a container in a completed pod; current phase is Failed
, retrying in 3s …
  Error on attempt 8/10 for pod target-app-677c8b4b6f-279ph: kubectl exec failed: Error from server (NotFound): pods "target-app-677c8b4b6f-279ph" not found
, retrying in 3s …
  Error on attempt 9/10 for pod target-app-677c8b4b6f-279ph: kubectl exec failed: Error from server (NotFound): pods "target-app-677c8b4b6f-279ph" not found
, retrying in 3s …
  Error on attempt 10/10 for pod target-app-677c8b4b6f-279ph: kubectl exec failed: Error from server (NotFound): pods "target-app-677c8b4b6f-279ph" not found
, retrying in 3s …
  → pod=target-app-677c8b4b6f-279ph status=200  latency=547.4ms
  → pod=target-app-677c8b4b6f-8xv7j status=200  latency=562.0ms
  → pod=target-app-677c8b4b6f-lr586 status=200  latency=472.8ms
  → pod=target-app-677c8b4b6f-pwmdv status=200  latency=573.2ms
[41/756] 2022-04-11T03:20:00  total_mb=2144  pods=4
  → pod=target-app-677c8b4b6f-279ph status=200  latency=399.0ms
  → pod=target-app-677c8b4b6f-8xv7j status=200  latency=421.9ms
  → pod=target-app-677c8b4b6f-lr586 status=200  latency=507.3ms
  → pod=target-app-677c8b4b6f-pwmdv status=200  latency=532.1ms
[42/756] 2022-04-11T04:00:00  total_mb=2151  pods=4
  → pod=target-app-677c8b4b6f-279ph status=200  latency=387.2ms
  → pod=target-app-677c8b4b6f-8xv7j status=200  latency=419.9ms
  → pod=target-app-677c8b4b6f-lr586 status=200  latency=409.8ms
  → pod=target-app-677c8b4b6f-pwmdv status=200  latency=395.8ms
[43/756] 2022-04-11T04:40:00  total_mb=2155  pods=4
  → pod=target-app-677c8b4b6f-279ph status=200  latency=372.0ms
  → pod=target-app-677c8b4b6f-8xv7j status=200  latency=372.3ms
  → pod=target-app-677c8b4b6f-lr586 status=200  latency=378.8ms
  → pod=target-app-677c8b4b6f-pwmdv status=200  latency=366.2ms
[44/756] 2022-04-11T05:20:00  total_mb=2160  pods=1
  → pod=target-app-677c8b4b6f-279ph status=ERROR  latency=0.0ms
[45/756] 2022-04-11T06:00:00  total_mb=2408  pods=1
  → pod=target-app-7b58bf89f-cjsdj status=200  latency=1166.2ms
[46/756] 2022-04-11T06:40:00  total_mb=3010  pods=1
  → pod=target-app-7b58bf89f-cjsdj status=200  latency=1741.8ms
[47/756] 2022-04-11T07:20:00  total_mb=3394  pods=1
  → pod=target-app-7b58bf89f-cjsdj status=200  latency=1951.2ms
[48/756] 2022-04-11T08:00:00  total_mb=3480  pods=1
  → pod=target-app-7b58bf89f-cjsdj status=200  latency=2006.5ms
[49/756] 2022-04-11T08:40:00  total_mb=3503  pods=1
  → pod=target-app-7b58bf89f-cjsdj status=200  latency=1973.9ms
[50/756] 2022-04-11T09:20:00  total_mb=3552  pods=1
  → pod=target-app-7b58bf89f-cjsdj status=200  latency=2750.3ms
[51/756] 2022-04-11T10:00:00  total_mb=3501  pods=1
  → pod=target-app-7b58bf89f-cjsdj status=200  latency=2382.7ms
[52/756] 2022-04-11T10:40:00  total_mb=3391  pods=1
  → pod=target-app-7b58bf89f-cjsdj status=200  latency=2515.2ms
[53/756] 2022-04-11T11:20:00  total_mb=3350  pods=1
  → pod=target-app-7b58bf89f-cjsdj status=200  latency=2375.2ms
[54/756] 2022-04-11T12:00:00  total_mb=3349  pods=2
  → pod=target-app-7b58bf89f-cjsdj status=200  latency=1489.7ms
  → pod=target-app-7b58bf89f-jp9df status=200  latency=1226.4ms
[55/756] 2022-04-11T12:40:00  total_mb=3471  pods=2
  → pod=target-app-7b58bf89f-cjsdj status=200  latency=1579.9ms
  → pod=target-app-7b58bf89f-jp9df status=200  latency=1552.3ms
[56/756] 2022-04-11T13:20:00  total_mb=3539  pods=2
  → pod=target-app-7b58bf89f-cjsdj status=200  latency=1412.4ms
  → pod=target-app-7b58bf89f-jp9df status=200  latency=1537.6ms
[57/756] 2022-04-11T14:00:00  total_mb=3605  pods=2
  → pod=target-app-7b58bf89f-cjsdj status=200  latency=1681.7ms
  → pod=target-app-7b58bf89f-jp9df status=200  latency=1393.9ms
[58/756] 2022-04-11T14:40:00  total_mb=3474  pods=3
  → pod=target-app-7b58bf89f-cjsdj status=200  latency=782.7ms
  → pod=target-app-7b58bf89f-jp9df status=200  latency=911.3ms
  → pod=target-app-7b58bf89f-z9959 status=200  latency=1045.9ms
[59/756] 2022-04-11T15:20:00  total_mb=3330  pods=3
  → pod=target-app-7b58bf89f-cjsdj status=200  latency=775.6ms
  → pod=target-app-7b58bf89f-jp9df status=200  latency=1045.6ms
  → pod=target-app-7b58bf89f-z9959 status=200  latency=808.0ms
[60/756] 2022-04-11T16:00:00  total_mb=2761  pods=3
  → pod=target-app-7b58bf89f-cjsdj status=200  latency=616.3ms
  → pod=target-app-7b58bf89f-jp9df status=200  latency=630.0ms
  → pod=target-app-7b58bf89f-z9959 status=200  latency=665.5ms
[61/756] 2022-04-11T16:40:00  total_mb=2387  pods=6
  → pod=target-app-7b58bf89f-cjsdj status=200  latency=371.1ms
  → pod=target-app-7b58bf89f-jp9df status=200  latency=360.1ms
  → pod=target-app-7b58bf89f-z9959 status=200  latency=369.8ms
  → pod=target-app-7cbb4bb8fd-4xqmr status=200  latency=343.9ms
  → pod=target-app-7cbb4bb8fd-n5vg9 status=200  latency=417.1ms
  → pod=target-app-7cbb4bb8fd-qpx64 status=200  latency=486.3ms
[62/756] 2022-04-11T17:20:00  total_mb=2307  pods=3
  → pod=target-app-7cbb4bb8fd-4xqmr status=200  latency=505.7ms
  → pod=target-app-7cbb4bb8fd-n5vg9 status=200  latency=498.2ms
  → pod=target-app-7cbb4bb8fd-qpx64 status=200  latency=513.9ms
[63/756] 2022-04-11T18:00:00  total_mb=2208  pods=3
  → pod=target-app-7cbb4bb8fd-4xqmr status=200  latency=607.5ms
  → pod=target-app-7cbb4bb8fd-n5vg9 status=200  latency=509.3ms
  → pod=target-app-7cbb4bb8fd-qpx64 status=200  latency=493.6ms
[64/756] 2022-04-11T18:40:00  total_mb=2178  pods=3
  → pod=target-app-7cbb4bb8fd-4xqmr status=200  latency=1088.5ms
  → pod=target-app-7cbb4bb8fd-n5vg9 status=200  latency=649.0ms
  → pod=target-app-7cbb4bb8fd-qpx64 status=200  latency=535.2ms
[65/756] 2022-04-11T19:20:00  total_mb=2168  pods=1
  → pod=target-app-7cbb4bb8fd-qpx64 status=200  latency=1267.4ms
[66/756] 2022-04-11T20:00:00  total_mb=2137  pods=1
  → pod=target-app-7cbb4bb8fd-qpx64 status=200  latency=1660.6ms
[67/756] 2022-04-11T20:40:00  total_mb=2132  pods=1
  → pod=target-app-7cbb4bb8fd-qpx64 status=200  latency=1278.9ms
[68/756] 2022-04-11T21:20:00  total_mb=2144  pods=1
  → pod=target-app-7cbb4bb8fd-qpx64 status=200  latency=1257.1ms
[69/756] 2022-04-11T22:00:00  total_mb=2160  pods=1
  → pod=target-app-7cbb4bb8fd-qpx64 status=200  latency=1355.5ms
[70/756] 2022-04-11T22:40:00  total_mb=2167  pods=1
  → pod=target-app-7cbb4bb8fd-qpx64 status=200  latency=1315.8ms
[71/756] 2022-04-11T23:20:00  total_mb=2158  pods=1
  → pod=target-app-7cbb4bb8fd-qpx64 status=200  latency=1581.0ms
[72/756] 2022-04-12T00:00:00  total_mb=2161  pods=1
  → pod=target-app-7cbb4bb8fd-qpx64 status=200  latency=1764.1ms
[73/756] 2022-04-12T00:40:00  total_mb=2158  pods=3
  → pod=target-app-7cbb4bb8fd-2cflr status=200  latency=848.6ms
  → pod=target-app-7cbb4bb8fd-ffvpq status=200  latency=691.6ms
  → pod=target-app-7cbb4bb8fd-qpx64 status=200  latency=967.1ms
[74/756] 2022-04-12T01:20:00  total_mb=2176  pods=3
  → pod=target-app-7cbb4bb8fd-2cflr status=200  latency=718.3ms
  → pod=target-app-7cbb4bb8fd-ffvpq status=200  latency=831.6ms
  → pod=target-app-7cbb4bb8fd-qpx64 status=200  latency=992.0ms
[75/756] 2022-04-12T02:00:00  total_mb=2182  pods=3
  → pod=target-app-7cbb4bb8fd-2cflr status=200  latency=776.9ms
  → pod=target-app-7cbb4bb8fd-ffvpq status=200  latency=699.9ms
  → pod=target-app-7cbb4bb8fd-qpx64 status=200  latency=837.3ms
[76/756] 2022-04-12T02:40:00  total_mb=2198  pods=3
  → pod=target-app-7cbb4bb8fd-2cflr status=200  latency=728.7ms
  → pod=target-app-7cbb4bb8fd-ffvpq status=200  latency=909.0ms
  → pod=target-app-7cbb4bb8fd-qpx64 status=200  latency=899.1ms
[77/756] 2022-04-12T03:20:00  total_mb=2213  pods=3
  → pod=target-app-7cbb4bb8fd-2cflr status=200  latency=786.7ms
  → pod=target-app-7cbb4bb8fd-ffvpq status=200  latency=755.4ms
  → pod=target-app-7cbb4bb8fd-qpx64 status=200  latency=779.9ms
[78/756] 2022-04-12T04:00:00  total_mb=2200  pods=3
  → pod=target-app-7cbb4bb8fd-2cflr status=200  latency=715.1ms
  → pod=target-app-7cbb4bb8fd-ffvpq status=200  latency=915.2ms
  → pod=target-app-7cbb4bb8fd-qpx64 status=200  latency=994.1ms
[79/756] 2022-04-12T04:40:00  total_mb=2222  pods=3
  → pod=target-app-7cbb4bb8fd-2cflr status=200  latency=866.4ms
  → pod=target-app-7cbb4bb8fd-ffvpq status=200  latency=662.8ms
  → pod=target-app-7cbb4bb8fd-qpx64 status=200  latency=595.2ms
[80/756] 2022-04-12T05:20:00  total_mb=2243  pods=3
  → pod=target-app-7cbb4bb8fd-2cflr status=200  latency=529.2ms
  → pod=target-app-7cbb4bb8fd-ffvpq status=200  latency=553.6ms
  → pod=target-app-7cbb4bb8fd-qpx64 status=200  latency=576.0ms
[81/756] 2022-04-12T06:00:00  total_mb=2467  pods=4
  → pod=target-app-7cbb4bb8fd-2cflr status=200  latency=1919.3ms
  Error on attempt 1/10 for pod target-app-7cbb4bb8fd-ffvpq: kubectl exec failed: command terminated with exit code 137
, retrying in 3s …
  Error on attempt 2/10 for pod target-app-7cbb4bb8fd-ffvpq: kubectl exec failed: command terminated with exit code 137
, retrying in 3s …
  Error on attempt 3/10 for pod target-app-7cbb4bb8fd-ffvpq: kubectl exec failed: error: unable to upgrade connection: container not found ("target-app")
, retrying in 3s …
  Error on attempt 4/10 for pod target-app-7cbb4bb8fd-ffvpq: kubectl exec failed: error: cannot exec into a container in a completed pod; current phase is Failed
, retrying in 3s …
  Error on attempt 5/10 for pod target-app-7cbb4bb8fd-ffvpq: kubectl exec failed: Error from server (NotFound): pods "target-app-7cbb4bb8fd-ffvpq" not found
, retrying in 3s …
  Error on attempt 6/10 for pod target-app-7cbb4bb8fd-ffvpq: kubectl exec failed: Error from server (NotFound): pods "target-app-7cbb4bb8fd-ffvpq" not found
, retrying in 3s …
  Error on attempt 7/10 for pod target-app-7cbb4bb8fd-ffvpq: kubectl exec failed: Error from server (NotFound): pods "target-app-7cbb4bb8fd-ffvpq" not found
, retrying in 3s …
  Error on attempt 8/10 for pod target-app-7cbb4bb8fd-ffvpq: kubectl exec failed: Error from server (NotFound): pods "target-app-7cbb4bb8fd-ffvpq" not found
, retrying in 3s …
  Error on attempt 9/10 for pod target-app-7cbb4bb8fd-ffvpq: kubectl exec failed: Error from server (NotFound): pods "target-app-7cbb4bb8fd-ffvpq" not found
, retrying in 3s …
  Error on attempt 10/10 for pod target-app-7cbb4bb8fd-ffvpq: kubectl exec failed: Error from server (NotFound): pods "target-app-7cbb4bb8fd-ffvpq" not found
, retrying in 3s …
  → pod=target-app-7cbb4bb8fd-2hsnm status=200  latency=655.8ms
  → pod=target-app-7cbb4bb8fd-ffvpq status=200  latency=597.2ms
  → pod=target-app-7cbb4bb8fd-qpx64 status=200  latency=489.5ms
[82/756] 2022-04-12T06:40:00  total_mb=2968  pods=4
  → pod=target-app-7cbb4bb8fd-2cflr status=200  latency=590.0ms
  → pod=target-app-7cbb4bb8fd-2hsnm status=200  latency=607.8ms
  → pod=target-app-7cbb4bb8fd-ffvpq status=200  latency=589.8ms
  → pod=target-app-7cbb4bb8fd-qpx64 status=200  latency=512.4ms
[83/756] 2022-04-12T07:20:00  total_mb=3357  pods=3
  → pod=target-app-7cbb4bb8fd-2cflr status=200  latency=668.9ms
  → pod=target-app-7cbb4bb8fd-ffvpq status=200  latency=714.6ms
  → pod=target-app-7cbb4bb8fd-qpx64 status=200  latency=735.3ms
[84/756] 2022-04-12T08:00:00  total_mb=3557  pods=3
  → pod=target-app-7cbb4bb8fd-2cflr status=200  latency=790.4ms
  → pod=target-app-7cbb4bb8fd-ffvpq status=200  latency=941.7ms
  → pod=target-app-7cbb4bb8fd-qpx64 status=200  latency=849.2ms
[85/756] 2022-04-12T08:40:00  total_mb=3630  pods=3
  → pod=target-app-7cbb4bb8fd-2cflr status=200  latency=940.8ms
  → pod=target-app-7cbb4bb8fd-ffvpq status=200  latency=965.4ms
  → pod=target-app-7cbb4bb8fd-qpx64 status=200  latency=742.8ms
[86/756] 2022-04-12T09:20:00  total_mb=3744  pods=3
  → pod=target-app-7cbb4bb8fd-2cflr status=200  latency=762.4ms
  → pod=target-app-7cbb4bb8fd-ffvpq status=200  latency=821.7ms
  → pod=target-app-7cbb4bb8fd-qpx64 status=200  latency=709.2ms
[87/756] 2022-04-12T10:00:00  total_mb=3678  pods=3
  → pod=target-app-7cbb4bb8fd-2cflr status=200  latency=879.9ms
  → pod=target-app-7cbb4bb8fd-ffvpq status=200  latency=941.2ms
  → pod=target-app-7cbb4bb8fd-qpx64 status=200  latency=960.3ms
[88/756] 2022-04-12T10:40:00  total_mb=3596  pods=3
  → pod=target-app-7cbb4bb8fd-2cflr status=200  latency=779.7ms
  → pod=target-app-7cbb4bb8fd-ffvpq status=200  latency=876.3ms
  → pod=target-app-7cbb4bb8fd-qpx64 status=200  latency=808.9ms
[89/756] 2022-04-12T11:20:00  total_mb=3560  pods=3
  → pod=target-app-7cbb4bb8fd-2cflr status=200  latency=687.8ms
  → pod=target-app-7cbb4bb8fd-ffvpq status=200  latency=667.4ms
  → pod=target-app-7cbb4bb8fd-qpx64 status=200  latency=717.0ms
[90/756] 2022-04-12T12:00:00  total_mb=3636  pods=3
  → pod=target-app-7cbb4bb8fd-2cflr status=200  latency=708.6ms
  → pod=target-app-7cbb4bb8fd-ffvpq status=200  latency=774.4ms
  → pod=target-app-7cbb4bb8fd-qpx64 status=200  latency=689.9ms
[91/756] 2022-04-12T12:40:00  total_mb=3739  pods=3
  → pod=target-app-7cbb4bb8fd-2cflr status=200  latency=960.3ms
  → pod=target-app-7cbb4bb8fd-ffvpq status=200  latency=947.7ms
  → pod=target-app-7cbb4bb8fd-qpx64 status=200  latency=776.9ms
[92/756] 2022-04-12T13:20:00  total_mb=3767  pods=3
  → pod=target-app-7cbb4bb8fd-2cflr status=200  latency=923.1ms
  → pod=target-app-7cbb4bb8fd-ffvpq status=200  latency=1765.6ms
  → pod=target-app-7cbb4bb8fd-qpx64 status=200  latency=1175.5ms
[93/756] 2022-04-12T14:00:00  total_mb=3776  pods=1
  → pod=target-app-7cbb4bb8fd-ffvpq status=ERROR  latency=0.0ms
[94/756] 2022-04-12T14:40:00  total_mb=3707  pods=3
  → pod=target-app-55dc8c66cd-9jzzh status=200  latency=892.5ms
  → pod=target-app-55dc8c66cd-nbkg6 status=200  latency=906.6ms
  → pod=target-app-55dc8c66cd-tl22h status=200  latency=975.5ms
[95/756] 2022-04-12T15:20:00  total_mb=3582  pods=3
  → pod=target-app-55dc8c66cd-9jzzh status=200  latency=1119.2ms
  → pod=target-app-55dc8c66cd-nbkg6 status=200  latency=1139.0ms
  → pod=target-app-55dc8c66cd-tl22h status=200  latency=967.4ms
[96/756] 2022-04-12T16:00:00  total_mb=3033  pods=3
  → pod=target-app-55dc8c66cd-9jzzh status=200  latency=876.2ms
  → pod=target-app-55dc8c66cd-nbkg6 status=200  latency=957.2ms
  → pod=target-app-55dc8c66cd-tl22h status=200  latency=1126.0ms
[97/756] 2022-04-12T16:40:00  total_mb=2618  pods=3
  → pod=target-app-55dc8c66cd-9jzzh status=200  latency=817.9ms
  → pod=target-app-55dc8c66cd-nbkg6 status=200  latency=778.3ms
  → pod=target-app-55dc8c66cd-tl22h status=200  latency=872.2ms
[98/756] 2022-04-12T17:20:00  total_mb=2530  pods=3
  → pod=target-app-55dc8c66cd-9jzzh status=200  latency=602.1ms
  → pod=target-app-55dc8c66cd-nbkg6 status=200  latency=584.1ms
  → pod=target-app-55dc8c66cd-tl22h status=200  latency=653.7ms
[99/756] 2022-04-12T18:00:00  total_mb=2387  pods=3
  → pod=target-app-55dc8c66cd-9jzzh status=200  latency=509.6ms
  → pod=target-app-55dc8c66cd-nbkg6 status=200  latency=493.1ms
  → pod=target-app-55dc8c66cd-tl22h status=200  latency=479.1ms
[100/756] 2022-04-12T18:40:00  total_mb=2289  pods=3
  → pod=target-app-55dc8c66cd-9jzzh status=200  latency=514.5ms
  → pod=target-app-55dc8c66cd-nbkg6 status=200  latency=477.6ms
  → pod=target-app-55dc8c66cd-tl22h status=200  latency=500.7ms
[101/756] 2022-04-12T19:20:00  total_mb=2267  pods=3
  → pod=target-app-55dc8c66cd-9jzzh status=200  latency=511.8ms
  → pod=target-app-55dc8c66cd-nbkg6 status=200  latency=786.1ms
  → pod=target-app-55dc8c66cd-tl22h status=200  latency=537.9ms
[102/756] 2022-04-12T20:00:00  total_mb=2240  pods=3
  → pod=target-app-55dc8c66cd-9jzzh status=200  latency=469.3ms
  → pod=target-app-55dc8c66cd-nbkg6 status=200  latency=492.5ms
  → pod=target-app-55dc8c66cd-tl22h status=200  latency=463.7ms
[103/756] 2022-04-12T20:40:00  total_mb=2239  pods=3
  → pod=target-app-55dc8c66cd-9jzzh status=200  latency=544.9ms
  → pod=target-app-55dc8c66cd-nbkg6 status=200  latency=461.5ms
  → pod=target-app-55dc8c66cd-tl22h status=200  latency=464.2ms
[104/756] 2022-04-12T21:20:00  total_mb=2231  pods=1
  → pod=target-app-55dc8c66cd-nbkg6 status=200  latency=1116.3ms
[105/756] 2022-04-12T22:00:00  total_mb=2247  pods=1
  → pod=target-app-55dc8c66cd-nbkg6 status=200  latency=1283.4ms
[106/756] 2022-04-12T22:40:00  total_mb=2243  pods=1
  → pod=target-app-55dc8c66cd-nbkg6 status=200  latency=1195.5ms
[107/756] 2022-04-12T23:20:00  total_mb=2235  pods=1
  → pod=target-app-55dc8c66cd-nbkg6 status=200  latency=1378.1ms
[108/756] 2022-04-13T00:00:00  total_mb=2235  pods=1
  → pod=target-app-55dc8c66cd-nbkg6 status=200  latency=1295.6ms
[109/756] 2022-04-13T00:40:00  total_mb=2248  pods=1
  → pod=target-app-55dc8c66cd-nbkg6 status=200  latency=1206.4ms
[110/756] 2022-04-13T01:20:00  total_mb=2267  pods=1
  → pod=target-app-55dc8c66cd-nbkg6 status=200  latency=1244.3ms
[111/756] 2022-04-13T02:00:00  total_mb=2303  pods=1
  → pod=target-app-55dc8c66cd-nbkg6 status=200  latency=1243.8ms
[112/756] 2022-04-13T02:40:00  total_mb=2333  pods=1
  → pod=target-app-55dc8c66cd-nbkg6 status=200  latency=1362.2ms
[113/756] 2022-04-13T03:20:00  total_mb=2340  pods=1
  → pod=target-app-55dc8c66cd-nbkg6 status=200  latency=1256.2ms
[114/756] 2022-04-13T04:00:00  total_mb=2343  pods=1
  → pod=target-app-55dc8c66cd-nbkg6 status=200  latency=1290.7ms
[115/756] 2022-04-13T04:40:00  total_mb=2344  pods=1
  → pod=target-app-55dc8c66cd-nbkg6 status=200  latency=1260.3ms
[116/756] 2022-04-13T05:20:00  total_mb=2352  pods=1
  → pod=target-app-55dc8c66cd-nbkg6 status=200  latency=1349.1ms
[117/756] 2022-04-13T06:00:00  total_mb=2553  pods=1
  → pod=target-app-55dc8c66cd-nbkg6 status=200  latency=1331.9ms
[118/756] 2022-04-13T06:40:00  total_mb=3077  pods=1
  → pod=target-app-55dc8c66cd-nbkg6 status=200  latency=1616.5ms
[119/756] 2022-04-13T07:20:00  total_mb=3443  pods=1
  → pod=target-app-55dc8c66cd-nbkg6 status=200  latency=1845.3ms
[120/756] 2022-04-13T08:00:00  total_mb=3613  pods=1
  → pod=target-app-55dc8c66cd-nbkg6 status=200  latency=1831.4ms
[121/756] 2022-04-13T08:40:00  total_mb=3617  pods=1
  → pod=target-app-55dc8c66cd-nbkg6 status=200  latency=1865.5ms
[122/756] 2022-04-13T09:20:00  total_mb=3498  pods=1
  → pod=target-app-55dc8c66cd-nbkg6 status=200  latency=1957.3ms
[123/756] 2022-04-13T10:00:00  total_mb=3653  pods=1
  → pod=target-app-55dc8c66cd-nbkg6 status=200  latency=1996.3ms
[124/756] 2022-04-13T10:40:00  total_mb=3552  pods=1
  → pod=target-app-55dc8c66cd-nbkg6 status=200  latency=1903.4ms
[125/756] 2022-04-13T11:20:00  total_mb=3496  pods=1
  → pod=target-app-55dc8c66cd-nbkg6 status=200  latency=1818.9ms
[126/756] 2022-04-13T12:00:00  total_mb=3505  pods=2
  → pod=target-app-55dc8c66cd-nbkg6 status=200  latency=1070.5ms
  → pod=target-app-799b9dff59-kgqts status=200  latency=836.3ms
[127/756] 2022-04-13T12:40:00  total_mb=3556  pods=1
  → pod=target-app-799b9dff59-kgqts status=200  latency=1787.1ms
[128/756] 2022-04-13T13:20:00  total_mb=3626  pods=1
  → pod=target-app-799b9dff59-kgqts status=200  latency=1868.7ms
[129/756] 2022-04-13T14:00:00  total_mb=3656  pods=2
  → pod=target-app-799b9dff59-kgqts status=200  latency=1107.3ms
  → pod=target-app-799b9dff59-z6s56 status=200  latency=963.7ms
[130/756] 2022-04-13T14:40:00  total_mb=3674  pods=1
  → pod=target-app-799b9dff59-kgqts status=200  latency=2096.8ms
[131/756] 2022-04-13T15:20:00  total_mb=3540  pods=1
  → pod=target-app-799b9dff59-kgqts status=200  latency=1834.2ms
[132/756] 2022-04-13T16:00:00  total_mb=3055  pods=1
  → pod=target-app-799b9dff59-kgqts status=200  latency=1677.6ms
[133/756] 2022-04-13T16:40:00  total_mb=2613  pods=2
  → pod=target-app-799b9dff59-kgqts status=200  latency=876.3ms
  → pod=target-app-799b9dff59-spp9q status=200  latency=644.7ms
[134/756] 2022-04-13T17:20:00  total_mb=2491  pods=2
  → pod=target-app-799b9dff59-kgqts status=200  latency=735.3ms
  → pod=target-app-799b9dff59-spp9q status=200  latency=690.9ms
[135/756] 2022-04-13T18:00:00  total_mb=2372  pods=2
  → pod=target-app-799b9dff59-kgqts status=200  latency=1164.4ms
  → pod=target-app-799b9dff59-spp9q status=200  latency=745.1ms
[136/756] 2022-04-13T18:40:00  total_mb=2241  pods=2
  → pod=target-app-799b9dff59-kgqts status=200  latency=677.7ms
  → pod=target-app-799b9dff59-spp9q status=200  latency=649.7ms
[137/756] 2022-04-13T19:20:00  total_mb=2217  pods=2
  → pod=target-app-799b9dff59-kgqts status=200  latency=664.2ms
  → pod=target-app-799b9dff59-spp9q status=200  latency=636.0ms
[138/756] 2022-04-13T20:00:00  total_mb=2204  pods=2
  → pod=target-app-799b9dff59-kgqts status=200  latency=762.2ms
  → pod=target-app-799b9dff59-spp9q status=200  latency=708.5ms
[139/756] 2022-04-13T20:40:00  total_mb=2195  pods=2
  → pod=target-app-799b9dff59-kgqts status=200  latency=696.9ms
  → pod=target-app-799b9dff59-spp9q status=200  latency=706.3ms
[140/756] 2022-04-13T21:20:00  total_mb=2220  pods=2
  → pod=target-app-799b9dff59-kgqts status=200  latency=715.3ms
  → pod=target-app-799b9dff59-spp9q status=200  latency=726.5ms
[141/756] 2022-04-13T22:00:00  total_mb=2239  pods=1
  → pod=target-app-799b9dff59-kgqts status=200  latency=1155.7ms
[142/756] 2022-04-13T22:40:00  total_mb=2248  pods=1
  → pod=target-app-799b9dff59-kgqts status=200  latency=1309.8ms
[143/756] 2022-04-13T23:20:00  total_mb=2252  pods=1
  → pod=target-app-799b9dff59-kgqts status=200  latency=1267.1ms
[144/756] 2022-04-14T00:00:00  total_mb=2284  pods=2
  → pod=target-app-57f655b559-5ljkn status=200  latency=572.8ms
  → pod=target-app-799b9dff59-kgqts status=200  latency=731.6ms
[145/756] 2022-04-14T00:40:00  total_mb=2294  pods=1
  → pod=target-app-57f655b559-5ljkn status=200  latency=1176.4ms
[146/756] 2022-04-14T01:20:00  total_mb=2275  pods=2
  → pod=target-app-57f655b559-5ljkn status=200  latency=802.1ms
  → pod=target-app-57f655b559-wmq7b status=200  latency=631.3ms
[147/756] 2022-04-14T02:00:00  total_mb=2287  pods=2
  → pod=target-app-57f655b559-5ljkn status=200  latency=728.6ms
  → pod=target-app-57f655b559-wmq7b status=200  latency=675.9ms
[148/756] 2022-04-14T02:40:00  total_mb=2289  pods=2
  → pod=target-app-57f655b559-5ljkn status=200  latency=690.6ms
  → pod=target-app-57f655b559-wmq7b status=200  latency=650.9ms
[149/756] 2022-04-14T03:20:00  total_mb=2305  pods=2
  → pod=target-app-57f655b559-5ljkn status=200  latency=814.2ms
  → pod=target-app-57f655b559-wmq7b status=200  latency=765.1ms
[150/756] 2022-04-14T04:00:00  total_mb=2306  pods=2
  → pod=target-app-57f655b559-5ljkn status=200  latency=681.3ms
  → pod=target-app-57f655b559-wmq7b status=200  latency=647.6ms
[151/756] 2022-04-14T04:40:00  total_mb=2313  pods=2
  → pod=target-app-57f655b559-5ljkn status=200  latency=701.5ms
  → pod=target-app-57f655b559-wmq7b status=200  latency=659.3ms
[152/756] 2022-04-14T05:20:00  total_mb=2315  pods=1
  → pod=target-app-57f655b559-5ljkn status=200  latency=1260.4ms
[153/756] 2022-04-14T06:00:00  total_mb=2467  pods=1
  → pod=target-app-57f655b559-5ljkn status=200  latency=1303.8ms
[154/756] 2022-04-14T06:40:00  total_mb=3080  pods=1
  → pod=target-app-57f655b559-5ljkn status=200  latency=1544.7ms
[155/756] 2022-04-14T07:20:00  total_mb=3450  pods=1
  → pod=target-app-57f655b559-5ljkn status=200  latency=1782.2ms
[156/756] 2022-04-14T08:00:00  total_mb=3570  pods=1
  → pod=target-app-57f655b559-5ljkn status=200  latency=1849.6ms
[157/756] 2022-04-14T08:40:00  total_mb=3597  pods=1
  → pod=target-app-57f655b559-5ljkn status=200  latency=1847.3ms
[158/756] 2022-04-14T09:20:00  total_mb=3625  pods=1
  → pod=target-app-57f655b559-5ljkn status=200  latency=2076.6ms
[159/756] 2022-04-14T10:00:00  total_mb=3577  pods=1
  → pod=target-app-57f655b559-5ljkn status=200  latency=1811.0ms
[160/756] 2022-04-14T10:40:00  total_mb=3512  pods=1
  → pod=target-app-57f655b559-5ljkn status=200  latency=1855.8ms
[161/756] 2022-04-14T11:20:00  total_mb=3441  pods=1
  → pod=target-app-57f655b559-5ljkn status=200  latency=1847.1ms
[162/756] 2022-04-14T12:00:00  total_mb=3506  pods=2
  → pod=target-app-55dc8c66cd-6dcq9 status=200  latency=911.7ms
  → pod=target-app-57f655b559-5ljkn status=200  latency=1055.6ms
[163/756] 2022-04-14T12:40:00  total_mb=3620  pods=1
  → pod=target-app-55dc8c66cd-6dcq9 status=200  latency=1837.7ms
[164/756] 2022-04-14T13:20:00  total_mb=3699  pods=1
  → pod=target-app-55dc8c66cd-6dcq9 status=200  latency=2583.3ms
[165/756] 2022-04-14T14:00:00  total_mb=3737  pods=1
  → pod=target-app-55dc8c66cd-6dcq9 status=200  latency=2312.7ms
[166/756] 2022-04-14T14:40:00  total_mb=3685  pods=1
  → pod=target-app-55dc8c66cd-6dcq9 status=200  latency=2093.2ms
[167/756] 2022-04-14T15:20:00  total_mb=3515  pods=1
  → pod=target-app-55dc8c66cd-6dcq9 status=200  latency=1911.8ms
[168/756] 2022-04-14T16:00:00  total_mb=3048  pods=1
  → pod=target-app-55dc8c66cd-6dcq9 status=200  latency=1909.7ms
[169/756] 2022-04-14T16:40:00  total_mb=2674  pods=1
  → pod=target-app-55dc8c66cd-6dcq9 status=200  latency=1420.8ms
[170/756] 2022-04-14T17:20:00  total_mb=2494  pods=1
  → pod=target-app-55dc8c66cd-6dcq9 status=200  latency=1365.2ms
[171/756] 2022-04-14T18:00:00  total_mb=2376  pods=1
  → pod=target-app-55dc8c66cd-6dcq9 status=200  latency=1314.2ms
[172/756] 2022-04-14T18:40:00  total_mb=2315  pods=1
  → pod=target-app-55dc8c66cd-6dcq9 status=200  latency=1365.1ms
[173/756] 2022-04-14T19:20:00  total_mb=2296  pods=1
  → pod=target-app-55dc8c66cd-6dcq9 status=200  latency=1239.4ms
[174/756] 2022-04-14T20:00:00  total_mb=2280  pods=1
  → pod=target-app-55dc8c66cd-6dcq9 status=200  latency=1355.4ms
[175/756] 2022-04-14T20:40:00  total_mb=2276  pods=1
  → pod=target-app-55dc8c66cd-6dcq9 status=200  latency=1488.9ms
[176/756] 2022-04-14T21:20:00  total_mb=2257  pods=1
  → pod=target-app-55dc8c66cd-6dcq9 status=200  latency=1631.4ms
[177/756] 2022-04-14T22:00:00  total_mb=2249  pods=1
  → pod=target-app-55dc8c66cd-6dcq9 status=200  latency=1879.9ms
[178/756] 2022-04-14T22:40:00  total_mb=2321  pods=1
  → pod=target-app-55dc8c66cd-6dcq9 status=200  latency=1594.0ms
[179/756] 2022-04-14T23:20:00  total_mb=2279  pods=1
  → pod=target-app-55dc8c66cd-6dcq9 status=200  latency=1508.0ms
[180/756] 2022-04-15T00:00:00  total_mb=2276  pods=1
  → pod=target-app-55dc8c66cd-6dcq9 status=200  latency=1721.6ms
[181/756] 2022-04-15T00:40:00  total_mb=2286  pods=1
  → pod=target-app-55dc8c66cd-6dcq9 status=200  latency=1559.7ms
[182/756] 2022-04-15T01:20:00  total_mb=2299  pods=1
  → pod=target-app-55dc8c66cd-6dcq9 status=200  latency=1755.5ms
[183/756] 2022-04-15T02:00:00  total_mb=2295  pods=1
  Error on attempt 1/10 for pod target-app-57f655b559-pw6kl: kubectl exec failed: Error from server (NotFound): pods "target-app-57f655b559-pw6kl" not found
, retrying in 3s …
  Error on attempt 2/10 for pod target-app-57f655b559-pw6kl: kubectl exec failed: Error from server (NotFound): pods "target-app-57f655b559-pw6kl" not found
, retrying in 3s …
  Error on attempt 3/10 for pod target-app-57f655b559-pw6kl: kubectl exec failed: Error from server (NotFound): pods "target-app-57f655b559-pw6kl" not found
, retrying in 3s …
  Error on attempt 4/10 for pod target-app-57f655b559-pw6kl: kubectl exec failed: Error from server (NotFound): pods "target-app-57f655b559-pw6kl" not found
, retrying in 3s …
  Error on attempt 5/10 for pod target-app-57f655b559-pw6kl: kubectl exec failed: Error from server (NotFound): pods "target-app-57f655b559-pw6kl" not found
, retrying in 3s …
  Error on attempt 6/10 for pod target-app-57f655b559-pw6kl: kubectl exec failed: Error from server (NotFound): pods "target-app-57f655b559-pw6kl" not found
, retrying in 3s …
  Error on attempt 7/10 for pod target-app-57f655b559-pw6kl: kubectl exec failed: Error from server (NotFound): pods "target-app-57f655b559-pw6kl" not found
, retrying in 3s …
  Error on attempt 8/10 for pod target-app-57f655b559-pw6kl: kubectl exec failed: Error from server (NotFound): pods "target-app-57f655b559-pw6kl" not found
, retrying in 3s …
  Error on attempt 9/10 for pod target-app-57f655b559-pw6kl: kubectl exec failed: Error from server (NotFound): pods "target-app-57f655b559-pw6kl" not found
, retrying in 3s …
  Error on attempt 10/10 for pod target-app-57f655b559-pw6kl: kubectl exec failed: Error from server (NotFound): pods "target-app-57f655b559-pw6kl" not found
, retrying in 3s …
  → pod=target-app-55dc8c66cd-6dcq9 status=200  latency=1740.7ms
[184/756] 2022-04-15T02:40:00  total_mb=2298  pods=1
  → pod=target-app-55dc8c66cd-6dcq9 status=200  latency=1334.1ms
[185/756] 2022-04-15T03:20:00  total_mb=2304  pods=2
  → pod=target-app-55dc8c66cd-5tc6j status=200  latency=701.5ms
  → pod=target-app-55dc8c66cd-6dcq9 status=200  latency=1270.0ms
[186/756] 2022-04-15T04:00:00  total_mb=2312  pods=2
  → pod=target-app-57f655b559-jss28 status=200  latency=666.0ms
  → pod=target-app-57f655b559-pw6kl status=200  latency=654.4ms
[187/756] 2022-04-15T04:40:00  total_mb=2342  pods=2
  → pod=target-app-57f655b559-jss28 status=200  latency=723.3ms
  → pod=target-app-57f655b559-pw6kl status=200  latency=648.8ms
[188/756] 2022-04-15T05:20:00  total_mb=2369  pods=2
  → pod=target-app-57f655b559-jss28 status=200  latency=696.5ms
  → pod=target-app-57f655b559-pw6kl status=200  latency=677.9ms
[189/756] 2022-04-15T06:00:00  total_mb=2509  pods=2
  → pod=target-app-57f655b559-jss28 status=200  latency=736.6ms
  → pod=target-app-57f655b559-pw6kl status=200  latency=753.9ms
[190/756] 2022-04-15T06:40:00  total_mb=3047  pods=2
  → pod=target-app-57f655b559-jss28 status=200  latency=875.0ms
  → pod=target-app-57f655b559-pw6kl status=200  latency=920.2ms
[191/756] 2022-04-15T07:20:00  total_mb=3355  pods=2
  → pod=target-app-57f655b559-jss28 status=200  latency=949.4ms
  → pod=target-app-57f655b559-pw6kl status=200  latency=919.9ms
[192/756] 2022-04-15T08:00:00  total_mb=3464  pods=2
  → pod=target-app-57f655b559-jss28 status=200  latency=1159.0ms
  → pod=target-app-57f655b559-pw6kl status=ERROR  latency=0.0ms
[193/756] 2022-04-15T08:40:00  total_mb=3532  pods=1
  → pod=target-app-57f655b559-jss28 status=200  latency=1781.3ms
[194/756] 2022-04-15T09:20:00  total_mb=3597  pods=1
  → pod=target-app-57f655b559-jss28 status=200  latency=1909.6ms
[195/756] 2022-04-15T10:00:00  total_mb=3636  pods=1
  → pod=target-app-57f655b559-jss28 status=200  latency=2021.0ms
[196/756] 2022-04-15T10:40:00  total_mb=3504  pods=1
  → pod=target-app-57f655b559-jss28 status=200  latency=2620.5ms
[197/756] 2022-04-15T11:20:00  total_mb=3388  pods=2
  → pod=target-app-57f655b559-jss28 status=200  latency=1435.6ms
  → pod=target-app-57f655b559-pbxj8 status=200  latency=1155.9ms
[198/756] 2022-04-15T12:00:00  total_mb=3388  pods=2
  → pod=target-app-57f655b559-jss28 status=200  latency=1494.8ms
  → pod=target-app-57f655b559-pbxj8 status=200  latency=1304.8ms
[199/756] 2022-04-15T12:40:00  total_mb=3572  pods=2
  → pod=target-app-57f655b559-jss28 status=200  latency=1560.2ms
  → pod=target-app-57f655b559-pbxj8 status=200  latency=1272.3ms
[200/756] 2022-04-15T13:20:00  total_mb=3577  pods=2
  → pod=target-app-57f655b559-jss28 status=200  latency=1385.0ms
  → pod=target-app-57f655b559-pbxj8 status=200  latency=1438.5ms
[201/756] 2022-04-15T14:00:00  total_mb=3571  pods=2
  → pod=target-app-57f655b559-jss28 status=200  latency=1352.3ms
  → pod=target-app-57f655b559-pbxj8 status=200  latency=1362.1ms
[202/756] 2022-04-15T14:40:00  total_mb=3530  pods=2
  → pod=target-app-57f655b559-jss28 status=200  latency=1442.1ms
  → pod=target-app-57f655b559-pbxj8 status=200  latency=1412.1ms
[203/756] 2022-04-15T15:20:00  total_mb=3384  pods=2
  → pod=target-app-57f655b559-jss28 status=200  latency=1000.1ms
  → pod=target-app-57f655b559-pbxj8 status=200  latency=1251.4ms
[204/756] 2022-04-15T16:00:00  total_mb=2952  pods=2
  → pod=target-app-57f655b559-jss28 status=200  latency=926.3ms
  → pod=target-app-57f655b559-pbxj8 status=200  latency=890.4ms
[205/756] 2022-04-15T16:40:00  total_mb=2595  pods=2
  → pod=target-app-57f655b559-jss28 status=200  latency=975.6ms
  → pod=target-app-57f655b559-pbxj8 status=200  latency=795.4ms
[206/756] 2022-04-15T17:20:00  total_mb=2467  pods=2
  → pod=target-app-57f655b559-jss28 status=200  latency=764.3ms
  → pod=target-app-57f655b559-pbxj8 status=200  latency=743.5ms
[207/756] 2022-04-15T18:00:00  total_mb=2369  pods=2
  → pod=target-app-57f655b559-jss28 status=200  latency=1072.5ms
  → pod=target-app-57f655b559-pbxj8 status=200  latency=1015.0ms
[208/756] 2022-04-15T18:40:00  total_mb=2292  pods=2
  → pod=target-app-55dc8c66cd-xf7sc status=200  latency=640.4ms
  → pod=target-app-57f655b559-jss28 status=200  latency=806.2ms
[209/756] 2022-04-15T19:20:00  total_mb=2282  pods=1
  → pod=target-app-55dc8c66cd-xf7sc status=200  latency=1543.9ms
[210/756] 2022-04-15T20:00:00  total_mb=2273  pods=1
  → pod=target-app-55dc8c66cd-xf7sc status=200  latency=1473.5ms
[211/756] 2022-04-15T20:40:00  total_mb=2291  pods=1
  → pod=target-app-55dc8c66cd-xf7sc status=200  latency=1324.6ms
[212/756] 2022-04-15T21:20:00  total_mb=2273  pods=1
  → pod=target-app-55dc8c66cd-xf7sc status=200  latency=1293.2ms
[213/756] 2022-04-15T22:00:00  total_mb=2345  pods=1
  → pod=target-app-55dc8c66cd-xf7sc status=200  latency=1438.1ms
[214/756] 2022-04-15T22:40:00  total_mb=2362  pods=1
  → pod=target-app-55dc8c66cd-xf7sc status=200  latency=1296.1ms
[215/756] 2022-04-15T23:20:00  total_mb=2345  pods=2
  → pod=target-app-55dc8c66cd-jsjjk status=200  latency=623.1ms
  → pod=target-app-55dc8c66cd-xf7sc status=200  latency=776.7ms
[216/756] 2022-04-16T00:00:00  total_mb=2321  pods=2
  → pod=target-app-55dc8c66cd-jsjjk status=200  latency=783.3ms
  → pod=target-app-55dc8c66cd-xf7sc status=200  latency=1125.1ms
[217/756] 2022-04-16T00:40:00  total_mb=2323  pods=2
  → pod=target-app-55dc8c66cd-jsjjk status=200  latency=1411.5ms
  → pod=target-app-55dc8c66cd-xf7sc status=200  latency=1533.9ms
[218/756] 2022-04-16T01:20:00  total_mb=2322  pods=2
  → pod=target-app-55dc8c66cd-jsjjk status=200  latency=971.2ms
  → pod=target-app-55dc8c66cd-xf7sc status=200  latency=1320.2ms
[219/756] 2022-04-16T02:00:00  total_mb=2352  pods=2
  → pod=target-app-55dc8c66cd-jsjjk status=200  latency=1300.6ms
  → pod=target-app-55dc8c66cd-xf7sc status=200  latency=1188.1ms
[220/756] 2022-04-16T02:40:00  total_mb=2376  pods=2
  → pod=target-app-55dc8c66cd-jsjjk status=200  latency=896.9ms
  → pod=target-app-55dc8c66cd-xf7sc status=200  latency=1246.0ms
[221/756] 2022-04-16T03:20:00  total_mb=2376  pods=2
  → pod=target-app-55dc8c66cd-jsjjk status=200  latency=1253.2ms
  → pod=target-app-55dc8c66cd-xf7sc status=200  latency=1477.3ms
[222/756] 2022-04-16T04:00:00  total_mb=2388  pods=2
  → pod=target-app-55dc8c66cd-jsjjk status=200  latency=1158.5ms
  → pod=target-app-55dc8c66cd-xf7sc status=200  latency=1196.1ms
[223/756] 2022-04-16T04:40:00  total_mb=2378  pods=2
  → pod=target-app-55dc8c66cd-jsjjk status=200  latency=1523.5ms
  → pod=target-app-55dc8c66cd-xf7sc status=200  latency=1110.6ms
[224/756] 2022-04-16T05:20:00  total_mb=2391  pods=3
  → pod=target-app-55dc8c66cd-9xgcq status=200  latency=439.6ms
  → pod=target-app-55dc8c66cd-jsjjk status=200  latency=567.1ms
  → pod=target-app-55dc8c66cd-xf7sc status=200  latency=682.3ms
[225/756] 2022-04-16T06:00:00  total_mb=2397  pods=3
  → pod=target-app-55dc8c66cd-9xgcq status=200  latency=480.7ms
  → pod=target-app-55dc8c66cd-jsjjk status=200  latency=507.9ms
  → pod=target-app-55dc8c66cd-xf7sc status=200  latency=518.3ms
[226/756] 2022-04-16T06:40:00  total_mb=2446  pods=6
  → pod=target-app-55dc8c66cd-9xgcq status=200  latency=363.6ms
  → pod=target-app-55dc8c66cd-jsjjk status=200  latency=368.2ms
  → pod=target-app-55dc8c66cd-xf7sc status=200  latency=547.7ms
  → pod=target-app-57f655b559-grmpr status=200  latency=703.4ms
  → pod=target-app-57f655b559-nkg54 status=200  latency=627.7ms
  → pod=target-app-57f655b559-q9vn4 status=200  latency=538.0ms
[227/756] 2022-04-16T07:20:00  total_mb=2503  pods=2
  → pod=target-app-57f655b559-grmpr status=200  latency=716.8ms
  → pod=target-app-57f655b559-nkg54 status=200  latency=677.4ms
[228/756] 2022-04-16T08:00:00  total_mb=2505  pods=2
  → pod=target-app-57f655b559-grmpr status=200  latency=775.5ms
  → pod=target-app-57f655b559-nkg54 status=200  latency=718.0ms
[229/756] 2022-04-16T08:40:00  total_mb=2523  pods=2
  Error on attempt 1/10 for pod target-app-65b6765b8-gdl9b: kubectl exec failed: command terminated with exit code 137
, retrying in 3s …
  Error on attempt 2/10 for pod target-app-65b6765b8-gdl9b: kubectl exec failed: command terminated with exit code 137
, retrying in 3s …
  Error on attempt 3/10 for pod target-app-65b6765b8-gdl9b: kubectl exec failed: error: unable to upgrade connection: container not found ("target-app")
, retrying in 3s …
  Error on attempt 4/10 for pod target-app-65b6765b8-gdl9b: kubectl exec failed: error: unable to upgrade connection: container not found ("target-app")
, retrying in 3s …
  Error on attempt 5/10 for pod target-app-65b6765b8-gdl9b: kubectl exec failed: error: unable to upgrade connection: container not found ("target-app")
, retrying in 3s …
  Error on attempt 6/10 for pod target-app-65b6765b8-gdl9b: kubectl exec failed: error: unable to upgrade connection: container not found ("target-app")
, retrying in 3s …
  Error on attempt 7/10 for pod target-app-65b6765b8-gdl9b: kubectl exec failed: Error from server (NotFound): pods "target-app-65b6765b8-gdl9b" not found
, retrying in 3s …
  Error on attempt 8/10 for pod target-app-65b6765b8-gdl9b: kubectl exec failed: Error from server (NotFound): pods "target-app-65b6765b8-gdl9b" not found
, retrying in 3s …
  Error on attempt 9/10 for pod target-app-65b6765b8-gdl9b: kubectl exec failed: Error from server (NotFound): pods "target-app-65b6765b8-gdl9b" not found
, retrying in 3s …
  Error on attempt 10/10 for pod target-app-65b6765b8-gdl9b: kubectl exec failed: Error from server (NotFound): pods "target-app-65b6765b8-gdl9b" not found
, retrying in 3s …
  → pod=target-app-57f655b559-grmpr status=200  latency=1285.8ms
  → pod=target-app-57f655b559-nkg54 status=200  latency=944.9ms
[230/756] 2022-04-16T09:20:00  total_mb=2509  pods=2
  → pod=target-app-57f655b559-grmpr status=200  latency=835.4ms
  → pod=target-app-57f655b559-nkg54 status=200  latency=894.3ms
[231/756] 2022-04-16T10:00:00  total_mb=2479  pods=2
  → pod=target-app-57f655b559-grmpr status=200  latency=713.8ms
  → pod=target-app-57f655b559-nkg54 status=200  latency=730.6ms
[232/756] 2022-04-16T10:40:00  total_mb=2414  pods=2
  → pod=target-app-57f655b559-grmpr status=200  latency=771.1ms
  → pod=target-app-57f655b559-nkg54 status=200  latency=722.7ms
[233/756] 2022-04-16T11:20:00  total_mb=2415  pods=2
  → pod=target-app-57f655b559-grmpr status=200  latency=818.8ms
  → pod=target-app-57f655b559-nkg54 status=200  latency=827.1ms
[234/756] 2022-04-16T12:00:00  total_mb=2394  pods=2
  → pod=target-app-57f655b559-grmpr status=200  latency=714.6ms
  → pod=target-app-57f655b559-nkg54 status=200  latency=681.7ms
[235/756] 2022-04-16T12:40:00  total_mb=2408  pods=2
  → pod=target-app-57f655b559-grmpr status=200  latency=877.8ms
  → pod=target-app-57f655b559-nkg54 status=200  latency=1116.0ms
[236/756] 2022-04-16T13:20:00  total_mb=2402  pods=2
  → pod=target-app-57f655b559-grmpr status=200  latency=718.4ms
  → pod=target-app-57f655b559-nkg54 status=200  latency=694.8ms
[237/756] 2022-04-16T14:00:00  total_mb=2416  pods=2
  → pod=target-app-57f655b559-grmpr status=200  latency=766.9ms
  → pod=target-app-57f655b559-nkg54 status=200  latency=748.0ms
[238/756] 2022-04-16T14:40:00  total_mb=2407  pods=1
  → pod=target-app-57f655b559-nkg54 status=200  latency=1878.5ms
[239/756] 2022-04-16T15:20:00  total_mb=2361  pods=1
  → pod=target-app-57f655b559-nkg54 status=200  latency=1963.4ms
[240/756] 2022-04-16T16:00:00  total_mb=2336  pods=2
  → pod=target-app-57f655b559-nkg54 status=200  latency=1135.9ms
  → pod=target-app-57f655b559-rjkwh status=200  latency=1078.9ms
[241/756] 2022-04-16T16:40:00  total_mb=2330  pods=2
  → pod=target-app-57f655b559-nkg54 status=200  latency=1230.7ms
  → pod=target-app-57f655b559-rjkwh status=200  latency=1015.0ms
[242/756] 2022-04-16T17:20:00  total_mb=2324  pods=2
  → pod=target-app-57f655b559-nkg54 status=200  latency=1032.2ms
  → pod=target-app-57f655b559-rjkwh status=200  latency=1068.0ms
[243/756] 2022-04-16T18:00:00  total_mb=2316  pods=3
  → pod=target-app-57f655b559-jdnzw status=200  latency=861.3ms
  → pod=target-app-57f655b559-nkg54 status=200  latency=992.1ms
  → pod=target-app-57f655b559-rjkwh status=200  latency=804.7ms
[244/756] 2022-04-16T18:40:00  total_mb=2317  pods=6
  → pod=target-app-57f655b559-jdnzw status=200  latency=499.4ms
  → pod=target-app-57f655b559-nkg54 status=200  latency=773.2ms
  → pod=target-app-57f655b559-rjkwh status=200  latency=589.6ms
  → pod=target-app-65b6765b8-gdl9b status=200  latency=661.9ms
  → pod=target-app-65b6765b8-jrrbb status=200  latency=742.9ms
  → pod=target-app-65b6765b8-th7pn status=200  latency=697.9ms
[245/756] 2022-04-16T19:20:00  total_mb=2316  pods=3
  → pod=target-app-65b6765b8-gdl9b status=200  latency=1422.7ms
  → pod=target-app-65b6765b8-jrrbb status=200  latency=964.8ms
  → pod=target-app-65b6765b8-th7pn status=200  latency=688.3ms
[246/756] 2022-04-16T20:00:00  total_mb=2312  pods=3
  → pod=target-app-65b6765b8-gdl9b status=200  latency=652.9ms
  → pod=target-app-65b6765b8-jrrbb status=200  latency=536.9ms
  → pod=target-app-65b6765b8-th7pn status=200  latency=565.0ms
[247/756] 2022-04-16T20:40:00  total_mb=2325  pods=3
  → pod=target-app-65b6765b8-gdl9b status=200  latency=640.1ms
  → pod=target-app-65b6765b8-jrrbb status=200  latency=539.3ms
  → pod=target-app-65b6765b8-th7pn status=200  latency=539.9ms
[248/756] 2022-04-16T21:20:00  total_mb=2328  pods=3
  → pod=target-app-65b6765b8-gdl9b status=200  latency=547.6ms
  → pod=target-app-65b6765b8-jrrbb status=200  latency=609.0ms
  → pod=target-app-65b6765b8-th7pn status=200  latency=648.6ms
[249/756] 2022-04-16T22:00:00  total_mb=2352  pods=2
  → pod=target-app-65b6765b8-gdl9b status=200  latency=731.7ms
  → pod=target-app-65b6765b8-th7pn status=200  latency=727.8ms
[250/756] 2022-04-16T22:40:00  total_mb=2359  pods=2
  → pod=target-app-65b6765b8-gdl9b status=200  latency=771.8ms
  → pod=target-app-65b6765b8-th7pn status=200  latency=739.7ms
[251/756] 2022-04-16T23:20:00  total_mb=2348  pods=2
  → pod=target-app-65b6765b8-gdl9b status=200  latency=830.4ms
  → pod=target-app-65b6765b8-th7pn status=200  latency=881.4ms
[252/756] 2022-04-17T00:00:00  total_mb=2357  pods=2
  → pod=target-app-65b6765b8-gdl9b status=200  latency=932.0ms
  → pod=target-app-65b6765b8-th7pn status=200  latency=1109.6ms
[253/756] 2022-04-17T00:40:00  total_mb=2354  pods=2
  → pod=target-app-65b6765b8-gdl9b status=200  latency=840.8ms
  → pod=target-app-65b6765b8-th7pn status=200  latency=872.0ms
[254/756] 2022-04-17T01:20:00  total_mb=2352  pods=2
  → pod=target-app-65b6765b8-gdl9b status=200  latency=809.2ms
  → pod=target-app-65b6765b8-th7pn status=200  latency=817.3ms
[255/756] 2022-04-17T02:00:00  total_mb=2341  pods=2
  → pod=target-app-65b6765b8-gdl9b status=200  latency=853.0ms
  → pod=target-app-65b6765b8-th7pn status=200  latency=771.0ms
[256/756] 2022-04-17T02:40:00  total_mb=2344  pods=2
  → pod=target-app-65b6765b8-gdl9b status=200  latency=729.4ms
  → pod=target-app-65b6765b8-th7pn status=200  latency=744.7ms
[257/756] 2022-04-17T03:20:00  total_mb=2354  pods=2
  → pod=target-app-65b6765b8-gdl9b status=200  latency=837.8ms
  → pod=target-app-65b6765b8-th7pn status=200  latency=868.8ms
[258/756] 2022-04-17T04:00:00  total_mb=2392  pods=2
  → pod=target-app-65b6765b8-gdl9b status=200  latency=855.1ms
  → pod=target-app-65b6765b8-th7pn status=200  latency=931.7ms
[259/756] 2022-04-17T04:40:00  total_mb=2408  pods=1
  → pod=target-app-65b6765b8-gdl9b status=ERROR  latency=0.0ms
[260/756] 2022-04-17T05:20:00  total_mb=2394  pods=1
  → pod=target-app-55dc8c66cd-sqfrl status=200  latency=1337.2ms
[261/756] 2022-04-17T06:00:00  total_mb=2404  pods=2
  → pod=target-app-55dc8c66cd-sqfrl status=200  latency=842.8ms
  → pod=target-app-55dc8c66cd-svhqn status=200  latency=736.3ms
[262/756] 2022-04-17T06:40:00  total_mb=2392  pods=2
  → pod=target-app-55dc8c66cd-sqfrl status=200  latency=1148.6ms
  → pod=target-app-55dc8c66cd-svhqn status=200  latency=1056.8ms
[263/756] 2022-04-17T07:20:00  total_mb=2386  pods=2
  → pod=target-app-55dc8c66cd-sqfrl status=200  latency=801.4ms
  → pod=target-app-55dc8c66cd-svhqn status=200  latency=781.6ms
[264/756] 2022-04-17T08:00:00  total_mb=2380  pods=2
  → pod=target-app-55dc8c66cd-sqfrl status=200  latency=801.9ms
  → pod=target-app-55dc8c66cd-svhqn status=200  latency=765.2ms
[265/756] 2022-04-17T08:40:00  total_mb=2376  pods=2
  → pod=target-app-55dc8c66cd-sqfrl status=200  latency=905.2ms
  → pod=target-app-55dc8c66cd-svhqn status=200  latency=741.7ms
[266/756] 2022-04-17T09:20:00  total_mb=2376  pods=2
  → pod=target-app-55dc8c66cd-sqfrl status=200  latency=894.3ms
  → pod=target-app-55dc8c66cd-svhqn status=200  latency=757.7ms
[267/756] 2022-04-17T10:00:00  total_mb=2383  pods=2
  → pod=target-app-55dc8c66cd-sqfrl status=200  latency=793.4ms
  → pod=target-app-55dc8c66cd-svhqn status=200  latency=958.1ms
[268/756] 2022-04-17T10:40:00  total_mb=2384  pods=1
  → pod=target-app-55dc8c66cd-sqfrl status=200  latency=1323.1ms
[269/756] 2022-04-17T11:20:00  total_mb=2376  pods=1
  → pod=target-app-55dc8c66cd-sqfrl status=200  latency=1327.5ms
[270/756] 2022-04-17T12:00:00  total_mb=2354  pods=1
  → pod=target-app-55dc8c66cd-sqfrl status=200  latency=1361.1ms
[271/756] 2022-04-17T12:40:00  total_mb=2352  pods=1
  → pod=target-app-55dc8c66cd-sqfrl status=200  latency=1450.5ms
[272/756] 2022-04-17T13:20:00  total_mb=2352  pods=1
  → pod=target-app-55dc8c66cd-sqfrl status=200  latency=1303.6ms
[273/756] 2022-04-17T14:00:00  total_mb=2362  pods=1
  → pod=target-app-55dc8c66cd-sqfrl status=200  latency=1286.0ms
[274/756] 2022-04-17T14:40:00  total_mb=2363  pods=1
  → pod=target-app-55dc8c66cd-sqfrl status=200  latency=1371.1ms
[275/756] 2022-04-17T15:20:00  total_mb=2361  pods=1
  → pod=target-app-55dc8c66cd-sqfrl status=200  latency=1365.9ms
[276/756] 2022-04-17T16:00:00  total_mb=2356  pods=1
  → pod=target-app-55dc8c66cd-sqfrl status=200  latency=1394.3ms
[277/756] 2022-04-17T16:40:00  total_mb=2355  pods=2
  → pod=target-app-55dc8c66cd-sqfrl status=200  latency=815.3ms
  → pod=target-app-799b9dff59-4gw6b status=200  latency=605.6ms
[278/756] 2022-04-17T17:20:00  total_mb=2357  pods=1
  → pod=target-app-799b9dff59-4gw6b status=200  latency=1404.7ms
[279/756] 2022-04-17T18:00:00  total_mb=2349  pods=1
  → pod=target-app-799b9dff59-4gw6b status=200  latency=1265.7ms
[280/756] 2022-04-17T18:40:00  total_mb=2348  pods=1
  → pod=target-app-799b9dff59-4gw6b status=200  latency=1264.2ms
[281/756] 2022-04-17T19:20:00  total_mb=2345  pods=1
  → pod=target-app-799b9dff59-4gw6b status=200  latency=1309.4ms
[282/756] 2022-04-17T20:00:00  total_mb=2353  pods=1
  → pod=target-app-799b9dff59-4gw6b status=200  latency=1318.4ms
[283/756] 2022-04-17T20:40:00  total_mb=2324  pods=1
  → pod=target-app-799b9dff59-4gw6b status=200  latency=1249.4ms
[284/756] 2022-04-17T21:20:00  total_mb=2328  pods=1
  → pod=target-app-799b9dff59-4gw6b status=200  latency=1265.7ms
[285/756] 2022-04-17T22:00:00  total_mb=2358  pods=1
  → pod=target-app-799b9dff59-4gw6b status=200  latency=1431.8ms
[286/756] 2022-04-17T22:40:00  total_mb=2351  pods=1
  → pod=target-app-799b9dff59-4gw6b status=200  latency=1722.2ms
[287/756] 2022-04-17T23:20:00  total_mb=2336  pods=1
  → pod=target-app-799b9dff59-4gw6b status=200  latency=1222.2ms
[288/756] 2022-04-18T00:00:00  total_mb=2360  pods=1
  → pod=target-app-799b9dff59-4gw6b status=200  latency=1289.7ms
[289/756] 2022-04-18T00:40:00  total_mb=2360  pods=1
  → pod=target-app-799b9dff59-4gw6b status=200  latency=1407.4ms
[290/756] 2022-04-18T01:20:00  total_mb=2368  pods=1
  → pod=target-app-799b9dff59-4gw6b status=200  latency=1277.0ms
[291/756] 2022-04-18T02:00:00  total_mb=2382  pods=1
  → pod=target-app-799b9dff59-4gw6b status=200  latency=1309.4ms
[292/756] 2022-04-18T02:40:00  total_mb=2397  pods=1
  → pod=target-app-799b9dff59-4gw6b status=200  latency=1383.4ms
[293/756] 2022-04-18T03:20:00  total_mb=2407  pods=1
  → pod=target-app-799b9dff59-4gw6b status=200  latency=1378.2ms
[294/756] 2022-04-18T04:00:00  total_mb=2416  pods=1
  → pod=target-app-799b9dff59-4gw6b status=200  latency=1353.3ms
[295/756] 2022-04-18T04:40:00  total_mb=2416  pods=1
  → pod=target-app-799b9dff59-4gw6b status=200  latency=1442.7ms
[296/756] 2022-04-18T05:20:00  total_mb=2416  pods=1
  → pod=target-app-799b9dff59-4gw6b status=200  latency=1458.3ms
[297/756] 2022-04-18T06:00:00  total_mb=2427  pods=1
  → pod=target-app-799b9dff59-4gw6b status=200  latency=1327.7ms
[298/756] 2022-04-18T06:40:00  total_mb=2426  pods=1
  → pod=target-app-799b9dff59-4gw6b status=200  latency=1373.3ms
[299/756] 2022-04-18T07:20:00  total_mb=2392  pods=1
  → pod=target-app-799b9dff59-4gw6b status=200  latency=1479.4ms
[300/756] 2022-04-18T08:00:00  total_mb=2387  pods=1
  → pod=target-app-799b9dff59-4gw6b status=200  latency=1402.4ms
[301/756] 2022-04-18T08:40:00  total_mb=2377  pods=1
  → pod=target-app-799b9dff59-4gw6b status=200  latency=1382.6ms
[302/756] 2022-04-18T09:20:00  total_mb=2376  pods=4
  → pod=target-app-59f76f56b-47j9p status=200  latency=550.0ms
  → pod=target-app-59f76f56b-5z8k9 status=200  latency=548.8ms
  → pod=target-app-799b9dff59-4gw6b status=200  latency=675.9ms
  → pod=target-app-799b9dff59-jbrbq status=200  latency=613.1ms
[303/756] 2022-04-18T10:00:00  total_mb=2372  pods=2
  → pod=target-app-59f76f56b-47j9p status=200  latency=761.3ms
  → pod=target-app-59f76f56b-5z8k9 status=200  latency=824.9ms
[304/756] 2022-04-18T10:40:00  total_mb=2390  pods=2
  → pod=target-app-59f76f56b-47j9p status=200  latency=841.9ms
  → pod=target-app-59f76f56b-5z8k9 status=200  latency=694.8ms
[305/756] 2022-04-18T11:20:00  total_mb=2388  pods=1
  → pod=target-app-59f76f56b-5z8k9 status=200  latency=1402.1ms
[306/756] 2022-04-18T12:00:00  total_mb=2385  pods=2
  → pod=target-app-59f76f56b-5z8k9 status=200  latency=911.8ms
  → pod=target-app-59f76f56b-d996m status=200  latency=779.6ms
[307/756] 2022-04-18T12:40:00  total_mb=2388  pods=2
  → pod=target-app-59f76f56b-5z8k9 status=200  latency=762.3ms
  → pod=target-app-59f76f56b-d996m status=200  latency=1015.4ms
[308/756] 2022-04-18T13:20:00  total_mb=2369  pods=2
  → pod=target-app-59f76f56b-5z8k9 status=200  latency=972.5ms
  → pod=target-app-59f76f56b-d996m status=200  latency=717.8ms
[309/756] 2022-04-18T14:00:00  total_mb=2381  pods=2
  → pod=target-app-59f76f56b-5z8k9 status=200  latency=838.1ms
  → pod=target-app-59f76f56b-d996m status=200  latency=842.3ms
[310/756] 2022-04-18T14:40:00  total_mb=2381  pods=2
  → pod=target-app-59f76f56b-5z8k9 status=200  latency=743.1ms
  → pod=target-app-59f76f56b-d996m status=200  latency=721.9ms
[311/756] 2022-04-18T15:20:00  total_mb=2400  pods=2
  → pod=target-app-59f76f56b-5z8k9 status=200  latency=878.7ms
  → pod=target-app-59f76f56b-d996m status=200  latency=792.9ms
[312/756] 2022-04-18T16:00:00  total_mb=2373  pods=2
  → pod=target-app-59f76f56b-5z8k9 status=200  latency=936.0ms
  → pod=target-app-59f76f56b-d996m status=200  latency=1087.1ms
[313/756] 2022-04-18T16:40:00  total_mb=2363  pods=2
  → pod=target-app-59f76f56b-5z8k9 status=200  latency=751.2ms
  → pod=target-app-59f76f56b-d996m status=200  latency=759.6ms
[314/756] 2022-04-18T17:20:00  total_mb=2356  pods=2
  → pod=target-app-59f76f56b-5z8k9 status=200  latency=838.0ms
  → pod=target-app-59f76f56b-d996m status=200  latency=715.3ms
[315/756] 2022-04-18T18:00:00  total_mb=2361  pods=2
  → pod=target-app-59f76f56b-5z8k9 status=200  latency=803.2ms
  → pod=target-app-59f76f56b-d996m status=200  latency=766.1ms
[316/756] 2022-04-18T18:40:00  total_mb=2343  pods=1
  → pod=target-app-59f76f56b-5z8k9 status=200  latency=1290.3ms
[317/756] 2022-04-18T19:20:00  total_mb=2343  pods=1
  → pod=target-app-59f76f56b-5z8k9 status=200  latency=1568.4ms
[318/756] 2022-04-18T20:00:00  total_mb=2352  pods=1
  → pod=target-app-59f76f56b-5z8k9 status=200  latency=1413.5ms
[319/756] 2022-04-18T20:40:00  total_mb=2343  pods=1
  → pod=target-app-59f76f56b-5z8k9 status=200  latency=1470.0ms
[320/756] 2022-04-18T21:20:00  total_mb=2337  pods=2
  → pod=target-app-59f76f56b-5z8k9 status=200  latency=1013.7ms
  → pod=target-app-7cbb4bb8fd-9zth4 status=200  latency=868.1ms
[321/756] 2022-04-18T22:00:00  total_mb=2362  pods=1
  → pod=target-app-7cbb4bb8fd-9zth4 status=200  latency=1712.9ms
[322/756] 2022-04-18T22:40:00  total_mb=2396  pods=1
  → pod=target-app-7cbb4bb8fd-9zth4 status=200  latency=2083.3ms
[323/756] 2022-04-18T23:20:00  total_mb=2437  pods=1
  → pod=target-app-7cbb4bb8fd-9zth4 status=200  latency=1765.5ms
[324/756] 2022-04-19T00:00:00  total_mb=2418  pods=1
  → pod=target-app-7cbb4bb8fd-9zth4 status=200  latency=1706.4ms
[325/756] 2022-04-19T00:40:00  total_mb=2387  pods=1
  → pod=target-app-7cbb4bb8fd-9zth4 status=200  latency=1942.2ms
[326/756] 2022-04-19T01:20:00  total_mb=2365  pods=1
  → pod=target-app-7cbb4bb8fd-9zth4 status=200  latency=1500.5ms
[327/756] 2022-04-19T02:00:00  total_mb=2384  pods=1
  → pod=target-app-7cbb4bb8fd-9zth4 status=200  latency=1512.6ms
[328/756] 2022-04-19T02:40:00  total_mb=2394  pods=1
  → pod=target-app-7cbb4bb8fd-9zth4 status=200  latency=1825.6ms
[329/756] 2022-04-19T03:20:00  total_mb=2413  pods=1
  → pod=target-app-7cbb4bb8fd-9zth4 status=200  latency=1574.5ms
[330/756] 2022-04-19T04:00:00  total_mb=2470  pods=2
  → pod=target-app-7cbb4bb8fd-9zth4 status=200  latency=957.1ms
  → pod=target-app-7cbb4bb8fd-shhqq status=200  latency=729.0ms
[331/756] 2022-04-19T04:40:00  total_mb=2465  pods=2
  → pod=target-app-7cbb4bb8fd-9zth4 status=200  latency=1458.8ms
  → pod=target-app-7cbb4bb8fd-shhqq status=200  latency=1208.7ms
  Error on attempt 1/10 for pod target-app-7cbb4bb8fd-9zth4: kubectl exec failed: command terminated with exit code 137
, retrying in 3s …
  Error on attempt 2/10 for pod target-app-7cbb4bb8fd-9zth4: kubectl exec failed: command terminated with exit code 137
, retrying in 3s …
  Error on attempt 3/10 for pod target-app-7cbb4bb8fd-9zth4: kubectl exec failed: error: unable to upgrade connection: container not found ("target-app")
, retrying in 3s …
  Error on attempt 4/10 for pod target-app-7cbb4bb8fd-9zth4: kubectl exec failed: error: unable to upgrade connection: container not found ("target-app")
, retrying in 3s …
  Error on attempt 5/10 for pod target-app-7cbb4bb8fd-9zth4: kubectl exec failed: error: unable to upgrade connection: container not found ("target-app")
, retrying in 3s …
  Error on attempt 6/10 for pod target-app-7cbb4bb8fd-9zth4: kubectl exec failed: error: unable to upgrade connection: container not found ("target-app")
, retrying in 3s …
  Error on attempt 7/10 for pod target-app-7cbb4bb8fd-9zth4: kubectl exec failed: error: unable to upgrade connection: container not found ("target-app")
, retrying in 3s …
  Error on attempt 8/10 for pod target-app-7cbb4bb8fd-9zth4: kubectl exec failed: command terminated with exit code 137
, retrying in 3s …
  Error on attempt 9/10 for pod target-app-7cbb4bb8fd-9zth4: kubectl exec failed: error: unable to upgrade connection: container not found ("target-app")
, retrying in 3s …
  Error on attempt 10/10 for pod target-app-7cbb4bb8fd-9zth4: kubectl exec failed: error: unable to upgrade connection: container not found ("target-app")
, retrying in 3s …
  Error on attempt 1/10 for pod target-app-7cbb4bb8fd-9zth4: kubectl exec failed: error: unable to upgrade connection: container not found ("target-app")
, retrying in 3s …
  Error on attempt 1/10 for pod target-app-7cbb4bb8fd-tv5s6: kubectl exec failed: command terminated with exit code 137
, retrying in 3s …
  Error on attempt 2/10 for pod target-app-7cbb4bb8fd-tv5s6: kubectl exec failed: command terminated with exit code 137
, retrying in 3s …
  Error on attempt 3/10 for pod target-app-7cbb4bb8fd-tv5s6: kubectl exec failed: Error from server (NotFound): pods "target-app-7cbb4bb8fd-tv5s6" not found
, retrying in 3s …
  Error on attempt 4/10 for pod target-app-7cbb4bb8fd-tv5s6: kubectl exec failed: Error from server (NotFound): pods "target-app-7cbb4bb8fd-tv5s6" not found
, retrying in 3s …
  Error on attempt 5/10 for pod target-app-7cbb4bb8fd-tv5s6: kubectl exec failed: Error from server (NotFound): pods "target-app-7cbb4bb8fd-tv5s6" not found
, retrying in 3s …
  Error on attempt 6/10 for pod target-app-7cbb4bb8fd-tv5s6: kubectl exec failed: Error from server (NotFound): pods "target-app-7cbb4bb8fd-tv5s6" not found
, retrying in 3s …
  Error on attempt 7/10 for pod target-app-7cbb4bb8fd-tv5s6: kubectl exec failed: Error from server (NotFound): pods "target-app-7cbb4bb8fd-tv5s6" not found
, retrying in 3s …
  Error on attempt 8/10 for pod target-app-7cbb4bb8fd-tv5s6: kubectl exec failed: Error from server (NotFound): pods "target-app-7cbb4bb8fd-tv5s6" not found
, retrying in 3s …
  Error on attempt 9/10 for pod target-app-7cbb4bb8fd-tv5s6: kubectl exec failed: Error from server (NotFound): pods "target-app-7cbb4bb8fd-tv5s6" not found
, retrying in 3s …
  Error on attempt 10/10 for pod target-app-7cbb4bb8fd-tv5s6: kubectl exec failed: Error from server (NotFound): pods "target-app-7cbb4bb8fd-tv5s6" not found
, retrying in 3s …
[332/756] 2022-04-19T05:20:00  total_mb=2481  pods=2
  → pod=target-app-7cbb4bb8fd-9zth4 status=200  latency=966.5ms
  → pod=target-app-7cbb4bb8fd-shhqq status=200  latency=893.0ms
[333/756] 2022-04-19T06:00:00  total_mb=2669  pods=2
  → pod=target-app-7cbb4bb8fd-9zth4 status=200  latency=1126.8ms
  → pod=target-app-7cbb4bb8fd-shhqq status=200  latency=1406.1ms
[334/756] 2022-04-19T06:40:00  total_mb=3202  pods=1
  → pod=target-app-7cbb4bb8fd-9zth4 status=ERROR  latency=0.0ms
[335/756] 2022-04-19T07:20:00  total_mb=3489  pods=2
  → pod=target-app-7cbb4bb8fd-9zth4 status=200  latency=1008.3ms
  → pod=target-app-7cbb4bb8fd-tv5s6 status=200  latency=986.4ms
[336/756] 2022-04-19T08:00:00  total_mb=3572  pods=2
  → pod=target-app-7cbb4bb8fd-9zth4 status=200  latency=1165.4ms
  → pod=target-app-7cbb4bb8fd-tv5s6 status=200  latency=1248.3ms
[337/756] 2022-04-19T08:40:00  total_mb=3610  pods=2
  → pod=target-app-7cbb4bb8fd-9zth4 status=200  latency=1396.0ms
  → pod=target-app-7cbb4bb8fd-tv5s6 status=200  latency=1141.0ms
[338/756] 2022-04-19T09:20:00  total_mb=3641  pods=2
  → pod=target-app-7cbb4bb8fd-9zth4 status=200  latency=1216.0ms
  → pod=target-app-7cbb4bb8fd-tv5s6 status=200  latency=1405.2ms
[339/756] 2022-04-19T10:00:00  total_mb=3566  pods=2
  → pod=target-app-7cbb4bb8fd-9zth4 status=200  latency=1161.4ms
  → pod=target-app-7cbb4bb8fd-tv5s6 status=200  latency=1114.9ms
[340/756] 2022-04-19T10:40:00  total_mb=3494  pods=2
  → pod=target-app-7cbb4bb8fd-9zth4 status=200  latency=1161.0ms
  → pod=target-app-7cbb4bb8fd-tv5s6 status=200  latency=1422.8ms
[341/756] 2022-04-19T11:20:00  total_mb=3465  pods=2
  → pod=target-app-7cbb4bb8fd-9zth4 status=200  latency=1303.4ms
  → pod=target-app-7cbb4bb8fd-tv5s6 status=200  latency=1156.7ms
[342/756] 2022-04-19T12:00:00  total_mb=3580  pods=2
  → pod=target-app-7cbb4bb8fd-9zth4 status=200  latency=1291.5ms
  → pod=target-app-7cbb4bb8fd-tv5s6 status=200  latency=1620.8ms
[343/756] 2022-04-19T12:40:00  total_mb=3716  pods=1
  → pod=target-app-7cbb4bb8fd-tv5s6 status=ERROR  latency=0.0ms
[344/756] 2022-04-19T13:20:00  total_mb=3674  pods=1
  → pod=target-app-7b58bf89f-86zlr status=200  latency=2040.8ms
[345/756] 2022-04-19T14:00:00  total_mb=3659  pods=1
  → pod=target-app-7b58bf89f-86zlr status=200  latency=2553.9ms
[346/756] 2022-04-19T14:40:00  total_mb=3587  pods=1
  → pod=target-app-7b58bf89f-86zlr status=200  latency=2462.7ms
[347/756] 2022-04-19T15:20:00  total_mb=3491  pods=1
  → pod=target-app-7b58bf89f-86zlr status=200  latency=2315.8ms
[348/756] 2022-04-19T16:00:00  total_mb=3033  pods=1
  → pod=target-app-7b58bf89f-86zlr status=200  latency=1883.6ms
[349/756] 2022-04-19T16:40:00  total_mb=2632  pods=1
  → pod=target-app-7b58bf89f-86zlr status=200  latency=1806.9ms
[350/756] 2022-04-19T17:20:00  total_mb=2576  pods=1
  → pod=target-app-7b58bf89f-86zlr status=200  latency=1771.7ms
[351/756] 2022-04-19T18:00:00  total_mb=2479  pods=1
  → pod=target-app-7b58bf89f-86zlr status=200  latency=1592.5ms
[352/756] 2022-04-19T18:40:00  total_mb=2410  pods=1
  → pod=target-app-7b58bf89f-86zlr status=200  latency=1588.8ms
[353/756] 2022-04-19T19:20:00  total_mb=2392  pods=1
  → pod=target-app-7b58bf89f-86zlr status=200  latency=1721.0ms
[354/756] 2022-04-19T20:00:00  total_mb=2401  pods=1
  → pod=target-app-7b58bf89f-86zlr status=200  latency=1784.4ms
[355/756] 2022-04-19T20:40:00  total_mb=2424  pods=1
  → pod=target-app-7b58bf89f-86zlr status=200  latency=1685.1ms
[356/756] 2022-04-19T21:20:00  total_mb=2404  pods=1
  → pod=target-app-7b58bf89f-86zlr status=200  latency=1589.4ms
[357/756] 2022-04-19T22:00:00  total_mb=2406  pods=1
  → pod=target-app-7b58bf89f-86zlr status=200  latency=1461.1ms
[358/756] 2022-04-19T22:40:00  total_mb=2422  pods=1
  → pod=target-app-7b58bf89f-86zlr status=200  latency=1609.8ms
[359/756] 2022-04-19T23:20:00  total_mb=2420  pods=1
  → pod=target-app-7b58bf89f-86zlr status=200  latency=1589.5ms
[360/756] 2022-04-20T00:00:00  total_mb=2446  pods=2
  → pod=target-app-799b9dff59-2sh48 status=200  latency=782.6ms
  → pod=target-app-7b58bf89f-86zlr status=200  latency=1283.5ms
[361/756] 2022-04-20T00:40:00  total_mb=2460  pods=1
  → pod=target-app-799b9dff59-2sh48 status=200  latency=1560.7ms
[362/756] 2022-04-20T01:20:00  total_mb=2467  pods=1
  → pod=target-app-799b9dff59-2sh48 status=200  latency=1796.0ms
[363/756] 2022-04-20T02:00:00  total_mb=2457  pods=1
  → pod=target-app-799b9dff59-2sh48 status=200  latency=1713.1ms
[364/756] 2022-04-20T02:40:00  total_mb=2475  pods=2
  → pod=target-app-799b9dff59-2sh48 status=200  latency=1035.9ms
  → pod=target-app-799b9dff59-gd22r status=200  latency=838.2ms
[365/756] 2022-04-20T03:20:00  total_mb=2495  pods=2
  → pod=target-app-799b9dff59-2sh48 status=200  latency=1244.1ms
  → pod=target-app-799b9dff59-gd22r status=200  latency=964.3ms
[366/756] 2022-04-20T04:00:00  total_mb=2496  pods=2
  → pod=target-app-799b9dff59-2sh48 status=200  latency=907.3ms
  → pod=target-app-799b9dff59-gd22r status=200  latency=1138.3ms
[367/756] 2022-04-20T04:40:00  total_mb=2504  pods=2
  → pod=target-app-799b9dff59-2sh48 status=200  latency=1127.9ms
  → pod=target-app-799b9dff59-gd22r status=200  latency=854.9ms
[368/756] 2022-04-20T05:20:00  total_mb=2506  pods=2
  → pod=target-app-799b9dff59-2sh48 status=200  latency=898.6ms
  → pod=target-app-799b9dff59-gd22r status=200  latency=867.2ms
[369/756] 2022-04-20T06:00:00  total_mb=2676  pods=2
  → pod=target-app-799b9dff59-2sh48 status=200  latency=1436.3ms
  → pod=target-app-799b9dff59-gd22r status=200  latency=929.4ms
[370/756] 2022-04-20T06:40:00  total_mb=3191  pods=2
  → pod=target-app-799b9dff59-2sh48 status=200  latency=1163.5ms
  → pod=target-app-799b9dff59-gd22r status=200  latency=1093.4ms
[371/756] 2022-04-20T07:20:00  total_mb=3471  pods=1
  → pod=target-app-799b9dff59-2sh48 status=200  latency=2389.9ms
[372/756] 2022-04-20T08:00:00  total_mb=3556  pods=1
  → pod=target-app-799b9dff59-2sh48 status=200  latency=2113.7ms
[373/756] 2022-04-20T08:40:00  total_mb=3611  pods=1
  → pod=target-app-799b9dff59-2sh48 status=200  latency=2453.5ms
[374/756] 2022-04-20T09:20:00  total_mb=3636  pods=1
  → pod=target-app-799b9dff59-2sh48 status=200  latency=2179.6ms
[375/756] 2022-04-20T10:00:00  total_mb=3587  pods=1
  → pod=target-app-799b9dff59-2sh48 status=200  latency=2614.3ms
[376/756] 2022-04-20T10:40:00  total_mb=3483  pods=1
  → pod=target-app-799b9dff59-2sh48 status=200  latency=2099.9ms
[377/756] 2022-04-20T11:20:00  total_mb=3451  pods=1
  → pod=target-app-799b9dff59-2sh48 status=200  latency=2154.7ms
[378/756] 2022-04-20T12:00:00  total_mb=3545  pods=1
  → pod=target-app-799b9dff59-2sh48 status=200  latency=2257.4ms
[379/756] 2022-04-20T12:40:00  total_mb=3624  pods=1
  → pod=target-app-799b9dff59-2sh48 status=200  latency=2221.1ms
[380/756] 2022-04-20T13:20:00  total_mb=3679  pods=1
  → pod=target-app-799b9dff59-2sh48 status=200  latency=2196.8ms
[381/756] 2022-04-20T14:00:00  total_mb=3681  pods=1
  → pod=target-app-799b9dff59-2sh48 status=200  latency=2527.8ms
[382/756] 2022-04-20T14:40:00  total_mb=3635  pods=1
  → pod=target-app-799b9dff59-2sh48 status=200  latency=2624.3ms
[383/756] 2022-04-20T15:20:00  total_mb=3515  pods=1
  → pod=target-app-799b9dff59-2sh48 status=200  latency=2383.3ms
[384/756] 2022-04-20T16:00:00  total_mb=3058  pods=1
  → pod=target-app-799b9dff59-2sh48 status=200  latency=2374.6ms
[385/756] 2022-04-20T16:40:00  total_mb=2656  pods=1
  → pod=target-app-799b9dff59-2sh48 status=200  latency=1776.9ms
[386/756] 2022-04-20T17:20:00  total_mb=2576  pods=1
  → pod=target-app-799b9dff59-2sh48 status=200  latency=2020.4ms
[387/756] 2022-04-20T18:00:00  total_mb=2525  pods=1
  → pod=target-app-799b9dff59-2sh48 status=200  latency=2166.3ms
[388/756] 2022-04-20T18:40:00  total_mb=2448  pods=4
  → pod=target-app-59f76f56b-6gk9j status=200  latency=726.8ms
  → pod=target-app-59f76f56b-v95dm status=200  latency=670.0ms
  → pod=target-app-799b9dff59-2sh48 status=200  latency=700.2ms
