/usr/local/lib/python3.9/site-packages/google/auth/__init__.py:54: FutureWarning: You are using a Python version 3.9 past its end of life. Google will update google-auth with critical bug fixes on a best-effort basis, but not with any other fixes or features. Please upgrade your Python version, and then update google-auth.
  warnings.warn(eol_message.format("3.9"), FutureWarning)
/usr/local/lib/python3.9/site-packages/google/oauth2/__init__.py:40: FutureWarning: You are using a Python version 3.9 past its end of life. Google will update google-auth with critical bug fixes on a best-effort basis, but not with any other fixes or features. Please upgrade your Python version, and then update google-auth.
  warnings.warn(eol_message.format("3.9"), FutureWarning)
2026-06-18T22:40:02 [INFO] scaler.main — Scaler starting: namespace=tcc-ens-expsm-prophet-c-cpu-hv model=Ensemble dataset=c-cpu mode=combined
2026-06-18T22:40:02 [INFO] scaler.main — Scale Engine active: VM Cores=5.00, VM RAM=8.00GB | Real Cores=4.00, Real RAM=8.00GB
2026-06-18T22:40:08 [WARNING] darts.models — The statsforecast module could not be imported. To enable support for the StatsForecastAutoARIMA, StatsForecastETS and Croston models, please consider installing it.
2026-06-18T22:40:08 [INFO] predictor — Model loaded: Ensemble[ExponentialSmoothing+Prophet] | dataset_slug=c-cpu | run_dir=/app/experiments/results/cegedim_application_C_CPU_exp1/Ensemble[Prophet+ExponentialSmoothing]/20260609_013912
2026-06-18T22:40:08 [INFO] predictor — Model loaded: Ensemble[ExponentialSmoothing+Prophet] | dataset_slug=c-ram | run_dir=/app/experiments/results/cegedim_application_C_RAM_exp1/Ensemble[ExponentialSmoothing+Prophet]/20260609_130222
2026-06-18T22:40:08 [INFO] predictor — Secondary model loaded for combined mode: slug=c-ram
2026-06-18T22:40:08 [INFO] k8s_scaler — Using in-cluster Kubernetes config
2026-06-18T22:40:08 [INFO] metrics_recorder — MetricsRecorder: initialized scaling and warmup logs in /results
2026-06-18T22:40:08 [INFO] scaler.main — Bootstrapping history: 30 minutes at 15s steps
2026-06-18T22:40:08 [INFO] scaler.main — Bootstrap complete: cpu=121 rows, ram=121 rows
2026-06-18T22:40:08 [INFO] predictor — fit_predict.history: rows=121 freq=15S head=[{'timestamp_date_format': Timestamp('2026-06-18 22:10:00'), 'Total_Usage': 0.30884787062783553}, {'timestamp_date_format': Timestamp('2026-06-18 22:10:15'), 'Total_Usage': 0.29538629272142297}, {'timestamp_date_format': Timestamp('2026-06-18 22:10:30'), 'Total_Usage': 0.29072198022673995}] tail=[{'timestamp_date_format': Timestamp('2026-06-18 22:39:30'), 'Total_Usage': 0.3347002760884255}, {'timestamp_date_format': Timestamp('2026-06-18 22:39:45'), 'Total_Usage': 0.32628137622377623}, {'timestamp_date_format': Timestamp('2026-06-18 22:40:00'), 'Total_Usage': 0.22151555916813118}]
2026-06-18T22:40:08 [ERROR] main_logger — ValueError: Train series only contains 94 elements but ExponentialSmoothing(trend=ModelMode.ADDITIVE, damped=False, seasonal=SeasonalityMode.ADDITIVE, seasonal_periods=48 model requires at least 96 entries
2026-06-18T22:40:08 [ERROR] predictor — Re-fit raised an exception: Train series only contains 94 elements but ExponentialSmoothing(trend=ModelMode.ADDITIVE, damped=False, seasonal=SeasonalityMode.ADDITIVE, seasonal_periods=48 model requires at least 96 entries
2026-06-18T22:40:08 [INFO] predictor — fit_predict_secondary.history: rows=121 freq=15S head=[{'timestamp_date_format': Timestamp('2026-06-18 22:10:00'), 'Total_Usage': 6.6839447021484375}, {'timestamp_date_format': Timestamp('2026-06-18 22:10:15'), 'Total_Usage': 10.161937713623047}, {'timestamp_date_format': Timestamp('2026-06-18 22:10:30'), 'Total_Usage': 10.262775421142578}] tail=[{'timestamp_date_format': Timestamp('2026-06-18 22:39:30'), 'Total_Usage': 8.601016998291016}, {'timestamp_date_format': Timestamp('2026-06-18 22:39:45'), 'Total_Usage': 8.601016998291016}, {'timestamp_date_format': Timestamp('2026-06-18 22:40:00'), 'Total_Usage': 8.601016998291016}]
2026-06-18T22:40:08 [INFO] predictor — fit_predict_secondary.test_df: rows=1 freq=15S head=[{'timestamp_date_format': Timestamp('2026-06-18 22:40:15'), 'Total_Usage': 0.0}] tail=[{'timestamp_date_format': Timestamp('2026-06-18 22:40:15'), 'Total_Usage': 0.0}]
2026-06-18T22:40:08 [INFO] predictor — fit_predict_secondary.raw_pred=8.259631479750668 freq=15S
2026-06-18T22:40:08 [INFO] scaler.main — Cycle 0 | cpu=0.277→0.222 replicas=1→1 | ram=8.601GB→8.260GB mem=8192MB→8192MB | h=no_change v=no_change | sla_cpu=False sla_ram=True
