/usr/local/lib/python3.9/site-packages/google/auth/__init__.py:54: FutureWarning: You are using a Python version 3.9 past its end of life. Google will update google-auth with critical bug fixes on a best-effort basis, but not with any other fixes or features. Please upgrade your Python version, and then update google-auth.
  warnings.warn(eol_message.format("3.9"), FutureWarning)
/usr/local/lib/python3.9/site-packages/google/oauth2/__init__.py:40: FutureWarning: You are using a Python version 3.9 past its end of life. Google will update google-auth with critical bug fixes on a best-effort basis, but not with any other fixes or features. Please upgrade your Python version, and then update google-auth.
  warnings.warn(eol_message.format("3.9"), FutureWarning)
2026-06-18T22:33:21 [INFO] scaler.main — Scaler starting: namespace=tcc-ens-expsm-prophet-a-cpu-hv model=Ensemble dataset=a-cpu mode=combined
2026-06-18T22:33:21 [INFO] scaler.main — Scale Engine active: VM Cores=5.00, VM RAM=8.00GB | Real Cores=48.00, Real RAM=384.00GB
2026-06-18T22:33:27 [WARNING] darts.models — The statsforecast module could not be imported. To enable support for the StatsForecastAutoARIMA, StatsForecastETS and Croston models, please consider installing it.
2026-06-18T22:33:27 [INFO] predictor — Model loaded: Ensemble[ExponentialSmoothing+Prophet] | dataset_slug=a-cpu | run_dir=/app/experiments/results/cegedim_application_A_CPU_exp1/Ensemble[Prophet+ExponentialSmoothing]/20260609_013539
2026-06-18T22:33:27 [INFO] predictor — Model loaded: Ensemble[ExponentialSmoothing+Prophet] | dataset_slug=a-ram | run_dir=/app/experiments/results/cegedim_application_A_RAM_exp1/Ensemble[ExponentialSmoothing+Prophet]/20260609_120751
2026-06-18T22:33:27 [INFO] predictor — Secondary model loaded for combined mode: slug=a-ram
2026-06-18T22:33:27 [INFO] k8s_scaler — Using in-cluster Kubernetes config
2026-06-18T22:33:27 [INFO] metrics_recorder — MetricsRecorder: initialized scaling and warmup logs in /results
2026-06-18T22:33:27 [INFO] scaler.main — Bootstrapping history: 30 minutes at 15s steps
2026-06-18T22:33:27 [INFO] scaler.main — Bootstrap complete: cpu=121 rows, ram=121 rows
2026-06-18T22:33:27 [INFO] predictor — fit_predict.history: rows=121 freq=15S head=[{'timestamp_date_format': Timestamp('2026-06-18 22:03:15'), 'Total_Usage': 5.199140173743611}, {'timestamp_date_format': Timestamp('2026-06-18 22:03:30'), 'Total_Usage': 5.209157011644177}, {'timestamp_date_format': Timestamp('2026-06-18 22:03:45'), 'Total_Usage': 2.9984619674560267}] tail=[{'timestamp_date_format': Timestamp('2026-06-18 22:32:45'), 'Total_Usage': 0.4706619199999999}, {'timestamp_date_format': Timestamp('2026-06-18 22:33:00'), 'Total_Usage': 2.2678640012411977}, {'timestamp_date_format': Timestamp('2026-06-18 22:33:15'), 'Total_Usage': 2.704499599198397}]
2026-06-18T22:33:27 [ERROR] main_logger — ValueError: Train series only contains 84 elements but ExponentialSmoothing(trend=None, damped=False, seasonal=SeasonalityMode.ADDITIVE, seasonal_periods=48 model requires at least 96 entries
2026-06-18T22:33:27 [ERROR] predictor — Re-fit raised an exception: Train series only contains 84 elements but ExponentialSmoothing(trend=None, damped=False, seasonal=SeasonalityMode.ADDITIVE, seasonal_periods=48 model requires at least 96 entries
2026-06-18T22:33:27 [INFO] predictor — fit_predict_secondary.history: rows=121 freq=15S head=[{'timestamp_date_format': Timestamp('2026-06-18 22:03:15'), 'Total_Usage': 584.2952270507812}, {'timestamp_date_format': Timestamp('2026-06-18 22:03:30'), 'Total_Usage': 584.3887939453125}, {'timestamp_date_format': Timestamp('2026-06-18 22:03:45'), 'Total_Usage': 574.1707763671875}] tail=[{'timestamp_date_format': Timestamp('2026-06-18 22:32:45'), 'Total_Usage': 371.612548828125}, {'timestamp_date_format': Timestamp('2026-06-18 22:33:00'), 'Total_Usage': 489.38433837890625}, {'timestamp_date_format': Timestamp('2026-06-18 22:33:15'), 'Total_Usage': 607.1109008789062}]
2026-06-18T22:33:27 [INFO] predictor — fit_predict_secondary.test_df: rows=1 freq=15S head=[{'timestamp_date_format': Timestamp('2026-06-18 22:33:30'), 'Total_Usage': 0.0}] tail=[{'timestamp_date_format': Timestamp('2026-06-18 22:33:30'), 'Total_Usage': 0.0}]
2026-06-18T22:33:27 [INFO] predictor — fit_predict_secondary.raw_pred=607.3010148336346 freq=15S
2026-06-18T22:33:27 [INFO] scaler.main — Cycle 0 | cpu=0.282→2.704 replicas=1→1 | ram=12.648GB→607.301GB mem=8192MB→8192MB | h=no_change v=no_change | sla_cpu=False sla_ram=True
