  Error on attempt 1/10 for pod target-app-54678f7884-2b6sl: kubectl exec failed: command terminated with exit code 137
, retrying in 3s …
  Error on attempt 2/10 for pod target-app-54678f7884-2b6sl: kubectl exec failed: command terminated with exit code 137
, retrying in 3s …
  Error on attempt 3/10 for pod target-app-54678f7884-2b6sl: kubectl exec failed: error: unable to upgrade connection: container not found ("target-app")
, retrying in 3s …
  Error on attempt 4/10 for pod target-app-54678f7884-2b6sl: kubectl exec failed: error: unable to upgrade connection: container not found ("target-app")
, retrying in 3s …
  Error on attempt 5/10 for pod target-app-54678f7884-2b6sl: kubectl exec failed: error: unable to upgrade connection: container not found ("target-app")
, retrying in 3s …
  Error on attempt 6/10 for pod target-app-54678f7884-2b6sl: kubectl exec failed: error: unable to upgrade connection: container not found ("target-app")
, retrying in 3s …
  Error on attempt 7/10 for pod target-app-54678f7884-2b6sl: kubectl exec failed: error: unable to upgrade connection: container not found ("target-app")
, retrying in 3s …
  Error on attempt 8/10 for pod target-app-54678f7884-2b6sl: kubectl exec failed: command terminated with exit code 137
, retrying in 3s …
  Error on attempt 9/10 for pod target-app-54678f7884-2b6sl: kubectl exec failed: error: unable to upgrade connection: container not found ("target-app")
, retrying in 3s …
  Error on attempt 10/10 for pod target-app-54678f7884-2b6sl: kubectl exec failed: error: unable to upgrade connection: container not found ("target-app")
, retrying in 3s …
  Error on attempt 1/10 for pod target-app-7d7746d958-2lzkx: kubectl exec failed: Error from server (NotFound): pods "target-app-7d7746d958-2lzkx" not found
, retrying in 3s …
  Error on attempt 2/10 for pod target-app-7d7746d958-2lzkx: kubectl exec failed: Error from server (NotFound): pods "target-app-7d7746d958-2lzkx" not found
, retrying in 3s …
  Error on attempt 3/10 for pod target-app-7d7746d958-2lzkx: kubectl exec failed: Error from server (NotFound): pods "target-app-7d7746d958-2lzkx" not found
, retrying in 3s …
  Error on attempt 4/10 for pod target-app-7d7746d958-2lzkx: kubectl exec failed: Error from server (NotFound): pods "target-app-7d7746d958-2lzkx" not found
, retrying in 3s …
  Error on attempt 5/10 for pod target-app-7d7746d958-2lzkx: kubectl exec failed: Error from server (NotFound): pods "target-app-7d7746d958-2lzkx" not found
, retrying in 3s …
  Error on attempt 6/10 for pod target-app-7d7746d958-2lzkx: kubectl exec failed: Error from server (NotFound): pods "target-app-7d7746d958-2lzkx" not found
, retrying in 3s …
  Error on attempt 7/10 for pod target-app-7d7746d958-2lzkx: kubectl exec failed: Error from server (NotFound): pods "target-app-7d7746d958-2lzkx" not found
, retrying in 3s …
  Error on attempt 8/10 for pod target-app-7d7746d958-2lzkx: kubectl exec failed: Error from server (NotFound): pods "target-app-7d7746d958-2lzkx" not found
, retrying in 3s …
  Error on attempt 9/10 for pod target-app-7d7746d958-2lzkx: kubectl exec failed: Error from server (NotFound): pods "target-app-7d7746d958-2lzkx" not found
, retrying in 3s …
  Error on attempt 10/10 for pod target-app-7d7746d958-2lzkx: kubectl exec failed: Error from server (NotFound): pods "target-app-7d7746d958-2lzkx" not found
, retrying in 3s …
RAM injector started: 757 points, starting at index 0, step=15s, namespace=tcc-ens-expsm-fft-prophet-c-cpu-hv
Logging to: /app/k8s/load/traces/ram_injection_log.csv
  [startup] waiting for pods in tcc-ens-expsm-fft-prophet-c-cpu-hv …
[0/756] 2022-04-10T00:00:00  total_mb=4226  pods=2
  → pod=target-app-54678f7884-2b6sl status=ERROR  latency=0.0ms
  → pod=target-app-7d7746d958-2lzkx status=ERROR  latency=0.0ms
[1/756] 2022-04-10T00:40:00  total_mb=4320  pods=1
  → pod=target-app-757955768f-j52gl status=200  latency=2402.8ms
[2/756] 2022-04-10T01:20:00  total_mb=4443  pods=1
  → pod=target-app-757955768f-j52gl status=200  latency=2650.8ms
[3/756] 2022-04-10T02:00:00  total_mb=4514  pods=1
  → pod=target-app-757955768f-j52gl status=200  latency=2754.7ms
[4/756] 2022-04-10T02:40:00  total_mb=4518  pods=1
  → pod=target-app-757955768f-j52gl status=200  latency=2828.9ms
[5/756] 2022-04-10T03:20:00  total_mb=4520  pods=1
  → pod=target-app-757955768f-j52gl status=200  latency=2766.2ms
[6/756] 2022-04-10T04:00:00  total_mb=4516  pods=1
  → pod=target-app-757955768f-j52gl status=200  latency=2707.3ms
[7/756] 2022-04-10T04:40:00  total_mb=4533  pods=1
  → pod=target-app-757955768f-j52gl status=200  latency=2640.6ms
[8/756] 2022-04-10T05:20:00  total_mb=4808  pods=1
  → pod=target-app-757955768f-j52gl status=200  latency=2723.2ms
[9/756] 2022-04-10T06:00:00  total_mb=5148  pods=1
  → pod=target-app-757955768f-j52gl status=200  latency=3030.3ms
[10/756] 2022-04-10T06:40:00  total_mb=5222  pods=1
  → pod=target-app-757955768f-j52gl status=200  latency=2883.5ms
[11/756] 2022-04-10T07:20:00  total_mb=5236  pods=1
  → pod=target-app-757955768f-j52gl status=200  latency=3283.2ms
[12/756] 2022-04-10T08:00:00  total_mb=5293  pods=1
  → pod=target-app-757955768f-j52gl status=200  latency=2959.8ms
[13/756] 2022-04-10T08:40:00  total_mb=5366  pods=1
  → pod=target-app-757955768f-j52gl status=200  latency=2899.7ms
[14/756] 2022-04-10T09:20:00  total_mb=5397  pods=1
  → pod=target-app-757955768f-j52gl status=200  latency=3238.5ms
[15/756] 2022-04-10T10:00:00  total_mb=5395  pods=1
  → pod=target-app-757955768f-j52gl status=200  latency=3229.0ms
[16/756] 2022-04-10T10:40:00  total_mb=5414  pods=2
  → pod=target-app-757955768f-j52gl status=200  latency=1678.5ms
  → pod=target-app-799b9dff59-v8dvj status=200  latency=1354.6ms
[17/756] 2022-04-10T11:20:00  total_mb=5406  pods=1
  → pod=target-app-799b9dff59-v8dvj status=200  latency=2835.2ms
[18/756] 2022-04-10T12:00:00  total_mb=5509  pods=1
  → pod=target-app-799b9dff59-v8dvj status=200  latency=2938.2ms
[19/756] 2022-04-10T12:40:00  total_mb=5467  pods=1
  → pod=target-app-799b9dff59-v8dvj status=200  latency=3651.2ms
[20/756] 2022-04-10T13:20:00  total_mb=5468  pods=1
  → pod=target-app-799b9dff59-v8dvj status=200  latency=3183.3ms
[21/756] 2022-04-10T14:00:00  total_mb=5473  pods=1
  → pod=target-app-799b9dff59-v8dvj status=200  latency=3080.7ms
[22/756] 2022-04-10T14:40:00  total_mb=5501  pods=1
  → pod=target-app-799b9dff59-v8dvj status=200  latency=2929.2ms
[23/756] 2022-04-10T15:20:00  total_mb=5573  pods=1
  → pod=target-app-799b9dff59-v8dvj status=200  latency=3154.4ms
[24/756] 2022-04-10T16:00:00  total_mb=5583  pods=1
  → pod=target-app-799b9dff59-v8dvj status=200  latency=2900.3ms
[25/756] 2022-04-10T16:40:00  total_mb=5601  pods=2
  → pod=target-app-799b9dff59-v8dvj status=200  latency=1851.6ms
  → pod=target-app-799b9dff59-zb966 status=200  latency=1362.6ms
[26/756] 2022-04-10T17:20:00  total_mb=5598  pods=2
  → pod=target-app-799b9dff59-v8dvj status=200  latency=1559.9ms
  → pod=target-app-799b9dff59-zb966 status=200  latency=1566.0ms
[27/756] 2022-04-10T18:00:00  total_mb=5601  pods=2
  → pod=target-app-799b9dff59-v8dvj status=200  latency=1803.4ms
  → pod=target-app-799b9dff59-zb966 status=200  latency=1667.4ms
[28/756] 2022-04-10T18:40:00  total_mb=5736  pods=2
  → pod=target-app-799b9dff59-v8dvj status=200  latency=1961.6ms
  → pod=target-app-799b9dff59-zb966 status=200  latency=1704.5ms
[29/756] 2022-04-10T19:20:00  total_mb=5733  pods=2
  → pod=target-app-799b9dff59-v8dvj status=200  latency=1583.7ms
  → pod=target-app-799b9dff59-zb966 status=200  latency=1767.8ms
[30/756] 2022-04-10T20:00:00  total_mb=5735  pods=2
  → pod=target-app-799b9dff59-v8dvj status=200  latency=1725.4ms
  → pod=target-app-799b9dff59-zb966 status=200  latency=1604.7ms
[31/756] 2022-04-10T20:40:00  total_mb=5751  pods=2
  → pod=target-app-799b9dff59-v8dvj status=200  latency=2087.1ms
  → pod=target-app-799b9dff59-zb966 status=200  latency=1595.9ms
[32/756] 2022-04-10T21:20:00  total_mb=4188  pods=4
  → pod=target-app-57f655b559-87lps status=200  latency=696.6ms
  → pod=target-app-57f655b559-k9jhs status=200  latency=697.3ms
  → pod=target-app-799b9dff59-v8dvj status=200  latency=928.8ms
  → pod=target-app-799b9dff59-zb966 status=200  latency=743.5ms
[33/756] 2022-04-10T22:00:00  total_mb=4393  pods=2
  → pod=target-app-57f655b559-87lps status=200  latency=1307.2ms
  → pod=target-app-57f655b559-k9jhs status=200  latency=1192.5ms
[34/756] 2022-04-10T22:40:00  total_mb=4702  pods=2
  → pod=target-app-57f655b559-87lps status=200  latency=1515.7ms
  → pod=target-app-57f655b559-k9jhs status=200  latency=1265.7ms
[35/756] 2022-04-10T23:20:00  total_mb=4835  pods=2
  → pod=target-app-57f655b559-87lps status=200  latency=1461.2ms
  → pod=target-app-57f655b559-k9jhs status=200  latency=1470.3ms
[36/756] 2022-04-11T00:00:00  total_mb=4847  pods=2
  → pod=target-app-57f655b559-87lps status=200  latency=1548.1ms
  → pod=target-app-57f655b559-k9jhs status=200  latency=1393.8ms
[37/756] 2022-04-11T00:40:00  total_mb=4934  pods=2
  → pod=target-app-57f655b559-87lps status=200  latency=1655.1ms
  → pod=target-app-57f655b559-k9jhs status=200  latency=1670.0ms
[38/756] 2022-04-11T01:20:00  total_mb=5018  pods=2
  → pod=target-app-57f655b559-87lps status=200  latency=1495.2ms
  → pod=target-app-57f655b559-k9jhs status=200  latency=1401.0ms
[39/756] 2022-04-11T02:00:00  total_mb=5108  pods=2
  → pod=target-app-57f655b559-87lps status=200  latency=1520.4ms
  → pod=target-app-57f655b559-k9jhs status=200  latency=1369.1ms
[40/756] 2022-04-11T02:40:00  total_mb=5079  pods=2
  → pod=target-app-57f655b559-87lps status=200  latency=1654.8ms
  → pod=target-app-57f655b559-k9jhs status=200  latency=1810.4ms
[41/756] 2022-04-11T03:20:00  total_mb=5086  pods=2
  → pod=target-app-57f655b559-87lps status=200  latency=1519.4ms
  → pod=target-app-57f655b559-k9jhs status=200  latency=1447.4ms
[42/756] 2022-04-11T04:00:00  total_mb=5132  pods=2
  → pod=target-app-57f655b559-87lps status=200  latency=1669.4ms
  → pod=target-app-57f655b559-k9jhs status=200  latency=1429.3ms
[43/756] 2022-04-11T04:40:00  total_mb=5209  pods=2
  → pod=target-app-57f655b559-87lps status=200  latency=1506.7ms
  → pod=target-app-57f655b559-k9jhs status=200  latency=1592.0ms
[44/756] 2022-04-11T05:20:00  total_mb=5211  pods=2
  → pod=target-app-57f655b559-87lps status=200  latency=1583.1ms
  → pod=target-app-57f655b559-k9jhs status=200  latency=1395.1ms
[45/756] 2022-04-11T06:00:00  total_mb=5219  pods=2
  → pod=target-app-57f655b559-87lps status=200  latency=1629.3ms
  → pod=target-app-57f655b559-k9jhs status=200  latency=1590.4ms
[46/756] 2022-04-11T06:40:00  total_mb=5349  pods=2
  → pod=target-app-57f655b559-87lps status=200  latency=1565.8ms
  → pod=target-app-57f655b559-k9jhs status=200  latency=1483.2ms
[47/756] 2022-04-11T07:20:00  total_mb=5443  pods=2
  → pod=target-app-57f655b559-87lps status=200  latency=1821.3ms
  → pod=target-app-57f655b559-k9jhs status=200  latency=1715.1ms
[48/756] 2022-04-11T08:00:00  total_mb=5718  pods=2
  → pod=target-app-57f655b559-87lps status=200  latency=1737.8ms
  → pod=target-app-57f655b559-k9jhs status=200  latency=1686.6ms
[49/756] 2022-04-11T08:40:00  total_mb=5750  pods=2
  → pod=target-app-57f655b559-87lps status=200  latency=1739.6ms
  → pod=target-app-57f655b559-k9jhs status=200  latency=1763.3ms
[50/756] 2022-04-11T09:20:00  total_mb=5866  pods=2
  Error on attempt 1/10 for pod target-app-65b6765b8-9mc4b: kubectl exec failed: command terminated with exit code 137
, retrying in 3s …
  Error on attempt 2/10 for pod target-app-65b6765b8-9mc4b: kubectl exec failed: command terminated with exit code 137
, retrying in 3s …
  Error on attempt 3/10 for pod target-app-65b6765b8-9mc4b: kubectl exec failed: error: unable to upgrade connection: container not found ("target-app")
, retrying in 3s …
  Error on attempt 4/10 for pod target-app-65b6765b8-9mc4b: kubectl exec failed: error: unable to upgrade connection: container not found ("target-app")
, retrying in 3s …
  Error on attempt 5/10 for pod target-app-65b6765b8-9mc4b: kubectl exec failed: error: unable to upgrade connection: container not found ("target-app")
, retrying in 3s …
  Error on attempt 6/10 for pod target-app-65b6765b8-9mc4b: kubectl exec failed: error: unable to upgrade connection: container not found ("target-app")
, retrying in 3s …
  Error on attempt 7/10 for pod target-app-65b6765b8-9mc4b: kubectl exec failed: command terminated with exit code 137
, retrying in 3s …
  Error on attempt 8/10 for pod target-app-65b6765b8-9mc4b: kubectl exec failed: error: unable to upgrade connection: container not found ("target-app")
, retrying in 3s …
  Error on attempt 9/10 for pod target-app-65b6765b8-9mc4b: kubectl exec failed: error: unable to upgrade connection: container not found ("target-app")
, retrying in 3s …
  Error on attempt 10/10 for pod target-app-65b6765b8-9mc4b: kubectl exec failed: error: unable to upgrade connection: container not found ("target-app")
, retrying in 3s …
  Error on attempt 1/10 for pod target-app-65b6765b8-xlblw: kubectl exec failed: command terminated with exit code 137
, retrying in 3s …
  Error on attempt 2/10 for pod target-app-65b6765b8-xlblw: kubectl exec failed: command terminated with exit code 137
, retrying in 3s …
  Error on attempt 3/10 for pod target-app-65b6765b8-xlblw: kubectl exec failed: error: unable to upgrade connection: container not found ("target-app")
, retrying in 3s …
  Error on attempt 4/10 for pod target-app-65b6765b8-xlblw: kubectl exec failed: error: unable to upgrade connection: container not found ("target-app")
, retrying in 3s …
  Error on attempt 5/10 for pod target-app-65b6765b8-xlblw: kubectl exec failed: Error from server (NotFound): pods "target-app-65b6765b8-xlblw" not found
, retrying in 3s …
  Error on attempt 6/10 for pod target-app-65b6765b8-xlblw: kubectl exec failed: Error from server (NotFound): pods "target-app-65b6765b8-xlblw" not found
, retrying in 3s …
  Error on attempt 7/10 for pod target-app-65b6765b8-xlblw: kubectl exec failed: Error from server (NotFound): pods "target-app-65b6765b8-xlblw" not found
, retrying in 3s …
  Error on attempt 8/10 for pod target-app-65b6765b8-xlblw: kubectl exec failed: Error from server (NotFound): pods "target-app-65b6765b8-xlblw" not found
, retrying in 3s …
  Error on attempt 9/10 for pod target-app-65b6765b8-xlblw: kubectl exec failed: Error from server (NotFound): pods "target-app-65b6765b8-xlblw" not found
, retrying in 3s …
  Error on attempt 10/10 for pod target-app-65b6765b8-xlblw: kubectl exec failed: Error from server (NotFound): pods "target-app-65b6765b8-xlblw" not found
, retrying in 3s …
  Error on attempt 1/10 for pod target-app-7cbb4bb8fd-95t72: kubectl exec failed: command terminated with exit code 137
, retrying in 3s …
  Error on attempt 2/10 for pod target-app-7cbb4bb8fd-95t72: kubectl exec failed: command terminated with exit code 137
, retrying in 3s …
  Error on attempt 3/10 for pod target-app-7cbb4bb8fd-95t72: kubectl exec failed: Error from server (NotFound): pods "target-app-7cbb4bb8fd-95t72" not found
, retrying in 3s …
  Error on attempt 4/10 for pod target-app-7cbb4bb8fd-95t72: kubectl exec failed: Error from server (NotFound): pods "target-app-7cbb4bb8fd-95t72" not found
, retrying in 3s …
  Error on attempt 5/10 for pod target-app-7cbb4bb8fd-95t72: kubectl exec failed: Error from server (NotFound): pods "target-app-7cbb4bb8fd-95t72" not found
, retrying in 3s …
  Error on attempt 6/10 for pod target-app-7cbb4bb8fd-95t72: kubectl exec failed: Error from server (NotFound): pods "target-app-7cbb4bb8fd-95t72" not found
, retrying in 3s …
  Error on attempt 7/10 for pod target-app-7cbb4bb8fd-95t72: kubectl exec failed: Error from server (NotFound): pods "target-app-7cbb4bb8fd-95t72" not found
, retrying in 3s …
  Error on attempt 8/10 for pod target-app-7cbb4bb8fd-95t72: kubectl exec failed: Error from server (NotFound): pods "target-app-7cbb4bb8fd-95t72" not found
, retrying in 3s …
  Error on attempt 9/10 for pod target-app-7cbb4bb8fd-95t72: kubectl exec failed: Error from server (NotFound): pods "target-app-7cbb4bb8fd-95t72" not found
, retrying in 3s …
  Error on attempt 10/10 for pod target-app-7cbb4bb8fd-95t72: kubectl exec failed: Error from server (NotFound): pods "target-app-7cbb4bb8fd-95t72" not found
, retrying in 3s …
  Error on attempt 1/10 for pod target-app-7cbb4bb8fd-mxfvn: kubectl exec failed: Error from server (NotFound): pods "target-app-7cbb4bb8fd-mxfvn" not found
, retrying in 3s …
  Error on attempt 2/10 for pod target-app-7cbb4bb8fd-mxfvn: kubectl exec failed: Error from server (NotFound): pods "target-app-7cbb4bb8fd-mxfvn" not found
, retrying in 3s …
  Error on attempt 3/10 for pod target-app-7cbb4bb8fd-mxfvn: kubectl exec failed: Error from server (NotFound): pods "target-app-7cbb4bb8fd-mxfvn" not found
, retrying in 3s …
  Error on attempt 4/10 for pod target-app-7cbb4bb8fd-mxfvn: kubectl exec failed: Error from server (NotFound): pods "target-app-7cbb4bb8fd-mxfvn" not found
, retrying in 3s …
  Error on attempt 5/10 for pod target-app-7cbb4bb8fd-mxfvn: kubectl exec failed: Error from server (NotFound): pods "target-app-7cbb4bb8fd-mxfvn" not found
, retrying in 3s …
  Error on attempt 6/10 for pod target-app-7cbb4bb8fd-mxfvn: kubectl exec failed: Error from server (NotFound): pods "target-app-7cbb4bb8fd-mxfvn" not found
, retrying in 3s …
  Error on attempt 7/10 for pod target-app-7cbb4bb8fd-mxfvn: kubectl exec failed: Error from server (NotFound): pods "target-app-7cbb4bb8fd-mxfvn" not found
, retrying in 3s …
  Error on attempt 8/10 for pod target-app-7cbb4bb8fd-mxfvn: kubectl exec failed: Error from server (NotFound): pods "target-app-7cbb4bb8fd-mxfvn" not found
, retrying in 3s …
  Error on attempt 9/10 for pod target-app-7cbb4bb8fd-mxfvn: kubectl exec failed: Error from server (NotFound): pods "target-app-7cbb4bb8fd-mxfvn" not found
, retrying in 3s …
  Error on attempt 10/10 for pod target-app-7cbb4bb8fd-mxfvn: kubectl exec failed: Error from server (NotFound): pods "target-app-7cbb4bb8fd-mxfvn" not found
, retrying in 3s …
  Error on attempt 1/10 for pod target-app-57f655b559-ffxrk: kubectl exec failed: command terminated with exit code 137
, retrying in 3s …
  Error on attempt 2/10 for pod target-app-57f655b559-ffxrk: kubectl exec failed: command terminated with exit code 137
, retrying in 3s …
  Error on attempt 3/10 for pod target-app-57f655b559-ffxrk: kubectl exec failed: error: unable to upgrade connection: container not found ("target-app")
, retrying in 3s …
  Error on attempt 4/10 for pod target-app-57f655b559-ffxrk: kubectl exec failed: error: unable to upgrade connection: container not found ("target-app")
, retrying in 3s …
  Error on attempt 5/10 for pod target-app-57f655b559-ffxrk: kubectl exec failed: error: unable to upgrade connection: container not found ("target-app")
, retrying in 3s …
  Error on attempt 6/10 for pod target-app-57f655b559-ffxrk: kubectl exec failed: error: cannot exec into a container in a completed pod; current phase is Failed
, retrying in 3s …
  Error on attempt 7/10 for pod target-app-57f655b559-ffxrk: kubectl exec failed: Error from server (NotFound): pods "target-app-57f655b559-ffxrk" not found
, retrying in 3s …
  Error on attempt 8/10 for pod target-app-57f655b559-ffxrk: kubectl exec failed: Error from server (NotFound): pods "target-app-57f655b559-ffxrk" not found
, retrying in 3s …
  Error on attempt 9/10 for pod target-app-57f655b559-ffxrk: kubectl exec failed: Error from server (NotFound): pods "target-app-57f655b559-ffxrk" not found
, retrying in 3s …
  Error on attempt 10/10 for pod target-app-57f655b559-ffxrk: kubectl exec failed: Error from server (NotFound): pods "target-app-57f655b559-ffxrk" not found
, retrying in 3s …
  → pod=target-app-57f655b559-87lps status=200  latency=1767.5ms
  → pod=target-app-57f655b559-k9jhs status=200  latency=1604.5ms
[51/756] 2022-04-11T10:00:00  total_mb=5947  pods=2
  → pod=target-app-57f655b559-87lps status=200  latency=1849.0ms
  → pod=target-app-57f655b559-k9jhs status=200  latency=1576.8ms
[52/756] 2022-04-11T10:40:00  total_mb=6007  pods=2
  → pod=target-app-57f655b559-87lps status=200  latency=1732.6ms
  → pod=target-app-57f655b559-k9jhs status=200  latency=1799.5ms
[53/756] 2022-04-11T11:20:00  total_mb=6020  pods=2
  → pod=target-app-57f655b559-87lps status=200  latency=1631.3ms
  → pod=target-app-57f655b559-k9jhs status=200  latency=1714.7ms
[54/756] 2022-04-11T12:00:00  total_mb=6135  pods=2
  → pod=target-app-57f655b559-87lps status=200  latency=1894.0ms
  → pod=target-app-57f655b559-k9jhs status=200  latency=1845.6ms
[55/756] 2022-04-11T12:40:00  total_mb=6142  pods=2
  → pod=target-app-57f655b559-87lps status=200  latency=1951.2ms
  → pod=target-app-57f655b559-k9jhs status=200  latency=1773.6ms
[56/756] 2022-04-11T13:20:00  total_mb=6140  pods=2
  → pod=target-app-57f655b559-87lps status=200  latency=1779.3ms
  → pod=target-app-57f655b559-k9jhs status=200  latency=2111.1ms
[57/756] 2022-04-11T14:00:00  total_mb=6249  pods=2
  → pod=target-app-57f655b559-87lps status=200  latency=1783.5ms
  → pod=target-app-57f655b559-k9jhs status=200  latency=1805.7ms
[58/756] 2022-04-11T14:40:00  total_mb=6255  pods=2
  → pod=target-app-57f655b559-87lps status=200  latency=1903.5ms
  → pod=target-app-57f655b559-k9jhs status=200  latency=1688.3ms
[59/756] 2022-04-11T15:20:00  total_mb=6259  pods=2
  → pod=target-app-57f655b559-87lps status=200  latency=2028.1ms
  → pod=target-app-57f655b559-k9jhs status=200  latency=1949.0ms
[60/756] 2022-04-11T16:00:00  total_mb=6304  pods=2
  → pod=target-app-57f655b559-87lps status=200  latency=1744.6ms
  → pod=target-app-57f655b559-k9jhs status=200  latency=1849.4ms
[61/756] 2022-04-11T16:40:00  total_mb=6355  pods=2
  → pod=target-app-57f655b559-87lps status=200  latency=1798.2ms
  → pod=target-app-57f655b559-k9jhs status=200  latency=1753.3ms
[62/756] 2022-04-11T17:20:00  total_mb=6359  pods=2
  → pod=target-app-57f655b559-87lps status=200  latency=1999.3ms
  → pod=target-app-57f655b559-k9jhs status=200  latency=1850.6ms
[63/756] 2022-04-11T18:00:00  total_mb=6369  pods=2
  → pod=target-app-57f655b559-87lps status=200  latency=2013.2ms
  → pod=target-app-57f655b559-k9jhs status=200  latency=1780.6ms
[64/756] 2022-04-11T18:40:00  total_mb=6374  pods=2
  → pod=target-app-57f655b559-87lps status=200  latency=1992.7ms
  → pod=target-app-57f655b559-k9jhs status=200  latency=2031.1ms
[65/756] 2022-04-11T19:20:00  total_mb=6396  pods=2
  → pod=target-app-57f655b559-87lps status=200  latency=1837.6ms
  → pod=target-app-57f655b559-k9jhs status=200  latency=1871.8ms
[66/756] 2022-04-11T20:00:00  total_mb=6394  pods=2
  → pod=target-app-57f655b559-87lps status=200  latency=1969.5ms
  → pod=target-app-57f655b559-k9jhs status=200  latency=1829.2ms
[67/756] 2022-04-11T20:40:00  total_mb=6426  pods=2
  → pod=target-app-57f655b559-87lps status=200  latency=1834.6ms
  → pod=target-app-57f655b559-k9jhs status=200  latency=1788.7ms
[68/756] 2022-04-11T21:20:00  total_mb=4243  pods=2
  → pod=target-app-57f655b559-87lps status=200  latency=1295.6ms
  → pod=target-app-57f655b559-k9jhs status=200  latency=1384.8ms
[69/756] 2022-04-11T22:00:00  total_mb=4632  pods=2
  → pod=target-app-57f655b559-87lps status=200  latency=1432.7ms
  → pod=target-app-57f655b559-k9jhs status=200  latency=1443.7ms
[70/756] 2022-04-11T22:40:00  total_mb=4969  pods=2
  → pod=target-app-57f655b559-87lps status=200  latency=1691.5ms
  → pod=target-app-57f655b559-k9jhs status=200  latency=1702.7ms
[71/756] 2022-04-11T23:20:00  total_mb=5109  pods=2
  → pod=target-app-57f655b559-87lps status=200  latency=1460.5ms
  → pod=target-app-57f655b559-k9jhs status=200  latency=1476.8ms
[72/756] 2022-04-12T00:00:00  total_mb=5157  pods=2
  → pod=target-app-57f655b559-87lps status=200  latency=1472.6ms
  → pod=target-app-57f655b559-k9jhs status=200  latency=1486.6ms
[73/756] 2022-04-12T00:40:00  total_mb=5281  pods=2
  → pod=target-app-57f655b559-87lps status=200  latency=1570.0ms
  → pod=target-app-57f655b559-k9jhs status=200  latency=1820.2ms
[74/756] 2022-04-12T01:20:00  total_mb=5365  pods=2
  → pod=target-app-57f655b559-87lps status=200  latency=1811.4ms
  → pod=target-app-57f655b559-k9jhs status=200  latency=1770.4ms
[75/756] 2022-04-12T02:00:00  total_mb=5441  pods=2
  → pod=target-app-57f655b559-87lps status=200  latency=1890.0ms
  → pod=target-app-57f655b559-k9jhs status=200  latency=1823.0ms
[76/756] 2022-04-12T02:40:00  total_mb=5489  pods=2
  → pod=target-app-57f655b559-87lps status=200  latency=1631.2ms
  → pod=target-app-57f655b559-k9jhs status=200  latency=1508.0ms
[77/756] 2022-04-12T03:20:00  total_mb=5492  pods=2
  → pod=target-app-57f655b559-87lps status=200  latency=1562.8ms
  → pod=target-app-57f655b559-k9jhs status=200  latency=1583.0ms
[78/756] 2022-04-12T04:00:00  total_mb=5497  pods=2
  → pod=target-app-57f655b559-87lps status=200  latency=1768.1ms
  → pod=target-app-57f655b559-k9jhs status=200  latency=1744.9ms
[79/756] 2022-04-12T04:40:00  total_mb=5450  pods=2
  → pod=target-app-57f655b559-87lps status=200  latency=1604.2ms
  → pod=target-app-57f655b559-k9jhs status=200  latency=1664.1ms
[80/756] 2022-04-12T05:20:00  total_mb=5480  pods=2
  → pod=target-app-57f655b559-87lps status=200  latency=1643.0ms
  → pod=target-app-57f655b559-k9jhs status=200  latency=1603.2ms
[81/756] 2022-04-12T06:00:00  total_mb=5484  pods=2
  → pod=target-app-57f655b559-87lps status=200  latency=1541.8ms
  → pod=target-app-57f655b559-k9jhs status=200  latency=1621.3ms
[82/756] 2022-04-12T06:40:00  total_mb=5504  pods=2
  → pod=target-app-57f655b559-87lps status=200  latency=1726.9ms
  → pod=target-app-57f655b559-k9jhs status=200  latency=1674.2ms
[83/756] 2022-04-12T07:20:00  total_mb=5582  pods=2
  → pod=target-app-57f655b559-87lps status=200  latency=1559.5ms
  → pod=target-app-57f655b559-k9jhs status=200  latency=1851.0ms
[84/756] 2022-04-12T08:00:00  total_mb=5596  pods=2
  → pod=target-app-57f655b559-87lps status=200  latency=1807.3ms
  → pod=target-app-57f655b559-k9jhs status=200  latency=1705.3ms
[85/756] 2022-04-12T08:40:00  total_mb=5625  pods=2
  → pod=target-app-65b6765b8-9mc4b status=ERROR  latency=0.0ms
  → pod=target-app-65b6765b8-xlblw status=ERROR  latency=0.0ms
[86/756] 2022-04-12T09:20:00  total_mb=5910  pods=2
  → pod=target-app-7cbb4bb8fd-95t72 status=200  latency=1540.1ms
  → pod=target-app-7cbb4bb8fd-mxfvn status=200  latency=1464.3ms
[87/756] 2022-04-12T10:00:00  total_mb=5969  pods=2
  → pod=target-app-7cbb4bb8fd-95t72 status=200  latency=1866.9ms
  → pod=target-app-7cbb4bb8fd-mxfvn status=200  latency=1580.0ms
[88/756] 2022-04-12T10:40:00  total_mb=5981  pods=2
  → pod=target-app-7cbb4bb8fd-95t72 status=200  latency=2006.6ms
  → pod=target-app-7cbb4bb8fd-mxfvn status=200  latency=2038.5ms
[89/756] 2022-04-12T11:20:00  total_mb=6009  pods=2
  → pod=target-app-7cbb4bb8fd-95t72 status=200  latency=1757.5ms
  → pod=target-app-7cbb4bb8fd-mxfvn status=200  latency=1867.1ms
[90/756] 2022-04-12T12:00:00  total_mb=6156  pods=2
  → pod=target-app-7cbb4bb8fd-95t72 status=ERROR  latency=0.0ms
  → pod=target-app-7cbb4bb8fd-mxfvn status=ERROR  latency=0.0ms
[91/756] 2022-04-12T12:40:00  total_mb=6269  pods=1
  → pod=target-app-57f655b559-ffxrk status=ERROR  latency=0.0ms
[92/756] 2022-04-12T13:20:00  total_mb=6288  pods=1
  → pod=target-app-757955768f-dzf4v status=200  latency=3170.3ms
[93/756] 2022-04-12T14:00:00  total_mb=6295  pods=1
  → pod=target-app-757955768f-dzf4v status=200  latency=3815.4ms
[94/756] 2022-04-12T14:40:00  total_mb=6439  pods=1
  → pod=target-app-757955768f-dzf4v status=200  latency=3736.3ms
[95/756] 2022-04-12T15:20:00  total_mb=6441  pods=1
  → pod=target-app-757955768f-dzf4v status=200  latency=3695.5ms
  Error on attempt 1/10 for pod target-app-7b58bf89f-mvf99: kubectl exec failed: command terminated with exit code 137
, retrying in 3s …
  Error on attempt 2/10 for pod target-app-7b58bf89f-mvf99: kubectl exec failed: command terminated with exit code 137
, retrying in 3s …
  Error on attempt 3/10 for pod target-app-7b58bf89f-mvf99: kubectl exec failed: error: unable to upgrade connection: container not found ("target-app")
, retrying in 3s …
  Error on attempt 4/10 for pod target-app-7b58bf89f-mvf99: kubectl exec failed: error: unable to upgrade connection: container not found ("target-app")
, retrying in 3s …
  Error on attempt 5/10 for pod target-app-7b58bf89f-mvf99: kubectl exec failed: Error from server (NotFound): pods "target-app-7b58bf89f-mvf99" not found
, retrying in 3s …
  Error on attempt 6/10 for pod target-app-7b58bf89f-mvf99: kubectl exec failed: Error from server (NotFound): pods "target-app-7b58bf89f-mvf99" not found
, retrying in 3s …
  Error on attempt 7/10 for pod target-app-7b58bf89f-mvf99: kubectl exec failed: Error from server (NotFound): pods "target-app-7b58bf89f-mvf99" not found
, retrying in 3s …
  Error on attempt 8/10 for pod target-app-7b58bf89f-mvf99: kubectl exec failed: Error from server (NotFound): pods "target-app-7b58bf89f-mvf99" not found
, retrying in 3s …
  Error on attempt 9/10 for pod target-app-7b58bf89f-mvf99: kubectl exec failed: Error from server (NotFound): pods "target-app-7b58bf89f-mvf99" not found
, retrying in 3s …
  Error on attempt 10/10 for pod target-app-7b58bf89f-mvf99: kubectl exec failed: Error from server (NotFound): pods "target-app-7b58bf89f-mvf99" not found
, retrying in 3s …
[96/756] 2022-04-12T16:00:00  total_mb=6446  pods=1
  → pod=target-app-757955768f-dzf4v status=200  latency=3733.0ms
[97/756] 2022-04-12T16:40:00  total_mb=6453  pods=2
  → pod=target-app-757955768f-dzf4v status=200  latency=2081.4ms
  → pod=target-app-757955768f-hxzpc status=200  latency=1852.7ms
[98/756] 2022-04-12T17:20:00  total_mb=6473  pods=2
  → pod=target-app-757955768f-dzf4v status=200  latency=1851.6ms
  → pod=target-app-757955768f-hxzpc status=200  latency=1765.1ms
[99/756] 2022-04-12T18:00:00  total_mb=6564  pods=1
  → pod=target-app-757955768f-dzf4v status=200  latency=3830.4ms
[100/756] 2022-04-12T18:40:00  total_mb=6577  pods=1
  → pod=target-app-757955768f-dzf4v status=200  latency=4110.9ms
[101/756] 2022-04-12T19:20:00  total_mb=6582  pods=1
  → pod=target-app-757955768f-dzf4v status=200  latency=3667.6ms
[102/756] 2022-04-12T20:00:00  total_mb=6589  pods=1
  → pod=target-app-757955768f-dzf4v status=200  latency=3741.5ms
[103/756] 2022-04-12T20:40:00  total_mb=6598  pods=1
  → pod=target-app-757955768f-dzf4v status=200  latency=3980.2ms
[104/756] 2022-04-12T21:20:00  total_mb=4185  pods=1
  → pod=target-app-757955768f-dzf4v status=200  latency=2413.2ms
[105/756] 2022-04-12T22:00:00  total_mb=4396  pods=1
  → pod=target-app-757955768f-dzf4v status=200  latency=2733.9ms
[106/756] 2022-04-12T22:40:00  total_mb=4583  pods=1
  → pod=target-app-757955768f-dzf4v status=200  latency=2563.0ms
[107/756] 2022-04-12T23:20:00  total_mb=4870  pods=1
  → pod=target-app-757955768f-dzf4v status=200  latency=2742.1ms
[108/756] 2022-04-13T00:00:00  total_mb=4916  pods=1
  → pod=target-app-757955768f-dzf4v status=200  latency=3257.3ms
[109/756] 2022-04-13T00:40:00  total_mb=4998  pods=1
  → pod=target-app-757955768f-dzf4v status=200  latency=2857.9ms
[110/756] 2022-04-13T01:20:00  total_mb=5042  pods=1
  → pod=target-app-757955768f-dzf4v status=200  latency=2788.1ms
[111/756] 2022-04-13T02:00:00  total_mb=5114  pods=1
  → pod=target-app-757955768f-dzf4v status=200  latency=2865.1ms
[112/756] 2022-04-13T02:40:00  total_mb=5259  pods=1
  → pod=target-app-757955768f-dzf4v status=200  latency=2983.2ms
[113/756] 2022-04-13T03:20:00  total_mb=5277  pods=1
  → pod=target-app-757955768f-dzf4v status=200  latency=3144.6ms
[114/756] 2022-04-13T04:00:00  total_mb=5299  pods=1
  → pod=target-app-757955768f-dzf4v status=200  latency=3037.4ms
[115/756] 2022-04-13T04:40:00  total_mb=5302  pods=1
  → pod=target-app-757955768f-dzf4v status=200  latency=2976.7ms
[116/756] 2022-04-13T05:20:00  total_mb=5369  pods=1
  → pod=target-app-757955768f-dzf4v status=200  latency=2896.9ms
[117/756] 2022-04-13T06:00:00  total_mb=5370  pods=1
  → pod=target-app-757955768f-dzf4v status=200  latency=3039.0ms
[118/756] 2022-04-13T06:40:00  total_mb=5492  pods=1
  → pod=target-app-757955768f-dzf4v status=200  latency=3041.3ms
[119/756] 2022-04-13T07:20:00  total_mb=5558  pods=1
  → pod=target-app-7b58bf89f-mvf99 status=ERROR  latency=0.0ms
[120/756] 2022-04-13T08:00:00  total_mb=5582  pods=1
  → pod=target-app-757955768f-l5pjw status=200  latency=2716.2ms
[121/756] 2022-04-13T08:40:00  total_mb=5679  pods=1
  → pod=target-app-757955768f-l5pjw status=200  latency=3522.1ms
[122/756] 2022-04-13T09:20:00  total_mb=5899  pods=1
  → pod=target-app-757955768f-l5pjw status=200  latency=3183.1ms
[123/756] 2022-04-13T10:00:00  total_mb=5931  pods=1
  → pod=target-app-757955768f-l5pjw status=200  latency=3405.0ms
[124/756] 2022-04-13T10:40:00  total_mb=5983  pods=1
  → pod=target-app-757955768f-l5pjw status=200  latency=3298.8ms
[125/756] 2022-04-13T11:20:00  total_mb=6046  pods=1
  → pod=target-app-757955768f-l5pjw status=200  latency=3464.9ms
[126/756] 2022-04-13T12:00:00  total_mb=6025  pods=1
  → pod=target-app-757955768f-l5pjw status=200  latency=3516.7ms
[127/756] 2022-04-13T12:40:00  total_mb=6008  pods=1
  → pod=target-app-757955768f-l5pjw status=200  latency=3250.7ms
[128/756] 2022-04-13T13:20:00  total_mb=6010  pods=1
  → pod=target-app-757955768f-l5pjw status=200  latency=3496.9ms
[129/756] 2022-04-13T14:00:00  total_mb=6074  pods=1
  → pod=target-app-757955768f-l5pjw status=200  latency=3663.7ms
[130/756] 2022-04-13T14:40:00  total_mb=6027  pods=1
  → pod=target-app-757955768f-l5pjw status=200  latency=3336.0ms
[131/756] 2022-04-13T15:20:00  total_mb=6036  pods=1
  → pod=target-app-757955768f-l5pjw status=200  latency=3255.2ms
[132/756] 2022-04-13T16:00:00  total_mb=6058  pods=1
  → pod=target-app-757955768f-l5pjw status=200  latency=3316.7ms
[133/756] 2022-04-13T16:40:00  total_mb=6120  pods=1
  → pod=target-app-757955768f-l5pjw status=200  latency=3218.0ms
[134/756] 2022-04-13T17:20:00  total_mb=6116  pods=1
  → pod=target-app-757955768f-l5pjw status=200  latency=3349.4ms
[135/756] 2022-04-13T18:00:00  total_mb=6163  pods=1
  → pod=target-app-757955768f-l5pjw status=200  latency=3834.5ms
[136/756] 2022-04-13T18:40:00  total_mb=6164  pods=1
  → pod=target-app-757955768f-l5pjw status=200  latency=3249.5ms
[137/756] 2022-04-13T19:20:00  total_mb=6211  pods=1
  → pod=target-app-757955768f-l5pjw status=200  latency=3330.2ms
[138/756] 2022-04-13T20:00:00  total_mb=6215  pods=1
  → pod=target-app-757955768f-l5pjw status=200  latency=3667.1ms
[139/756] 2022-04-13T20:40:00  total_mb=6220  pods=1
  → pod=target-app-757955768f-l5pjw status=200  latency=3436.8ms
[140/756] 2022-04-13T21:20:00  total_mb=4282  pods=1
  → pod=target-app-55dc8c66cd-2r6jr status=200  latency=2113.9ms
[141/756] 2022-04-13T22:00:00  total_mb=4418  pods=1
  → pod=target-app-55dc8c66cd-2r6jr status=200  latency=2432.3ms
[142/756] 2022-04-13T22:40:00  total_mb=4754  pods=1
  → pod=target-app-55dc8c66cd-2r6jr status=200  latency=2646.8ms
[143/756] 2022-04-13T23:20:00  total_mb=4906  pods=1
  → pod=target-app-55dc8c66cd-2r6jr status=200  latency=2530.1ms
[144/756] 2022-04-14T00:00:00  total_mb=4976  pods=1
  → pod=target-app-55dc8c66cd-2r6jr status=200  latency=2724.1ms
[145/756] 2022-04-14T00:40:00  total_mb=4985  pods=1
  → pod=target-app-55dc8c66cd-2r6jr status=200  latency=2766.0ms
[146/756] 2022-04-14T01:20:00  total_mb=5035  pods=1
  → pod=target-app-55dc8c66cd-2r6jr status=200  latency=2799.9ms
[147/756] 2022-04-14T02:00:00  total_mb=5097  pods=1
  → pod=target-app-55dc8c66cd-2r6jr status=200  latency=3033.3ms
[148/756] 2022-04-14T02:40:00  total_mb=5103  pods=1
  → pod=target-app-55dc8c66cd-2r6jr status=200  latency=2920.2ms
[149/756] 2022-04-14T03:20:00  total_mb=5125  pods=1
  → pod=target-app-55dc8c66cd-2r6jr status=200  latency=2880.5ms
[150/756] 2022-04-14T04:00:00  total_mb=5162  pods=1
  → pod=target-app-55dc8c66cd-2r6jr status=200  latency=2972.1ms
[151/756] 2022-04-14T04:40:00  total_mb=5204  pods=1
  → pod=target-app-55dc8c66cd-2r6jr status=200  latency=3116.8ms
[152/756] 2022-04-14T05:20:00  total_mb=5219  pods=1
  → pod=target-app-55dc8c66cd-2r6jr status=200  latency=2942.9ms
[153/756] 2022-04-14T06:00:00  total_mb=5336  pods=1
  → pod=target-app-55dc8c66cd-2r6jr status=200  latency=2826.9ms
[154/756] 2022-04-14T06:40:00  total_mb=5439  pods=1
  → pod=target-app-55dc8c66cd-2r6jr status=200  latency=3001.7ms
[155/756] 2022-04-14T07:20:00  total_mb=5463  pods=1
  → pod=target-app-55dc8c66cd-2r6jr status=200  latency=3016.2ms
[156/756] 2022-04-14T08:00:00  total_mb=5532  pods=1
  → pod=target-app-55dc8c66cd-2r6jr status=200  latency=2984.0ms
[157/756] 2022-04-14T08:40:00  total_mb=5633  pods=2
  → pod=target-app-55dc8c66cd-2r6jr status=200  latency=2110.4ms
  → pod=target-app-757955768f-j5bzl status=200  latency=1425.4ms
[158/756] 2022-04-14T09:20:00  total_mb=5717  pods=1
  → pod=target-app-757955768f-j5bzl status=200  latency=2784.7ms
[159/756] 2022-04-14T10:00:00  total_mb=5811  pods=1
  → pod=target-app-757955768f-j5bzl status=200  latency=3281.2ms
[160/756] 2022-04-14T10:40:00  total_mb=5885  pods=1
  → pod=target-app-757955768f-j5bzl status=200  latency=3450.3ms
[161/756] 2022-04-14T11:20:00  total_mb=5887  pods=1
  → pod=target-app-757955768f-j5bzl status=200  latency=3267.7ms
[162/756] 2022-04-14T12:00:00  total_mb=6025  pods=1
  Error on attempt 1/10 for pod target-app-775b649bcf-5p8tv: kubectl exec failed: command terminated with exit code 137
, retrying in 3s …
  Error on attempt 2/10 for pod target-app-775b649bcf-5p8tv: kubectl exec failed: command terminated with exit code 137
, retrying in 3s …
  Error on attempt 3/10 for pod target-app-775b649bcf-5p8tv: kubectl exec failed: error: unable to upgrade connection: container not found ("target-app")
, retrying in 3s …
  Error on attempt 4/10 for pod target-app-775b649bcf-5p8tv: kubectl exec failed: error: unable to upgrade connection: container not found ("target-app")
, retrying in 3s …
  Error on attempt 5/10 for pod target-app-775b649bcf-5p8tv: kubectl exec failed: Error from server (NotFound): pods "target-app-775b649bcf-5p8tv" not found
, retrying in 3s …
  Error on attempt 6/10 for pod target-app-775b649bcf-5p8tv: kubectl exec failed: Error from server (NotFound): pods "target-app-775b649bcf-5p8tv" not found
, retrying in 3s …
  Error on attempt 7/10 for pod target-app-775b649bcf-5p8tv: kubectl exec failed: Error from server (NotFound): pods "target-app-775b649bcf-5p8tv" not found
, retrying in 3s …
  Error on attempt 8/10 for pod target-app-775b649bcf-5p8tv: kubectl exec failed: Error from server (NotFound): pods "target-app-775b649bcf-5p8tv" not found
, retrying in 3s …
  Error on attempt 9/10 for pod target-app-775b649bcf-5p8tv: kubectl exec failed: Error from server (NotFound): pods "target-app-775b649bcf-5p8tv" not found
, retrying in 3s …
  Error on attempt 10/10 for pod target-app-775b649bcf-5p8tv: kubectl exec failed: Error from server (NotFound): pods "target-app-775b649bcf-5p8tv" not found
, retrying in 3s …
  Error on attempt 1/10 for pod target-app-57f655b559-tmqjq: kubectl exec failed: command terminated with exit code 137
, retrying in 3s …
  Error on attempt 2/10 for pod target-app-57f655b559-tmqjq: kubectl exec failed: command terminated with exit code 137
, retrying in 3s …
  Error on attempt 3/10 for pod target-app-57f655b559-tmqjq: kubectl exec failed: error: unable to upgrade connection: container not found ("target-app")
, retrying in 3s …
  Error on attempt 4/10 for pod target-app-57f655b559-tmqjq: kubectl exec failed: error: unable to upgrade connection: container not found ("target-app")
, retrying in 3s …
  Error on attempt 5/10 for pod target-app-57f655b559-tmqjq: kubectl exec failed: error: unable to upgrade connection: container not found ("target-app")
, retrying in 3s …
  Error on attempt 6/10 for pod target-app-57f655b559-tmqjq: kubectl exec failed: error: unable to upgrade connection: container not found ("target-app")
, retrying in 3s …
  Error on attempt 7/10 for pod target-app-57f655b559-tmqjq: kubectl exec failed: error: unable to upgrade connection: container not found ("target-app")
, retrying in 3s …
  Error on attempt 8/10 for pod target-app-57f655b559-tmqjq: kubectl exec failed: command terminated with exit code 137
, retrying in 3s …
  Error on attempt 9/10 for pod target-app-57f655b559-tmqjq: kubectl exec failed: error: unable to upgrade connection: container not found ("target-app")
, retrying in 3s …
  Error on attempt 10/10 for pod target-app-57f655b559-tmqjq: kubectl exec failed: Error from server (NotFound): pods "target-app-57f655b559-tmqjq" not found
, retrying in 3s …
  Error on attempt 1/10 for pod target-app-7b58bf89f-4ntpb: kubectl exec failed: command terminated with exit code 137
, retrying in 3s …
  Error on attempt 2/10 for pod target-app-7b58bf89f-4ntpb: kubectl exec failed: command terminated with exit code 137
, retrying in 3s …
  Error on attempt 3/10 for pod target-app-7b58bf89f-4ntpb: kubectl exec failed: error: unable to upgrade connection: container not found ("target-app")
, retrying in 3s …
  Error on attempt 4/10 for pod target-app-7b58bf89f-4ntpb: kubectl exec failed: error: unable to upgrade connection: container not found ("target-app")
, retrying in 3s …
  Error on attempt 5/10 for pod target-app-7b58bf89f-4ntpb: kubectl exec failed: error: unable to upgrade connection: container not found ("target-app")
, retrying in 3s …
  Error on attempt 6/10 for pod target-app-7b58bf89f-4ntpb: kubectl exec failed: error: unable to upgrade connection: container not found ("target-app")
, retrying in 3s …
  Error on attempt 7/10 for pod target-app-7b58bf89f-4ntpb: kubectl exec failed: error: unable to upgrade connection: container not found ("target-app")
, retrying in 3s …
  Error on attempt 8/10 for pod target-app-7b58bf89f-4ntpb: kubectl exec failed: command terminated with exit code 137
, retrying in 3s …
  Error on attempt 9/10 for pod target-app-7b58bf89f-4ntpb: kubectl exec failed: error: unable to upgrade connection: container not found ("target-app")
, retrying in 3s …
  Error on attempt 10/10 for pod target-app-7b58bf89f-4ntpb: kubectl exec failed: error: unable to upgrade connection: container not found ("target-app")
, retrying in 3s …
  Error on attempt 1/10 for pod target-app-7b58bf89f-4ntpb: kubectl exec failed: error: unable to upgrade connection: container not found ("target-app")
, retrying in 3s …
  Error on attempt 2/10 for pod target-app-7b58bf89f-4ntpb: kubectl exec failed: error: unable to upgrade connection: container not found ("target-app")
, retrying in 3s …
  Error on attempt 3/10 for pod target-app-7b58bf89f-4ntpb: kubectl exec failed: command terminated with exit code 137
, retrying in 3s …
  Error on attempt 4/10 for pod target-app-7b58bf89f-4ntpb: kubectl exec failed: error: unable to upgrade connection: container not found ("target-app")
, retrying in 3s …
  Error on attempt 5/10 for pod target-app-7b58bf89f-4ntpb: kubectl exec failed: error: unable to upgrade connection: container not found ("target-app")
, retrying in 3s …
  Error on attempt 6/10 for pod target-app-7b58bf89f-4ntpb: kubectl exec failed: error: unable to upgrade connection: container not found ("target-app")
, retrying in 3s …
  Error on attempt 7/10 for pod target-app-7b58bf89f-4ntpb: kubectl exec failed: error: unable to upgrade connection: container not found ("target-app")
, retrying in 3s …
  Error on attempt 8/10 for pod target-app-7b58bf89f-4ntpb: kubectl exec failed: error: unable to upgrade connection: container not found ("target-app")
, retrying in 3s …
  Error on attempt 9/10 for pod target-app-7b58bf89f-4ntpb: kubectl exec failed: error: unable to upgrade connection: container not found ("target-app")
, retrying in 3s …
  Error on attempt 10/10 for pod target-app-7b58bf89f-4ntpb: kubectl exec failed: error: unable to upgrade connection: container not found ("target-app")
, retrying in 3s …
  Error on attempt 1/10 for pod target-app-7b58bf89f-4ntpb: kubectl exec failed: error: unable to upgrade connection: container not found ("target-app")
, retrying in 3s …
  Error on attempt 2/10 for pod target-app-7b58bf89f-4ntpb: kubectl exec failed: command terminated with exit code 137
, retrying in 3s …
  Error on attempt 3/10 for pod target-app-7b58bf89f-4ntpb: kubectl exec failed: error: unable to upgrade connection: container not found ("target-app")
, retrying in 3s …
  Error on attempt 4/10 for pod target-app-7b58bf89f-4ntpb: kubectl exec failed: error: unable to upgrade connection: container not found ("target-app")
, retrying in 3s …
  Error on attempt 5/10 for pod target-app-7b58bf89f-4ntpb: kubectl exec failed: error: unable to upgrade connection: container not found ("target-app")
, retrying in 3s …
  Error on attempt 6/10 for pod target-app-7b58bf89f-4ntpb: kubectl exec failed: error: unable to upgrade connection: container not found ("target-app")
, retrying in 3s …
  Error on attempt 7/10 for pod target-app-7b58bf89f-4ntpb: kubectl exec failed: error: unable to upgrade connection: container not found ("target-app")
, retrying in 3s …
  Error on attempt 8/10 for pod target-app-7b58bf89f-4ntpb: kubectl exec failed: error: unable to upgrade connection: container not found ("target-app")
, retrying in 3s …
  Error on attempt 9/10 for pod target-app-7b58bf89f-4ntpb: kubectl exec failed: error: unable to upgrade connection: container not found ("target-app")
, retrying in 3s …
  Error on attempt 10/10 for pod target-app-7b58bf89f-4ntpb: kubectl exec failed: error: unable to upgrade connection: container not found ("target-app")
, retrying in 3s …
  Error on attempt 1/10 for pod target-app-7b58bf89f-4ntpb: kubectl exec failed: error: unable to upgrade connection: container not found ("target-app")
, retrying in 3s …
  Error on attempt 2/10 for pod target-app-7b58bf89f-4ntpb: kubectl exec failed: error: unable to upgrade connection: container not found ("target-app")
, retrying in 3s …
  Error on attempt 3/10 for pod target-app-7b58bf89f-4ntpb: kubectl exec failed: error: unable to upgrade connection: container not found ("target-app")
, retrying in 3s …
  Error on attempt 4/10 for pod target-app-7b58bf89f-4ntpb: kubectl exec failed: error: unable to upgrade connection: container not found ("target-app")
, retrying in 3s …
  Error on attempt 5/10 for pod target-app-7b58bf89f-4ntpb: kubectl exec failed: error: unable to upgrade connection: container not found ("target-app")
, retrying in 3s …
  Error on attempt 6/10 for pod target-app-7b58bf89f-4ntpb: kubectl exec failed: error: unable to upgrade connection: container not found ("target-app")
, retrying in 3s …
  Error on attempt 7/10 for pod target-app-7b58bf89f-4ntpb: kubectl exec failed: error: unable to upgrade connection: container not found ("target-app")
, retrying in 3s …
  Error on attempt 8/10 for pod target-app-7b58bf89f-4ntpb: kubectl exec failed: error: unable to upgrade connection: container not found ("target-app")
, retrying in 3s …
  Error on attempt 9/10 for pod target-app-7b58bf89f-4ntpb: kubectl exec failed: error: unable to upgrade connection: container not found ("target-app")
, retrying in 3s …
  Error on attempt 10/10 for pod target-app-7b58bf89f-4ntpb: kubectl exec failed: error: unable to upgrade connection: container not found ("target-app")
, retrying in 3s …
  Error on attempt 1/10 for pod target-app-7b58bf89f-4ntpb: kubectl exec failed: error: unable to upgrade connection: container not found ("target-app")
, retrying in 3s …
  Error on attempt 2/10 for pod target-app-7b58bf89f-4ntpb: kubectl exec failed: command terminated with exit code 137
, retrying in 3s …
  Error on attempt 3/10 for pod target-app-7b58bf89f-4ntpb: kubectl exec failed: error: unable to upgrade connection: container not found ("target-app")
, retrying in 3s …
  Error on attempt 4/10 for pod target-app-7b58bf89f-4ntpb: kubectl exec failed: Error from server (NotFound): pods "target-app-7b58bf89f-4ntpb" not found
, retrying in 3s …
  Error on attempt 5/10 for pod target-app-7b58bf89f-4ntpb: kubectl exec failed: Error from server (NotFound): pods "target-app-7b58bf89f-4ntpb" not found
, retrying in 3s …
  Error on attempt 6/10 for pod target-app-7b58bf89f-4ntpb: kubectl exec failed: Error from server (NotFound): pods "target-app-7b58bf89f-4ntpb" not found
, retrying in 3s …
  Error on attempt 7/10 for pod target-app-7b58bf89f-4ntpb: kubectl exec failed: Error from server (NotFound): pods "target-app-7b58bf89f-4ntpb" not found
, retrying in 3s …
  Error on attempt 8/10 for pod target-app-7b58bf89f-4ntpb: kubectl exec failed: Error from server (NotFound): pods "target-app-7b58bf89f-4ntpb" not found
, retrying in 3s …
  Error on attempt 9/10 for pod target-app-7b58bf89f-4ntpb: kubectl exec failed: Error from server (NotFound): pods "target-app-7b58bf89f-4ntpb" not found
, retrying in 3s …
  Error on attempt 10/10 for pod target-app-7b58bf89f-4ntpb: kubectl exec failed: Error from server (NotFound): pods "target-app-7b58bf89f-4ntpb" not found
, retrying in 3s …
  Error on attempt 1/10 for pod target-app-799b9dff59-sv6xt: kubectl exec failed: command terminated with exit code 137
, retrying in 3s …
  Error on attempt 2/10 for pod target-app-799b9dff59-sv6xt: kubectl exec failed: command terminated with exit code 137
, retrying in 3s …
  Error on attempt 3/10 for pod target-app-799b9dff59-sv6xt: kubectl exec failed: error: unable to upgrade connection: container not found ("target-app")
, retrying in 3s …
  Error on attempt 4/10 for pod target-app-799b9dff59-sv6xt: kubectl exec failed: error: unable to upgrade connection: container not found ("target-app")
, retrying in 3s …
  Error on attempt 5/10 for pod target-app-799b9dff59-sv6xt: kubectl exec failed: error: unable to upgrade connection: container not found ("target-app")
, retrying in 3s …
  Error on attempt 6/10 for pod target-app-799b9dff59-sv6xt: kubectl exec failed: error: unable to upgrade connection: container not found ("target-app")
, retrying in 3s …
  Error on attempt 7/10 for pod target-app-799b9dff59-sv6xt: kubectl exec failed: command terminated with exit code 137
, retrying in 3s …
  Error on attempt 8/10 for pod target-app-799b9dff59-sv6xt: kubectl exec failed: error: unable to upgrade connection: container not found ("target-app")
, retrying in 3s …
  Error on attempt 9/10 for pod target-app-799b9dff59-sv6xt: kubectl exec failed: error: unable to upgrade connection: container not found ("target-app")
, retrying in 3s …
  Error on attempt 10/10 for pod target-app-799b9dff59-sv6xt: kubectl exec failed: error: unable to upgrade connection: container not found ("target-app")
, retrying in 3s …
  → pod=target-app-757955768f-j5bzl status=200  latency=3422.0ms
[163/756] 2022-04-14T12:40:00  total_mb=6080  pods=1
  → pod=target-app-757955768f-j5bzl status=200  latency=3287.6ms
[164/756] 2022-04-14T13:20:00  total_mb=6083  pods=1
  → pod=target-app-757955768f-j5bzl status=200  latency=3393.4ms
[165/756] 2022-04-14T14:00:00  total_mb=6111  pods=1
  → pod=target-app-757955768f-j5bzl status=200  latency=3542.2ms
[166/756] 2022-04-14T14:40:00  total_mb=6190  pods=1
  → pod=target-app-757955768f-j5bzl status=200  latency=3274.4ms
[167/756] 2022-04-14T15:20:00  total_mb=6150  pods=1
  → pod=target-app-757955768f-j5bzl status=200  latency=3269.9ms
[168/756] 2022-04-14T16:00:00  total_mb=6146  pods=1
  → pod=target-app-757955768f-j5bzl status=200  latency=3563.0ms
[169/756] 2022-04-14T16:40:00  total_mb=6194  pods=1
  → pod=target-app-757955768f-j5bzl status=200  latency=3426.3ms
[170/756] 2022-04-14T17:20:00  total_mb=6199  pods=1
  → pod=target-app-757955768f-j5bzl status=200  latency=3401.3ms
[171/756] 2022-04-14T18:00:00  total_mb=6209  pods=1
  → pod=target-app-757955768f-j5bzl status=200  latency=3213.9ms
[172/756] 2022-04-14T18:40:00  total_mb=6217  pods=1
  → pod=target-app-757955768f-j5bzl status=200  latency=3599.6ms
[173/756] 2022-04-14T19:20:00  total_mb=6179  pods=2
  → pod=target-app-757955768f-j5bzl status=200  latency=1981.9ms
  → pod=target-app-757955768f-pvpbd status=200  latency=1716.9ms
[174/756] 2022-04-14T20:00:00  total_mb=6169  pods=1
  → pod=target-app-775b649bcf-5p8tv status=ERROR  latency=0.0ms
[175/756] 2022-04-14T20:40:00  total_mb=6182  pods=1
  → pod=target-app-757955768f-mrgzw status=200  latency=2931.4ms
[176/756] 2022-04-14T21:20:00  total_mb=4185  pods=1
  → pod=target-app-757955768f-mrgzw status=200  latency=2443.2ms
[177/756] 2022-04-14T22:00:00  total_mb=4339  pods=1
  → pod=target-app-757955768f-mrgzw status=200  latency=2456.5ms
[178/756] 2022-04-14T22:40:00  total_mb=4608  pods=1
  → pod=target-app-757955768f-mrgzw status=200  latency=2873.0ms
[179/756] 2022-04-14T23:20:00  total_mb=4841  pods=1
  → pod=target-app-757955768f-mrgzw status=200  latency=2633.7ms
[180/756] 2022-04-15T00:00:00  total_mb=4925  pods=1
  → pod=target-app-757955768f-mrgzw status=200  latency=2878.2ms
[181/756] 2022-04-15T00:40:00  total_mb=4926  pods=1
  → pod=target-app-757955768f-mrgzw status=200  latency=2701.4ms
[182/756] 2022-04-15T01:20:00  total_mb=5013  pods=1
  → pod=target-app-757955768f-mrgzw status=200  latency=2717.7ms
[183/756] 2022-04-15T02:00:00  total_mb=5046  pods=1
  → pod=target-app-757955768f-mrgzw status=200  latency=2708.1ms
[184/756] 2022-04-15T02:40:00  total_mb=5131  pods=1
  → pod=target-app-757955768f-mrgzw status=200  latency=2971.9ms
[185/756] 2022-04-15T03:20:00  total_mb=5141  pods=1
  → pod=target-app-757955768f-mrgzw status=200  latency=2817.6ms
[186/756] 2022-04-15T04:00:00  total_mb=5201  pods=1
  → pod=target-app-757955768f-mrgzw status=200  latency=3252.8ms
[187/756] 2022-04-15T04:40:00  total_mb=5182  pods=1
  → pod=target-app-757955768f-mrgzw status=200  latency=2812.8ms
[188/756] 2022-04-15T05:20:00  total_mb=5171  pods=1
  → pod=target-app-757955768f-mrgzw status=200  latency=2747.5ms
[189/756] 2022-04-15T06:00:00  total_mb=5181  pods=1
  → pod=target-app-757955768f-mrgzw status=200  latency=2944.4ms
[190/756] 2022-04-15T06:40:00  total_mb=5231  pods=1
  → pod=target-app-757955768f-mrgzw status=200  latency=2962.3ms
[191/756] 2022-04-15T07:20:00  total_mb=5466  pods=1
  → pod=target-app-757955768f-mrgzw status=200  latency=2860.5ms
[192/756] 2022-04-15T08:00:00  total_mb=5538  pods=1
  → pod=target-app-757955768f-mrgzw status=200  latency=3008.7ms
[193/756] 2022-04-15T08:40:00  total_mb=5573  pods=1
  → pod=target-app-757955768f-mrgzw status=200  latency=3396.9ms
[194/756] 2022-04-15T09:20:00  total_mb=5809  pods=1
  → pod=target-app-757955768f-mrgzw status=200  latency=3463.6ms
[195/756] 2022-04-15T10:00:00  total_mb=5964  pods=1
  → pod=target-app-757955768f-mrgzw status=200  latency=3580.3ms
[196/756] 2022-04-15T10:40:00  total_mb=6054  pods=1
  → pod=target-app-757955768f-mrgzw status=200  latency=3592.3ms
[197/756] 2022-04-15T11:20:00  total_mb=6054  pods=1
  → pod=target-app-57f655b559-tmqjq status=ERROR  latency=0.0ms
[198/756] 2022-04-15T12:00:00  total_mb=6139  pods=1
  → pod=target-app-7b58bf89f-4ntpb status=ERROR  latency=0.0ms
[199/756] 2022-04-15T12:40:00  total_mb=6209  pods=1
  → pod=target-app-7b58bf89f-4ntpb status=ERROR  latency=0.0ms
[200/756] 2022-04-15T13:20:00  total_mb=6256  pods=1
  → pod=target-app-7b58bf89f-4ntpb status=ERROR  latency=0.0ms
[201/756] 2022-04-15T14:00:00  total_mb=6273  pods=1
  → pod=target-app-7b58bf89f-4ntpb status=ERROR  latency=0.0ms
[202/756] 2022-04-15T14:40:00  total_mb=6270  pods=1
  → pod=target-app-7b58bf89f-4ntpb status=ERROR  latency=0.0ms
[203/756] 2022-04-15T15:20:00  total_mb=6282  pods=1
  → pod=target-app-799b9dff59-sv6xt status=ERROR  latency=0.0ms
[204/756] 2022-04-15T16:00:00  total_mb=6317  pods=1
  → pod=target-app-55dc8c66cd-hlxkh status=200  latency=3552.6ms
[205/756] 2022-04-15T16:40:00  total_mb=6359  pods=1
  → pod=target-app-55dc8c66cd-hlxkh status=200  latency=3366.8ms
[206/756] 2022-04-15T17:20:00  total_mb=6361  pods=1
  → pod=target-app-55dc8c66cd-hlxkh status=200  latency=3641.8ms
[207/756] 2022-04-15T18:00:00  total_mb=6347  pods=1
  → pod=target-app-55dc8c66cd-hlxkh status=200  latency=3989.8ms
[208/756] 2022-04-15T18:40:00  total_mb=6366  pods=1
  → pod=target-app-55dc8c66cd-hlxkh status=200  latency=4179.2ms
[209/756] 2022-04-15T19:20:00  total_mb=6449  pods=1
  → pod=target-app-55dc8c66cd-hlxkh status=200  latency=3542.0ms
[210/756] 2022-04-15T20:00:00  total_mb=6446  pods=1
  → pod=target-app-55dc8c66cd-hlxkh status=200  latency=3659.2ms
[211/756] 2022-04-15T20:40:00  total_mb=6452  pods=1
  → pod=target-app-55dc8c66cd-hlxkh status=200  latency=3848.1ms
[212/756] 2022-04-15T21:20:00  total_mb=4223  pods=1
  → pod=target-app-55dc8c66cd-hlxkh status=200  latency=2446.5ms
[213/756] 2022-04-15T22:00:00  total_mb=4419  pods=1
  → pod=target-app-55dc8c66cd-hlxkh status=200  latency=2416.1ms
[214/756] 2022-04-15T22:40:00  total_mb=4661  pods=1
  → pod=target-app-55dc8c66cd-hlxkh status=200  latency=2820.5ms
[215/756] 2022-04-15T23:20:00  total_mb=4894  pods=1
  → pod=target-app-55dc8c66cd-hlxkh status=200  latency=2677.4ms
[216/756] 2022-04-16T00:00:00  total_mb=4985  pods=1
  → pod=target-app-55dc8c66cd-hlxkh status=200  latency=3184.5ms
[217/756] 2022-04-16T00:40:00  total_mb=5032  pods=1
  → pod=target-app-55dc8c66cd-hlxkh status=200  latency=2920.3ms
[218/756] 2022-04-16T01:20:00  total_mb=5105  pods=1
  → pod=target-app-55dc8c66cd-hlxkh status=200  latency=3338.1ms
[219/756] 2022-04-16T02:00:00  total_mb=5068  pods=1
  → pod=target-app-55dc8c66cd-hlxkh status=200  latency=2916.2ms
[220/756] 2022-04-16T02:40:00  total_mb=5142  pods=1
  → pod=target-app-55dc8c66cd-hlxkh status=200  latency=3334.5ms
[221/756] 2022-04-16T03:20:00  total_mb=5157  pods=1
  → pod=target-app-799b9dff59-d8h8b status=200  latency=3016.4ms
[222/756] 2022-04-16T04:00:00  total_mb=5156  pods=1
  → pod=target-app-799b9dff59-d8h8b status=200  latency=3147.1ms
[223/756] 2022-04-16T04:40:00  total_mb=5099  pods=1
  → pod=target-app-799b9dff59-d8h8b status=200  latency=2721.3ms
[224/756] 2022-04-16T05:20:00  total_mb=5127  pods=1
  → pod=target-app-799b9dff59-d8h8b status=200  latency=2743.2ms
[225/756] 2022-04-16T06:00:00  total_mb=5080  pods=1
  → pod=target-app-799b9dff59-d8h8b status=200  latency=3229.4ms
[226/756] 2022-04-16T06:40:00  total_mb=5125  pods=1
  → pod=target-app-799b9dff59-d8h8b status=200  latency=3049.2ms
[227/756] 2022-04-16T07:20:00  total_mb=5196  pods=1
  → pod=target-app-799b9dff59-d8h8b status=200  latency=2928.8ms
[228/756] 2022-04-16T08:00:00  total_mb=5281  pods=1
  → pod=target-app-799b9dff59-d8h8b status=200  latency=2779.9ms
[229/756] 2022-04-16T08:40:00  total_mb=5357  pods=1
  → pod=target-app-799b9dff59-d8h8b status=200  latency=2865.1ms
[230/756] 2022-04-16T09:20:00  total_mb=5350  pods=1
  → pod=target-app-799b9dff59-d8h8b status=200  latency=2833.8ms
[231/756] 2022-04-16T10:00:00  total_mb=5357  pods=1
  → pod=target-app-799b9dff59-d8h8b status=200  latency=3458.4ms
[232/756] 2022-04-16T10:40:00  total_mb=5361  pods=1
  → pod=target-app-799b9dff59-d8h8b status=200  latency=2820.5ms
[233/756] 2022-04-16T11:20:00  total_mb=5376  pods=1
  → pod=target-app-799b9dff59-d8h8b status=200  latency=2754.8ms
[234/756] 2022-04-16T12:00:00  total_mb=5374  pods=1
  → pod=target-app-799b9dff59-d8h8b status=200  latency=3045.5ms
[235/756] 2022-04-16T12:40:00  total_mb=5410  pods=1
  → pod=target-app-799b9dff59-d8h8b status=200  latency=2899.8ms
[236/756] 2022-04-16T13:20:00  total_mb=5427  pods=1
  → pod=target-app-799b9dff59-d8h8b status=200  latency=3015.6ms
[237/756] 2022-04-16T14:00:00  total_mb=5501  pods=2
  → pod=target-app-757955768f-72j5v status=200  latency=1544.5ms
  → pod=target-app-799b9dff59-d8h8b status=200  latency=2286.9ms
[238/756] 2022-04-16T14:40:00  total_mb=5485  pods=1
  → pod=target-app-757955768f-72j5v status=200  latency=2743.6ms
[239/756] 2022-04-16T15:20:00  total_mb=5484  pods=1
  → pod=target-app-757955768f-72j5v status=200  latency=3095.8ms
[240/756] 2022-04-16T16:00:00  total_mb=5424  pods=1
  → pod=target-app-757955768f-72j5v status=200  latency=3047.3ms
[241/756] 2022-04-16T16:40:00  total_mb=5433  pods=1
  → pod=target-app-757955768f-72j5v status=200  latency=2989.8ms
[242/756] 2022-04-16T17:20:00  total_mb=5441  pods=1
  → pod=target-app-757955768f-72j5v status=200  latency=3366.2ms
[243/756] 2022-04-16T18:00:00  total_mb=5462  pods=1
  → pod=target-app-757955768f-72j5v status=200  latency=3231.1ms
[244/756] 2022-04-16T18:40:00  total_mb=5528  pods=1
  → pod=target-app-757955768f-72j5v status=200  latency=3117.3ms
[245/756] 2022-04-16T19:20:00  total_mb=5598  pods=1
  → pod=target-app-757955768f-72j5v status=200  latency=3357.0ms
[246/756] 2022-04-16T20:00:00  total_mb=5654  pods=1
  → pod=target-app-757955768f-72j5v status=200  latency=3258.8ms
[247/756] 2022-04-16T20:40:00  total_mb=5632  pods=1
  → pod=target-app-757955768f-72j5v status=200  latency=3277.6ms
[248/756] 2022-04-16T21:20:00  total_mb=3817  pods=1
  → pod=target-app-757955768f-72j5v status=200  latency=2327.1ms
[249/756] 2022-04-16T22:00:00  total_mb=3984  pods=1
  → pod=target-app-757955768f-72j5v status=200  latency=2589.6ms
[250/756] 2022-04-16T22:40:00  total_mb=4046  pods=1
  → pod=target-app-757955768f-72j5v status=200  latency=2285.2ms
[251/756] 2022-04-16T23:20:00  total_mb=4148  pods=1
  → pod=target-app-757955768f-72j5v status=200  latency=2424.9ms
[252/756] 2022-04-17T00:00:00  total_mb=4227  pods=1
  → pod=target-app-757955768f-72j5v status=200  latency=2350.8ms
[253/756] 2022-04-17T00:40:00  total_mb=4364  pods=1
  → pod=target-app-757955768f-72j5v status=200  latency=2417.2ms
[254/756] 2022-04-17T01:20:00  total_mb=4464  pods=2
  → pod=target-app-55dc8c66cd-jptzl status=200  latency=1205.2ms
  → pod=target-app-757955768f-72j5v status=200  latency=1523.1ms
[255/756] 2022-04-17T02:00:00  total_mb=4471  pods=1
  → pod=target-app-55dc8c66cd-jptzl status=200  latency=2358.8ms
[256/756] 2022-04-17T02:40:00  total_mb=4496  pods=1
  → pod=target-app-55dc8c66cd-jptzl status=200  latency=2445.6ms
[257/756] 2022-04-17T03:20:00  total_mb=4510  pods=1
  → pod=target-app-55dc8c66cd-jptzl status=200  latency=2577.3ms
[258/756] 2022-04-17T04:00:00  total_mb=4478  pods=1
  → pod=target-app-55dc8c66cd-jptzl status=200  latency=2518.9ms
[259/756] 2022-04-17T04:40:00  total_mb=4549  pods=1
  → pod=target-app-55dc8c66cd-jptzl status=200  latency=2391.9ms
[260/756] 2022-04-17T05:20:00  total_mb=4902  pods=1
  → pod=target-app-55dc8c66cd-jptzl status=200  latency=2869.2ms
[261/756] 2022-04-17T06:00:00  total_mb=5050  pods=1
  → pod=target-app-55dc8c66cd-jptzl status=200  latency=2882.2ms
[262/756] 2022-04-17T06:40:00  total_mb=5075  pods=1
  → pod=target-app-55dc8c66cd-jptzl status=200  latency=2938.6ms
[263/756] 2022-04-17T07:20:00  total_mb=5079  pods=1
  → pod=target-app-55dc8c66cd-jptzl status=200  latency=2910.4ms
[264/756] 2022-04-17T08:00:00  total_mb=5120  pods=1
  → pod=target-app-55dc8c66cd-jptzl status=200  latency=2614.5ms
[265/756] 2022-04-17T08:40:00  total_mb=5174  pods=1
  → pod=target-app-55dc8c66cd-jptzl status=200  latency=3090.9ms
[266/756] 2022-04-17T09:20:00  total_mb=5267  pods=1
  → pod=target-app-55dc8c66cd-jptzl status=200  latency=2873.8ms
[267/756] 2022-04-17T10:00:00  total_mb=5400  pods=1
  → pod=target-app-55dc8c66cd-jptzl status=200  latency=2928.4ms
[268/756] 2022-04-17T10:40:00  total_mb=5487  pods=1
  → pod=target-app-55dc8c66cd-jptzl status=200  latency=3043.0ms
[269/756] 2022-04-17T11:20:00  total_mb=5500  pods=1
  → pod=target-app-55dc8c66cd-jptzl status=200  latency=2909.5ms
[270/756] 2022-04-17T12:00:00  total_mb=5507  pods=1
  → pod=target-app-55dc8c66cd-jptzl status=200  latency=2863.5ms
[271/756] 2022-04-17T12:40:00  total_mb=5510  pods=1
  → pod=target-app-55dc8c66cd-jptzl status=200  latency=3139.1ms
[272/756] 2022-04-17T13:20:00  total_mb=5590  pods=1
  → pod=target-app-55dc8c66cd-jptzl status=200  latency=3036.7ms
[273/756] 2022-04-17T14:00:00  total_mb=5652  pods=1
  → pod=target-app-799b9dff59-swmf5 status=200  latency=2870.7ms
[274/756] 2022-04-17T14:40:00  total_mb=5657  pods=1
  → pod=target-app-799b9dff59-swmf5 status=200  latency=3245.9ms
[275/756] 2022-04-17T15:20:00  total_mb=5657  pods=1
  → pod=target-app-799b9dff59-swmf5 status=200  latency=3423.3ms
[276/756] 2022-04-17T16:00:00  total_mb=5660  pods=1
  → pod=target-app-799b9dff59-swmf5 status=200  latency=3531.4ms
[277/756] 2022-04-17T16:40:00  total_mb=5678  pods=1
  → pod=target-app-799b9dff59-swmf5 status=200  latency=3140.2ms
[278/756] 2022-04-17T17:20:00  total_mb=5736  pods=1
  → pod=target-app-799b9dff59-swmf5 status=200  latency=3487.0ms
[279/756] 2022-04-17T18:00:00  total_mb=5743  pods=1
  → pod=target-app-799b9dff59-swmf5 status=200  latency=3567.4ms
[280/756] 2022-04-17T18:40:00  total_mb=5660  pods=1
  → pod=target-app-799b9dff59-swmf5 status=200  latency=3223.2ms
[281/756] 2022-04-17T19:20:00  total_mb=5612  pods=1
  → pod=target-app-799b9dff59-swmf5 status=200  latency=3080.7ms
[282/756] 2022-04-17T20:00:00  total_mb=5607  pods=1
  → pod=target-app-799b9dff59-swmf5 status=200  latency=3409.7ms
[283/756] 2022-04-17T20:40:00  total_mb=5613  pods=1
  → pod=target-app-799b9dff59-swmf5 status=200  latency=3355.3ms
[284/756] 2022-04-17T21:20:00  total_mb=4141  pods=1
  → pod=target-app-799b9dff59-swmf5 status=200  latency=2318.4ms
[285/756] 2022-04-17T22:00:00  total_mb=4237  pods=1
  → pod=target-app-799b9dff59-swmf5 status=200  latency=2548.6ms
[286/756] 2022-04-17T22:40:00  total_mb=4493  pods=1
  → pod=target-app-799b9dff59-swmf5 status=200  latency=2415.4ms
[287/756] 2022-04-17T23:20:00  total_mb=4813  pods=1
  → pod=target-app-799b9dff59-swmf5 status=200  latency=2693.2ms
[288/756] 2022-04-18T00:00:00  total_mb=4909  pods=1
  → pod=target-app-799b9dff59-swmf5 status=200  latency=2653.3ms
[289/756] 2022-04-18T00:40:00  total_mb=4922  pods=2
  → pod=target-app-757955768f-tljm9 status=200  latency=1344.9ms
  → pod=target-app-799b9dff59-swmf5 status=200  latency=1703.0ms
[290/756] 2022-04-18T01:20:00  total_mb=4943  pods=1
  → pod=target-app-757955768f-tljm9 status=200  latency=2550.9ms
[291/756] 2022-04-18T02:00:00  total_mb=5070  pods=1
  → pod=target-app-757955768f-tljm9 status=200  latency=3081.9ms
[292/756] 2022-04-18T02:40:00  total_mb=5158  pods=1
  → pod=target-app-757955768f-tljm9 status=200  latency=2905.0ms
[293/756] 2022-04-18T03:20:00  total_mb=5169  pods=1
  → pod=target-app-757955768f-tljm9 status=200  latency=2775.4ms
[294/756] 2022-04-18T04:00:00  total_mb=5176  pods=1
  → pod=target-app-757955768f-tljm9 status=200  latency=2797.8ms
[295/756] 2022-04-18T04:40:00  total_mb=5241  pods=1
  → pod=target-app-757955768f-tljm9 status=200  latency=2812.6ms
[296/756] 2022-04-18T05:20:00  total_mb=5273  pods=1
  Error on attempt 1/10 for pod target-app-57f655b559-nhwqs: kubectl exec failed: command terminated with exit code 137
, retrying in 3s …
  Error on attempt 2/10 for pod target-app-57f655b559-nhwqs: kubectl exec failed: command terminated with exit code 137
, retrying in 3s …
  Error on attempt 3/10 for pod target-app-57f655b559-nhwqs: kubectl exec failed: error: unable to upgrade connection: container not found ("target-app")
, retrying in 3s …
  Error on attempt 4/10 for pod target-app-57f655b559-nhwqs: kubectl exec failed: error: unable to upgrade connection: container not found ("target-app")
, retrying in 3s …
  Error on attempt 5/10 for pod target-app-57f655b559-nhwqs: kubectl exec failed: error: cannot exec into a container in a completed pod; current phase is Failed
, retrying in 3s …
  Error on attempt 6/10 for pod target-app-57f655b559-nhwqs: kubectl exec failed: Error from server (NotFound): pods "target-app-57f655b559-nhwqs" not found
, retrying in 3s …
  Error on attempt 7/10 for pod target-app-57f655b559-nhwqs: kubectl exec failed: Error from server (NotFound): pods "target-app-57f655b559-nhwqs" not found
, retrying in 3s …
  Error on attempt 8/10 for pod target-app-57f655b559-nhwqs: kubectl exec failed: Error from server (NotFound): pods "target-app-57f655b559-nhwqs" not found
, retrying in 3s …
  Error on attempt 9/10 for pod target-app-57f655b559-nhwqs: kubectl exec failed: Error from server (NotFound): pods "target-app-57f655b559-nhwqs" not found
, retrying in 3s …
  Error on attempt 10/10 for pod target-app-57f655b559-nhwqs: kubectl exec failed: Error from server (NotFound): pods "target-app-57f655b559-nhwqs" not found
, retrying in 3s …
  Error on attempt 1/10 for pod target-app-7b58bf89f-668pv: kubectl exec failed: command terminated with exit code 137
, retrying in 3s …
  Error on attempt 2/10 for pod target-app-7b58bf89f-668pv: kubectl exec failed: command terminated with exit code 137
, retrying in 3s …
  Error on attempt 3/10 for pod target-app-7b58bf89f-668pv: kubectl exec failed: error: unable to upgrade connection: container not found ("target-app")
, retrying in 3s …
  Error on attempt 4/10 for pod target-app-7b58bf89f-668pv: kubectl exec failed: error: unable to upgrade connection: container not found ("target-app")
, retrying in 3s …
  Error on attempt 5/10 for pod target-app-7b58bf89f-668pv: kubectl exec failed: error: unable to upgrade connection: container not found ("target-app")
, retrying in 3s …
  Error on attempt 6/10 for pod target-app-7b58bf89f-668pv: kubectl exec failed: error: unable to upgrade connection: container not found ("target-app")
, retrying in 3s …
  Error on attempt 7/10 for pod target-app-7b58bf89f-668pv: kubectl exec failed: error: unable to upgrade connection: container not found ("target-app")
, retrying in 3s …
  Error on attempt 8/10 for pod target-app-7b58bf89f-668pv: kubectl exec failed: command terminated with exit code 137
, retrying in 3s …
  Error on attempt 9/10 for pod target-app-7b58bf89f-668pv: kubectl exec failed: error: unable to upgrade connection: container not found ("target-app")
, retrying in 3s …
  Error on attempt 10/10 for pod target-app-7b58bf89f-668pv: kubectl exec failed: error: unable to upgrade connection: container not found ("target-app")
, retrying in 3s …
  Error on attempt 1/10 for pod target-app-7b58bf89f-668pv: kubectl exec failed: error: unable to upgrade connection: container not found ("target-app")
, retrying in 3s …
  Error on attempt 2/10 for pod target-app-7b58bf89f-668pv: kubectl exec failed: error: unable to upgrade connection: container not found ("target-app")
, retrying in 3s …
  Error on attempt 3/10 for pod target-app-7b58bf89f-668pv: kubectl exec failed: command terminated with exit code 137
, retrying in 3s …
  Error on attempt 4/10 for pod target-app-7b58bf89f-668pv: kubectl exec failed: error: unable to upgrade connection: container not found ("target-app")
, retrying in 3s …
  Error on attempt 5/10 for pod target-app-7b58bf89f-668pv: kubectl exec failed: error: unable to upgrade connection: container not found ("target-app")
, retrying in 3s …
  Error on attempt 6/10 for pod target-app-7b58bf89f-668pv: kubectl exec failed: error: unable to upgrade connection: container not found ("target-app")
, retrying in 3s …
  Error on attempt 7/10 for pod target-app-7b58bf89f-668pv: kubectl exec failed: error: unable to upgrade connection: container not found ("target-app")
, retrying in 3s …
  Error on attempt 8/10 for pod target-app-7b58bf89f-668pv: kubectl exec failed: error: unable to upgrade connection: container not found ("target-app")
, retrying in 3s …
  Error on attempt 9/10 for pod target-app-7b58bf89f-668pv: kubectl exec failed: error: unable to upgrade connection: container not found ("target-app")
, retrying in 3s …
  Error on attempt 10/10 for pod target-app-7b58bf89f-668pv: kubectl exec failed: error: unable to upgrade connection: container not found ("target-app")
, retrying in 3s …
  Error on attempt 1/10 for pod target-app-7b58bf89f-668pv: kubectl exec failed: error: unable to upgrade connection: container not found ("target-app")
, retrying in 3s …
  Error on attempt 2/10 for pod target-app-7b58bf89f-668pv: kubectl exec failed: error: unable to upgrade connection: container not found ("target-app")
, retrying in 3s …
  Error on attempt 3/10 for pod target-app-7b58bf89f-668pv: kubectl exec failed: error: unable to upgrade connection: container not found ("target-app")
, retrying in 3s …
  Error on attempt 4/10 for pod target-app-7b58bf89f-668pv: kubectl exec failed: error: unable to upgrade connection: container not found ("target-app")
, retrying in 3s …
  Error on attempt 5/10 for pod target-app-7b58bf89f-668pv: kubectl exec failed: error: unable to upgrade connection: container not found ("target-app")
, retrying in 3s …
  Error on attempt 6/10 for pod target-app-7b58bf89f-668pv: kubectl exec failed: command terminated with exit code 137
, retrying in 3s …
  Error on attempt 7/10 for pod target-app-7b58bf89f-668pv: kubectl exec failed: error: unable to upgrade connection: container not found ("target-app")
, retrying in 3s …
  Error on attempt 8/10 for pod target-app-7b58bf89f-668pv: kubectl exec failed: error: unable to upgrade connection: container not found ("target-app")
, retrying in 3s …
  Error on attempt 9/10 for pod target-app-7b58bf89f-668pv: kubectl exec failed: error: unable to upgrade connection: container not found ("target-app")
, retrying in 3s …
  Error on attempt 10/10 for pod target-app-7b58bf89f-668pv: kubectl exec failed: error: unable to upgrade connection: container not found ("target-app")
, retrying in 3s …
  Error on attempt 1/10 for pod target-app-7b58bf89f-668pv: kubectl exec failed: error: unable to upgrade connection: container not found ("target-app")
, retrying in 3s …
  Error on attempt 2/10 for pod target-app-7b58bf89f-668pv: kubectl exec failed: error: unable to upgrade connection: container not found ("target-app")
, retrying in 3s …
  Error on attempt 3/10 for pod target-app-7b58bf89f-668pv: kubectl exec failed: error: unable to upgrade connection: container not found ("target-app")
, retrying in 3s …
  Error on attempt 4/10 for pod target-app-7b58bf89f-668pv: kubectl exec failed: error: unable to upgrade connection: container not found ("target-app")
, retrying in 3s …
  Error on attempt 5/10 for pod target-app-7b58bf89f-668pv: kubectl exec failed: error: unable to upgrade connection: container not found ("target-app")
, retrying in 3s …
  Error on attempt 6/10 for pod target-app-7b58bf89f-668pv: kubectl exec failed: error: unable to upgrade connection: container not found ("target-app")
, retrying in 3s …
  Error on attempt 7/10 for pod target-app-7b58bf89f-668pv: kubectl exec failed: error: unable to upgrade connection: container not found ("target-app")
, retrying in 3s …
  Error on attempt 8/10 for pod target-app-7b58bf89f-668pv: kubectl exec failed: error: unable to upgrade connection: container not found ("target-app")
, retrying in 3s …
  Error on attempt 9/10 for pod target-app-7b58bf89f-668pv: kubectl exec failed: error: unable to upgrade connection: container not found ("target-app")
, retrying in 3s …
  Error on attempt 10/10 for pod target-app-7b58bf89f-668pv: kubectl exec failed: error: unable to upgrade connection: container not found ("target-app")
, retrying in 3s …
  Error on attempt 1/10 for pod target-app-7b58bf89f-668pv: kubectl exec failed: error: unable to upgrade connection: container not found ("target-app")
, retrying in 3s …
  Error on attempt 2/10 for pod target-app-7b58bf89f-668pv: kubectl exec failed: error: unable to upgrade connection: container not found ("target-app")
, retrying in 3s …
  Error on attempt 3/10 for pod target-app-7b58bf89f-668pv: kubectl exec failed: command terminated with exit code 137
, retrying in 3s …
  Error on attempt 4/10 for pod target-app-7b58bf89f-668pv: kubectl exec failed: error: cannot exec into a container in a completed pod; current phase is Failed
, retrying in 3s …
  Error on attempt 5/10 for pod target-app-7b58bf89f-668pv: kubectl exec failed: Error from server (NotFound): pods "target-app-7b58bf89f-668pv" not found
, retrying in 3s …
  Error on attempt 6/10 for pod target-app-7b58bf89f-668pv: kubectl exec failed: Error from server (NotFound): pods "target-app-7b58bf89f-668pv" not found
, retrying in 3s …
  Error on attempt 7/10 for pod target-app-7b58bf89f-668pv: kubectl exec failed: Error from server (NotFound): pods "target-app-7b58bf89f-668pv" not found
, retrying in 3s …
  Error on attempt 8/10 for pod target-app-7b58bf89f-668pv: kubectl exec failed: Error from server (NotFound): pods "target-app-7b58bf89f-668pv" not found
, retrying in 3s …
  Error on attempt 9/10 for pod target-app-7b58bf89f-668pv: kubectl exec failed: Error from server (NotFound): pods "target-app-7b58bf89f-668pv" not found
, retrying in 3s …
  Error on attempt 10/10 for pod target-app-7b58bf89f-668pv: kubectl exec failed: Error from server (NotFound): pods "target-app-7b58bf89f-668pv" not found
, retrying in 3s …
  Error on attempt 1/10 for pod target-app-57f655b559-8fx9z: kubectl exec failed: command terminated with exit code 137
, retrying in 3s …
  Error on attempt 2/10 for pod target-app-57f655b559-8fx9z: kubectl exec failed: command terminated with exit code 137
, retrying in 3s …
  Error on attempt 3/10 for pod target-app-57f655b559-8fx9z: kubectl exec failed: error: unable to upgrade connection: container not found ("target-app")
, retrying in 3s …
  Error on attempt 4/10 for pod target-app-57f655b559-8fx9z: kubectl exec failed: error: unable to upgrade connection: container not found ("target-app")
, retrying in 3s …
  Error on attempt 5/10 for pod target-app-57f655b559-8fx9z: kubectl exec failed: error: unable to upgrade connection: container not found ("target-app")
, retrying in 3s …
  Error on attempt 6/10 for pod target-app-57f655b559-8fx9z: kubectl exec failed: error: unable to upgrade connection: container not found ("target-app")
, retrying in 3s …
  Error on attempt 7/10 for pod target-app-57f655b559-8fx9z: kubectl exec failed: Error from server (NotFound): pods "target-app-57f655b559-8fx9z" not found
, retrying in 3s …
  Error on attempt 8/10 for pod target-app-57f655b559-8fx9z: kubectl exec failed: Error from server (NotFound): pods "target-app-57f655b559-8fx9z" not found
, retrying in 3s …
  Error on attempt 9/10 for pod target-app-57f655b559-8fx9z: kubectl exec failed: Error from server (NotFound): pods "target-app-57f655b559-8fx9z" not found
, retrying in 3s …
  Error on attempt 10/10 for pod target-app-57f655b559-8fx9z: kubectl exec failed: Error from server (NotFound): pods "target-app-57f655b559-8fx9z" not found
, retrying in 3s …
  → pod=target-app-757955768f-tljm9 status=200  latency=3243.4ms
[297/756] 2022-04-18T06:00:00  total_mb=5270  pods=1
  → pod=target-app-757955768f-tljm9 status=200  latency=2846.9ms
[298/756] 2022-04-18T06:40:00  total_mb=5384  pods=1
  → pod=target-app-757955768f-tljm9 status=200  latency=2992.3ms
[299/756] 2022-04-18T07:20:00  total_mb=5399  pods=1
  → pod=target-app-757955768f-tljm9 status=200  latency=2902.7ms
[300/756] 2022-04-18T08:00:00  total_mb=4816  pods=1
  → pod=target-app-757955768f-tljm9 status=200  latency=2612.0ms
[301/756] 2022-04-18T08:40:00  total_mb=4915  pods=1
  → pod=target-app-757955768f-tljm9 status=200  latency=2906.0ms
[302/756] 2022-04-18T09:20:00  total_mb=4998  pods=1
  → pod=target-app-757955768f-tljm9 status=200  latency=2680.1ms
[303/756] 2022-04-18T10:00:00  total_mb=5110  pods=1
  → pod=target-app-757955768f-tljm9 status=200  latency=2919.3ms
[304/756] 2022-04-18T10:40:00  total_mb=5119  pods=1
  → pod=target-app-757955768f-tljm9 status=200  latency=2854.4ms
[305/756] 2022-04-18T11:20:00  total_mb=5163  pods=1
  → pod=target-app-757955768f-tljm9 status=200  latency=2766.7ms
[306/756] 2022-04-18T12:00:00  total_mb=5287  pods=1
  → pod=target-app-757955768f-tljm9 status=200  latency=3035.3ms
[307/756] 2022-04-18T12:40:00  total_mb=5353  pods=1
  → pod=target-app-757955768f-tljm9 status=200  latency=2908.5ms
[308/756] 2022-04-18T13:20:00  total_mb=5456  pods=1
  → pod=target-app-757955768f-tljm9 status=200  latency=3115.4ms
[309/756] 2022-04-18T14:00:00  total_mb=5453  pods=1
  → pod=target-app-757955768f-tljm9 status=200  latency=2945.0ms
[310/756] 2022-04-18T14:40:00  total_mb=5481  pods=1
  → pod=target-app-757955768f-tljm9 status=200  latency=2917.6ms
[311/756] 2022-04-18T15:20:00  total_mb=5481  pods=1
  → pod=target-app-757955768f-tljm9 status=200  latency=3168.8ms
[312/756] 2022-04-18T16:00:00  total_mb=5538  pods=1
  → pod=target-app-57f655b559-nhwqs status=ERROR  latency=0.0ms
[313/756] 2022-04-18T16:40:00  total_mb=5663  pods=1
  → pod=target-app-7b58bf89f-668pv status=ERROR  latency=0.0ms
[314/756] 2022-04-18T17:20:00  total_mb=5732  pods=1
  → pod=target-app-7b58bf89f-668pv status=ERROR  latency=0.0ms
[315/756] 2022-04-18T18:00:00  total_mb=5756  pods=1
  → pod=target-app-7b58bf89f-668pv status=ERROR  latency=0.0ms
[316/756] 2022-04-18T18:40:00  total_mb=5754  pods=1
  → pod=target-app-7b58bf89f-668pv status=ERROR  latency=0.0ms
[317/756] 2022-04-18T19:20:00  total_mb=5758  pods=1
  → pod=target-app-7b58bf89f-668pv status=ERROR  latency=0.0ms
[318/756] 2022-04-18T20:00:00  total_mb=5763  pods=1
  → pod=target-app-757955768f-pqr5n status=200  latency=3211.3ms
[319/756] 2022-04-18T20:40:00  total_mb=5761  pods=1
  → pod=target-app-757955768f-pqr5n status=200  latency=3248.8ms
[320/756] 2022-04-18T21:20:00  total_mb=4227  pods=1
  → pod=target-app-757955768f-pqr5n status=200  latency=2316.4ms
[321/756] 2022-04-18T22:00:00  total_mb=4351  pods=1
  → pod=target-app-757955768f-pqr5n status=200  latency=2383.4ms
[322/756] 2022-04-18T22:40:00  total_mb=4686  pods=1
  → pod=target-app-757955768f-pqr5n status=200  latency=2414.6ms
[323/756] 2022-04-18T23:20:00  total_mb=4843  pods=1
  → pod=target-app-757955768f-pqr5n status=200  latency=2613.6ms
[324/756] 2022-04-19T00:00:00  total_mb=4949  pods=1
  → pod=target-app-757955768f-pqr5n status=200  latency=2560.8ms
[325/756] 2022-04-19T00:40:00  total_mb=5037  pods=1
  → pod=target-app-757955768f-pqr5n status=200  latency=2921.3ms
[326/756] 2022-04-19T01:20:00  total_mb=5040  pods=1
  → pod=target-app-757955768f-pqr5n status=200  latency=2593.2ms
[327/756] 2022-04-19T02:00:00  total_mb=5123  pods=1
  → pod=target-app-757955768f-pqr5n status=200  latency=2755.0ms
[328/756] 2022-04-19T02:40:00  total_mb=5287  pods=1
  → pod=target-app-757955768f-pqr5n status=200  latency=2774.7ms
[329/756] 2022-04-19T03:20:00  total_mb=5294  pods=1
  → pod=target-app-757955768f-pqr5n status=200  latency=2725.2ms
[330/756] 2022-04-19T04:00:00  total_mb=5218  pods=1
  → pod=target-app-757955768f-pqr5n status=200  latency=3118.3ms
[331/756] 2022-04-19T04:40:00  total_mb=5240  pods=1
  → pod=target-app-757955768f-pqr5n status=200  latency=2826.9ms
[332/756] 2022-04-19T05:20:00  total_mb=5200  pods=1
  → pod=target-app-757955768f-pqr5n status=200  latency=2771.2ms
[333/756] 2022-04-19T06:00:00  total_mb=5192  pods=1
  → pod=target-app-757955768f-pqr5n status=200  latency=2654.9ms
[334/756] 2022-04-19T06:40:00  total_mb=5224  pods=2
  → pod=target-app-57f655b559-8fx9z status=200  latency=1408.3ms
  → pod=target-app-757955768f-pqr5n status=200  latency=1585.8ms
[335/756] 2022-04-19T07:20:00  total_mb=5422  pods=1
  → pod=target-app-57f655b559-8fx9z status=ERROR  latency=0.0ms
[336/756] 2022-04-19T08:00:00  total_mb=5524  pods=1
  → pod=target-app-55dc8c66cd-z8vcx status=200  latency=2950.6ms
[337/756] 2022-04-19T08:40:00  total_mb=5689  pods=1
  → pod=target-app-55dc8c66cd-z8vcx status=200  latency=3157.2ms
[338/756] 2022-04-19T09:20:00  total_mb=5794  pods=1
  → pod=target-app-55dc8c66cd-z8vcx status=200  latency=3296.8ms
[339/756] 2022-04-19T10:00:00  total_mb=5788  pods=1
  → pod=target-app-55dc8c66cd-z8vcx status=200  latency=3450.3ms
[340/756] 2022-04-19T10:40:00  total_mb=5858  pods=1
  → pod=target-app-55dc8c66cd-z8vcx status=200  latency=3486.6ms
[341/756] 2022-04-19T11:20:00  total_mb=5985  pods=1
  → pod=target-app-55dc8c66cd-z8vcx status=200  latency=3832.9ms
[342/756] 2022-04-19T12:00:00  total_mb=6065  pods=1
  → pod=target-app-55dc8c66cd-z8vcx status=200  latency=3278.3ms
[343/756] 2022-04-19T12:40:00  total_mb=6087  pods=1
  → pod=target-app-55dc8c66cd-z8vcx status=200  latency=3449.2ms
[344/756] 2022-04-19T13:20:00  total_mb=6182  pods=1
  → pod=target-app-55dc8c66cd-z8vcx status=200  latency=3998.9ms
[345/756] 2022-04-19T14:00:00  total_mb=6243  pods=1
  → pod=target-app-55dc8c66cd-z8vcx status=200  latency=3693.2ms
[346/756] 2022-04-19T14:40:00  total_mb=6260  pods=1
  → pod=target-app-55dc8c66cd-z8vcx status=200  latency=3714.9ms
[347/756] 2022-04-19T15:20:00  total_mb=6313  pods=1
  → pod=target-app-55dc8c66cd-z8vcx status=200  latency=3866.3ms
[348/756] 2022-04-19T16:00:00  total_mb=6316  pods=1
  → pod=target-app-55dc8c66cd-z8vcx status=200  latency=3944.2ms
[349/756] 2022-04-19T16:40:00  total_mb=6328  pods=1
  → pod=target-app-55dc8c66cd-z8vcx status=200  latency=3652.0ms
[350/756] 2022-04-19T17:20:00  total_mb=6343  pods=1
  → pod=target-app-55dc8c66cd-z8vcx status=200  latency=3569.0ms
[351/756] 2022-04-19T18:00:00  total_mb=6289  pods=2
  → pod=target-app-55dc8c66cd-z8vcx status=200  latency=1908.0ms
  → pod=target-app-757955768f-k7qdx status=200  latency=2132.1ms
[352/756] 2022-04-19T18:40:00  total_mb=6303  pods=1
  → pod=target-app-757955768f-k7qdx status=200  latency=3476.5ms
[353/756] 2022-04-19T19:20:00  total_mb=6309  pods=1
  → pod=target-app-757955768f-k7qdx status=200  latency=3532.2ms
[354/756] 2022-04-19T20:00:00  total_mb=6312  pods=1
  → pod=target-app-757955768f-k7qdx status=200  latency=3581.4ms
[355/756] 2022-04-19T20:40:00  total_mb=6330  pods=1
  → pod=target-app-757955768f-k7qdx status=200  latency=3590.4ms
[356/756] 2022-04-19T21:20:00  total_mb=4224  pods=1
  → pod=target-app-757955768f-k7qdx status=200  latency=3199.5ms
[357/756] 2022-04-19T22:00:00  total_mb=4401  pods=1
  → pod=target-app-757955768f-k7qdx status=200  latency=2833.5ms
[358/756] 2022-04-19T22:40:00  total_mb=4727  pods=1
  → pod=target-app-757955768f-k7qdx status=200  latency=2548.7ms
[359/756] 2022-04-19T23:20:00  total_mb=4849  pods=1
  → pod=target-app-757955768f-k7qdx status=200  latency=3068.7ms
[360/756] 2022-04-20T00:00:00  total_mb=4964  pods=1
  → pod=target-app-757955768f-k7qdx status=200  latency=2825.1ms
[361/756] 2022-04-20T00:40:00  total_mb=5049  pods=1
  → pod=target-app-757955768f-k7qdx status=200  latency=2970.1ms
[362/756] 2022-04-20T01:20:00  total_mb=5056  pods=1
  → pod=target-app-757955768f-k7qdx status=200  latency=2829.0ms
[363/756] 2022-04-20T02:00:00  total_mb=5066  pods=1
