/usr/local/lib/python3.9/site-packages/google/auth/__init__.py:54: FutureWarning: You are using a Python version 3.9 past its end of life. Google will update google-auth with critical bug fixes on a best-effort basis, but not with any other fixes or features. Please upgrade your Python version, and then update google-auth.
  warnings.warn(eol_message.format("3.9"), FutureWarning)
/usr/local/lib/python3.9/site-packages/google/oauth2/__init__.py:40: FutureWarning: You are using a Python version 3.9 past its end of life. Google will update google-auth with critical bug fixes on a best-effort basis, but not with any other fixes or features. Please upgrade your Python version, and then update google-auth.
  warnings.warn(eol_message.format("3.9"), FutureWarning)
2026-06-17T01:18:14 [INFO] scaler.main — Scaler starting: namespace=tcc-ens-expsm-fft-prophet-c-cpu-hv model=Ensemble dataset=c-cpu mode=combined
2026-06-17T01:18:14 [INFO] scaler.main — Scale Engine active: VM Cores=5.00, VM RAM=8.00GB | Real Cores=4.00, Real RAM=8.00GB
2026-06-17T01:18:19 [WARNING] darts.models — The statsforecast module could not be imported. To enable support for the StatsForecastAutoARIMA, StatsForecastETS and Croston models, please consider installing it.
2026-06-17T01:18:19 [INFO] predictor — Model loaded: Ensemble[ExponentialSmoothing+FFT+Prophet] | dataset_slug=c-cpu | run_dir=/app/experiments/results/cegedim_application_C_CPU_exp1/Ensemble[Prophet+FFT+ExponentialSmoothing]/20260609_013912
2026-06-17T01:18:19 [INFO] predictor — Model loaded: Ensemble[ExponentialSmoothing+FFT+Prophet] | dataset_slug=c-ram | run_dir=/app/experiments/results/cegedim_application_C_RAM_exp1/Ensemble[ExponentialSmoothing+FFT+Prophet]/20260609_125151
2026-06-17T01:18:19 [INFO] predictor — Secondary model loaded for combined mode: slug=c-ram
2026-06-17T01:18:19 [INFO] k8s_scaler — Using in-cluster Kubernetes config
2026-06-17T01:18:19 [INFO] metrics_recorder — MetricsRecorder: initialized scaling and warmup logs in /results
2026-06-17T01:18:19 [INFO] scaler.main — Bootstrapping history: 30 minutes at 15s steps
2026-06-17T01:18:19 [INFO] scaler.main — Bootstrap complete: cpu=109 rows, ram=121 rows
2026-06-17T01:18:19 [INFO] predictor — fit_predict.history: rows=121 freq=15S head=[{'timestamp_date_format': Timestamp('2026-06-17 00:48:15'), 'Total_Usage': 0.32055655713335407}, {'timestamp_date_format': Timestamp('2026-06-17 00:48:30'), 'Total_Usage': 0.17657247094351192}, {'timestamp_date_format': Timestamp('2026-06-17 00:48:45'), 'Total_Usage': 0.20201076091256762}] tail=[{'timestamp_date_format': Timestamp('2026-06-17 01:17:45'), 'Total_Usage': 0.32466165413533843}, {'timestamp_date_format': Timestamp('2026-06-17 01:18:00'), 'Total_Usage': 0.3559832776189134}, {'timestamp_date_format': Timestamp('2026-06-17 01:18:15'), 'Total_Usage': 0.24795744000000003}]
2026-06-17T01:18:19 [ERROR] main_logger — ValueError: Train series only contains 94 elements but ExponentialSmoothing(trend=ModelMode.ADDITIVE, damped=False, seasonal=SeasonalityMode.ADDITIVE, seasonal_periods=48 model requires at least 96 entries
2026-06-17T01:18:19 [ERROR] predictor — Re-fit raised an exception: Train series only contains 94 elements but ExponentialSmoothing(trend=ModelMode.ADDITIVE, damped=False, seasonal=SeasonalityMode.ADDITIVE, seasonal_periods=48 model requires at least 96 entries
2026-06-17T01:18:19 [INFO] predictor — fit_predict_secondary.history: rows=121 freq=15S head=[{'timestamp_date_format': Timestamp('2026-06-17 00:48:15'), 'Total_Usage': 6.937408447265625}, {'timestamp_date_format': Timestamp('2026-06-17 00:48:30'), 'Total_Usage': 9.365970611572266}, {'timestamp_date_format': Timestamp('2026-06-17 00:48:45'), 'Total_Usage': 5.749237060546875}] tail=[{'timestamp_date_format': Timestamp('2026-06-17 01:17:45'), 'Total_Usage': 7.439243316650391}, {'timestamp_date_format': Timestamp('2026-06-17 01:18:00'), 'Total_Usage': 11.149101257324219}, {'timestamp_date_format': Timestamp('2026-06-17 01:18:15'), 'Total_Usage': 11.149101257324219}]
2026-06-17T01:18:19 [INFO] predictor — fit_predict_secondary.test_df: rows=1 freq=15S head=[{'timestamp_date_format': Timestamp('2026-06-17 01:18:30'), 'Total_Usage': 0.0}] tail=[{'timestamp_date_format': Timestamp('2026-06-17 01:18:30'), 'Total_Usage': 0.0}]
2026-06-17T01:18:19 [INFO] predictor — fit_predict_secondary.raw_pred=7.520223783928973 freq=15S
2026-06-17T01:18:19 [INFO] k8s_scaler — Patching memory → limit=8192Mi request=256Mi
2026-06-17T01:18:19 [INFO] scaler.main — Cycle 0 | cpu=0.310→0.248 replicas=1→1 | ram=11.149GB→7.520GB mem=6144MB→8192MB | h=no_change v=scale_up | sla_cpu=False sla_ram=True
