/usr/local/lib/python3.9/site-packages/google/auth/__init__.py:54: FutureWarning: You are using a Python version 3.9 past its end of life. Google will update google-auth with critical bug fixes on a best-effort basis, but not with any other fixes or features. Please upgrade your Python version, and then update google-auth.
  warnings.warn(eol_message.format("3.9"), FutureWarning)
/usr/local/lib/python3.9/site-packages/google/oauth2/__init__.py:40: FutureWarning: You are using a Python version 3.9 past its end of life. Google will update google-auth with critical bug fixes on a best-effort basis, but not with any other fixes or features. Please upgrade your Python version, and then update google-auth.
  warnings.warn(eol_message.format("3.9"), FutureWarning)
2026-06-17T01:16:35 [INFO] scaler.main — Scaler starting: namespace=tcc-ens-expsm-fft-prophet-a-cpu-hv model=Ensemble dataset=a-cpu mode=combined
2026-06-17T01:16:35 [INFO] scaler.main — Scale Engine active: VM Cores=5.00, VM RAM=8.00GB | Real Cores=48.00, Real RAM=384.00GB
2026-06-17T01:16:40 [WARNING] darts.models — The statsforecast module could not be imported. To enable support for the StatsForecastAutoARIMA, StatsForecastETS and Croston models, please consider installing it.
2026-06-17T01:16:40 [INFO] predictor — Model loaded: Ensemble[ExponentialSmoothing+FFT+Prophet] | dataset_slug=a-cpu | run_dir=/app/experiments/results/cegedim_application_A_CPU_exp1/Ensemble[Prophet+FFT+ExponentialSmoothing]/20260609_013539
2026-06-17T01:16:40 [INFO] predictor — Model loaded: Ensemble[ExponentialSmoothing+FFT+Prophet] | dataset_slug=a-ram | run_dir=/app/experiments/results/cegedim_application_A_RAM_exp1/Ensemble[ExponentialSmoothing+FFT+Prophet]/20260609_130620
2026-06-17T01:16:40 [INFO] predictor — Secondary model loaded for combined mode: slug=a-ram
2026-06-17T01:16:40 [INFO] k8s_scaler — Using in-cluster Kubernetes config
2026-06-17T01:16:40 [INFO] metrics_recorder — MetricsRecorder: initialized scaling and warmup logs in /results
2026-06-17T01:16:40 [INFO] scaler.main — Bootstrapping history: 30 minutes at 15s steps
2026-06-17T01:16:40 [INFO] scaler.main — Bootstrap complete: cpu=121 rows, ram=121 rows
2026-06-17T01:16:40 [INFO] predictor — fit_predict.history: rows=121 freq=15S head=[{'timestamp_date_format': Timestamp('2026-06-17 00:46:30'), 'Total_Usage': 3.5965773822561418}, {'timestamp_date_format': Timestamp('2026-06-17 00:46:45'), 'Total_Usage': 3.1261212144072332}, {'timestamp_date_format': Timestamp('2026-06-17 00:47:00'), 'Total_Usage': 3.1916679907987118}] tail=[{'timestamp_date_format': Timestamp('2026-06-17 01:16:00'), 'Total_Usage': 1.3392602181357238}, {'timestamp_date_format': Timestamp('2026-06-17 01:16:15'), 'Total_Usage': 2.009121444825071}, {'timestamp_date_format': Timestamp('2026-06-17 01:16:30'), 'Total_Usage': 1.36121832}]
2026-06-17T01:16:40 [INFO] predictor — fit_predict.test_df: rows=1 freq=15S head=[{'timestamp_date_format': Timestamp('2026-06-17 01:16:45'), 'Total_Usage': 0.0}] tail=[{'timestamp_date_format': Timestamp('2026-06-17 01:16:45'), 'Total_Usage': 0.0}]
2026-06-17T01:16:41 [INFO] predictor — fit_predict.raw_pred=8.147942430209975 freq=15S
2026-06-17T01:16:41 [INFO] predictor — fit_predict_secondary.history: rows=121 freq=15S head=[{'timestamp_date_format': Timestamp('2026-06-17 00:46:30'), 'Total_Usage': 357.37298583984375}, {'timestamp_date_format': Timestamp('2026-06-17 00:46:45'), 'Total_Usage': 357.66339111328125}, {'timestamp_date_format': Timestamp('2026-06-17 00:47:00'), 'Total_Usage': 357.7576904296875}] tail=[{'timestamp_date_format': Timestamp('2026-06-17 01:16:00'), 'Total_Usage': 652.9828491210938}, {'timestamp_date_format': Timestamp('2026-06-17 01:16:15'), 'Total_Usage': 655.5847778320312}, {'timestamp_date_format': Timestamp('2026-06-17 01:16:30'), 'Total_Usage': 594.072509765625}]
2026-06-17T01:16:41 [INFO] predictor — fit_predict_secondary.test_df: rows=1 freq=15S head=[{'timestamp_date_format': Timestamp('2026-06-17 01:16:45'), 'Total_Usage': 0.0}] tail=[{'timestamp_date_format': Timestamp('2026-06-17 01:16:45'), 'Total_Usage': 0.0}]
2026-06-17T01:16:41 [INFO] predictor — fit_predict_secondary.raw_pred=596.0449871197541 freq=15S
2026-06-17T01:16:41 [INFO] scaler.main — Cycle 0 | cpu=0.142→8.148 replicas=2→2 | ram=12.377GB→596.045GB mem=4096MB→4096MB | h=no_change v=no_change | sla_cpu=False sla_ram=False
