  Error on attempt 1/10 for pod target-app-54678f7884-k7w68: kubectl exec failed: command terminated with exit code 137
, retrying in 3s …
  Error on attempt 2/10 for pod target-app-54678f7884-k7w68: kubectl exec failed: command terminated with exit code 137
, retrying in 3s …
  Error on attempt 3/10 for pod target-app-54678f7884-k7w68: kubectl exec failed: error: unable to upgrade connection: container not found ("target-app")
, retrying in 3s …
  Error on attempt 4/10 for pod target-app-54678f7884-k7w68: kubectl exec failed: error: unable to upgrade connection: container not found ("target-app")
, retrying in 3s …
  Error on attempt 5/10 for pod target-app-54678f7884-k7w68: kubectl exec failed: error: unable to upgrade connection: container not found ("target-app")
, retrying in 3s …
  Error on attempt 6/10 for pod target-app-54678f7884-k7w68: kubectl exec failed: error: unable to upgrade connection: container not found ("target-app")
, retrying in 3s …
  Error on attempt 7/10 for pod target-app-54678f7884-k7w68: kubectl exec failed: command terminated with exit code 7
, retrying in 3s …
  Error on attempt 8/10 for pod target-app-54678f7884-k7w68: kubectl exec failed: command terminated with exit code 137
, retrying in 3s …
  Error on attempt 9/10 for pod target-app-54678f7884-k7w68: kubectl exec failed: Error from server (NotFound): pods "target-app-54678f7884-k7w68" not found
, retrying in 3s …
  Error on attempt 10/10 for pod target-app-54678f7884-k7w68: kubectl exec failed: Error from server (NotFound): pods "target-app-54678f7884-k7w68" not found
, retrying in 3s …
  Error on attempt 1/10 for pod target-app-7d7746d958-8h25v: kubectl exec failed: Error from server (NotFound): pods "target-app-7d7746d958-8h25v" not found
, retrying in 3s …
  Error on attempt 2/10 for pod target-app-7d7746d958-8h25v: kubectl exec failed: Error from server (NotFound): pods "target-app-7d7746d958-8h25v" not found
, retrying in 3s …
  Error on attempt 3/10 for pod target-app-7d7746d958-8h25v: kubectl exec failed: Error from server (NotFound): pods "target-app-7d7746d958-8h25v" not found
, retrying in 3s …
  Error on attempt 4/10 for pod target-app-7d7746d958-8h25v: kubectl exec failed: Error from server (NotFound): pods "target-app-7d7746d958-8h25v" not found
, retrying in 3s …
  Error on attempt 5/10 for pod target-app-7d7746d958-8h25v: kubectl exec failed: Error from server (NotFound): pods "target-app-7d7746d958-8h25v" not found
, retrying in 3s …
  Error on attempt 6/10 for pod target-app-7d7746d958-8h25v: kubectl exec failed: Error from server (NotFound): pods "target-app-7d7746d958-8h25v" not found
, retrying in 3s …
  Error on attempt 7/10 for pod target-app-7d7746d958-8h25v: kubectl exec failed: Error from server (NotFound): pods "target-app-7d7746d958-8h25v" not found
, retrying in 3s …
  Error on attempt 8/10 for pod target-app-7d7746d958-8h25v: kubectl exec failed: Error from server (NotFound): pods "target-app-7d7746d958-8h25v" not found
, retrying in 3s …
  Error on attempt 9/10 for pod target-app-7d7746d958-8h25v: kubectl exec failed: Error from server (NotFound): pods "target-app-7d7746d958-8h25v" not found
, retrying in 3s …
  Error on attempt 10/10 for pod target-app-7d7746d958-8h25v: kubectl exec failed: Error from server (NotFound): pods "target-app-7d7746d958-8h25v" not found
, retrying in 3s …
  Error on attempt 1/10 for pod target-app-677c8b4b6f-7t5x6: kubectl exec failed: command terminated with exit code 137
, retrying in 3s …
  Error on attempt 2/10 for pod target-app-677c8b4b6f-7t5x6: kubectl exec failed: command terminated with exit code 137
, retrying in 3s …
  Error on attempt 3/10 for pod target-app-677c8b4b6f-7t5x6: kubectl exec failed: error: unable to upgrade connection: container not found ("target-app")
, retrying in 3s …
  Error on attempt 4/10 for pod target-app-677c8b4b6f-7t5x6: kubectl exec failed: error: unable to upgrade connection: container not found ("target-app")
, retrying in 3s …
  Error on attempt 5/10 for pod target-app-677c8b4b6f-7t5x6: kubectl exec failed: error: unable to upgrade connection: container not found ("target-app")
, retrying in 3s …
  Error on attempt 6/10 for pod target-app-677c8b4b6f-7t5x6: kubectl exec failed: error: unable to upgrade connection: container not found ("target-app")
, retrying in 3s …
  Error on attempt 7/10 for pod target-app-677c8b4b6f-7t5x6: kubectl exec failed: command terminated with exit code 137
, retrying in 3s …
  Error on attempt 8/10 for pod target-app-677c8b4b6f-7t5x6: kubectl exec failed: error: unable to upgrade connection: container not found ("target-app")
, retrying in 3s …
  Error on attempt 9/10 for pod target-app-677c8b4b6f-7t5x6: kubectl exec failed: error: unable to upgrade connection: container not found ("target-app")
, retrying in 3s …
  Error on attempt 10/10 for pod target-app-677c8b4b6f-7t5x6: kubectl exec failed: error: unable to upgrade connection: container not found ("target-app")
, retrying in 3s …
  Error on attempt 1/10 for pod target-app-677c8b4b6f-7t5x6: kubectl exec failed: error: unable to upgrade connection: container not found ("target-app")
, retrying in 3s …
  Error on attempt 2/10 for pod target-app-677c8b4b6f-7t5x6: kubectl exec failed: command terminated with exit code 137
, retrying in 3s …
  Error on attempt 3/10 for pod target-app-677c8b4b6f-7t5x6: kubectl exec failed: error: unable to upgrade connection: container not found ("target-app")
, retrying in 3s …
  Error on attempt 4/10 for pod target-app-677c8b4b6f-7t5x6: kubectl exec failed: error: unable to upgrade connection: container not found ("target-app")
, retrying in 3s …
  Error on attempt 5/10 for pod target-app-677c8b4b6f-7t5x6: kubectl exec failed: error: unable to upgrade connection: container not found ("target-app")
, retrying in 3s …
  Error on attempt 6/10 for pod target-app-677c8b4b6f-7t5x6: kubectl exec failed: error: unable to upgrade connection: container not found ("target-app")
, retrying in 3s …
  Error on attempt 7/10 for pod target-app-677c8b4b6f-7t5x6: kubectl exec failed: error: unable to upgrade connection: container not found ("target-app")
, retrying in 3s …
  Error on attempt 8/10 for pod target-app-677c8b4b6f-7t5x6: kubectl exec failed: error: unable to upgrade connection: container not found ("target-app")
, retrying in 3s …
  Error on attempt 9/10 for pod target-app-677c8b4b6f-7t5x6: kubectl exec failed: error: unable to upgrade connection: container not found ("target-app")
, retrying in 3s …
  Error on attempt 10/10 for pod target-app-677c8b4b6f-7t5x6: kubectl exec failed: error: unable to upgrade connection: container not found ("target-app")
, retrying in 3s …
  Error on attempt 1/10 for pod target-app-677c8b4b6f-7t5x6: kubectl exec failed: command terminated with exit code 137
, retrying in 3s …
  Error on attempt 2/10 for pod target-app-677c8b4b6f-7t5x6: kubectl exec failed: error: unable to upgrade connection: container not found ("target-app")
, retrying in 3s …
  Error on attempt 3/10 for pod target-app-677c8b4b6f-7t5x6: kubectl exec failed: error: unable to upgrade connection: container not found ("target-app")
, retrying in 3s …
  Error on attempt 4/10 for pod target-app-677c8b4b6f-7t5x6: kubectl exec failed: error: unable to upgrade connection: container not found ("target-app")
, retrying in 3s …
  Error on attempt 5/10 for pod target-app-677c8b4b6f-7t5x6: kubectl exec failed: error: unable to upgrade connection: container not found ("target-app")
, retrying in 3s …
  Error on attempt 6/10 for pod target-app-677c8b4b6f-7t5x6: kubectl exec failed: error: unable to upgrade connection: container not found ("target-app")
, retrying in 3s …
  Error on attempt 7/10 for pod target-app-677c8b4b6f-7t5x6: kubectl exec failed: error: unable to upgrade connection: container not found ("target-app")
, retrying in 3s …
  Error on attempt 8/10 for pod target-app-677c8b4b6f-7t5x6: kubectl exec failed: error: unable to upgrade connection: container not found ("target-app")
, retrying in 3s …
  Error on attempt 9/10 for pod target-app-677c8b4b6f-7t5x6: kubectl exec failed: error: unable to upgrade connection: container not found ("target-app")
, retrying in 3s …
  Error on attempt 10/10 for pod target-app-677c8b4b6f-7t5x6: kubectl exec failed: error: unable to upgrade connection: container not found ("target-app")
, retrying in 3s …
  Error on attempt 1/10 for pod target-app-677c8b4b6f-7t5x6: kubectl exec failed: error: unable to upgrade connection: container not found ("target-app")
, retrying in 3s …
  Error on attempt 2/10 for pod target-app-677c8b4b6f-7t5x6: kubectl exec failed: error: unable to upgrade connection: container not found ("target-app")
, retrying in 3s …
  Error on attempt 3/10 for pod target-app-677c8b4b6f-7t5x6: kubectl exec failed: error: unable to upgrade connection: container not found ("target-app")
, retrying in 3s …
  Error on attempt 4/10 for pod target-app-677c8b4b6f-7t5x6: kubectl exec failed: error: unable to upgrade connection: container not found ("target-app")
, retrying in 3s …
  Error on attempt 5/10 for pod target-app-677c8b4b6f-7t5x6: kubectl exec failed: error: unable to upgrade connection: container not found ("target-app")
, retrying in 3s …
  Error on attempt 6/10 for pod target-app-677c8b4b6f-7t5x6: kubectl exec failed: error: unable to upgrade connection: container not found ("target-app")
, retrying in 3s …
  Error on attempt 7/10 for pod target-app-677c8b4b6f-7t5x6: kubectl exec failed: error: unable to upgrade connection: container not found ("target-app")
, retrying in 3s …
  Error on attempt 8/10 for pod target-app-677c8b4b6f-7t5x6: kubectl exec failed: error: unable to upgrade connection: container not found ("target-app")
, retrying in 3s …
  Error on attempt 9/10 for pod target-app-677c8b4b6f-7t5x6: kubectl exec failed: error: unable to upgrade connection: container not found ("target-app")
, retrying in 3s …
  Error on attempt 10/10 for pod target-app-677c8b4b6f-7t5x6: kubectl exec failed: error: unable to upgrade connection: container not found ("target-app")
, retrying in 3s …
  Error on attempt 1/10 for pod target-app-677c8b4b6f-7t5x6: kubectl exec failed: error: unable to upgrade connection: container not found ("target-app")
, retrying in 3s …
  Error on attempt 2/10 for pod target-app-677c8b4b6f-7t5x6: kubectl exec failed: command terminated with exit code 137
, retrying in 3s …
  Error on attempt 3/10 for pod target-app-677c8b4b6f-7t5x6: kubectl exec failed: error: unable to upgrade connection: container not found ("target-app")
, retrying in 3s …
  Error on attempt 4/10 for pod target-app-677c8b4b6f-7t5x6: kubectl exec failed: error: unable to upgrade connection: container not found ("target-app")
, retrying in 3s …
  Error on attempt 5/10 for pod target-app-677c8b4b6f-7t5x6: kubectl exec failed: Error from server (NotFound): pods "target-app-677c8b4b6f-7t5x6" not found
, retrying in 3s …
  Error on attempt 6/10 for pod target-app-677c8b4b6f-7t5x6: kubectl exec failed: Error from server (NotFound): pods "target-app-677c8b4b6f-7t5x6" not found
, retrying in 3s …
  Error on attempt 7/10 for pod target-app-677c8b4b6f-7t5x6: kubectl exec failed: Error from server (NotFound): pods "target-app-677c8b4b6f-7t5x6" not found
, retrying in 3s …
  Error on attempt 8/10 for pod target-app-677c8b4b6f-7t5x6: kubectl exec failed: Error from server (NotFound): pods "target-app-677c8b4b6f-7t5x6" not found
, retrying in 3s …
  Error on attempt 9/10 for pod target-app-677c8b4b6f-7t5x6: kubectl exec failed: Error from server (NotFound): pods "target-app-677c8b4b6f-7t5x6" not found
, retrying in 3s …
  Error on attempt 10/10 for pod target-app-677c8b4b6f-7t5x6: kubectl exec failed: Error from server (NotFound): pods "target-app-677c8b4b6f-7t5x6" not found
, retrying in 3s …
  Error on attempt 1/10 for pod target-app-65b6765b8-24whf: kubectl exec failed: command terminated with exit code 137
, retrying in 3s …
  Error on attempt 2/10 for pod target-app-65b6765b8-24whf: kubectl exec failed: command terminated with exit code 137
, retrying in 3s …
  Error on attempt 3/10 for pod target-app-65b6765b8-24whf: kubectl exec failed: error: unable to upgrade connection: container not found ("target-app")
, retrying in 3s …
  Error on attempt 4/10 for pod target-app-65b6765b8-24whf: kubectl exec failed: error: unable to upgrade connection: container not found ("target-app")
, retrying in 3s …
  Error on attempt 5/10 for pod target-app-65b6765b8-24whf: kubectl exec failed: error: unable to upgrade connection: container not found ("target-app")
, retrying in 3s …
  Error on attempt 6/10 for pod target-app-65b6765b8-24whf: kubectl exec failed: error: unable to upgrade connection: container not found ("target-app")
, retrying in 3s …
  Error on attempt 7/10 for pod target-app-65b6765b8-24whf: kubectl exec failed: error: unable to upgrade connection: container not found ("target-app")
, retrying in 3s …
  Error on attempt 8/10 for pod target-app-65b6765b8-24whf: kubectl exec failed: command terminated with exit code 137
, retrying in 3s …
  Error on attempt 9/10 for pod target-app-65b6765b8-24whf: kubectl exec failed: error: unable to upgrade connection: container not found ("target-app")
, retrying in 3s …
  Error on attempt 10/10 for pod target-app-65b6765b8-24whf: kubectl exec failed: error: unable to upgrade connection: container not found ("target-app")
, retrying in 3s …
  Error on attempt 1/10 for pod target-app-65b6765b8-24whf: kubectl exec failed: error: unable to upgrade connection: container not found ("target-app")
, retrying in 3s …
  Error on attempt 2/10 for pod target-app-65b6765b8-24whf: kubectl exec failed: error: unable to upgrade connection: container not found ("target-app")
, retrying in 3s …
  Error on attempt 3/10 for pod target-app-65b6765b8-24whf: kubectl exec failed: command terminated with exit code 137
, retrying in 3s …
  Error on attempt 4/10 for pod target-app-65b6765b8-24whf: kubectl exec failed: error: unable to upgrade connection: container not found ("target-app")
, retrying in 3s …
  Error on attempt 5/10 for pod target-app-65b6765b8-24whf: kubectl exec failed: error: unable to upgrade connection: container not found ("target-app")
, retrying in 3s …
  Error on attempt 6/10 for pod target-app-65b6765b8-24whf: kubectl exec failed: error: unable to upgrade connection: container not found ("target-app")
, retrying in 3s …
  Error on attempt 7/10 for pod target-app-65b6765b8-24whf: kubectl exec failed: error: unable to upgrade connection: container not found ("target-app")
, retrying in 3s …
  Error on attempt 8/10 for pod target-app-65b6765b8-24whf: kubectl exec failed: error: unable to upgrade connection: container not found ("target-app")
, retrying in 3s …
  Error on attempt 9/10 for pod target-app-65b6765b8-24whf: kubectl exec failed: error: unable to upgrade connection: container not found ("target-app")
, retrying in 3s …
  Error on attempt 10/10 for pod target-app-65b6765b8-24whf: kubectl exec failed: error: unable to upgrade connection: container not found ("target-app")
, retrying in 3s …
  Error on attempt 1/10 for pod target-app-65b6765b8-24whf: kubectl exec failed: error: unable to upgrade connection: container not found ("target-app")
, retrying in 3s …
  Error on attempt 2/10 for pod target-app-65b6765b8-24whf: kubectl exec failed: error: unable to upgrade connection: container not found ("target-app")
, retrying in 3s …
  Error on attempt 3/10 for pod target-app-65b6765b8-24whf: kubectl exec failed: error: unable to upgrade connection: container not found ("target-app")
, retrying in 3s …
  Error on attempt 4/10 for pod target-app-65b6765b8-24whf: kubectl exec failed: error: unable to upgrade connection: container not found ("target-app")
, retrying in 3s …
  Error on attempt 5/10 for pod target-app-65b6765b8-24whf: kubectl exec failed: error: unable to upgrade connection: container not found ("target-app")
, retrying in 3s …
  Error on attempt 6/10 for pod target-app-65b6765b8-24whf: kubectl exec failed: command terminated with exit code 137
, retrying in 3s …
  Error on attempt 7/10 for pod target-app-65b6765b8-24whf: kubectl exec failed: error: unable to upgrade connection: container not found ("target-app")
, retrying in 3s …
  Error on attempt 8/10 for pod target-app-65b6765b8-24whf: kubectl exec failed: error: unable to upgrade connection: container not found ("target-app")
, retrying in 3s …
  Error on attempt 9/10 for pod target-app-65b6765b8-24whf: kubectl exec failed: error: unable to upgrade connection: container not found ("target-app")
, retrying in 3s …
  Error on attempt 10/10 for pod target-app-65b6765b8-24whf: kubectl exec failed: error: unable to upgrade connection: container not found ("target-app")
, retrying in 3s …
  Error on attempt 1/10 for pod target-app-65b6765b8-24whf: kubectl exec failed: error: unable to upgrade connection: container not found ("target-app")
, retrying in 3s …
  Error on attempt 2/10 for pod target-app-65b6765b8-24whf: kubectl exec failed: error: unable to upgrade connection: container not found ("target-app")
, retrying in 3s …
  Error on attempt 3/10 for pod target-app-65b6765b8-24whf: kubectl exec failed: error: unable to upgrade connection: container not found ("target-app")
, retrying in 3s …
  Error on attempt 4/10 for pod target-app-65b6765b8-24whf: kubectl exec failed: error: unable to upgrade connection: container not found ("target-app")
, retrying in 3s …
  Error on attempt 5/10 for pod target-app-65b6765b8-24whf: kubectl exec failed: error: unable to upgrade connection: container not found ("target-app")
, retrying in 3s …
  Error on attempt 6/10 for pod target-app-65b6765b8-24whf: kubectl exec failed: error: unable to upgrade connection: container not found ("target-app")
, retrying in 3s …
  Error on attempt 7/10 for pod target-app-65b6765b8-24whf: kubectl exec failed: error: unable to upgrade connection: container not found ("target-app")
, retrying in 3s …
  Error on attempt 8/10 for pod target-app-65b6765b8-24whf: kubectl exec failed: error: unable to upgrade connection: container not found ("target-app")
, retrying in 3s …
  Error on attempt 9/10 for pod target-app-65b6765b8-24whf: kubectl exec failed: error: unable to upgrade connection: container not found ("target-app")
, retrying in 3s …
  Error on attempt 10/10 for pod target-app-65b6765b8-24whf: kubectl exec failed: error: unable to upgrade connection: container not found ("target-app")
, retrying in 3s …
  Error on attempt 1/10 for pod target-app-65b6765b8-24whf: kubectl exec failed: error: unable to upgrade connection: container not found ("target-app")
, retrying in 3s …
  Error on attempt 2/10 for pod target-app-65b6765b8-24whf: kubectl exec failed: error: unable to upgrade connection: container not found ("target-app")
, retrying in 3s …
  Error on attempt 3/10 for pod target-app-65b6765b8-24whf: kubectl exec failed: error: unable to upgrade connection: container not found ("target-app")
, retrying in 3s …
  Error on attempt 4/10 for pod target-app-65b6765b8-24whf: kubectl exec failed: command terminated with exit code 137
, retrying in 3s …
  Error on attempt 5/10 for pod target-app-65b6765b8-24whf: kubectl exec failed: error: unable to upgrade connection: container not found ("target-app")
, retrying in 3s …
  Error on attempt 6/10 for pod target-app-65b6765b8-24whf: kubectl exec failed: error: unable to upgrade connection: container not found ("target-app")
, retrying in 3s …
  Error on attempt 7/10 for pod target-app-65b6765b8-24whf: kubectl exec failed: error: unable to upgrade connection: container not found ("target-app")
, retrying in 3s …
  Error on attempt 8/10 for pod target-app-65b6765b8-24whf: kubectl exec failed: error: unable to upgrade connection: container not found ("target-app")
, retrying in 3s …
  Error on attempt 9/10 for pod target-app-65b6765b8-24whf: kubectl exec failed: error: unable to upgrade connection: container not found ("target-app")
, retrying in 3s …
  Error on attempt 10/10 for pod target-app-65b6765b8-24whf: kubectl exec failed: error: unable to upgrade connection: container not found ("target-app")
, retrying in 3s …
  Error on attempt 1/10 for pod target-app-65b6765b8-24whf: kubectl exec failed: error: unable to upgrade connection: container not found ("target-app")
, retrying in 3s …
  Error on attempt 2/10 for pod target-app-65b6765b8-24whf: kubectl exec failed: error: unable to upgrade connection: container not found ("target-app")
, retrying in 3s …
  Error on attempt 3/10 for pod target-app-65b6765b8-24whf: kubectl exec failed: error: unable to upgrade connection: container not found ("target-app")
, retrying in 3s …
  Error on attempt 4/10 for pod target-app-65b6765b8-24whf: kubectl exec failed: error: unable to upgrade connection: container not found ("target-app")
, retrying in 3s …
  Error on attempt 5/10 for pod target-app-65b6765b8-24whf: kubectl exec failed: error: unable to upgrade connection: container not found ("target-app")
, retrying in 3s …
  Error on attempt 6/10 for pod target-app-65b6765b8-24whf: kubectl exec failed: error: unable to upgrade connection: container not found ("target-app")
, retrying in 3s …
  Error on attempt 7/10 for pod target-app-65b6765b8-24whf: kubectl exec failed: error: unable to upgrade connection: container not found ("target-app")
, retrying in 3s …
  Error on attempt 8/10 for pod target-app-65b6765b8-24whf: kubectl exec failed: error: unable to upgrade connection: container not found ("target-app")
, retrying in 3s …
  Error on attempt 9/10 for pod target-app-65b6765b8-24whf: kubectl exec failed: error: unable to upgrade connection: container not found ("target-app")
, retrying in 3s …
  Error on attempt 10/10 for pod target-app-65b6765b8-24whf: kubectl exec failed: error: unable to upgrade connection: container not found ("target-app")
, retrying in 3s …
  Error on attempt 1/10 for pod target-app-7cbb4bb8fd-7cbnn: kubectl exec failed: error: cannot exec into a container in a completed pod; current phase is Succeeded
, retrying in 3s …
  Error on attempt 2/10 for pod target-app-7cbb4bb8fd-7cbnn: kubectl exec failed: Error from server (NotFound): pods "target-app-7cbb4bb8fd-7cbnn" not found
, retrying in 3s …
  Error on attempt 3/10 for pod target-app-7cbb4bb8fd-7cbnn: kubectl exec failed: Error from server (NotFound): pods "target-app-7cbb4bb8fd-7cbnn" not found
, retrying in 3s …
  Error on attempt 4/10 for pod target-app-7cbb4bb8fd-7cbnn: kubectl exec failed: Error from server (NotFound): pods "target-app-7cbb4bb8fd-7cbnn" not found
, retrying in 3s …
  Error on attempt 5/10 for pod target-app-7cbb4bb8fd-7cbnn: kubectl exec failed: Error from server (NotFound): pods "target-app-7cbb4bb8fd-7cbnn" not found
, retrying in 3s …
  Error on attempt 6/10 for pod target-app-7cbb4bb8fd-7cbnn: kubectl exec failed: Error from server (NotFound): pods "target-app-7cbb4bb8fd-7cbnn" not found
, retrying in 3s …
  Error on attempt 7/10 for pod target-app-7cbb4bb8fd-7cbnn: kubectl exec failed: Error from server (NotFound): pods "target-app-7cbb4bb8fd-7cbnn" not found
, retrying in 3s …
  Error on attempt 8/10 for pod target-app-7cbb4bb8fd-7cbnn: kubectl exec failed: Error from server (NotFound): pods "target-app-7cbb4bb8fd-7cbnn" not found
, retrying in 3s …
  Error on attempt 9/10 for pod target-app-7cbb4bb8fd-7cbnn: kubectl exec failed: Error from server (NotFound): pods "target-app-7cbb4bb8fd-7cbnn" not found
, retrying in 3s …
  Error on attempt 10/10 for pod target-app-7cbb4bb8fd-7cbnn: kubectl exec failed: Error from server (NotFound): pods "target-app-7cbb4bb8fd-7cbnn" not found
, retrying in 3s …
  Error on attempt 1/10 for pod target-app-65b6765b8-jxwnv: kubectl exec failed: command terminated with exit code 137
, retrying in 3s …
  Error on attempt 2/10 for pod target-app-65b6765b8-jxwnv: kubectl exec failed: command terminated with exit code 137
, retrying in 3s …
  Error on attempt 3/10 for pod target-app-65b6765b8-jxwnv: kubectl exec failed: error: unable to upgrade connection: container not found ("target-app")
, retrying in 3s …
  Error on attempt 4/10 for pod target-app-65b6765b8-jxwnv: kubectl exec failed: error: unable to upgrade connection: container not found ("target-app")
, retrying in 3s …
  Error on attempt 5/10 for pod target-app-65b6765b8-jxwnv: kubectl exec failed: error: unable to upgrade connection: container not found ("target-app")
, retrying in 3s …
  Error on attempt 6/10 for pod target-app-65b6765b8-jxwnv: kubectl exec failed: Error from server (NotFound): pods "target-app-65b6765b8-jxwnv" not found
, retrying in 3s …
  Error on attempt 7/10 for pod target-app-65b6765b8-jxwnv: kubectl exec failed: Error from server (NotFound): pods "target-app-65b6765b8-jxwnv" not found
, retrying in 3s …
  Error on attempt 8/10 for pod target-app-65b6765b8-jxwnv: kubectl exec failed: Error from server (NotFound): pods "target-app-65b6765b8-jxwnv" not found
, retrying in 3s …
  Error on attempt 9/10 for pod target-app-65b6765b8-jxwnv: kubectl exec failed: Error from server (NotFound): pods "target-app-65b6765b8-jxwnv" not found
, retrying in 3s …
  Error on attempt 10/10 for pod target-app-65b6765b8-jxwnv: kubectl exec failed: Error from server (NotFound): pods "target-app-65b6765b8-jxwnv" not found
, retrying in 3s …
  Error on attempt 1/10 for pod target-app-7cbb4bb8fd-jmfzs: kubectl exec failed: command terminated with exit code 137
, retrying in 3s …
  Error on attempt 2/10 for pod target-app-7cbb4bb8fd-jmfzs: kubectl exec failed: command terminated with exit code 137
, retrying in 3s …
  Error on attempt 3/10 for pod target-app-7cbb4bb8fd-jmfzs: kubectl exec failed: Error from server (NotFound): pods "target-app-7cbb4bb8fd-jmfzs" not found
, retrying in 3s …
  Error on attempt 4/10 for pod target-app-7cbb4bb8fd-jmfzs: kubectl exec failed: Error from server (NotFound): pods "target-app-7cbb4bb8fd-jmfzs" not found
, retrying in 3s …
  Error on attempt 5/10 for pod target-app-7cbb4bb8fd-jmfzs: kubectl exec failed: Error from server (NotFound): pods "target-app-7cbb4bb8fd-jmfzs" not found
, retrying in 3s …
  Error on attempt 6/10 for pod target-app-7cbb4bb8fd-jmfzs: kubectl exec failed: Error from server (NotFound): pods "target-app-7cbb4bb8fd-jmfzs" not found
, retrying in 3s …
  Error on attempt 7/10 for pod target-app-7cbb4bb8fd-jmfzs: kubectl exec failed: Error from server (NotFound): pods "target-app-7cbb4bb8fd-jmfzs" not found
, retrying in 3s …
  Error on attempt 8/10 for pod target-app-7cbb4bb8fd-jmfzs: kubectl exec failed: Error from server (NotFound): pods "target-app-7cbb4bb8fd-jmfzs" not found
, retrying in 3s …
  Error on attempt 9/10 for pod target-app-7cbb4bb8fd-jmfzs: kubectl exec failed: Error from server (NotFound): pods "target-app-7cbb4bb8fd-jmfzs" not found
, retrying in 3s …
  Error on attempt 10/10 for pod target-app-7cbb4bb8fd-jmfzs: kubectl exec failed: Error from server (NotFound): pods "target-app-7cbb4bb8fd-jmfzs" not found
, retrying in 3s …
RAM injector started: 757 points, starting at index 0, step=15s, namespace=tcc-fft-b-cpu-hv
Logging to: /app/k8s/load/traces/ram_injection_log.csv
  [startup] waiting for pods in tcc-fft-b-cpu-hv …
[0/756] 2022-04-10T00:00:00  total_mb=2109  pods=2
  → pod=target-app-54678f7884-k7w68 status=ERROR  latency=0.0ms
  → pod=target-app-7d7746d958-8h25v status=ERROR  latency=0.0ms
[1/756] 2022-04-10T00:40:00  total_mb=2134  pods=1
  → pod=target-app-677c8b4b6f-7t5x6 status=ERROR  latency=0.0ms
[2/756] 2022-04-10T01:20:00  total_mb=2123  pods=1
  → pod=target-app-677c8b4b6f-7t5x6 status=ERROR  latency=0.0ms
[3/756] 2022-04-10T02:00:00  total_mb=2106  pods=1
  → pod=target-app-677c8b4b6f-7t5x6 status=ERROR  latency=0.0ms
[4/756] 2022-04-10T02:40:00  total_mb=2115  pods=1
  → pod=target-app-677c8b4b6f-7t5x6 status=ERROR  latency=0.0ms
[5/756] 2022-04-10T03:20:00  total_mb=2135  pods=1
  → pod=target-app-677c8b4b6f-7t5x6 status=ERROR  latency=0.0ms
[6/756] 2022-04-10T04:00:00  total_mb=2138  pods=1
  → pod=target-app-65b6765b8-24whf status=ERROR  latency=0.0ms
[7/756] 2022-04-10T04:40:00  total_mb=2121  pods=1
  → pod=target-app-65b6765b8-24whf status=ERROR  latency=0.0ms
[8/756] 2022-04-10T05:20:00  total_mb=2097  pods=1
  → pod=target-app-65b6765b8-24whf status=ERROR  latency=0.0ms
[9/756] 2022-04-10T06:00:00  total_mb=2100  pods=1
  → pod=target-app-65b6765b8-24whf status=ERROR  latency=0.0ms
[10/756] 2022-04-10T06:40:00  total_mb=2098  pods=1
  → pod=target-app-65b6765b8-24whf status=ERROR  latency=0.0ms
[11/756] 2022-04-10T07:20:00  total_mb=2095  pods=1
  → pod=target-app-65b6765b8-24whf status=ERROR  latency=0.0ms
[12/756] 2022-04-10T08:00:00  total_mb=2082  pods=1
  → pod=target-app-7cbb4bb8fd-7cbnn status=200  latency=1367.2ms
[13/756] 2022-04-10T08:40:00  total_mb=2080  pods=1
  → pod=target-app-7cbb4bb8fd-7cbnn status=200  latency=1226.9ms
[14/756] 2022-04-10T09:20:00  total_mb=2080  pods=1
  → pod=target-app-7cbb4bb8fd-7cbnn status=200  latency=1436.7ms
[15/756] 2022-04-10T10:00:00  total_mb=2080  pods=1
  → pod=target-app-7cbb4bb8fd-7cbnn status=200  latency=1360.0ms
[16/756] 2022-04-10T10:40:00  total_mb=2080  pods=1
  → pod=target-app-7cbb4bb8fd-7cbnn status=200  latency=1192.4ms
[17/756] 2022-04-10T11:20:00  total_mb=2081  pods=1
  → pod=target-app-7cbb4bb8fd-7cbnn status=200  latency=1211.9ms
[18/756] 2022-04-10T12:00:00  total_mb=2079  pods=1
  → pod=target-app-7cbb4bb8fd-7cbnn status=200  latency=1199.7ms
[19/756] 2022-04-10T12:40:00  total_mb=2071  pods=1
  → pod=target-app-7cbb4bb8fd-7cbnn status=200  latency=1342.0ms
[20/756] 2022-04-10T13:20:00  total_mb=2062  pods=1
  → pod=target-app-7cbb4bb8fd-7cbnn status=200  latency=1251.8ms
[21/756] 2022-04-10T14:00:00  total_mb=2063  pods=1
  → pod=target-app-7cbb4bb8fd-7cbnn status=200  latency=1207.8ms
[22/756] 2022-04-10T14:40:00  total_mb=2088  pods=1
  → pod=target-app-7cbb4bb8fd-7cbnn status=200  latency=1224.1ms
[23/756] 2022-04-10T15:20:00  total_mb=2081  pods=1
  → pod=target-app-7cbb4bb8fd-7cbnn status=200  latency=1399.0ms
[24/756] 2022-04-10T16:00:00  total_mb=2075  pods=1
  → pod=target-app-7cbb4bb8fd-7cbnn status=200  latency=1225.0ms
[25/756] 2022-04-10T16:40:00  total_mb=2064  pods=1
  → pod=target-app-7cbb4bb8fd-7cbnn status=200  latency=1207.2ms
[26/756] 2022-04-10T17:20:00  total_mb=2060  pods=1
  → pod=target-app-7cbb4bb8fd-7cbnn status=200  latency=1384.7ms
[27/756] 2022-04-10T18:00:00  total_mb=2045  pods=1
  → pod=target-app-7cbb4bb8fd-7cbnn status=200  latency=1810.7ms
[28/756] 2022-04-10T18:40:00  total_mb=2061  pods=1
  → pod=target-app-7cbb4bb8fd-7cbnn status=200  latency=1762.9ms
[29/756] 2022-04-10T19:20:00  total_mb=2032  pods=1
  → pod=target-app-7cbb4bb8fd-7cbnn status=200  latency=1812.4ms
[30/756] 2022-04-10T20:00:00  total_mb=2038  pods=2
  → pod=target-app-65b6765b8-jxwnv status=200  latency=1072.9ms
  → pod=target-app-7cbb4bb8fd-7cbnn status=ERROR  latency=0.0ms
[31/756] 2022-04-10T20:40:00  total_mb=2048  pods=1
  → pod=target-app-65b6765b8-jxwnv status=ERROR  latency=0.0ms
[32/756] 2022-04-10T21:20:00  total_mb=2055  pods=1
  → pod=target-app-7cbb4bb8fd-jmfzs status=200  latency=1166.2ms
[33/756] 2022-04-10T22:00:00  total_mb=2048  pods=1
  → pod=target-app-7cbb4bb8fd-jmfzs status=200  latency=1254.1ms
[34/756] 2022-04-10T22:40:00  total_mb=2066  pods=1
  → pod=target-app-7cbb4bb8fd-jmfzs status=200  latency=1434.3ms
[35/756] 2022-04-10T23:20:00  total_mb=2070  pods=1
  → pod=target-app-7cbb4bb8fd-jmfzs status=200  latency=1233.7ms
[36/756] 2022-04-11T00:00:00  total_mb=2074  pods=1
  → pod=target-app-7cbb4bb8fd-jmfzs status=200  latency=1332.0ms
[37/756] 2022-04-11T00:40:00  total_mb=2079  pods=1
  → pod=target-app-7cbb4bb8fd-jmfzs status=200  latency=1353.7ms
[38/756] 2022-04-11T01:20:00  total_mb=2083  pods=1
  → pod=target-app-7cbb4bb8fd-jmfzs status=200  latency=1446.8ms
[39/756] 2022-04-11T02:00:00  total_mb=2094  pods=1
  → pod=target-app-7cbb4bb8fd-jmfzs status=200  latency=1238.8ms
[40/756] 2022-04-11T02:40:00  total_mb=2116  pods=1
  → pod=target-app-7cbb4bb8fd-jmfzs status=200  latency=1339.5ms
[41/756] 2022-04-11T03:20:00  total_mb=2144  pods=1
  → pod=target-app-7cbb4bb8fd-jmfzs status=200  latency=1369.2ms
[42/756] 2022-04-11T04:00:00  total_mb=2151  pods=1
  → pod=target-app-7cbb4bb8fd-jmfzs status=200  latency=1255.9ms
[43/756] 2022-04-11T04:40:00  total_mb=2155  pods=1
  → pod=target-app-7cbb4bb8fd-jmfzs status=200  latency=1425.5ms
[44/756] 2022-04-11T05:20:00  total_mb=2160  pods=1
  → pod=target-app-7cbb4bb8fd-jmfzs status=200  latency=1253.2ms
[45/756] 2022-04-11T06:00:00  total_mb=2408  pods=1
  → pod=target-app-7cbb4bb8fd-jmfzs status=200  latency=2024.4ms
[46/756] 2022-04-11T06:40:00  total_mb=3010  pods=1
  → pod=target-app-7cbb4bb8fd-jmfzs status=ERROR  latency=0.0ms
[47/756] 2022-04-11T07:20:00  total_mb=3394  pods=1
  → pod=target-app-7b58bf89f-sh9x2 status=200  latency=2331.3ms
[48/756] 2022-04-11T08:00:00  total_mb=3480  pods=2
  → pod=target-app-7b58bf89f-qrb2p status=200  latency=1641.5ms
  → pod=target-app-7b58bf89f-sh9x2 status=200  latency=1827.7ms
[49/756] 2022-04-11T08:40:00  total_mb=3503  pods=2
  → pod=target-app-7b58bf89f-qrb2p status=200  latency=1535.6ms
  → pod=target-app-7b58bf89f-sh9x2 status=200  latency=1717.9ms
[50/756] 2022-04-11T09:20:00  total_mb=3552  pods=1
  → pod=target-app-7b58bf89f-sh9x2 status=200  latency=2369.7ms
[51/756] 2022-04-11T10:00:00  total_mb=3501  pods=1
  → pod=target-app-7b58bf89f-sh9x2 status=200  latency=2201.3ms
[52/756] 2022-04-11T10:40:00  total_mb=3391  pods=2
  → pod=target-app-7b58bf89f-k8jwh status=200  latency=1036.1ms
  → pod=target-app-7b58bf89f-sh9x2 status=200  latency=1573.1ms
[53/756] 2022-04-11T11:20:00  total_mb=3350  pods=2
  → pod=target-app-7b58bf89f-k8jwh status=200  latency=969.2ms
  → pod=target-app-7b58bf89f-sh9x2 status=200  latency=1130.8ms
[54/756] 2022-04-11T12:00:00  total_mb=3349  pods=2
  → pod=target-app-7b58bf89f-k8jwh status=200  latency=1107.0ms
  → pod=target-app-7b58bf89f-sh9x2 status=200  latency=1527.7ms
[55/756] 2022-04-11T12:40:00  total_mb=3471  pods=2
  → pod=target-app-7b58bf89f-k8jwh status=200  latency=1015.2ms
  → pod=target-app-7b58bf89f-sh9x2 status=200  latency=1204.9ms
[56/756] 2022-04-11T13:20:00  total_mb=3539  pods=2
  → pod=target-app-7b58bf89f-k8jwh status=200  latency=1203.8ms
  → pod=target-app-7b58bf89f-sh9x2 status=200  latency=1725.7ms
[57/756] 2022-04-11T14:00:00  total_mb=3605  pods=2
  → pod=target-app-7b58bf89f-k8jwh status=200  latency=1076.9ms
  → pod=target-app-7b58bf89f-sh9x2 status=200  latency=1224.5ms
[58/756] 2022-04-11T14:40:00  total_mb=3474  pods=2
  → pod=target-app-7b58bf89f-k8jwh status=200  latency=1232.8ms
  → pod=target-app-7b58bf89f-sh9x2 status=200  latency=1196.9ms
[59/756] 2022-04-11T15:20:00  total_mb=3330  pods=2
  → pod=target-app-7b58bf89f-k8jwh status=200  latency=1356.2ms
  → pod=target-app-7b58bf89f-sh9x2 status=200  latency=1123.9ms
[60/756] 2022-04-11T16:00:00  total_mb=2761  pods=1
  → pod=target-app-7b58bf89f-sh9x2 status=200  latency=1572.3ms
[61/756] 2022-04-11T16:40:00  total_mb=2387  pods=1
  → pod=target-app-7b58bf89f-sh9x2 status=200  latency=1468.8ms
[62/756] 2022-04-11T17:20:00  total_mb=2307  pods=2
  → pod=target-app-799b9dff59-tr7kd status=200  latency=701.2ms
  → pod=target-app-7b58bf89f-sh9x2 status=200  latency=1269.6ms
[63/756] 2022-04-11T18:00:00  total_mb=2208  pods=1
  → pod=target-app-799b9dff59-tr7kd status=200  latency=1261.0ms
[64/756] 2022-04-11T18:40:00  total_mb=2178  pods=1
  → pod=target-app-799b9dff59-tr7kd status=200  latency=1795.4ms
[65/756] 2022-04-11T19:20:00  total_mb=2168  pods=1
  → pod=target-app-799b9dff59-tr7kd status=200  latency=1703.3ms
[66/756] 2022-04-11T20:00:00  total_mb=2137  pods=1
  → pod=target-app-799b9dff59-tr7kd status=200  latency=1705.2ms
[67/756] 2022-04-11T20:40:00  total_mb=2132  pods=1
  → pod=target-app-799b9dff59-tr7kd status=200  latency=1912.5ms
[68/756] 2022-04-11T21:20:00  total_mb=2144  pods=2
  → pod=target-app-799b9dff59-b2w2r status=200  latency=1086.4ms
  → pod=target-app-799b9dff59-tr7kd status=200  latency=1228.2ms
[69/756] 2022-04-11T22:00:00  total_mb=2160  pods=2
  → pod=target-app-799b9dff59-b2w2r status=200  latency=982.8ms
  → pod=target-app-799b9dff59-tr7kd status=200  latency=1084.2ms
[70/756] 2022-04-11T22:40:00  total_mb=2167  pods=2
  → pod=target-app-799b9dff59-b2w2r status=200  latency=1153.3ms
  → pod=target-app-799b9dff59-tr7kd status=200  latency=1059.8ms
[71/756] 2022-04-11T23:20:00  total_mb=2158  pods=2
  → pod=target-app-799b9dff59-b2w2r status=200  latency=1025.3ms
  → pod=target-app-799b9dff59-tr7kd status=200  latency=1032.9ms
[72/756] 2022-04-12T00:00:00  total_mb=2161  pods=2
  → pod=target-app-799b9dff59-b2w2r status=200  latency=1016.1ms
  → pod=target-app-799b9dff59-tr7kd status=200  latency=1130.3ms
[73/756] 2022-04-12T00:40:00  total_mb=2158  pods=2
  → pod=target-app-799b9dff59-b2w2r status=200  latency=1016.3ms
  → pod=target-app-799b9dff59-tr7kd status=200  latency=769.6ms
[74/756] 2022-04-12T01:20:00  total_mb=2176  pods=2
  → pod=target-app-799b9dff59-b2w2r status=200  latency=699.0ms
  → pod=target-app-799b9dff59-tr7kd status=200  latency=753.4ms
[75/756] 2022-04-12T02:00:00  total_mb=2182  pods=2
  → pod=target-app-799b9dff59-b2w2r status=200  latency=1191.5ms
  → pod=target-app-799b9dff59-tr7kd status=200  latency=813.3ms
[76/756] 2022-04-12T02:40:00  total_mb=2198  pods=2
  → pod=target-app-799b9dff59-b2w2r status=200  latency=790.7ms
  → pod=target-app-799b9dff59-tr7kd status=200  latency=1075.2ms
[77/756] 2022-04-12T03:20:00  total_mb=2213  pods=2
  → pod=target-app-799b9dff59-b2w2r status=200  latency=859.5ms
  → pod=target-app-799b9dff59-tr7kd status=200  latency=834.7ms
[78/756] 2022-04-12T04:00:00  total_mb=2200  pods=1
  → pod=target-app-799b9dff59-tr7kd status=200  latency=1286.6ms
[79/756] 2022-04-12T04:40:00  total_mb=2222  pods=1
  → pod=target-app-799b9dff59-tr7kd status=200  latency=1307.5ms
[80/756] 2022-04-12T05:20:00  total_mb=2243  pods=2
  → pod=target-app-57f655b559-9ww2c status=200  latency=646.5ms
  → pod=target-app-799b9dff59-tr7kd status=200  latency=1202.9ms
[81/756] 2022-04-12T06:00:00  total_mb=2467  pods=1
  → pod=target-app-57f655b559-9ww2c status=200  latency=1324.2ms
[82/756] 2022-04-12T06:40:00  total_mb=2968  pods=1
  → pod=target-app-57f655b559-9ww2c status=200  latency=1671.8ms
[83/756] 2022-04-12T07:20:00  total_mb=3357  pods=1
  → pod=target-app-57f655b559-9ww2c status=200  latency=2040.1ms
[84/756] 2022-04-12T08:00:00  total_mb=3557  pods=1
  → pod=target-app-57f655b559-9ww2c status=200  latency=2097.9ms
[85/756] 2022-04-12T08:40:00  total_mb=3630  pods=1
  → pod=target-app-57f655b559-9ww2c status=200  latency=2939.3ms
[86/756] 2022-04-12T09:20:00  total_mb=3744  pods=1
  → pod=target-app-57f655b559-9ww2c status=200  latency=2888.2ms
[87/756] 2022-04-12T10:00:00  total_mb=3678  pods=1
  → pod=target-app-57f655b559-9ww2c status=200  latency=2827.6ms
[88/756] 2022-04-12T10:40:00  total_mb=3596  pods=2
  → pod=target-app-57f655b559-9ww2c status=200  latency=1673.3ms
  → pod=target-app-57f655b559-b7jcg status=200  latency=1351.9ms
[89/756] 2022-04-12T11:20:00  total_mb=3560  pods=2
  → pod=target-app-57f655b559-9ww2c status=200  latency=1629.4ms
  → pod=target-app-57f655b559-b7jcg status=200  latency=1449.3ms
[90/756] 2022-04-12T12:00:00  total_mb=3636  pods=2
  → pod=target-app-57f655b559-9ww2c status=200  latency=1606.2ms
  → pod=target-app-57f655b559-b7jcg status=200  latency=1786.2ms
[91/756] 2022-04-12T12:40:00  total_mb=3739  pods=2
  → pod=target-app-57f655b559-9ww2c status=200  latency=1507.4ms
  → pod=target-app-57f655b559-b7jcg status=200  latency=1571.3ms
[92/756] 2022-04-12T13:20:00  total_mb=3767  pods=2
  → pod=target-app-57f655b559-9ww2c status=200  latency=1772.0ms
  → pod=target-app-57f655b559-b7jcg status=200  latency=1532.4ms
[93/756] 2022-04-12T14:00:00  total_mb=3776  pods=2
  → pod=target-app-57f655b559-9ww2c status=200  latency=1134.5ms
  → pod=target-app-57f655b559-b7jcg status=200  latency=1208.9ms
[94/756] 2022-04-12T14:40:00  total_mb=3707  pods=2
  → pod=target-app-57f655b559-9ww2c status=200  latency=1386.8ms
  → pod=target-app-57f655b559-b7jcg status=200  latency=1172.3ms
[95/756] 2022-04-12T15:20:00  total_mb=3582  pods=2
  → pod=target-app-57f655b559-9ww2c status=200  latency=1337.4ms
  → pod=target-app-57f655b559-b7jcg status=200  latency=1453.8ms
[96/756] 2022-04-12T16:00:00  total_mb=3033  pods=2
  → pod=target-app-57f655b559-9ww2c status=200  latency=951.2ms
  → pod=target-app-57f655b559-b7jcg status=200  latency=1074.7ms
[97/756] 2022-04-12T16:40:00  total_mb=2618  pods=1
  → pod=target-app-57f655b559-9ww2c status=200  latency=1495.1ms
[98/756] 2022-04-12T17:20:00  total_mb=2530  pods=1
  → pod=target-app-57f655b559-9ww2c status=200  latency=2061.7ms
[99/756] 2022-04-12T18:00:00  total_mb=2387  pods=1
  → pod=target-app-57f655b559-9ww2c status=200  latency=1690.9ms
[100/756] 2022-04-12T18:40:00  total_mb=2289  pods=1
  → pod=target-app-57f655b559-9ww2c status=200  latency=1651.2ms
[101/756] 2022-04-12T19:20:00  total_mb=2267  pods=1
  → pod=target-app-57f655b559-9ww2c status=200  latency=1336.0ms
[102/756] 2022-04-12T20:00:00  total_mb=2240  pods=1
  → pod=target-app-57f655b559-9ww2c status=200  latency=1315.3ms
[103/756] 2022-04-12T20:40:00  total_mb=2239  pods=1
  → pod=target-app-57f655b559-9ww2c status=200  latency=1513.4ms
[104/756] 2022-04-12T21:20:00  total_mb=2231  pods=1
  → pod=target-app-57f655b559-9ww2c status=200  latency=1365.4ms
[105/756] 2022-04-12T22:00:00  total_mb=2247  pods=1
  → pod=target-app-57f655b559-9ww2c status=200  latency=1321.1ms
[106/756] 2022-04-12T22:40:00  total_mb=2243  pods=1
  → pod=target-app-57f655b559-9ww2c status=200  latency=1339.1ms
[107/756] 2022-04-12T23:20:00  total_mb=2235  pods=1
  → pod=target-app-57f655b559-9ww2c status=200  latency=1478.2ms
[108/756] 2022-04-13T00:00:00  total_mb=2235  pods=1
  → pod=target-app-7cbb4bb8fd-vs5hx status=200  latency=1186.4ms
[109/756] 2022-04-13T00:40:00  total_mb=2248  pods=1
  → pod=target-app-7cbb4bb8fd-vs5hx status=200  latency=1730.1ms
[110/756] 2022-04-13T01:20:00  total_mb=2267  pods=2
  → pod=target-app-7cbb4bb8fd-jk9b5 status=200  latency=685.6ms
  → pod=target-app-7cbb4bb8fd-vs5hx status=200  latency=937.6ms
[111/756] 2022-04-13T02:00:00  total_mb=2303  pods=2
  → pod=target-app-7cbb4bb8fd-jk9b5 status=200  latency=742.7ms
  → pod=target-app-7cbb4bb8fd-vs5hx status=200  latency=746.0ms
[112/756] 2022-04-13T02:40:00  total_mb=2333  pods=2
  → pod=target-app-7cbb4bb8fd-jk9b5 status=200  latency=967.9ms
  → pod=target-app-7cbb4bb8fd-vs5hx status=200  latency=1162.2ms
[113/756] 2022-04-13T03:20:00  total_mb=2340  pods=2
  → pod=target-app-7cbb4bb8fd-jk9b5 status=200  latency=826.4ms
  → pod=target-app-7cbb4bb8fd-vs5hx status=200  latency=779.8ms
[114/756] 2022-04-13T04:00:00  total_mb=2343  pods=1
  → pod=target-app-7cbb4bb8fd-vs5hx status=200  latency=1316.1ms
  Error on attempt 1/10 for pod target-app-7cbb4bb8fd-vs5hx: kubectl exec failed: command terminated with exit code 137
, retrying in 3s …
  Error on attempt 2/10 for pod target-app-7cbb4bb8fd-vs5hx: kubectl exec failed: command terminated with exit code 137
, retrying in 3s …
  Error on attempt 3/10 for pod target-app-7cbb4bb8fd-vs5hx: kubectl exec failed: error: unable to upgrade connection: container not found ("target-app")
, retrying in 3s …
  Error on attempt 4/10 for pod target-app-7cbb4bb8fd-vs5hx: kubectl exec failed: error: unable to upgrade connection: container not found ("target-app")
, retrying in 3s …
  Error on attempt 5/10 for pod target-app-7cbb4bb8fd-vs5hx: kubectl exec failed: error: unable to upgrade connection: container not found ("target-app")
, retrying in 3s …
  Error on attempt 6/10 for pod target-app-7cbb4bb8fd-vs5hx: kubectl exec failed: error: cannot exec into a container in a completed pod; current phase is Failed
, retrying in 3s …
  Error on attempt 7/10 for pod target-app-7cbb4bb8fd-vs5hx: kubectl exec failed: Error from server (NotFound): pods "target-app-7cbb4bb8fd-vs5hx" not found
, retrying in 3s …
  Error on attempt 8/10 for pod target-app-7cbb4bb8fd-vs5hx: kubectl exec failed: Error from server (NotFound): pods "target-app-7cbb4bb8fd-vs5hx" not found
, retrying in 3s …
  Error on attempt 9/10 for pod target-app-7cbb4bb8fd-vs5hx: kubectl exec failed: Error from server (NotFound): pods "target-app-7cbb4bb8fd-vs5hx" not found
, retrying in 3s …
  Error on attempt 10/10 for pod target-app-7cbb4bb8fd-vs5hx: kubectl exec failed: Error from server (NotFound): pods "target-app-7cbb4bb8fd-vs5hx" not found
, retrying in 3s …
  Error on attempt 1/10 for pod target-app-7cbb4bb8fd-g9zx6: kubectl exec failed: command terminated with exit code 137
, retrying in 3s …
  Error on attempt 2/10 for pod target-app-7cbb4bb8fd-g9zx6: kubectl exec failed: command terminated with exit code 137
, retrying in 3s …
  Error on attempt 3/10 for pod target-app-7cbb4bb8fd-g9zx6: kubectl exec failed: error: unable to upgrade connection: container not found ("target-app")
, retrying in 3s …
  Error on attempt 4/10 for pod target-app-7cbb4bb8fd-g9zx6: kubectl exec failed: error: unable to upgrade connection: container not found ("target-app")
, retrying in 3s …
  Error on attempt 5/10 for pod target-app-7cbb4bb8fd-g9zx6: kubectl exec failed: error: cannot exec into a container in a completed pod; current phase is Failed
, retrying in 3s …
  Error on attempt 6/10 for pod target-app-7cbb4bb8fd-g9zx6: kubectl exec failed: Error from server (NotFound): pods "target-app-7cbb4bb8fd-g9zx6" not found
, retrying in 3s …
  Error on attempt 7/10 for pod target-app-7cbb4bb8fd-g9zx6: kubectl exec failed: Error from server (NotFound): pods "target-app-7cbb4bb8fd-g9zx6" not found
, retrying in 3s …
  Error on attempt 8/10 for pod target-app-7cbb4bb8fd-g9zx6: kubectl exec failed: Error from server (NotFound): pods "target-app-7cbb4bb8fd-g9zx6" not found
, retrying in 3s …
  Error on attempt 9/10 for pod target-app-7cbb4bb8fd-g9zx6: kubectl exec failed: Error from server (NotFound): pods "target-app-7cbb4bb8fd-g9zx6" not found
, retrying in 3s …
  Error on attempt 10/10 for pod target-app-7cbb4bb8fd-g9zx6: kubectl exec failed: Error from server (NotFound): pods "target-app-7cbb4bb8fd-g9zx6" not found
, retrying in 3s …
  Error on attempt 1/10 for pod target-app-77b47557f-h476s: kubectl exec failed: command terminated with exit code 137
, retrying in 3s …
  Error on attempt 2/10 for pod target-app-77b47557f-h476s: kubectl exec failed: command terminated with exit code 137
, retrying in 3s …
  Error on attempt 3/10 for pod target-app-77b47557f-h476s: kubectl exec failed: error: unable to upgrade connection: container not found ("target-app")
, retrying in 3s …
  Error on attempt 4/10 for pod target-app-77b47557f-h476s: kubectl exec failed: error: unable to upgrade connection: container not found ("target-app")
, retrying in 3s …
  Error on attempt 5/10 for pod target-app-77b47557f-h476s: kubectl exec failed: error: unable to upgrade connection: container not found ("target-app")
, retrying in 3s …
  Error on attempt 6/10 for pod target-app-77b47557f-h476s: kubectl exec failed: error: unable to upgrade connection: container not found ("target-app")
, retrying in 3s …
  Error on attempt 7/10 for pod target-app-77b47557f-h476s: kubectl exec failed: Error from server (NotFound): pods "target-app-77b47557f-h476s" not found
, retrying in 3s …
  Error on attempt 8/10 for pod target-app-77b47557f-h476s: kubectl exec failed: Error from server (NotFound): pods "target-app-77b47557f-h476s" not found
, retrying in 3s …
  Error on attempt 9/10 for pod target-app-77b47557f-h476s: kubectl exec failed: Error from server (NotFound): pods "target-app-77b47557f-h476s" not found
, retrying in 3s …
  Error on attempt 10/10 for pod target-app-77b47557f-h476s: kubectl exec failed: Error from server (NotFound): pods "target-app-77b47557f-h476s" not found
, retrying in 3s …
[115/756] 2022-04-13T04:40:00  total_mb=2344  pods=1
  → pod=target-app-7cbb4bb8fd-vs5hx status=200  latency=1360.1ms
[116/756] 2022-04-13T05:20:00  total_mb=2352  pods=1
  → pod=target-app-7cbb4bb8fd-vs5hx status=200  latency=1469.5ms
[117/756] 2022-04-13T06:00:00  total_mb=2553  pods=1
  → pod=target-app-7cbb4bb8fd-vs5hx status=200  latency=1493.0ms
[118/756] 2022-04-13T06:40:00  total_mb=3077  pods=1
  → pod=target-app-7cbb4bb8fd-vs5hx status=ERROR  latency=0.0ms
[119/756] 2022-04-13T07:20:00  total_mb=3443  pods=1
  → pod=target-app-57f655b559-hcxcx status=200  latency=1791.7ms
[120/756] 2022-04-13T08:00:00  total_mb=3613  pods=1
  → pod=target-app-57f655b559-hcxcx status=200  latency=2162.8ms
[121/756] 2022-04-13T08:40:00  total_mb=3617  pods=1
  → pod=target-app-57f655b559-hcxcx status=200  latency=2168.8ms
[122/756] 2022-04-13T09:20:00  total_mb=3498  pods=1
  → pod=target-app-57f655b559-hcxcx status=200  latency=2086.3ms
[123/756] 2022-04-13T10:00:00  total_mb=3653  pods=1
  → pod=target-app-57f655b559-hcxcx status=200  latency=2207.0ms
[124/756] 2022-04-13T10:40:00  total_mb=3552  pods=1
  → pod=target-app-57f655b559-hcxcx status=200  latency=2034.8ms
[125/756] 2022-04-13T11:20:00  total_mb=3496  pods=1
  → pod=target-app-57f655b559-hcxcx status=200  latency=2091.3ms
[126/756] 2022-04-13T12:00:00  total_mb=3505  pods=1
  → pod=target-app-57f655b559-hcxcx status=200  latency=2024.7ms
[127/756] 2022-04-13T12:40:00  total_mb=3556  pods=1
  → pod=target-app-57f655b559-hcxcx status=200  latency=2081.9ms
[128/756] 2022-04-13T13:20:00  total_mb=3626  pods=1
  → pod=target-app-57f655b559-hcxcx status=200  latency=2253.0ms
[129/756] 2022-04-13T14:00:00  total_mb=3656  pods=1
  → pod=target-app-57f655b559-hcxcx status=200  latency=2090.6ms
[130/756] 2022-04-13T14:40:00  total_mb=3674  pods=1
  → pod=target-app-57f655b559-hcxcx status=200  latency=2249.3ms
[131/756] 2022-04-13T15:20:00  total_mb=3540  pods=1
  → pod=target-app-57f655b559-hcxcx status=200  latency=2105.9ms
[132/756] 2022-04-13T16:00:00  total_mb=3055  pods=1
  → pod=target-app-57f655b559-hcxcx status=200  latency=1883.5ms
[133/756] 2022-04-13T16:40:00  total_mb=2613  pods=1
  → pod=target-app-57f655b559-hcxcx status=200  latency=1537.6ms
[134/756] 2022-04-13T17:20:00  total_mb=2491  pods=1
  → pod=target-app-57f655b559-hcxcx status=200  latency=1495.7ms
[135/756] 2022-04-13T18:00:00  total_mb=2372  pods=1
  → pod=target-app-57f655b559-hcxcx status=200  latency=1533.0ms
[136/756] 2022-04-13T18:40:00  total_mb=2241  pods=1
  → pod=target-app-57f655b559-hcxcx status=200  latency=1383.4ms
[137/756] 2022-04-13T19:20:00  total_mb=2217  pods=2
  → pod=target-app-57f655b559-hcxcx status=200  latency=793.7ms
  → pod=target-app-7cbb4bb8fd-g9zx6 status=200  latency=639.7ms
[138/756] 2022-04-13T20:00:00  total_mb=2204  pods=1
  → pod=target-app-7cbb4bb8fd-g9zx6 status=200  latency=1560.7ms
[139/756] 2022-04-13T20:40:00  total_mb=2195  pods=1
  → pod=target-app-7cbb4bb8fd-g9zx6 status=200  latency=1284.7ms
[140/756] 2022-04-13T21:20:00  total_mb=2220  pods=1
  → pod=target-app-7cbb4bb8fd-g9zx6 status=200  latency=1379.0ms
[141/756] 2022-04-13T22:00:00  total_mb=2239  pods=1
  → pod=target-app-7cbb4bb8fd-g9zx6 status=200  latency=1314.6ms
[142/756] 2022-04-13T22:40:00  total_mb=2248  pods=1
  → pod=target-app-7cbb4bb8fd-g9zx6 status=200  latency=1443.0ms
[143/756] 2022-04-13T23:20:00  total_mb=2252  pods=1
  → pod=target-app-7cbb4bb8fd-g9zx6 status=200  latency=1355.5ms
[144/756] 2022-04-14T00:00:00  total_mb=2284  pods=1
  → pod=target-app-7cbb4bb8fd-g9zx6 status=200  latency=1354.4ms
[145/756] 2022-04-14T00:40:00  total_mb=2294  pods=1
  → pod=target-app-7cbb4bb8fd-g9zx6 status=200  latency=1496.3ms
[146/756] 2022-04-14T01:20:00  total_mb=2275  pods=1
  → pod=target-app-7cbb4bb8fd-g9zx6 status=200  latency=1320.6ms
[147/756] 2022-04-14T02:00:00  total_mb=2287  pods=1
  → pod=target-app-7cbb4bb8fd-g9zx6 status=200  latency=1357.1ms
[148/756] 2022-04-14T02:40:00  total_mb=2289  pods=1
  → pod=target-app-7cbb4bb8fd-g9zx6 status=200  latency=1618.7ms
[149/756] 2022-04-14T03:20:00  total_mb=2305  pods=1
  → pod=target-app-7cbb4bb8fd-g9zx6 status=200  latency=1720.1ms
[150/756] 2022-04-14T04:00:00  total_mb=2306  pods=1
  → pod=target-app-7cbb4bb8fd-g9zx6 status=200  latency=1349.6ms
[151/756] 2022-04-14T04:40:00  total_mb=2313  pods=1
  → pod=target-app-7cbb4bb8fd-g9zx6 status=200  latency=1395.5ms
[152/756] 2022-04-14T05:20:00  total_mb=2315  pods=1
  → pod=target-app-7cbb4bb8fd-g9zx6 status=200  latency=1501.4ms
[153/756] 2022-04-14T06:00:00  total_mb=2467  pods=1
  → pod=target-app-7cbb4bb8fd-g9zx6 status=200  latency=1439.1ms
[154/756] 2022-04-14T06:40:00  total_mb=3080  pods=1
  → pod=target-app-7cbb4bb8fd-g9zx6 status=ERROR  latency=0.0ms
[155/756] 2022-04-14T07:20:00  total_mb=3450  pods=1
  → pod=target-app-57f655b559-vqkd5 status=200  latency=1738.6ms
[156/756] 2022-04-14T08:00:00  total_mb=3570  pods=1
  → pod=target-app-57f655b559-vqkd5 status=200  latency=2142.6ms
[157/756] 2022-04-14T08:40:00  total_mb=3597  pods=1
  → pod=target-app-57f655b559-vqkd5 status=200  latency=2038.4ms
[158/756] 2022-04-14T09:20:00  total_mb=3625  pods=1
  → pod=target-app-57f655b559-vqkd5 status=200  latency=2200.8ms
[159/756] 2022-04-14T10:00:00  total_mb=3577  pods=1
  → pod=target-app-57f655b559-vqkd5 status=200  latency=2116.4ms
[160/756] 2022-04-14T10:40:00  total_mb=3512  pods=1
  → pod=target-app-57f655b559-vqkd5 status=200  latency=1987.5ms
[161/756] 2022-04-14T11:20:00  total_mb=3441  pods=1
  → pod=target-app-57f655b559-vqkd5 status=200  latency=2077.3ms
[162/756] 2022-04-14T12:00:00  total_mb=3506  pods=1
  → pod=target-app-57f655b559-vqkd5 status=200  latency=1945.0ms
[163/756] 2022-04-14T12:40:00  total_mb=3620  pods=1
  → pod=target-app-57f655b559-vqkd5 status=200  latency=2212.0ms
[164/756] 2022-04-14T13:20:00  total_mb=3699  pods=1
  → pod=target-app-57f655b559-vqkd5 status=200  latency=2183.7ms
[165/756] 2022-04-14T14:00:00  total_mb=3737  pods=1
  → pod=target-app-57f655b559-vqkd5 status=200  latency=2238.9ms
[166/756] 2022-04-14T14:40:00  total_mb=3685  pods=1
  → pod=target-app-57f655b559-vqkd5 status=200  latency=2836.4ms
[167/756] 2022-04-14T15:20:00  total_mb=3515  pods=1
  → pod=target-app-57f655b559-vqkd5 status=200  latency=2701.8ms
[168/756] 2022-04-14T16:00:00  total_mb=3048  pods=1
  → pod=target-app-57f655b559-vqkd5 status=200  latency=2191.0ms
[169/756] 2022-04-14T16:40:00  total_mb=2674  pods=1
  → pod=target-app-57f655b559-vqkd5 status=200  latency=2237.2ms
[170/756] 2022-04-14T17:20:00  total_mb=2494  pods=1
  → pod=target-app-57f655b559-vqkd5 status=200  latency=2062.4ms
[171/756] 2022-04-14T18:00:00  total_mb=2376  pods=4
  → pod=target-app-57f655b559-hx8kh status=200  latency=656.3ms
  → pod=target-app-57f655b559-vqkd5 status=200  latency=1035.4ms
  → pod=target-app-77b47557f-8tpml status=200  latency=722.3ms
  → pod=target-app-77b47557f-h476s status=200  latency=751.8ms
[172/756] 2022-04-14T18:40:00  total_mb=2315  pods=2
  → pod=target-app-77b47557f-8tpml status=200  latency=1397.1ms
  → pod=target-app-77b47557f-h476s status=200  latency=1598.1ms
[173/756] 2022-04-14T19:20:00  total_mb=2296  pods=2
  → pod=target-app-77b47557f-8tpml status=200  latency=1036.6ms
  → pod=target-app-77b47557f-h476s status=200  latency=1657.3ms
[174/756] 2022-04-14T20:00:00  total_mb=2280  pods=2
  → pod=target-app-77b47557f-8tpml status=200  latency=1057.3ms
  → pod=target-app-77b47557f-h476s status=200  latency=1182.5ms
[175/756] 2022-04-14T20:40:00  total_mb=2276  pods=2
  → pod=target-app-77b47557f-8tpml status=200  latency=831.1ms
  → pod=target-app-77b47557f-h476s status=200  latency=737.2ms
[176/756] 2022-04-14T21:20:00  total_mb=2257  pods=2
  → pod=target-app-77b47557f-8tpml status=200  latency=835.8ms
  → pod=target-app-77b47557f-h476s status=200  latency=957.4ms
[177/756] 2022-04-14T22:00:00  total_mb=2249  pods=1
  → pod=target-app-77b47557f-h476s status=ERROR  latency=0.0ms
[178/756] 2022-04-14T22:40:00  total_mb=2321  pods=1
  Error on attempt 1/10 for pod target-app-65b6765b8-wqtc6: kubectl exec failed: command terminated with exit code 137
, retrying in 3s …
  Error on attempt 2/10 for pod target-app-65b6765b8-wqtc6: kubectl exec failed: command terminated with exit code 137
, retrying in 3s …
  Error on attempt 3/10 for pod target-app-65b6765b8-wqtc6: kubectl exec failed: error: unable to upgrade connection: container not found ("target-app")
, retrying in 3s …
  Error on attempt 4/10 for pod target-app-65b6765b8-wqtc6: kubectl exec failed: error: unable to upgrade connection: container not found ("target-app")
, retrying in 3s …
  Error on attempt 5/10 for pod target-app-65b6765b8-wqtc6: kubectl exec failed: error: unable to upgrade connection: container not found ("target-app")
, retrying in 3s …
  Error on attempt 6/10 for pod target-app-65b6765b8-wqtc6: kubectl exec failed: error: unable to upgrade connection: container not found ("target-app")
, retrying in 3s …
  Error on attempt 7/10 for pod target-app-65b6765b8-wqtc6: kubectl exec failed: command terminated with exit code 137
, retrying in 3s …
  Error on attempt 8/10 for pod target-app-65b6765b8-wqtc6: kubectl exec failed: Error from server (NotFound): pods "target-app-65b6765b8-wqtc6" not found
, retrying in 3s …
  Error on attempt 9/10 for pod target-app-65b6765b8-wqtc6: kubectl exec failed: Error from server (NotFound): pods "target-app-65b6765b8-wqtc6" not found
, retrying in 3s …
  Error on attempt 10/10 for pod target-app-65b6765b8-wqtc6: kubectl exec failed: Error from server (NotFound): pods "target-app-65b6765b8-wqtc6" not found
, retrying in 3s …
  → pod=target-app-7cbb4bb8fd-bqjcb status=200  latency=1216.7ms
[179/756] 2022-04-14T23:20:00  total_mb=2279  pods=1
  → pod=target-app-7cbb4bb8fd-bqjcb status=200  latency=1402.5ms
[180/756] 2022-04-15T00:00:00  total_mb=2276  pods=1
  → pod=target-app-7cbb4bb8fd-bqjcb status=200  latency=1468.6ms
[181/756] 2022-04-15T00:40:00  total_mb=2286  pods=1
  → pod=target-app-7cbb4bb8fd-bqjcb status=200  latency=1343.4ms
[182/756] 2022-04-15T01:20:00  total_mb=2299  pods=1
  → pod=target-app-7cbb4bb8fd-bqjcb status=200  latency=1652.1ms
[183/756] 2022-04-15T02:00:00  total_mb=2295  pods=1
  → pod=target-app-7cbb4bb8fd-bqjcb status=200  latency=1592.0ms
[184/756] 2022-04-15T02:40:00  total_mb=2298  pods=1
  → pod=target-app-7cbb4bb8fd-bqjcb status=200  latency=1363.1ms
[185/756] 2022-04-15T03:20:00  total_mb=2304  pods=1
  → pod=target-app-7cbb4bb8fd-bqjcb status=200  latency=1622.4ms
[186/756] 2022-04-15T04:00:00  total_mb=2312  pods=1
  → pod=target-app-7cbb4bb8fd-bqjcb status=200  latency=2083.7ms
[187/756] 2022-04-15T04:40:00  total_mb=2342  pods=2
  → pod=target-app-7cbb4bb8fd-bqjcb status=200  latency=1357.3ms
  → pod=target-app-7cbb4bb8fd-p62h5 status=200  latency=1176.4ms
[188/756] 2022-04-15T05:20:00  total_mb=2369  pods=2
  → pod=target-app-7cbb4bb8fd-bqjcb status=200  latency=1233.4ms
  → pod=target-app-7cbb4bb8fd-p62h5 status=200  latency=1207.7ms
[189/756] 2022-04-15T06:00:00  total_mb=2509  pods=2
  → pod=target-app-7cbb4bb8fd-bqjcb status=200  latency=1076.6ms
  → pod=target-app-7cbb4bb8fd-p62h5 status=200  latency=1085.6ms
[190/756] 2022-04-15T06:40:00  total_mb=3047  pods=3
  → pod=target-app-7cbb4bb8fd-bqjcb status=200  latency=1056.8ms
  → pod=target-app-7cbb4bb8fd-g5lbd status=200  latency=950.1ms
  → pod=target-app-7cbb4bb8fd-p62h5 status=200  latency=1056.3ms
[191/756] 2022-04-15T07:20:00  total_mb=3355  pods=3
  → pod=target-app-7cbb4bb8fd-bqjcb status=200  latency=1182.5ms
  → pod=target-app-7cbb4bb8fd-g5lbd status=200  latency=1073.3ms
  → pod=target-app-7cbb4bb8fd-p62h5 status=200  latency=1134.3ms
[192/756] 2022-04-15T08:00:00  total_mb=3464  pods=3
  → pod=target-app-7cbb4bb8fd-bqjcb status=200  latency=1341.8ms
  → pod=target-app-7cbb4bb8fd-g5lbd status=200  latency=954.6ms
  → pod=target-app-7cbb4bb8fd-p62h5 status=200  latency=1049.7ms
[193/756] 2022-04-15T08:40:00  total_mb=3532  pods=2
  → pod=target-app-7cbb4bb8fd-bqjcb status=200  latency=1145.3ms
  → pod=target-app-7cbb4bb8fd-p62h5 status=200  latency=1654.7ms
[194/756] 2022-04-15T09:20:00  total_mb=3597  pods=4
  → pod=target-app-65b6765b8-sxbd5 status=200  latency=643.1ms
  → pod=target-app-65b6765b8-wqtc6 status=200  latency=1092.7ms
  → pod=target-app-7cbb4bb8fd-bqjcb status=200  latency=756.6ms
  → pod=target-app-7cbb4bb8fd-p62h5 status=200  latency=629.3ms
[195/756] 2022-04-15T10:00:00  total_mb=3636  pods=2
  → pod=target-app-65b6765b8-sxbd5 status=200  latency=1143.8ms
  → pod=target-app-65b6765b8-wqtc6 status=200  latency=1023.4ms
[196/756] 2022-04-15T10:40:00  total_mb=3504  pods=2
  → pod=target-app-65b6765b8-sxbd5 status=200  latency=1065.8ms
  → pod=target-app-65b6765b8-wqtc6 status=200  latency=1022.2ms
[197/756] 2022-04-15T11:20:00  total_mb=3388  pods=2
  → pod=target-app-65b6765b8-sxbd5 status=200  latency=1135.9ms
  → pod=target-app-65b6765b8-wqtc6 status=200  latency=1046.1ms
[198/756] 2022-04-15T12:00:00  total_mb=3388  pods=2
  → pod=target-app-65b6765b8-sxbd5 status=200  latency=1054.2ms
  → pod=target-app-65b6765b8-wqtc6 status=200  latency=1029.6ms
[199/756] 2022-04-15T12:40:00  total_mb=3572  pods=2
  → pod=target-app-65b6765b8-sxbd5 status=200  latency=1165.8ms
  → pod=target-app-65b6765b8-wqtc6 status=200  latency=1184.5ms
[200/756] 2022-04-15T13:20:00  total_mb=3577  pods=2
  → pod=target-app-65b6765b8-sxbd5 status=200  latency=1105.4ms
  → pod=target-app-65b6765b8-wqtc6 status=200  latency=1160.8ms
[201/756] 2022-04-15T14:00:00  total_mb=3571  pods=2
  → pod=target-app-65b6765b8-sxbd5 status=200  latency=1089.5ms
  → pod=target-app-65b6765b8-wqtc6 status=200  latency=1205.8ms
[202/756] 2022-04-15T14:40:00  total_mb=3530  pods=2
  → pod=target-app-65b6765b8-sxbd5 status=200  latency=1061.4ms
  → pod=target-app-65b6765b8-wqtc6 status=200  latency=1043.4ms
[203/756] 2022-04-15T15:20:00  total_mb=3384  pods=1
  → pod=target-app-65b6765b8-wqtc6 status=ERROR  latency=0.0ms
[204/756] 2022-04-15T16:00:00  total_mb=2952  pods=2
  → pod=target-app-57f655b559-mj4hr status=200  latency=1314.9ms
  → pod=target-app-57f655b559-nmxb2 status=200  latency=1331.5ms
[205/756] 2022-04-15T16:40:00  total_mb=2595  pods=2
  → pod=target-app-57f655b559-mj4hr status=200  latency=1521.7ms
  → pod=target-app-57f655b559-nmxb2 status=200  latency=1450.2ms
[206/756] 2022-04-15T17:20:00  total_mb=2467  pods=2
  → pod=target-app-57f655b559-mj4hr status=200  latency=1275.5ms
  → pod=target-app-57f655b559-nmxb2 status=200  latency=1265.4ms
[207/756] 2022-04-15T18:00:00  total_mb=2369  pods=2
  → pod=target-app-57f655b559-mj4hr status=200  latency=1551.6ms
  → pod=target-app-57f655b559-nmxb2 status=200  latency=1043.4ms
[208/756] 2022-04-15T18:40:00  total_mb=2292  pods=3
  → pod=target-app-57f655b559-mdm2t status=200  latency=723.7ms
  → pod=target-app-57f655b559-mj4hr status=200  latency=1116.3ms
  → pod=target-app-57f655b559-nmxb2 status=200  latency=923.9ms
[209/756] 2022-04-15T19:20:00  total_mb=2282  pods=3
  → pod=target-app-57f655b559-mdm2t status=200  latency=777.9ms
  → pod=target-app-57f655b559-mj4hr status=200  latency=818.8ms
  → pod=target-app-57f655b559-nmxb2 status=200  latency=914.9ms
[210/756] 2022-04-15T20:00:00  total_mb=2273  pods=3
  → pod=target-app-57f655b559-mdm2t status=200  latency=846.4ms
  → pod=target-app-57f655b559-mj4hr status=200  latency=951.0ms
  → pod=target-app-57f655b559-nmxb2 status=200  latency=878.3ms
[211/756] 2022-04-15T20:40:00  total_mb=2291  pods=3
  → pod=target-app-57f655b559-mdm2t status=200  latency=790.0ms
  → pod=target-app-57f655b559-mj4hr status=200  latency=788.6ms
  → pod=target-app-57f655b559-nmxb2 status=200  latency=922.8ms
[212/756] 2022-04-15T21:20:00  total_mb=2273  pods=2
  → pod=target-app-57f655b559-mj4hr status=200  latency=1112.8ms
  → pod=target-app-57f655b559-nmxb2 status=200  latency=842.6ms
[213/756] 2022-04-15T22:00:00  total_mb=2345  pods=2
  → pod=target-app-57f655b559-mj4hr status=200  latency=760.4ms
  → pod=target-app-57f655b559-nmxb2 status=200  latency=821.8ms
[214/756] 2022-04-15T22:40:00  total_mb=2362  pods=2
  → pod=target-app-57f655b559-mj4hr status=200  latency=903.3ms
  → pod=target-app-57f655b559-nmxb2 status=200  latency=1171.4ms
[215/756] 2022-04-15T23:20:00  total_mb=2345  pods=2
  → pod=target-app-57f655b559-mj4hr status=200  latency=1104.2ms
  → pod=target-app-57f655b559-nmxb2 status=200  latency=801.7ms
[216/756] 2022-04-16T00:00:00  total_mb=2321  pods=2
  → pod=target-app-57f655b559-mj4hr status=200  latency=859.4ms
  → pod=target-app-57f655b559-nmxb2 status=200  latency=1300.0ms
[217/756] 2022-04-16T00:40:00  total_mb=2323  pods=2
  → pod=target-app-57f655b559-mj4hr status=200  latency=829.6ms
  → pod=target-app-57f655b559-nmxb2 status=200  latency=892.6ms
[218/756] 2022-04-16T01:20:00  total_mb=2322  pods=2
  → pod=target-app-57f655b559-mj4hr status=200  latency=1094.5ms
  → pod=target-app-57f655b559-nmxb2 status=200  latency=1307.4ms
[219/756] 2022-04-16T02:00:00  total_mb=2352  pods=2
  → pod=target-app-57f655b559-mj4hr status=200  latency=821.1ms
  → pod=target-app-57f655b559-nmxb2 status=200  latency=1233.1ms
[220/756] 2022-04-16T02:40:00  total_mb=2376  pods=4
  → pod=target-app-57f655b559-mj4hr status=200  latency=504.7ms
  → pod=target-app-57f655b559-nmxb2 status=200  latency=475.2ms
  → pod=target-app-65b6765b8-2qh4g status=200  latency=432.1ms
  → pod=target-app-65b6765b8-fglmr status=200  latency=390.7ms
[221/756] 2022-04-16T03:20:00  total_mb=2376  pods=2
  → pod=target-app-65b6765b8-2qh4g status=200  latency=716.4ms
  → pod=target-app-65b6765b8-fglmr status=200  latency=680.1ms
  Error on attempt 1/10 for pod target-app-65b6765b8-2qh4g: kubectl exec failed: command terminated with exit code 137
, retrying in 3s …
  Error on attempt 2/10 for pod target-app-65b6765b8-2qh4g: kubectl exec failed: command terminated with exit code 137
, retrying in 3s …
  Error on attempt 3/10 for pod target-app-65b6765b8-2qh4g: kubectl exec failed: error: unable to upgrade connection: container not found ("target-app")
, retrying in 3s …
  Error on attempt 4/10 for pod target-app-65b6765b8-2qh4g: kubectl exec failed: error: unable to upgrade connection: container not found ("target-app")
, retrying in 3s …
  Error on attempt 5/10 for pod target-app-65b6765b8-2qh4g: kubectl exec failed: error: unable to upgrade connection: container not found ("target-app")
, retrying in 3s …
  Error on attempt 6/10 for pod target-app-65b6765b8-2qh4g: kubectl exec failed: Error from server (NotFound): pods "target-app-65b6765b8-2qh4g" not found
, retrying in 3s …
  Error on attempt 7/10 for pod target-app-65b6765b8-2qh4g: kubectl exec failed: Error from server (NotFound): pods "target-app-65b6765b8-2qh4g" not found
, retrying in 3s …
  Error on attempt 8/10 for pod target-app-65b6765b8-2qh4g: kubectl exec failed: Error from server (NotFound): pods "target-app-65b6765b8-2qh4g" not found
, retrying in 3s …
  Error on attempt 9/10 for pod target-app-65b6765b8-2qh4g: kubectl exec failed: Error from server (NotFound): pods "target-app-65b6765b8-2qh4g" not found
, retrying in 3s …
  Error on attempt 10/10 for pod target-app-65b6765b8-2qh4g: kubectl exec failed: Error from server (NotFound): pods "target-app-65b6765b8-2qh4g" not found
, retrying in 3s …
[222/756] 2022-04-16T04:00:00  total_mb=2388  pods=2
  → pod=target-app-65b6765b8-2qh4g status=200  latency=950.5ms
  → pod=target-app-65b6765b8-fglmr status=200  latency=1216.9ms
[223/756] 2022-04-16T04:40:00  total_mb=2378  pods=1
  → pod=target-app-65b6765b8-2qh4g status=ERROR  latency=0.0ms
[224/756] 2022-04-16T05:20:00  total_mb=2391  pods=2
  → pod=target-app-775b649bcf-kcj7n status=200  latency=1476.4ms
  → pod=target-app-775b649bcf-nmhhx status=200  latency=1621.4ms
[225/756] 2022-04-16T06:00:00  total_mb=2397  pods=2
  → pod=target-app-775b649bcf-kcj7n status=200  latency=1455.7ms
  → pod=target-app-775b649bcf-nmhhx status=200  latency=1616.3ms
[226/756] 2022-04-16T06:40:00  total_mb=2446  pods=2
  → pod=target-app-775b649bcf-kcj7n status=200  latency=1788.9ms
  → pod=target-app-775b649bcf-nmhhx status=200  latency=1309.7ms
[227/756] 2022-04-16T07:20:00  total_mb=2503  pods=3
  → pod=target-app-775b649bcf-kcj7n status=200  latency=1613.6ms
  → pod=target-app-775b649bcf-mcjtc status=200  latency=1072.2ms
  → pod=target-app-775b649bcf-nmhhx status=200  latency=1191.4ms
[228/756] 2022-04-16T08:00:00  total_mb=2505  pods=3
  → pod=target-app-775b649bcf-kcj7n status=200  latency=1275.5ms
  → pod=target-app-775b649bcf-mcjtc status=200  latency=1522.2ms
  → pod=target-app-775b649bcf-nmhhx status=200  latency=1368.1ms
[229/756] 2022-04-16T08:40:00  total_mb=2523  pods=3
  → pod=target-app-775b649bcf-kcj7n status=200  latency=1195.2ms
  → pod=target-app-775b649bcf-mcjtc status=200  latency=1164.3ms
  → pod=target-app-775b649bcf-nmhhx status=200  latency=1509.7ms
[230/756] 2022-04-16T09:20:00  total_mb=2509  pods=3
  → pod=target-app-775b649bcf-kcj7n status=200  latency=833.0ms
  → pod=target-app-775b649bcf-mcjtc status=200  latency=1077.9ms
  → pod=target-app-775b649bcf-nmhhx status=200  latency=1391.5ms
[231/756] 2022-04-16T10:00:00  total_mb=2479  pods=2
  → pod=target-app-775b649bcf-kcj7n status=200  latency=926.6ms
  → pod=target-app-775b649bcf-nmhhx status=200  latency=752.4ms
[232/756] 2022-04-16T10:40:00  total_mb=2414  pods=2
  → pod=target-app-775b649bcf-kcj7n status=200  latency=777.9ms
  → pod=target-app-775b649bcf-nmhhx status=200  latency=810.0ms
[233/756] 2022-04-16T11:20:00  total_mb=2415  pods=2
  → pod=target-app-775b649bcf-kcj7n status=200  latency=929.5ms
  → pod=target-app-775b649bcf-nmhhx status=200  latency=924.3ms
[234/756] 2022-04-16T12:00:00  total_mb=2394  pods=2
  → pod=target-app-775b649bcf-kcj7n status=200  latency=795.7ms
  → pod=target-app-775b649bcf-nmhhx status=200  latency=829.0ms
[235/756] 2022-04-16T12:40:00  total_mb=2408  pods=2
  → pod=target-app-775b649bcf-kcj7n status=200  latency=807.4ms
  → pod=target-app-775b649bcf-nmhhx status=200  latency=1004.3ms
[236/756] 2022-04-16T13:20:00  total_mb=2402  pods=2
  → pod=target-app-775b649bcf-kcj7n status=200  latency=880.3ms
  → pod=target-app-775b649bcf-nmhhx status=200  latency=1244.4ms
[237/756] 2022-04-16T14:00:00  total_mb=2416  pods=2
  → pod=target-app-775b649bcf-kcj7n status=200  latency=823.7ms
  → pod=target-app-775b649bcf-nmhhx status=200  latency=750.4ms
[238/756] 2022-04-16T14:40:00  total_mb=2407  pods=2
  → pod=target-app-775b649bcf-kcj7n status=200  latency=797.9ms
  → pod=target-app-775b649bcf-nmhhx status=200  latency=729.6ms
[239/756] 2022-04-16T15:20:00  total_mb=2361  pods=2
  → pod=target-app-775b649bcf-kcj7n status=200  latency=859.1ms
  → pod=target-app-775b649bcf-nmhhx status=200  latency=1069.5ms
[240/756] 2022-04-16T16:00:00  total_mb=2336  pods=2
  → pod=target-app-7cbb4bb8fd-hlcgr status=200  latency=655.0ms
  → pod=target-app-7cbb4bb8fd-ttf4b status=200  latency=668.1ms
[241/756] 2022-04-16T16:40:00  total_mb=2330  pods=2
  → pod=target-app-7cbb4bb8fd-hlcgr status=200  latency=767.3ms
  → pod=target-app-7cbb4bb8fd-ttf4b status=200  latency=725.6ms
[242/756] 2022-04-16T17:20:00  total_mb=2324  pods=1
  → pod=target-app-7cbb4bb8fd-ttf4b status=200  latency=1585.7ms
[243/756] 2022-04-16T18:00:00  total_mb=2316  pods=2
  → pod=target-app-7cbb4bb8fd-bjcfw status=200  latency=636.5ms
  → pod=target-app-7cbb4bb8fd-ttf4b status=200  latency=806.2ms
[244/756] 2022-04-16T18:40:00  total_mb=2317  pods=2
  → pod=target-app-7cbb4bb8fd-bjcfw status=200  latency=745.9ms
  → pod=target-app-7cbb4bb8fd-ttf4b status=200  latency=943.9ms
[245/756] 2022-04-16T19:20:00  total_mb=2316  pods=2
  → pod=target-app-7cbb4bb8fd-bjcfw status=200  latency=959.8ms
  → pod=target-app-7cbb4bb8fd-ttf4b status=200  latency=933.4ms
[246/756] 2022-04-16T20:00:00  total_mb=2312  pods=2
  → pod=target-app-7cbb4bb8fd-bjcfw status=200  latency=717.8ms
  → pod=target-app-7cbb4bb8fd-ttf4b status=200  latency=744.2ms
[247/756] 2022-04-16T20:40:00  total_mb=2325  pods=2
  → pod=target-app-7cbb4bb8fd-bjcfw status=200  latency=777.1ms
  → pod=target-app-7cbb4bb8fd-ttf4b status=200  latency=736.2ms
[248/756] 2022-04-16T21:20:00  total_mb=2328  pods=2
  → pod=target-app-7cbb4bb8fd-bjcfw status=200  latency=895.6ms
  → pod=target-app-7cbb4bb8fd-ttf4b status=200  latency=1085.0ms
[249/756] 2022-04-16T22:00:00  total_mb=2352  pods=2
  → pod=target-app-7cbb4bb8fd-bjcfw status=200  latency=725.6ms
  → pod=target-app-7cbb4bb8fd-ttf4b status=200  latency=771.1ms
[250/756] 2022-04-16T22:40:00  total_mb=2359  pods=2
  → pod=target-app-7cbb4bb8fd-bjcfw status=200  latency=855.1ms
  → pod=target-app-7cbb4bb8fd-ttf4b status=200  latency=1005.9ms
[251/756] 2022-04-16T23:20:00  total_mb=2348  pods=2
  → pod=target-app-7cbb4bb8fd-bjcfw status=200  latency=832.8ms
  → pod=target-app-7cbb4bb8fd-ttf4b status=200  latency=787.7ms
[252/756] 2022-04-17T00:00:00  total_mb=2357  pods=2
  → pod=target-app-7cbb4bb8fd-bjcfw status=200  latency=932.9ms
  → pod=target-app-7cbb4bb8fd-ttf4b status=200  latency=1225.2ms
[253/756] 2022-04-17T00:40:00  total_mb=2354  pods=2
  → pod=target-app-7cbb4bb8fd-bjcfw status=200  latency=876.0ms
  → pod=target-app-7cbb4bb8fd-ttf4b status=200  latency=1003.5ms
[254/756] 2022-04-17T01:20:00  total_mb=2352  pods=1
  → pod=target-app-7cbb4bb8fd-ttf4b status=200  latency=1343.3ms
[255/756] 2022-04-17T02:00:00  total_mb=2341  pods=1
  → pod=target-app-7cbb4bb8fd-ttf4b status=200  latency=1354.6ms
[256/756] 2022-04-17T02:40:00  total_mb=2344  pods=1
  → pod=target-app-7cbb4bb8fd-ttf4b status=200  latency=1419.5ms
[257/756] 2022-04-17T03:20:00  total_mb=2354  pods=1
  → pod=target-app-7cbb4bb8fd-ttf4b status=200  latency=1717.6ms
[258/756] 2022-04-17T04:00:00  total_mb=2392  pods=1
  → pod=target-app-57f655b559-n8pxd status=200  latency=1253.7ms
[259/756] 2022-04-17T04:40:00  total_mb=2408  pods=1
  → pod=target-app-57f655b559-n8pxd status=200  latency=1472.6ms
[260/756] 2022-04-17T05:20:00  total_mb=2394  pods=1
  → pod=target-app-57f655b559-n8pxd status=200  latency=1591.9ms
[261/756] 2022-04-17T06:00:00  total_mb=2404  pods=1
  → pod=target-app-57f655b559-n8pxd status=200  latency=1451.2ms
[262/756] 2022-04-17T06:40:00  total_mb=2392  pods=1
  → pod=target-app-57f655b559-n8pxd status=200  latency=1532.1ms
[263/756] 2022-04-17T07:20:00  total_mb=2386  pods=1
  → pod=target-app-57f655b559-n8pxd status=200  latency=1716.2ms
[264/756] 2022-04-17T08:00:00  total_mb=2380  pods=1
  → pod=target-app-57f655b559-n8pxd status=200  latency=1399.5ms
[265/756] 2022-04-17T08:40:00  total_mb=2376  pods=2
  → pod=target-app-57f655b559-n8pxd status=200  latency=919.8ms
  → pod=target-app-57f655b559-sdfrj status=200  latency=725.3ms
[266/756] 2022-04-17T09:20:00  total_mb=2376  pods=2
  → pod=target-app-57f655b559-n8pxd status=200  latency=898.6ms
  → pod=target-app-57f655b559-sdfrj status=200  latency=939.7ms
[267/756] 2022-04-17T10:00:00  total_mb=2383  pods=2
  → pod=target-app-57f655b559-n8pxd status=200  latency=774.7ms
  → pod=target-app-57f655b559-sdfrj status=200  latency=741.2ms
[268/756] 2022-04-17T10:40:00  total_mb=2384  pods=1
  → pod=target-app-57f655b559-n8pxd status=200  latency=1391.4ms
[269/756] 2022-04-17T11:20:00  total_mb=2376  pods=1
  → pod=target-app-57f655b559-n8pxd status=200  latency=1700.6ms
[270/756] 2022-04-17T12:00:00  total_mb=2354  pods=1
  → pod=target-app-57f655b559-n8pxd status=200  latency=1388.2ms
[271/756] 2022-04-17T12:40:00  total_mb=2352  pods=1
  → pod=target-app-57f655b559-n8pxd status=200  latency=1377.2ms
[272/756] 2022-04-17T13:20:00  total_mb=2352  pods=1
  → pod=target-app-57f655b559-n8pxd status=200  latency=1558.0ms
[273/756] 2022-04-17T14:00:00  total_mb=2362  pods=1
  → pod=target-app-57f655b559-n8pxd status=200  latency=1407.2ms
[274/756] 2022-04-17T14:40:00  total_mb=2363  pods=1
  → pod=target-app-57f655b559-n8pxd status=200  latency=1408.3ms
[275/756] 2022-04-17T15:20:00  total_mb=2361  pods=1
  → pod=target-app-57f655b559-n8pxd status=200  latency=1622.4ms
[276/756] 2022-04-17T16:00:00  total_mb=2356  pods=1
  → pod=target-app-57f655b559-n8pxd status=200  latency=1495.0ms
[277/756] 2022-04-17T16:40:00  total_mb=2355  pods=1
  → pod=target-app-57f655b559-n8pxd status=200  latency=1600.5ms
[278/756] 2022-04-17T17:20:00  total_mb=2357  pods=1
  → pod=target-app-57f655b559-n8pxd status=200  latency=1551.0ms
[279/756] 2022-04-17T18:00:00  total_mb=2349  pods=2
  → pod=target-app-57f655b559-n8pxd status=200  latency=1239.7ms
  → pod=target-app-7cbb4bb8fd-td5zf status=200  latency=711.3ms
[280/756] 2022-04-17T18:40:00  total_mb=2348  pods=1
  → pod=target-app-7cbb4bb8fd-td5zf status=200  latency=1367.5ms
[281/756] 2022-04-17T19:20:00  total_mb=2345  pods=1
  → pod=target-app-7cbb4bb8fd-td5zf status=200  latency=1602.4ms
[282/756] 2022-04-17T20:00:00  total_mb=2353  pods=1
  → pod=target-app-7cbb4bb8fd-td5zf status=200  latency=1452.2ms
[283/756] 2022-04-17T20:40:00  total_mb=2324  pods=1
  → pod=target-app-7cbb4bb8fd-td5zf status=200  latency=1420.8ms
[284/756] 2022-04-17T21:20:00  total_mb=2328  pods=1
  → pod=target-app-7cbb4bb8fd-td5zf status=200  latency=1570.2ms
[285/756] 2022-04-17T22:00:00  total_mb=2358  pods=1
  → pod=target-app-7cbb4bb8fd-td5zf status=200  latency=1552.8ms
[286/756] 2022-04-17T22:40:00  total_mb=2351  pods=1
  → pod=target-app-7cbb4bb8fd-td5zf status=200  latency=1467.0ms
[287/756] 2022-04-17T23:20:00  total_mb=2336  pods=1
  → pod=target-app-7cbb4bb8fd-td5zf status=200  latency=2006.2ms
[288/756] 2022-04-18T00:00:00  total_mb=2360  pods=1
  → pod=target-app-7cbb4bb8fd-td5zf status=200  latency=1545.5ms
[289/756] 2022-04-18T00:40:00  total_mb=2360  pods=1
  → pod=target-app-7cbb4bb8fd-td5zf status=200  latency=1602.6ms
[290/756] 2022-04-18T01:20:00  total_mb=2368  pods=1
  → pod=target-app-7cbb4bb8fd-td5zf status=200  latency=1663.7ms
[291/756] 2022-04-18T02:00:00  total_mb=2382  pods=1
  → pod=target-app-7cbb4bb8fd-td5zf status=200  latency=1562.0ms
[292/756] 2022-04-18T02:40:00  total_mb=2397  pods=1
  → pod=target-app-7cbb4bb8fd-td5zf status=200  latency=1568.5ms
[293/756] 2022-04-18T03:20:00  total_mb=2407  pods=1
  → pod=target-app-7cbb4bb8fd-td5zf status=200  latency=1626.5ms
[294/756] 2022-04-18T04:00:00  total_mb=2416  pods=1
  → pod=target-app-7cbb4bb8fd-td5zf status=200  latency=1541.9ms
[295/756] 2022-04-18T04:40:00  total_mb=2416  pods=1
  → pod=target-app-7cbb4bb8fd-td5zf status=200  latency=1477.1ms
[296/756] 2022-04-18T05:20:00  total_mb=2416  pods=1
  → pod=target-app-7cbb4bb8fd-td5zf status=200  latency=1652.3ms
[297/756] 2022-04-18T06:00:00  total_mb=2427  pods=2
  → pod=target-app-57f655b559-b8l67 status=200  latency=687.7ms
  → pod=target-app-7cbb4bb8fd-td5zf status=200  latency=900.2ms
[298/756] 2022-04-18T06:40:00  total_mb=2426  pods=1
  → pod=target-app-57f655b559-b8l67 status=200  latency=1354.4ms
[299/756] 2022-04-18T07:20:00  total_mb=2392  pods=1
  → pod=target-app-57f655b559-b8l67 status=200  latency=1615.7ms
[300/756] 2022-04-18T08:00:00  total_mb=2387  pods=1
  → pod=target-app-57f655b559-b8l67 status=200  latency=1663.3ms
[301/756] 2022-04-18T08:40:00  total_mb=2377  pods=1
  → pod=target-app-57f655b559-b8l67 status=200  latency=1432.7ms
[302/756] 2022-04-18T09:20:00  total_mb=2376  pods=1
  → pod=target-app-57f655b559-b8l67 status=200  latency=1555.3ms
[303/756] 2022-04-18T10:00:00  total_mb=2372  pods=1
  → pod=target-app-57f655b559-b8l67 status=200  latency=1543.8ms
[304/756] 2022-04-18T10:40:00  total_mb=2390  pods=1
  → pod=target-app-57f655b559-b8l67 status=200  latency=1452.2ms
[305/756] 2022-04-18T11:20:00  total_mb=2388  pods=1
  → pod=target-app-57f655b559-b8l67 status=200  latency=1518.3ms
[306/756] 2022-04-18T12:00:00  total_mb=2385  pods=1
  → pod=target-app-57f655b559-b8l67 status=200  latency=1485.9ms
[307/756] 2022-04-18T12:40:00  total_mb=2388  pods=1
  → pod=target-app-57f655b559-b8l67 status=200  latency=1462.2ms
[308/756] 2022-04-18T13:20:00  total_mb=2369  pods=1
  → pod=target-app-57f655b559-b8l67 status=200  latency=1997.6ms
[309/756] 2022-04-18T14:00:00  total_mb=2381  pods=1
  → pod=target-app-57f655b559-b8l67 status=200  latency=1575.0ms
[310/756] 2022-04-18T14:40:00  total_mb=2381  pods=1
  → pod=target-app-57f655b559-b8l67 status=200  latency=1433.5ms
[311/756] 2022-04-18T15:20:00  total_mb=2400  pods=1
  → pod=target-app-57f655b559-b8l67 status=200  latency=1681.4ms
[312/756] 2022-04-18T16:00:00  total_mb=2373  pods=1
  → pod=target-app-57f655b559-b8l67 status=200  latency=1454.7ms
[313/756] 2022-04-18T16:40:00  total_mb=2363  pods=1
  → pod=target-app-57f655b559-b8l67 status=200  latency=1423.6ms
[314/756] 2022-04-18T17:20:00  total_mb=2356  pods=1
  → pod=target-app-57f655b559-b8l67 status=200  latency=1645.3ms
[315/756] 2022-04-18T18:00:00  total_mb=2361  pods=2
  → pod=target-app-57f655b559-b8l67 status=200  latency=949.4ms
  → pod=target-app-7cbb4bb8fd-422ft status=200  latency=1039.9ms
[316/756] 2022-04-18T18:40:00  total_mb=2343  pods=1
  → pod=target-app-7cbb4bb8fd-422ft status=200  latency=1326.8ms
[317/756] 2022-04-18T19:20:00  total_mb=2343  pods=1
  → pod=target-app-7cbb4bb8fd-422ft status=200  latency=1609.9ms
[318/756] 2022-04-18T20:00:00  total_mb=2352  pods=1
  → pod=target-app-7cbb4bb8fd-422ft status=200  latency=1415.5ms
[319/756] 2022-04-18T20:40:00  total_mb=2343  pods=1
  → pod=target-app-7cbb4bb8fd-422ft status=200  latency=1418.2ms
[320/756] 2022-04-18T21:20:00  total_mb=2337  pods=1
  → pod=target-app-7cbb4bb8fd-422ft status=200  latency=1461.2ms
[321/756] 2022-04-18T22:00:00  total_mb=2362  pods=1
  → pod=target-app-7cbb4bb8fd-422ft status=200  latency=1569.4ms
[322/756] 2022-04-18T22:40:00  total_mb=2396  pods=1
  → pod=target-app-7cbb4bb8fd-422ft status=200  latency=1386.7ms
[323/756] 2022-04-18T23:20:00  total_mb=2437  pods=1
  → pod=target-app-7cbb4bb8fd-422ft status=200  latency=1465.8ms
[324/756] 2022-04-19T00:00:00  total_mb=2418  pods=1
  → pod=target-app-7cbb4bb8fd-422ft status=200  latency=1646.2ms
[325/756] 2022-04-19T00:40:00  total_mb=2387  pods=1
  → pod=target-app-7cbb4bb8fd-422ft status=200  latency=1411.5ms
[326/756] 2022-04-19T01:20:00  total_mb=2365  pods=1
  → pod=target-app-7cbb4bb8fd-422ft status=200  latency=1428.5ms
[327/756] 2022-04-19T02:00:00  total_mb=2384  pods=1
  → pod=target-app-7cbb4bb8fd-422ft status=200  latency=1494.6ms
[328/756] 2022-04-19T02:40:00  total_mb=2394  pods=1
  → pod=target-app-7cbb4bb8fd-422ft status=200  latency=1432.5ms
[329/756] 2022-04-19T03:20:00  total_mb=2413  pods=1
  → pod=target-app-7cbb4bb8fd-422ft status=200  latency=1470.5ms
[330/756] 2022-04-19T04:00:00  total_mb=2470  pods=1
  → pod=target-app-7cbb4bb8fd-422ft status=200  latency=1730.8ms
[331/756] 2022-04-19T04:40:00  total_mb=2465  pods=1
  → pod=target-app-7cbb4bb8fd-422ft status=200  latency=1534.8ms
[332/756] 2022-04-19T05:20:00  total_mb=2481  pods=1
  → pod=target-app-7cbb4bb8fd-422ft status=200  latency=1553.8ms
[333/756] 2022-04-19T06:00:00  total_mb=2669  pods=3
  → pod=target-app-775b649bcf-pp2l2 status=200  latency=823.0ms
  → pod=target-app-7cbb4bb8fd-422ft status=200  latency=905.5ms
  → pod=target-app-7cbb4bb8fd-5nzdm status=200  latency=641.0ms
[334/756] 2022-04-19T06:40:00  total_mb=3202  pods=2
  → pod=target-app-775b649bcf-89b65 status=200  latency=924.0ms
  → pod=target-app-775b649bcf-pp2l2 status=200  latency=1052.6ms
[335/756] 2022-04-19T07:20:00  total_mb=3489  pods=2
  → pod=target-app-775b649bcf-89b65 status=200  latency=1355.3ms
  → pod=target-app-775b649bcf-pp2l2 status=200  latency=1346.2ms
[336/756] 2022-04-19T08:00:00  total_mb=3572  pods=2
  → pod=target-app-775b649bcf-89b65 status=200  latency=1356.8ms
  → pod=target-app-775b649bcf-pp2l2 status=200  latency=1266.4ms
[337/756] 2022-04-19T08:40:00  total_mb=3610  pods=2
  → pod=target-app-775b649bcf-89b65 status=200  latency=1204.8ms
  → pod=target-app-775b649bcf-pp2l2 status=200  latency=1294.1ms
[338/756] 2022-04-19T09:20:00  total_mb=3641  pods=2
  → pod=target-app-775b649bcf-89b65 status=200  latency=1124.6ms
  → pod=target-app-775b649bcf-pp2l2 status=200  latency=1102.5ms
[339/756] 2022-04-19T10:00:00  total_mb=3566  pods=2
  → pod=target-app-775b649bcf-89b65 status=200  latency=1156.3ms
  → pod=target-app-775b649bcf-pp2l2 status=200  latency=1180.5ms
[340/756] 2022-04-19T10:40:00  total_mb=3494  pods=2
  → pod=target-app-775b649bcf-89b65 status=200  latency=1077.2ms
  → pod=target-app-775b649bcf-pp2l2 status=200  latency=1014.0ms
[341/756] 2022-04-19T11:20:00  total_mb=3465  pods=1
  → pod=target-app-775b649bcf-pp2l2 status=200  latency=1974.2ms
[342/756] 2022-04-19T12:00:00  total_mb=3580  pods=1
  → pod=target-app-775b649bcf-pp2l2 status=200  latency=2015.0ms
[343/756] 2022-04-19T12:40:00  total_mb=3716  pods=1
  → pod=target-app-775b649bcf-pp2l2 status=200  latency=2105.8ms
[344/756] 2022-04-19T13:20:00  total_mb=3674  pods=1
  → pod=target-app-775b649bcf-pp2l2 status=200  latency=2283.3ms
[345/756] 2022-04-19T14:00:00  total_mb=3659  pods=1
  → pod=target-app-775b649bcf-pp2l2 status=200  latency=2226.2ms
[346/756] 2022-04-19T14:40:00  total_mb=3587  pods=1
  → pod=target-app-775b649bcf-pp2l2 status=200  latency=2106.6ms
[347/756] 2022-04-19T15:20:00  total_mb=3491  pods=1
  → pod=target-app-775b649bcf-pp2l2 status=200  latency=1962.0ms
[348/756] 2022-04-19T16:00:00  total_mb=3033  pods=1
  → pod=target-app-775b649bcf-pp2l2 status=200  latency=1867.6ms
[349/756] 2022-04-19T16:40:00  total_mb=2632  pods=1
  → pod=target-app-775b649bcf-pp2l2 status=200  latency=1553.6ms
[350/756] 2022-04-19T17:20:00  total_mb=2576  pods=1
  → pod=target-app-775b649bcf-pp2l2 status=200  latency=1561.9ms
[351/756] 2022-04-19T18:00:00  total_mb=2479  pods=2
  → pod=target-app-775b649bcf-pp2l2 status=200  latency=987.1ms
  → pod=target-app-7b58bf89f-4klqb status=200  latency=938.3ms
[352/756] 2022-04-19T18:40:00  total_mb=2410  pods=1
  → pod=target-app-7b58bf89f-4klqb status=200  latency=1404.7ms
[353/756] 2022-04-19T19:20:00  total_mb=2392  pods=2
  → pod=target-app-7b58bf89f-4klqb status=200  latency=964.2ms
  → pod=target-app-7b58bf89f-95cfn status=200  latency=843.7ms
[354/756] 2022-04-19T20:00:00  total_mb=2401  pods=2
  → pod=target-app-7b58bf89f-4klqb status=200  latency=948.8ms
  → pod=target-app-7b58bf89f-95cfn status=200  latency=879.5ms
[355/756] 2022-04-19T20:40:00  total_mb=2424  pods=2
  → pod=target-app-7b58bf89f-4klqb status=200  latency=838.1ms
  → pod=target-app-7b58bf89f-95cfn status=200  latency=1032.5ms
[356/756] 2022-04-19T21:20:00  total_mb=2404  pods=2
  → pod=target-app-7b58bf89f-4klqb status=200  latency=1133.3ms
  → pod=target-app-7b58bf89f-95cfn status=200  latency=1363.3ms
[357/756] 2022-04-19T22:00:00  total_mb=2406  pods=2
  → pod=target-app-7b58bf89f-4klqb status=200  latency=776.3ms
  → pod=target-app-7b58bf89f-95cfn status=200  latency=814.5ms
[358/756] 2022-04-19T22:40:00  total_mb=2422  pods=2
  → pod=target-app-7b58bf89f-4klqb status=200  latency=1149.9ms
  → pod=target-app-7b58bf89f-95cfn status=200  latency=790.9ms
[359/756] 2022-04-19T23:20:00  total_mb=2420  pods=2
  → pod=target-app-7b58bf89f-4klqb status=200  latency=976.1ms
  → pod=target-app-7b58bf89f-95cfn status=200  latency=866.7ms
[360/756] 2022-04-20T00:00:00  total_mb=2446  pods=2
  → pod=target-app-7b58bf89f-4klqb status=200  latency=1167.2ms
  → pod=target-app-7b58bf89f-95cfn status=200  latency=1016.8ms
[361/756] 2022-04-20T00:40:00  total_mb=2460  pods=2
  → pod=target-app-7b58bf89f-4klqb status=200  latency=842.3ms
  → pod=target-app-7b58bf89f-95cfn status=200  latency=964.1ms
[362/756] 2022-04-20T01:20:00  total_mb=2467  pods=2
  → pod=target-app-7b58bf89f-4klqb status=200  latency=1049.9ms
  → pod=target-app-7b58bf89f-95cfn status=200  latency=821.4ms
[363/756] 2022-04-20T02:00:00  total_mb=2457  pods=1
  → pod=target-app-7b58bf89f-95cfn status=200  latency=1506.2ms
[364/756] 2022-04-20T02:40:00  total_mb=2475  pods=1
  → pod=target-app-7b58bf89f-95cfn status=200  latency=2155.9ms
[365/756] 2022-04-20T03:20:00  total_mb=2495  pods=1
  → pod=target-app-7b58bf89f-95cfn status=200  latency=1458.1ms
[366/756] 2022-04-20T04:00:00  total_mb=2496  pods=1
  → pod=target-app-7b58bf89f-95cfn status=200  latency=1467.3ms
[367/756] 2022-04-20T04:40:00  total_mb=2504  pods=1
  → pod=target-app-7b58bf89f-95cfn status=200  latency=1685.0ms
[368/756] 2022-04-20T05:20:00  total_mb=2506  pods=1
  → pod=target-app-7b58bf89f-95cfn status=200  latency=1454.9ms
[369/756] 2022-04-20T06:00:00  total_mb=2676  pods=1
  → pod=target-app-7b58bf89f-95cfn status=200  latency=1530.0ms
[370/756] 2022-04-20T06:40:00  total_mb=3191  pods=1
  → pod=target-app-7b58bf89f-95cfn status=200  latency=1923.1ms
[371/756] 2022-04-20T07:20:00  total_mb=3471  pods=1
  → pod=target-app-7b58bf89f-95cfn status=200  latency=2086.2ms
[372/756] 2022-04-20T08:00:00  total_mb=3556  pods=2
  → pod=target-app-57f655b559-ln675 status=200  latency=1022.6ms
  → pod=target-app-7b58bf89f-95cfn status=200  latency=1566.1ms
[373/756] 2022-04-20T08:40:00  total_mb=3611  pods=1
  → pod=target-app-57f655b559-ln675 status=200  latency=1943.7ms
[374/756] 2022-04-20T09:20:00  total_mb=3636  pods=1
  → pod=target-app-57f655b559-ln675 status=200  latency=2473.5ms
[375/756] 2022-04-20T10:00:00  total_mb=3587  pods=1
  → pod=target-app-57f655b559-ln675 status=200  latency=2052.8ms
[376/756] 2022-04-20T10:40:00  total_mb=3483  pods=1
  → pod=target-app-57f655b559-ln675 status=200  latency=1907.8ms
[377/756] 2022-04-20T11:20:00  total_mb=3451  pods=1
  → pod=target-app-57f655b559-ln675 status=200  latency=2068.2ms
[378/756] 2022-04-20T12:00:00  total_mb=3545  pods=1
  → pod=target-app-57f655b559-ln675 status=200  latency=2029.9ms
[379/756] 2022-04-20T12:40:00  total_mb=3624  pods=1
  → pod=target-app-57f655b559-ln675 status=200  latency=2240.9ms
[380/756] 2022-04-20T13:20:00  total_mb=3679  pods=2
  → pod=target-app-57f655b559-jpjcv status=200  latency=1387.0ms
  → pod=target-app-57f655b559-ln675 status=200  latency=1902.5ms
[381/756] 2022-04-20T14:00:00  total_mb=3681  pods=1
  → pod=target-app-57f655b559-ln675 status=200  latency=2116.6ms
[382/756] 2022-04-20T14:40:00  total_mb=3635  pods=1
  → pod=target-app-57f655b559-ln675 status=200  latency=2135.8ms
[383/756] 2022-04-20T15:20:00  total_mb=3515  pods=1
  → pod=target-app-57f655b559-ln675 status=200  latency=2196.5ms
[384/756] 2022-04-20T16:00:00  total_mb=3058  pods=1
  → pod=target-app-57f655b559-ln675 status=200  latency=1861.0ms
[385/756] 2022-04-20T16:40:00  total_mb=2656  pods=1
  → pod=target-app-57f655b559-ln675 status=200  latency=1731.9ms
[386/756] 2022-04-20T17:20:00  total_mb=2576  pods=1
  → pod=target-app-57f655b559-ln675 status=200  latency=1610.1ms
[387/756] 2022-04-20T18:00:00  total_mb=2525  pods=1
  → pod=target-app-57f655b559-ln675 status=200  latency=1456.3ms
[388/756] 2022-04-20T18:40:00  total_mb=2448  pods=1
  → pod=target-app-57f655b559-ln675 status=200  latency=1441.1ms
[389/756] 2022-04-20T19:20:00  total_mb=2448  pods=1
  → pod=target-app-57f655b559-ln675 status=200  latency=1535.7ms
[390/756] 2022-04-20T20:00:00  total_mb=2448  pods=1
  → pod=target-app-7b58bf89f-2bq9q status=200  latency=1330.7ms
[391/756] 2022-04-20T20:40:00  total_mb=2466  pods=1
  → pod=target-app-7b58bf89f-2bq9q status=200  latency=1414.6ms
[392/756] 2022-04-20T21:20:00  total_mb=2480  pods=1
  Error on attempt 1/10 for pod target-app-7b58bf89f-2bq9q: kubectl exec failed: error: cannot exec into a container in a completed pod; current phase is Succeeded
, retrying in 3s …
  Error on attempt 2/10 for pod target-app-7b58bf89f-2bq9q: kubectl exec failed: Error from server (NotFound): pods "target-app-7b58bf89f-2bq9q" not found
, retrying in 3s …
  Error on attempt 3/10 for pod target-app-7b58bf89f-2bq9q: kubectl exec failed: Error from server (NotFound): pods "target-app-7b58bf89f-2bq9q" not found
, retrying in 3s …
  Error on attempt 4/10 for pod target-app-7b58bf89f-2bq9q: kubectl exec failed: Error from server (NotFound): pods "target-app-7b58bf89f-2bq9q" not found
, retrying in 3s …
  Error on attempt 5/10 for pod target-app-7b58bf89f-2bq9q: kubectl exec failed: Error from server (NotFound): pods "target-app-7b58bf89f-2bq9q" not found
, retrying in 3s …
  Error on attempt 6/10 for pod target-app-7b58bf89f-2bq9q: kubectl exec failed: Error from server (NotFound): pods "target-app-7b58bf89f-2bq9q" not found
, retrying in 3s …
  Error on attempt 7/10 for pod target-app-7b58bf89f-2bq9q: kubectl exec failed: Error from server (NotFound): pods "target-app-7b58bf89f-2bq9q" not found
, retrying in 3s …
