/usr/local/lib/python3.9/site-packages/google/auth/__init__.py:54: FutureWarning: You are using a Python version 3.9 past its end of life. Google will update google-auth with critical bug fixes on a best-effort basis, but not with any other fixes or features. Please upgrade your Python version, and then update google-auth.
  warnings.warn(eol_message.format("3.9"), FutureWarning)
/usr/local/lib/python3.9/site-packages/google/oauth2/__init__.py:40: FutureWarning: You are using a Python version 3.9 past its end of life. Google will update google-auth with critical bug fixes on a best-effort basis, but not with any other fixes or features. Please upgrade your Python version, and then update google-auth.
  warnings.warn(eol_message.format("3.9"), FutureWarning)
2026-06-16T17:46:08 [INFO] scaler.main — Scaler starting: namespace=tcc-expsm-b-cpu-hv model=ExponentialSmoothing dataset=b-cpu mode=combined
2026-06-16T17:46:08 [INFO] scaler.main — Scale Engine active: VM Cores=5.00, VM RAM=8.00GB | Real Cores=32.00, Real RAM=1024.00GB
2026-06-16T17:46:13 [WARNING] darts.models — The statsforecast module could not be imported. To enable support for the StatsForecastAutoARIMA, StatsForecastETS and Croston models, please consider installing it.
2026-06-16T17:46:13 [INFO] predictor — Model loaded: ExponentialSmoothing | dataset_slug=b-cpu | run_dir=/app/experiments/results/cegedim_application_B_CPU_exp1/ExponentialSmoothing/20260609_011715
2026-06-16T17:46:13 [INFO] predictor — Model loaded: ExponentialSmoothing | dataset_slug=b-ram | run_dir=/app/experiments/results/cegedim_application_B_RAM_exp1/ExponentialSmoothing/20260609_011715
2026-06-16T17:46:13 [INFO] predictor — Secondary model loaded for combined mode: slug=b-ram
2026-06-16T17:46:13 [INFO] k8s_scaler — Using in-cluster Kubernetes config
2026-06-16T17:46:13 [INFO] metrics_recorder — MetricsRecorder: initialized scaling and warmup logs in /results
2026-06-16T17:46:13 [INFO] scaler.main — Bootstrapping history: 30 minutes at 15s steps
2026-06-16T17:46:13 [INFO] scaler.main — Bootstrap complete: cpu=120 rows, ram=121 rows
2026-06-16T17:46:13 [INFO] predictor — fit_predict.history: rows=121 freq=15S head=[{'timestamp_date_format': Timestamp('2026-06-16 17:16:00'), 'Total_Usage': 3.2544873972507475}, {'timestamp_date_format': Timestamp('2026-06-16 17:16:15'), 'Total_Usage': 2.673847198544511}, {'timestamp_date_format': Timestamp('2026-06-16 17:16:30'), 'Total_Usage': 2.1639349482585235}] tail=[{'timestamp_date_format': Timestamp('2026-06-16 17:45:30'), 'Total_Usage': 3.2505881059123682}, {'timestamp_date_format': Timestamp('2026-06-16 17:45:45'), 'Total_Usage': 3.2772769958838683}, {'timestamp_date_format': Timestamp('2026-06-16 17:46:00'), 'Total_Usage': 2.3990427468381883}]
2026-06-16T17:46:13 [INFO] predictor — fit_predict.test_df: rows=1 freq=15S head=[{'timestamp_date_format': Timestamp('2026-06-16 17:46:15'), 'Total_Usage': 0.0}] tail=[{'timestamp_date_format': Timestamp('2026-06-16 17:46:15'), 'Total_Usage': 0.0}]
2026-06-16T17:46:13 [INFO] predictor — fit_predict.raw_pred=2.5323422494510863 freq=15S
2026-06-16T17:46:13 [INFO] predictor — fit_predict_secondary.history: rows=121 freq=15S head=[{'timestamp_date_format': Timestamp('2026-06-16 17:16:00'), 'Total_Usage': 723.77392578125}, {'timestamp_date_format': Timestamp('2026-06-16 17:16:15'), 'Total_Usage': 724.8896484375}, {'timestamp_date_format': Timestamp('2026-06-16 17:16:30'), 'Total_Usage': 724.76318359375}] tail=[{'timestamp_date_format': Timestamp('2026-06-16 17:45:30'), 'Total_Usage': 990.1962890625}, {'timestamp_date_format': Timestamp('2026-06-16 17:45:45'), 'Total_Usage': 990.8916015625}, {'timestamp_date_format': Timestamp('2026-06-16 17:46:00'), 'Total_Usage': 830.29638671875}]
2026-06-16T17:46:13 [INFO] predictor — fit_predict_secondary.test_df: rows=1 freq=15S head=[{'timestamp_date_format': Timestamp('2026-06-16 17:46:15'), 'Total_Usage': 0.0}] tail=[{'timestamp_date_format': Timestamp('2026-06-16 17:46:15'), 'Total_Usage': 0.0}]
2026-06-16T17:46:13 [INFO] predictor — fit_predict_secondary.raw_pred=795.9756254087613 freq=15S
2026-06-16T17:46:13 [INFO] k8s_scaler — Patching memory → limit=7168Mi request=256Mi
2026-06-16T17:46:13 [INFO] scaler.main — Cycle 0 | cpu=0.375→2.532 replicas=1→1 | ram=6.487GB→795.976GB mem=4096MB→7168MB | h=no_change v=scale_up | sla_cpu=False sla_ram=False
