/usr/local/lib/python3.9/site-packages/google/auth/__init__.py:54: FutureWarning: You are using a Python version 3.9 past its end of life. Google will update google-auth with critical bug fixes on a best-effort basis, but not with any other fixes or features. Please upgrade your Python version, and then update google-auth.
  warnings.warn(eol_message.format("3.9"), FutureWarning)
/usr/local/lib/python3.9/site-packages/google/oauth2/__init__.py:40: FutureWarning: You are using a Python version 3.9 past its end of life. Google will update google-auth with critical bug fixes on a best-effort basis, but not with any other fixes or features. Please upgrade your Python version, and then update google-auth.
  warnings.warn(eol_message.format("3.9"), FutureWarning)
2026-06-18T22:36:19 [INFO] scaler.main — Scaler starting: namespace=tcc-ens-expsm-prophet-b-cpu-hv model=Ensemble dataset=b-cpu mode=combined
2026-06-18T22:36:19 [INFO] scaler.main — Scale Engine active: VM Cores=5.00, VM RAM=8.00GB | Real Cores=32.00, Real RAM=1024.00GB
2026-06-18T22:36:24 [WARNING] darts.models — The statsforecast module could not be imported. To enable support for the StatsForecastAutoARIMA, StatsForecastETS and Croston models, please consider installing it.
2026-06-18T22:36:24 [INFO] predictor — Model loaded: Ensemble[ExponentialSmoothing+Prophet] | dataset_slug=b-cpu | run_dir=/app/experiments/results/cegedim_application_B_CPU_exp1/Ensemble[Prophet+ExponentialSmoothing]/20260609_013801
2026-06-18T22:36:24 [INFO] predictor — Model loaded: Ensemble[ExponentialSmoothing+Prophet] | dataset_slug=b-ram | run_dir=/app/experiments/results/cegedim_application_B_RAM_exp1/Ensemble[Prophet+ExponentialSmoothing]/20260609_031145
2026-06-18T22:36:24 [INFO] predictor — Secondary model loaded for combined mode: slug=b-ram
2026-06-18T22:36:24 [INFO] k8s_scaler — Using in-cluster Kubernetes config
2026-06-18T22:36:24 [INFO] metrics_recorder — MetricsRecorder: initialized scaling and warmup logs in /results
2026-06-18T22:36:24 [INFO] scaler.main — Bootstrapping history: 30 minutes at 15s steps
2026-06-18T22:36:25 [INFO] scaler.main — Bootstrap complete: cpu=121 rows, ram=121 rows
2026-06-18T22:36:25 [INFO] predictor — fit_predict.history: rows=121 freq=15S head=[{'timestamp_date_format': Timestamp('2026-06-18 22:06:15'), 'Total_Usage': 3.599777624555326}, {'timestamp_date_format': Timestamp('2026-06-18 22:06:30'), 'Total_Usage': 3.034021023390724}, {'timestamp_date_format': Timestamp('2026-06-18 22:06:45'), 'Total_Usage': 2.5154414770839923}] tail=[{'timestamp_date_format': Timestamp('2026-06-18 22:35:45'), 'Total_Usage': 3.253732018507602}, {'timestamp_date_format': Timestamp('2026-06-18 22:36:00'), 'Total_Usage': 3.117094445100514}, {'timestamp_date_format': Timestamp('2026-06-18 22:36:15'), 'Total_Usage': 2.9517391860510744}]
2026-06-18T22:36:25 [INFO] predictor — fit_predict.test_df: rows=1 freq=15S head=[{'timestamp_date_format': Timestamp('2026-06-18 22:36:30'), 'Total_Usage': 0.0}] tail=[{'timestamp_date_format': Timestamp('2026-06-18 22:36:30'), 'Total_Usage': 0.0}]
2026-06-18T22:36:25 [INFO] predictor — fit_predict.raw_pred=3.2354150390594283 freq=15S
2026-06-18T22:36:25 [INFO] predictor — fit_predict_secondary.history: rows=121 freq=15S head=[{'timestamp_date_format': Timestamp('2026-06-18 22:06:15'), 'Total_Usage': 782.9150390625}, {'timestamp_date_format': Timestamp('2026-06-18 22:06:30'), 'Total_Usage': 626.015625}, {'timestamp_date_format': Timestamp('2026-06-18 22:06:45'), 'Total_Usage': 625.49853515625}] tail=[{'timestamp_date_format': Timestamp('2026-06-18 22:35:45'), 'Total_Usage': 498.0517578125}, {'timestamp_date_format': Timestamp('2026-06-18 22:36:00'), 'Total_Usage': 523.09228515625}, {'timestamp_date_format': Timestamp('2026-06-18 22:36:15'), 'Total_Usage': 421.1806640625}]
2026-06-18T22:36:25 [INFO] predictor — fit_predict_secondary.test_df: rows=1 freq=15S head=[{'timestamp_date_format': Timestamp('2026-06-18 22:36:30'), 'Total_Usage': 0.0}] tail=[{'timestamp_date_format': Timestamp('2026-06-18 22:36:30'), 'Total_Usage': 0.0}]
2026-06-18T22:36:25 [INFO] predictor — fit_predict_secondary.raw_pred=433.1510126964019 freq=15S
2026-06-18T22:36:25 [INFO] k8s_scaler — Ignoring vertical scale-down during 120s startup grace period.
2026-06-18T22:36:25 [INFO] scaler.main — Cycle 0 | cpu=0.461→3.235 replicas=2→2 | ram=3.290GB→433.151GB mem=4096MB→4096MB | h=no_change v=cooldown | sla_cpu=False sla_ram=False
