  Error on attempt 1/10 for pod target-app-54678f7884-5n49x: kubectl exec failed: command terminated with exit code 137
, retrying in 3s …
  Error on attempt 2/10 for pod target-app-54678f7884-5n49x: kubectl exec failed: command terminated with exit code 137
, retrying in 3s …
  Error on attempt 3/10 for pod target-app-54678f7884-5n49x: kubectl exec failed: error: unable to upgrade connection: container not found ("target-app")
, retrying in 3s …
  Error on attempt 4/10 for pod target-app-54678f7884-5n49x: kubectl exec failed: error: unable to upgrade connection: container not found ("target-app")
, retrying in 3s …
  Error on attempt 5/10 for pod target-app-54678f7884-5n49x: kubectl exec failed: error: unable to upgrade connection: container not found ("target-app")
, retrying in 3s …
  Error on attempt 6/10 for pod target-app-54678f7884-5n49x: kubectl exec failed: error: unable to upgrade connection: container not found ("target-app")
, retrying in 3s …
  Error on attempt 7/10 for pod target-app-54678f7884-5n49x: kubectl exec failed: error: unable to upgrade connection: container not found ("target-app")
, retrying in 3s …
  Error on attempt 8/10 for pod target-app-54678f7884-5n49x: kubectl exec failed: command terminated with exit code 137
, retrying in 3s …
  Error on attempt 9/10 for pod target-app-54678f7884-5n49x: kubectl exec failed: Error from server (NotFound): pods "target-app-54678f7884-5n49x" not found
, retrying in 3s …
  Error on attempt 10/10 for pod target-app-54678f7884-5n49x: kubectl exec failed: Error from server (NotFound): pods "target-app-54678f7884-5n49x" not found
, retrying in 3s …
  Error on attempt 1/10 for pod target-app-7d7746d958-xq4wc: kubectl exec failed: Error from server (NotFound): pods "target-app-7d7746d958-xq4wc" not found
, retrying in 3s …
  Error on attempt 2/10 for pod target-app-7d7746d958-xq4wc: kubectl exec failed: Error from server (NotFound): pods "target-app-7d7746d958-xq4wc" not found
, retrying in 3s …
  Error on attempt 3/10 for pod target-app-7d7746d958-xq4wc: kubectl exec failed: Error from server (NotFound): pods "target-app-7d7746d958-xq4wc" not found
, retrying in 3s …
  Error on attempt 4/10 for pod target-app-7d7746d958-xq4wc: kubectl exec failed: Error from server (NotFound): pods "target-app-7d7746d958-xq4wc" not found
, retrying in 3s …
  Error on attempt 5/10 for pod target-app-7d7746d958-xq4wc: kubectl exec failed: Error from server (NotFound): pods "target-app-7d7746d958-xq4wc" not found
, retrying in 3s …
  Error on attempt 6/10 for pod target-app-7d7746d958-xq4wc: kubectl exec failed: Error from server (NotFound): pods "target-app-7d7746d958-xq4wc" not found
, retrying in 3s …
  Error on attempt 7/10 for pod target-app-7d7746d958-xq4wc: kubectl exec failed: Error from server (NotFound): pods "target-app-7d7746d958-xq4wc" not found
, retrying in 3s …
  Error on attempt 8/10 for pod target-app-7d7746d958-xq4wc: kubectl exec failed: Error from server (NotFound): pods "target-app-7d7746d958-xq4wc" not found
, retrying in 3s …
  Error on attempt 9/10 for pod target-app-7d7746d958-xq4wc: kubectl exec failed: Error from server (NotFound): pods "target-app-7d7746d958-xq4wc" not found
, retrying in 3s …
  Error on attempt 10/10 for pod target-app-7d7746d958-xq4wc: kubectl exec failed: Error from server (NotFound): pods "target-app-7d7746d958-xq4wc" not found
, retrying in 3s …
RAM injector started: 757 points, starting at index 0, step=15s, namespace=tcc-ens-expsm-fft-c-cpu-hv
Logging to: /app/k8s/load/traces/ram_injection_log.csv
  [startup] waiting for pods in tcc-ens-expsm-fft-c-cpu-hv …
[0/756] 2022-04-10T00:00:00  total_mb=4226  pods=2
  → pod=target-app-54678f7884-5n49x status=ERROR  latency=0.0ms
  → pod=target-app-7d7746d958-xq4wc status=ERROR  latency=0.0ms
[1/756] 2022-04-10T00:40:00  total_mb=4320  pods=1
  → pod=target-app-757955768f-b7hkx status=200  latency=2425.0ms
[2/756] 2022-04-10T01:20:00  total_mb=4443  pods=1
  → pod=target-app-757955768f-b7hkx status=200  latency=2750.7ms
[3/756] 2022-04-10T02:00:00  total_mb=4514  pods=1
  → pod=target-app-757955768f-b7hkx status=200  latency=2406.2ms
[4/756] 2022-04-10T02:40:00  total_mb=4518  pods=1
  → pod=target-app-757955768f-b7hkx status=200  latency=2750.9ms
[5/756] 2022-04-10T03:20:00  total_mb=4520  pods=1
  → pod=target-app-757955768f-b7hkx status=200  latency=2442.9ms
[6/756] 2022-04-10T04:00:00  total_mb=4516  pods=1
  → pod=target-app-757955768f-b7hkx status=200  latency=2614.2ms
[7/756] 2022-04-10T04:40:00  total_mb=4533  pods=1
  → pod=target-app-757955768f-b7hkx status=200  latency=2491.1ms
[8/756] 2022-04-10T05:20:00  total_mb=4808  pods=1
  → pod=target-app-757955768f-b7hkx status=200  latency=2700.9ms
[9/756] 2022-04-10T06:00:00  total_mb=5148  pods=1
  → pod=target-app-757955768f-b7hkx status=200  latency=2784.6ms
[10/756] 2022-04-10T06:40:00  total_mb=5222  pods=1
  → pod=target-app-757955768f-b7hkx status=200  latency=2984.2ms
[11/756] 2022-04-10T07:20:00  total_mb=5236  pods=1
  → pod=target-app-757955768f-b7hkx status=200  latency=3083.4ms
[12/756] 2022-04-10T08:00:00  total_mb=5293  pods=1
  → pod=target-app-757955768f-b7hkx status=200  latency=2988.6ms
[13/756] 2022-04-10T08:40:00  total_mb=5366  pods=1
  → pod=target-app-757955768f-b7hkx status=200  latency=3013.9ms
[14/756] 2022-04-10T09:20:00  total_mb=5397  pods=1
  → pod=target-app-757955768f-b7hkx status=200  latency=2884.3ms
[15/756] 2022-04-10T10:00:00  total_mb=5395  pods=1
  → pod=target-app-757955768f-b7hkx status=200  latency=3047.3ms
[16/756] 2022-04-10T10:40:00  total_mb=5414  pods=1
  → pod=target-app-757955768f-b7hkx status=200  latency=2997.9ms
[17/756] 2022-04-10T11:20:00  total_mb=5406  pods=1
  → pod=target-app-757955768f-b7hkx status=200  latency=3000.1ms
[18/756] 2022-04-10T12:00:00  total_mb=5509  pods=1
  → pod=target-app-757955768f-b7hkx status=200  latency=3213.2ms
[19/756] 2022-04-10T12:40:00  total_mb=5467  pods=1
  → pod=target-app-757955768f-b7hkx status=200  latency=3067.5ms
[20/756] 2022-04-10T13:20:00  total_mb=5468  pods=1
  → pod=target-app-757955768f-b7hkx status=200  latency=3047.6ms
[21/756] 2022-04-10T14:00:00  total_mb=5473  pods=1
  → pod=target-app-757955768f-b7hkx status=200  latency=3106.0ms
[22/756] 2022-04-10T14:40:00  total_mb=5501  pods=1
  → pod=target-app-757955768f-b7hkx status=200  latency=2938.3ms
[23/756] 2022-04-10T15:20:00  total_mb=5573  pods=1
  → pod=target-app-757955768f-b7hkx status=200  latency=3349.3ms
[24/756] 2022-04-10T16:00:00  total_mb=5583  pods=1
  → pod=target-app-757955768f-b7hkx status=200  latency=3242.9ms
[25/756] 2022-04-10T16:40:00  total_mb=5601  pods=1
  → pod=target-app-757955768f-b7hkx status=200  latency=3051.1ms
[26/756] 2022-04-10T17:20:00  total_mb=5598  pods=1
  → pod=target-app-757955768f-b7hkx status=200  latency=3283.3ms
[27/756] 2022-04-10T18:00:00  total_mb=5601  pods=1
  → pod=target-app-757955768f-b7hkx status=200  latency=3437.9ms
[28/756] 2022-04-10T18:40:00  total_mb=5736  pods=1
  → pod=target-app-757955768f-b7hkx status=200  latency=3163.9ms
[29/756] 2022-04-10T19:20:00  total_mb=5733  pods=1
  → pod=target-app-757955768f-b7hkx status=200  latency=3594.6ms
[30/756] 2022-04-10T20:00:00  total_mb=5735  pods=1
  → pod=target-app-757955768f-b7hkx status=200  latency=3535.2ms
[31/756] 2022-04-10T20:40:00  total_mb=5751  pods=1
  → pod=target-app-757955768f-b7hkx status=200  latency=3057.9ms
[32/756] 2022-04-10T21:20:00  total_mb=4188  pods=1
  → pod=target-app-757955768f-b7hkx status=200  latency=2400.3ms
[33/756] 2022-04-10T22:00:00  total_mb=4393  pods=1
  → pod=target-app-757955768f-b7hkx status=200  latency=2466.1ms
[34/756] 2022-04-10T22:40:00  total_mb=4702  pods=1
  → pod=target-app-757955768f-b7hkx status=200  latency=2759.3ms
[35/756] 2022-04-10T23:20:00  total_mb=4835  pods=1
  → pod=target-app-757955768f-b7hkx status=200  latency=2867.8ms
[36/756] 2022-04-11T00:00:00  total_mb=4847  pods=1
  → pod=target-app-757955768f-b7hkx status=200  latency=2611.4ms
[37/756] 2022-04-11T00:40:00  total_mb=4934  pods=1
  → pod=target-app-757955768f-b7hkx status=200  latency=2743.1ms
[38/756] 2022-04-11T01:20:00  total_mb=5018  pods=1
  → pod=target-app-757955768f-b7hkx status=200  latency=2693.0ms
[39/756] 2022-04-11T02:00:00  total_mb=5108  pods=1
  → pod=target-app-757955768f-b7hkx status=200  latency=2828.3ms
[40/756] 2022-04-11T02:40:00  total_mb=5079  pods=1
  → pod=target-app-757955768f-b7hkx status=200  latency=2800.6ms
[41/756] 2022-04-11T03:20:00  total_mb=5086  pods=1
  → pod=target-app-757955768f-b7hkx status=200  latency=2833.8ms
[42/756] 2022-04-11T04:00:00  total_mb=5132  pods=1
  → pod=target-app-757955768f-b7hkx status=200  latency=2823.0ms
[43/756] 2022-04-11T04:40:00  total_mb=5209  pods=1
  → pod=target-app-757955768f-b7hkx status=200  latency=2791.0ms
[44/756] 2022-04-11T05:20:00  total_mb=5211  pods=1
  → pod=target-app-757955768f-b7hkx status=200  latency=2948.3ms
[45/756] 2022-04-11T06:00:00  total_mb=5219  pods=1
  → pod=target-app-757955768f-b7hkx status=200  latency=2720.9ms
[46/756] 2022-04-11T06:40:00  total_mb=5349  pods=1
  → pod=target-app-757955768f-b7hkx status=200  latency=2914.0ms
[47/756] 2022-04-11T07:20:00  total_mb=5443  pods=2
  → pod=target-app-757955768f-6l627 status=200  latency=1670.5ms
  → pod=target-app-757955768f-b7hkx status=200  latency=2334.8ms
[48/756] 2022-04-11T08:00:00  total_mb=5718  pods=2
  → pod=target-app-57f655b559-c48qb status=200  latency=1490.6ms
  → pod=target-app-57f655b559-mj8cw status=200  latency=1479.4ms
[49/756] 2022-04-11T08:40:00  total_mb=5750  pods=2
  → pod=target-app-57f655b559-c48qb status=200  latency=1833.1ms
  → pod=target-app-57f655b559-mj8cw status=200  latency=1587.1ms
[50/756] 2022-04-11T09:20:00  total_mb=5866  pods=2
  → pod=target-app-57f655b559-c48qb status=200  latency=1668.1ms
  → pod=target-app-57f655b559-mj8cw status=200  latency=1680.2ms
[51/756] 2022-04-11T10:00:00  total_mb=5947  pods=2
  → pod=target-app-57f655b559-c48qb status=200  latency=1743.4ms
  → pod=target-app-57f655b559-mj8cw status=200  latency=1569.4ms
[52/756] 2022-04-11T10:40:00  total_mb=6007  pods=2
  → pod=target-app-57f655b559-c48qb status=200  latency=1875.2ms
  → pod=target-app-57f655b559-mj8cw status=200  latency=1606.9ms
[53/756] 2022-04-11T11:20:00  total_mb=6020  pods=2
  → pod=target-app-57f655b559-c48qb status=200  latency=1816.8ms
  → pod=target-app-57f655b559-mj8cw status=200  latency=1740.7ms
[54/756] 2022-04-11T12:00:00  total_mb=6135  pods=2
  → pod=target-app-57f655b559-c48qb status=200  latency=1850.0ms
  → pod=target-app-57f655b559-mj8cw status=200  latency=2077.5ms
[55/756] 2022-04-11T12:40:00  total_mb=6142  pods=2
  → pod=target-app-57f655b559-c48qb status=200  latency=1855.7ms
  → pod=target-app-57f655b559-mj8cw status=200  latency=1771.2ms
[56/756] 2022-04-11T13:20:00  total_mb=6140  pods=2
  → pod=target-app-57f655b559-c48qb status=200  latency=1955.2ms
  → pod=target-app-57f655b559-mj8cw status=200  latency=1662.3ms
[57/756] 2022-04-11T14:00:00  total_mb=6249  pods=2
  → pod=target-app-57f655b559-c48qb status=200  latency=1836.9ms
  → pod=target-app-57f655b559-mj8cw status=200  latency=1806.0ms
[58/756] 2022-04-11T14:40:00  total_mb=6255  pods=2
  → pod=target-app-57f655b559-c48qb status=200  latency=1912.1ms
  → pod=target-app-57f655b559-mj8cw status=200  latency=1914.0ms
[59/756] 2022-04-11T15:20:00  total_mb=6259  pods=2
  Error on attempt 1/10 for pod target-app-6d7f8dfcc7-rs2tn: kubectl exec failed: command terminated with exit code 137
, retrying in 3s …
  Error on attempt 2/10 for pod target-app-6d7f8dfcc7-rs2tn: kubectl exec failed: command terminated with exit code 137
, retrying in 3s …
  Error on attempt 3/10 for pod target-app-6d7f8dfcc7-rs2tn: kubectl exec failed: error: unable to upgrade connection: container not found ("target-app")
, retrying in 3s …
  Error on attempt 4/10 for pod target-app-6d7f8dfcc7-rs2tn: kubectl exec failed: error: cannot exec into a container in a completed pod; current phase is Failed
, retrying in 3s …
  Error on attempt 5/10 for pod target-app-6d7f8dfcc7-rs2tn: kubectl exec failed: Error from server (NotFound): pods "target-app-6d7f8dfcc7-rs2tn" not found
, retrying in 3s …
  Error on attempt 6/10 for pod target-app-6d7f8dfcc7-rs2tn: kubectl exec failed: Error from server (NotFound): pods "target-app-6d7f8dfcc7-rs2tn" not found
, retrying in 3s …
  Error on attempt 7/10 for pod target-app-6d7f8dfcc7-rs2tn: kubectl exec failed: Error from server (NotFound): pods "target-app-6d7f8dfcc7-rs2tn" not found
, retrying in 3s …
  Error on attempt 8/10 for pod target-app-6d7f8dfcc7-rs2tn: kubectl exec failed: Error from server (NotFound): pods "target-app-6d7f8dfcc7-rs2tn" not found
, retrying in 3s …
  Error on attempt 9/10 for pod target-app-6d7f8dfcc7-rs2tn: kubectl exec failed: Error from server (NotFound): pods "target-app-6d7f8dfcc7-rs2tn" not found
, retrying in 3s …
  Error on attempt 10/10 for pod target-app-6d7f8dfcc7-rs2tn: kubectl exec failed: Error from server (NotFound): pods "target-app-6d7f8dfcc7-rs2tn" not found
, retrying in 3s …
  Error on attempt 1/10 for pod target-app-799b9dff59-cjwbx: kubectl exec failed: command terminated with exit code 137
, retrying in 3s …
  Error on attempt 2/10 for pod target-app-799b9dff59-cjwbx: kubectl exec failed: command terminated with exit code 137
, retrying in 3s …
  Error on attempt 3/10 for pod target-app-799b9dff59-cjwbx: kubectl exec failed: error: unable to upgrade connection: container not found ("target-app")
, retrying in 3s …
  Error on attempt 4/10 for pod target-app-799b9dff59-cjwbx: kubectl exec failed: error: unable to upgrade connection: container not found ("target-app")
, retrying in 3s …
  Error on attempt 5/10 for pod target-app-799b9dff59-cjwbx: kubectl exec failed: error: unable to upgrade connection: container not found ("target-app")
, retrying in 3s …
  Error on attempt 6/10 for pod target-app-799b9dff59-cjwbx: kubectl exec failed: error: unable to upgrade connection: container not found ("target-app")
, retrying in 3s …
  Error on attempt 7/10 for pod target-app-799b9dff59-cjwbx: kubectl exec failed: error: unable to upgrade connection: container not found ("target-app")
, retrying in 3s …
  Error on attempt 8/10 for pod target-app-799b9dff59-cjwbx: kubectl exec failed: command terminated with exit code 137
, retrying in 3s …
  Error on attempt 9/10 for pod target-app-799b9dff59-cjwbx: kubectl exec failed: error: unable to upgrade connection: container not found ("target-app")
, retrying in 3s …
  Error on attempt 10/10 for pod target-app-799b9dff59-cjwbx: kubectl exec failed: error: unable to upgrade connection: container not found ("target-app")
, retrying in 3s …
  Error on attempt 1/10 for pod target-app-799b9dff59-cjwbx: kubectl exec failed: error: unable to upgrade connection: container not found ("target-app")
, retrying in 3s …
  Error on attempt 2/10 for pod target-app-799b9dff59-cjwbx: kubectl exec failed: error: unable to upgrade connection: container not found ("target-app")
, retrying in 3s …
  Error on attempt 3/10 for pod target-app-799b9dff59-cjwbx: kubectl exec failed: command terminated with exit code 137
, retrying in 3s …
  Error on attempt 4/10 for pod target-app-799b9dff59-cjwbx: kubectl exec failed: error: unable to upgrade connection: container not found ("target-app")
, retrying in 3s …
  Error on attempt 5/10 for pod target-app-799b9dff59-cjwbx: kubectl exec failed: error: unable to upgrade connection: container not found ("target-app")
, retrying in 3s …
  Error on attempt 6/10 for pod target-app-799b9dff59-cjwbx: kubectl exec failed: error: unable to upgrade connection: container not found ("target-app")
, retrying in 3s …
  Error on attempt 7/10 for pod target-app-799b9dff59-cjwbx: kubectl exec failed: error: unable to upgrade connection: container not found ("target-app")
, retrying in 3s …
  Error on attempt 8/10 for pod target-app-799b9dff59-cjwbx: kubectl exec failed: error: unable to upgrade connection: container not found ("target-app")
, retrying in 3s …
  Error on attempt 9/10 for pod target-app-799b9dff59-cjwbx: kubectl exec failed: error: unable to upgrade connection: container not found ("target-app")
, retrying in 3s …
  Error on attempt 10/10 for pod target-app-799b9dff59-cjwbx: kubectl exec failed: error: unable to upgrade connection: container not found ("target-app")
, retrying in 3s …
  Error on attempt 1/10 for pod target-app-799b9dff59-cjwbx: kubectl exec failed: error: unable to upgrade connection: container not found ("target-app")
, retrying in 3s …
  Error on attempt 2/10 for pod target-app-799b9dff59-cjwbx: kubectl exec failed: command terminated with exit code 137
, retrying in 3s …
  Error on attempt 3/10 for pod target-app-799b9dff59-cjwbx: kubectl exec failed: error: unable to upgrade connection: container not found ("target-app")
, retrying in 3s …
  Error on attempt 4/10 for pod target-app-799b9dff59-cjwbx: kubectl exec failed: Error from server (NotFound): pods "target-app-799b9dff59-cjwbx" not found
, retrying in 3s …
  Error on attempt 5/10 for pod target-app-799b9dff59-cjwbx: kubectl exec failed: Error from server (NotFound): pods "target-app-799b9dff59-cjwbx" not found
, retrying in 3s …
  Error on attempt 6/10 for pod target-app-799b9dff59-cjwbx: kubectl exec failed: Error from server (NotFound): pods "target-app-799b9dff59-cjwbx" not found
, retrying in 3s …
  Error on attempt 7/10 for pod target-app-799b9dff59-cjwbx: kubectl exec failed: Error from server (NotFound): pods "target-app-799b9dff59-cjwbx" not found
, retrying in 3s …
  Error on attempt 8/10 for pod target-app-799b9dff59-cjwbx: kubectl exec failed: Error from server (NotFound): pods "target-app-799b9dff59-cjwbx" not found
, retrying in 3s …
  Error on attempt 9/10 for pod target-app-799b9dff59-cjwbx: kubectl exec failed: Error from server (NotFound): pods "target-app-799b9dff59-cjwbx" not found
, retrying in 3s …
  Error on attempt 10/10 for pod target-app-799b9dff59-cjwbx: kubectl exec failed: Error from server (NotFound): pods "target-app-799b9dff59-cjwbx" not found
, retrying in 3s …
  → pod=target-app-57f655b559-c48qb status=200  latency=1761.1ms
  → pod=target-app-57f655b559-mj8cw status=200  latency=1693.5ms
[60/756] 2022-04-11T16:00:00  total_mb=6304  pods=2
  → pod=target-app-57f655b559-c48qb status=200  latency=1902.9ms
  → pod=target-app-57f655b559-mj8cw status=200  latency=1707.8ms
[61/756] 2022-04-11T16:40:00  total_mb=6355  pods=2
  → pod=target-app-57f655b559-c48qb status=200  latency=1793.8ms
  → pod=target-app-57f655b559-mj8cw status=200  latency=1836.4ms
[62/756] 2022-04-11T17:20:00  total_mb=6359  pods=2
  → pod=target-app-57f655b559-c48qb status=200  latency=1848.7ms
  → pod=target-app-57f655b559-mj8cw status=200  latency=1975.2ms
[63/756] 2022-04-11T18:00:00  total_mb=6369  pods=2
  → pod=target-app-57f655b559-c48qb status=200  latency=1795.5ms
  → pod=target-app-57f655b559-mj8cw status=200  latency=1746.1ms
[64/756] 2022-04-11T18:40:00  total_mb=6374  pods=2
  → pod=target-app-57f655b559-c48qb status=200  latency=2297.8ms
  → pod=target-app-57f655b559-mj8cw status=200  latency=1757.1ms
[65/756] 2022-04-11T19:20:00  total_mb=6396  pods=2
  → pod=target-app-57f655b559-c48qb status=200  latency=1921.0ms
  → pod=target-app-57f655b559-mj8cw status=200  latency=1715.9ms
[66/756] 2022-04-11T20:00:00  total_mb=6394  pods=2
  → pod=target-app-57f655b559-c48qb status=200  latency=1799.8ms
  → pod=target-app-57f655b559-mj8cw status=200  latency=1885.6ms
[67/756] 2022-04-11T20:40:00  total_mb=6426  pods=2
  → pod=target-app-57f655b559-c48qb status=200  latency=1771.8ms
  → pod=target-app-57f655b559-mj8cw status=200  latency=2008.7ms
[68/756] 2022-04-11T21:20:00  total_mb=4243  pods=2
  → pod=target-app-57f655b559-c48qb status=200  latency=1319.3ms
  → pod=target-app-57f655b559-mj8cw status=200  latency=1340.3ms
[69/756] 2022-04-11T22:00:00  total_mb=4632  pods=2
  → pod=target-app-57f655b559-c48qb status=200  latency=1481.9ms
  → pod=target-app-57f655b559-mj8cw status=200  latency=1660.6ms
[70/756] 2022-04-11T22:40:00  total_mb=4969  pods=2
  → pod=target-app-57f655b559-c48qb status=200  latency=1461.5ms
  → pod=target-app-57f655b559-mj8cw status=200  latency=1447.9ms
[71/756] 2022-04-11T23:20:00  total_mb=5109  pods=2
  → pod=target-app-57f655b559-c48qb status=200  latency=1768.6ms
  → pod=target-app-57f655b559-mj8cw status=200  latency=1618.6ms
[72/756] 2022-04-12T00:00:00  total_mb=5157  pods=2
  → pod=target-app-57f655b559-c48qb status=200  latency=1525.0ms
  → pod=target-app-57f655b559-mj8cw status=200  latency=1528.7ms
[73/756] 2022-04-12T00:40:00  total_mb=5281  pods=2
  → pod=target-app-57f655b559-c48qb status=200  latency=1524.9ms
  → pod=target-app-57f655b559-mj8cw status=200  latency=1490.7ms
[74/756] 2022-04-12T01:20:00  total_mb=5365  pods=2
  → pod=target-app-57f655b559-c48qb status=200  latency=1798.2ms
  → pod=target-app-57f655b559-mj8cw status=200  latency=1745.7ms
[75/756] 2022-04-12T02:00:00  total_mb=5441  pods=2
  → pod=target-app-57f655b559-c48qb status=200  latency=1647.2ms
  → pod=target-app-57f655b559-mj8cw status=200  latency=1608.5ms
[76/756] 2022-04-12T02:40:00  total_mb=5489  pods=2
  → pod=target-app-57f655b559-c48qb status=200  latency=1788.3ms
  → pod=target-app-57f655b559-mj8cw status=200  latency=1692.4ms
[77/756] 2022-04-12T03:20:00  total_mb=5492  pods=2
  → pod=target-app-57f655b559-c48qb status=200  latency=1727.1ms
  → pod=target-app-57f655b559-mj8cw status=200  latency=1602.3ms
[78/756] 2022-04-12T04:00:00  total_mb=5497  pods=2
  → pod=target-app-57f655b559-c48qb status=200  latency=1592.8ms
  → pod=target-app-57f655b559-mj8cw status=200  latency=1647.0ms
[79/756] 2022-04-12T04:40:00  total_mb=5450  pods=2
  → pod=target-app-57f655b559-c48qb status=200  latency=1754.2ms
  → pod=target-app-57f655b559-mj8cw status=200  latency=1568.3ms
[80/756] 2022-04-12T05:20:00  total_mb=5480  pods=2
  → pod=target-app-57f655b559-c48qb status=200  latency=1671.1ms
  → pod=target-app-57f655b559-mj8cw status=200  latency=1567.1ms
[81/756] 2022-04-12T06:00:00  total_mb=5484  pods=2
  → pod=target-app-57f655b559-c48qb status=200  latency=1729.5ms
  → pod=target-app-57f655b559-mj8cw status=200  latency=1677.7ms
[82/756] 2022-04-12T06:40:00  total_mb=5504  pods=2
  → pod=target-app-57f655b559-c48qb status=200  latency=1895.9ms
  → pod=target-app-57f655b559-mj8cw status=200  latency=1959.7ms
[83/756] 2022-04-12T07:20:00  total_mb=5582  pods=2
  → pod=target-app-57f655b559-c48qb status=200  latency=1745.5ms
  → pod=target-app-57f655b559-mj8cw status=200  latency=1647.6ms
[84/756] 2022-04-12T08:00:00  total_mb=5596  pods=2
  → pod=target-app-57f655b559-c48qb status=200  latency=1793.0ms
  → pod=target-app-57f655b559-mj8cw status=200  latency=1666.0ms
[85/756] 2022-04-12T08:40:00  total_mb=5625  pods=2
  → pod=target-app-57f655b559-c48qb status=200  latency=1664.4ms
  → pod=target-app-57f655b559-mj8cw status=200  latency=1947.3ms
[86/756] 2022-04-12T09:20:00  total_mb=5910  pods=2
  → pod=target-app-57f655b559-c48qb status=200  latency=1772.2ms
  → pod=target-app-57f655b559-mj8cw status=200  latency=1658.8ms
[87/756] 2022-04-12T10:00:00  total_mb=5969  pods=2
  → pod=target-app-57f655b559-c48qb status=200  latency=1889.0ms
  → pod=target-app-57f655b559-mj8cw status=200  latency=1801.7ms
[88/756] 2022-04-12T10:40:00  total_mb=5981  pods=2
  → pod=target-app-57f655b559-c48qb status=200  latency=1930.2ms
  → pod=target-app-57f655b559-mj8cw status=200  latency=1880.0ms
[89/756] 2022-04-12T11:20:00  total_mb=6009  pods=2
  → pod=target-app-57f655b559-c48qb status=200  latency=1735.7ms
  → pod=target-app-57f655b559-mj8cw status=200  latency=1856.6ms
[90/756] 2022-04-12T12:00:00  total_mb=6156  pods=2
  → pod=target-app-57f655b559-c48qb status=200  latency=1887.3ms
  → pod=target-app-57f655b559-mj8cw status=200  latency=1737.3ms
[91/756] 2022-04-12T12:40:00  total_mb=6269  pods=2
  → pod=target-app-57f655b559-c48qb status=200  latency=2062.1ms
  → pod=target-app-57f655b559-mj8cw status=200  latency=1979.8ms
[92/756] 2022-04-12T13:20:00  total_mb=6288  pods=2
  → pod=target-app-57f655b559-c48qb status=200  latency=1838.4ms
  → pod=target-app-57f655b559-mj8cw status=200  latency=1801.6ms
[93/756] 2022-04-12T14:00:00  total_mb=6295  pods=2
  → pod=target-app-57f655b559-c48qb status=200  latency=1779.6ms
  → pod=target-app-57f655b559-mj8cw status=200  latency=2071.3ms
[94/756] 2022-04-12T14:40:00  total_mb=6439  pods=2
  → pod=target-app-57f655b559-c48qb status=200  latency=1779.1ms
  → pod=target-app-57f655b559-mj8cw status=200  latency=1740.1ms
[95/756] 2022-04-12T15:20:00  total_mb=6441  pods=2
  → pod=target-app-57f655b559-c48qb status=200  latency=1870.1ms
  → pod=target-app-57f655b559-mj8cw status=200  latency=1776.0ms
[96/756] 2022-04-12T16:00:00  total_mb=6446  pods=2
  → pod=target-app-57f655b559-c48qb status=200  latency=1829.6ms
  → pod=target-app-57f655b559-mj8cw status=200  latency=1798.4ms
[97/756] 2022-04-12T16:40:00  total_mb=6453  pods=2
  → pod=target-app-57f655b559-c48qb status=200  latency=1847.3ms
  → pod=target-app-57f655b559-mj8cw status=200  latency=1852.1ms
[98/756] 2022-04-12T17:20:00  total_mb=6473  pods=2
  → pod=target-app-57f655b559-c48qb status=200  latency=1928.7ms
  → pod=target-app-57f655b559-mj8cw status=200  latency=1741.9ms
[99/756] 2022-04-12T18:00:00  total_mb=6564  pods=1
  → pod=target-app-6d7f8dfcc7-rs2tn status=ERROR  latency=0.0ms
[100/756] 2022-04-12T18:40:00  total_mb=6577  pods=1
  → pod=target-app-799b9dff59-cjwbx status=ERROR  latency=0.0ms
[101/756] 2022-04-12T19:20:00  total_mb=6582  pods=1
  → pod=target-app-799b9dff59-cjwbx status=ERROR  latency=0.0ms
[102/756] 2022-04-12T20:00:00  total_mb=6589  pods=1
  → pod=target-app-799b9dff59-cjwbx status=ERROR  latency=0.0ms
[103/756] 2022-04-12T20:40:00  total_mb=6598  pods=1
  → pod=target-app-757955768f-pfzv2 status=200  latency=3340.7ms
[104/756] 2022-04-12T21:20:00  total_mb=4185  pods=1
  → pod=target-app-757955768f-pfzv2 status=200  latency=2570.9ms
[105/756] 2022-04-12T22:00:00  total_mb=4396  pods=1
  Error on attempt 1/10 for pod target-app-7b58bf89f-jsq96: kubectl exec failed: command terminated with exit code 137
, retrying in 3s …
  Error on attempt 2/10 for pod target-app-7b58bf89f-jsq96: kubectl exec failed: command terminated with exit code 137
, retrying in 3s …
  Error on attempt 3/10 for pod target-app-7b58bf89f-jsq96: kubectl exec failed: error: unable to upgrade connection: container not found ("target-app")
, retrying in 3s …
  Error on attempt 4/10 for pod target-app-7b58bf89f-jsq96: kubectl exec failed: error: unable to upgrade connection: container not found ("target-app")
, retrying in 3s …
  Error on attempt 5/10 for pod target-app-7b58bf89f-jsq96: kubectl exec failed: error: unable to upgrade connection: container not found ("target-app")
, retrying in 3s …
  Error on attempt 6/10 for pod target-app-7b58bf89f-jsq96: kubectl exec failed: Error from server (NotFound): pods "target-app-7b58bf89f-jsq96" not found
, retrying in 3s …
  Error on attempt 7/10 for pod target-app-7b58bf89f-jsq96: kubectl exec failed: Error from server (NotFound): pods "target-app-7b58bf89f-jsq96" not found
, retrying in 3s …
  Error on attempt 8/10 for pod target-app-7b58bf89f-jsq96: kubectl exec failed: Error from server (NotFound): pods "target-app-7b58bf89f-jsq96" not found
, retrying in 3s …
  Error on attempt 9/10 for pod target-app-7b58bf89f-jsq96: kubectl exec failed: Error from server (NotFound): pods "target-app-7b58bf89f-jsq96" not found
, retrying in 3s …
  Error on attempt 10/10 for pod target-app-7b58bf89f-jsq96: kubectl exec failed: Error from server (NotFound): pods "target-app-7b58bf89f-jsq96" not found
, retrying in 3s …
  Error on attempt 1/10 for pod target-app-799b9dff59-drz9h: kubectl exec failed: command terminated with exit code 137
, retrying in 3s …
  Error on attempt 2/10 for pod target-app-799b9dff59-drz9h: kubectl exec failed: command terminated with exit code 137
, retrying in 3s …
  Error on attempt 3/10 for pod target-app-799b9dff59-drz9h: kubectl exec failed: error: unable to upgrade connection: container not found ("target-app")
, retrying in 3s …
  Error on attempt 4/10 for pod target-app-799b9dff59-drz9h: kubectl exec failed: error: unable to upgrade connection: container not found ("target-app")
, retrying in 3s …
  Error on attempt 5/10 for pod target-app-799b9dff59-drz9h: kubectl exec failed: error: unable to upgrade connection: container not found ("target-app")
, retrying in 3s …
  Error on attempt 6/10 for pod target-app-799b9dff59-drz9h: kubectl exec failed: error: unable to upgrade connection: container not found ("target-app")
, retrying in 3s …
  Error on attempt 7/10 for pod target-app-799b9dff59-drz9h: kubectl exec failed: command terminated with exit code 137
, retrying in 3s …
  Error on attempt 8/10 for pod target-app-799b9dff59-drz9h: kubectl exec failed: error: unable to upgrade connection: container not found ("target-app")
, retrying in 3s …
  Error on attempt 9/10 for pod target-app-799b9dff59-drz9h: kubectl exec failed: error: cannot exec into a container in a completed pod; current phase is Failed
, retrying in 3s …
  Error on attempt 10/10 for pod target-app-799b9dff59-drz9h: kubectl exec failed: Error from server (NotFound): pods "target-app-799b9dff59-drz9h" not found
, retrying in 3s …
  Error on attempt 1/10 for pod target-app-799b9dff59-qkk9v: kubectl exec failed: command terminated with exit code 137
, retrying in 3s …
  Error on attempt 2/10 for pod target-app-799b9dff59-qkk9v: kubectl exec failed: command terminated with exit code 137
, retrying in 3s …
  Error on attempt 3/10 for pod target-app-799b9dff59-qkk9v: kubectl exec failed: error: unable to upgrade connection: container not found ("target-app")
, retrying in 3s …
  Error on attempt 4/10 for pod target-app-799b9dff59-qkk9v: kubectl exec failed: error: unable to upgrade connection: container not found ("target-app")
, retrying in 3s …
  Error on attempt 5/10 for pod target-app-799b9dff59-qkk9v: kubectl exec failed: error: cannot exec into a container in a completed pod; current phase is Failed
, retrying in 3s …
  Error on attempt 6/10 for pod target-app-799b9dff59-qkk9v: kubectl exec failed: Error from server (NotFound): pods "target-app-799b9dff59-qkk9v" not found
, retrying in 3s …
  Error on attempt 7/10 for pod target-app-799b9dff59-qkk9v: kubectl exec failed: Error from server (NotFound): pods "target-app-799b9dff59-qkk9v" not found
, retrying in 3s …
  Error on attempt 8/10 for pod target-app-799b9dff59-qkk9v: kubectl exec failed: Error from server (NotFound): pods "target-app-799b9dff59-qkk9v" not found
, retrying in 3s …
  Error on attempt 9/10 for pod target-app-799b9dff59-qkk9v: kubectl exec failed: Error from server (NotFound): pods "target-app-799b9dff59-qkk9v" not found
, retrying in 3s …
  Error on attempt 10/10 for pod target-app-799b9dff59-qkk9v: kubectl exec failed: Error from server (NotFound): pods "target-app-799b9dff59-qkk9v" not found
, retrying in 3s …
  → pod=target-app-757955768f-pfzv2 status=200  latency=2490.7ms
[106/756] 2022-04-12T22:40:00  total_mb=4583  pods=1
  → pod=target-app-757955768f-pfzv2 status=200  latency=2632.3ms
[107/756] 2022-04-12T23:20:00  total_mb=4870  pods=1
  → pod=target-app-757955768f-pfzv2 status=200  latency=3086.2ms
[108/756] 2022-04-13T00:00:00  total_mb=4916  pods=1
  → pod=target-app-757955768f-pfzv2 status=200  latency=2885.3ms
[109/756] 2022-04-13T00:40:00  total_mb=4998  pods=1
  → pod=target-app-757955768f-pfzv2 status=200  latency=2821.6ms
[110/756] 2022-04-13T01:20:00  total_mb=5042  pods=1
  → pod=target-app-757955768f-pfzv2 status=200  latency=2864.1ms
[111/756] 2022-04-13T02:00:00  total_mb=5114  pods=1
  → pod=target-app-757955768f-pfzv2 status=200  latency=2860.1ms
[112/756] 2022-04-13T02:40:00  total_mb=5259  pods=1
  → pod=target-app-757955768f-pfzv2 status=200  latency=2824.0ms
[113/756] 2022-04-13T03:20:00  total_mb=5277  pods=1
  → pod=target-app-757955768f-pfzv2 status=200  latency=3369.1ms
[114/756] 2022-04-13T04:00:00  total_mb=5299  pods=1
  → pod=target-app-757955768f-pfzv2 status=200  latency=3110.9ms
[115/756] 2022-04-13T04:40:00  total_mb=5302  pods=1
  → pod=target-app-757955768f-pfzv2 status=200  latency=2880.0ms
[116/756] 2022-04-13T05:20:00  total_mb=5369  pods=1
  → pod=target-app-757955768f-pfzv2 status=200  latency=3043.5ms
[117/756] 2022-04-13T06:00:00  total_mb=5370  pods=1
  → pod=target-app-757955768f-pfzv2 status=200  latency=2986.1ms
[118/756] 2022-04-13T06:40:00  total_mb=5492  pods=2
  → pod=target-app-757955768f-pfzv2 status=200  latency=2024.2ms
  → pod=target-app-7b58bf89f-jsq96 status=200  latency=1366.5ms
[119/756] 2022-04-13T07:20:00  total_mb=5558  pods=1
  → pod=target-app-7b58bf89f-jsq96 status=ERROR  latency=0.0ms
[120/756] 2022-04-13T08:00:00  total_mb=5582  pods=1
  → pod=target-app-757955768f-7wz5b status=200  latency=2988.3ms
[121/756] 2022-04-13T08:40:00  total_mb=5679  pods=1
  → pod=target-app-757955768f-7wz5b status=200  latency=3143.1ms
[122/756] 2022-04-13T09:20:00  total_mb=5899  pods=1
  → pod=target-app-757955768f-7wz5b status=200  latency=3214.2ms
[123/756] 2022-04-13T10:00:00  total_mb=5931  pods=1
  → pod=target-app-757955768f-7wz5b status=200  latency=3550.5ms
[124/756] 2022-04-13T10:40:00  total_mb=5983  pods=1
  → pod=target-app-757955768f-7wz5b status=200  latency=3443.1ms
[125/756] 2022-04-13T11:20:00  total_mb=6046  pods=1
  → pod=target-app-757955768f-7wz5b status=200  latency=3555.8ms
[126/756] 2022-04-13T12:00:00  total_mb=6025  pods=1
  → pod=target-app-757955768f-7wz5b status=200  latency=3301.6ms
[127/756] 2022-04-13T12:40:00  total_mb=6008  pods=1
  → pod=target-app-757955768f-7wz5b status=200  latency=3474.6ms
[128/756] 2022-04-13T13:20:00  total_mb=6010  pods=1
  → pod=target-app-757955768f-7wz5b status=200  latency=3504.4ms
[129/756] 2022-04-13T14:00:00  total_mb=6074  pods=1
  → pod=target-app-757955768f-7wz5b status=200  latency=3211.7ms
[130/756] 2022-04-13T14:40:00  total_mb=6027  pods=1
  → pod=target-app-757955768f-7wz5b status=200  latency=3369.8ms
[131/756] 2022-04-13T15:20:00  total_mb=6036  pods=1
  → pod=target-app-757955768f-7wz5b status=200  latency=3586.1ms
[132/756] 2022-04-13T16:00:00  total_mb=6058  pods=1
  → pod=target-app-757955768f-7wz5b status=200  latency=3262.4ms
[133/756] 2022-04-13T16:40:00  total_mb=6120  pods=1
  → pod=target-app-757955768f-7wz5b status=200  latency=3408.3ms
[134/756] 2022-04-13T17:20:00  total_mb=6116  pods=1
  → pod=target-app-757955768f-7wz5b status=200  latency=3426.3ms
[135/756] 2022-04-13T18:00:00  total_mb=6163  pods=2
  → pod=target-app-757955768f-7wz5b status=200  latency=1882.4ms
  → pod=target-app-799b9dff59-drz9h status=200  latency=1786.1ms
[136/756] 2022-04-13T18:40:00  total_mb=6164  pods=1
  → pod=target-app-799b9dff59-drz9h status=ERROR  latency=0.0ms
[137/756] 2022-04-13T19:20:00  total_mb=6211  pods=1
  → pod=target-app-55dc8c66cd-wgn7h status=200  latency=3260.0ms
[138/756] 2022-04-13T20:00:00  total_mb=6215  pods=1
  → pod=target-app-55dc8c66cd-wgn7h status=200  latency=3536.0ms
[139/756] 2022-04-13T20:40:00  total_mb=6220  pods=1
  → pod=target-app-55dc8c66cd-wgn7h status=200  latency=3321.6ms
[140/756] 2022-04-13T21:20:00  total_mb=4282  pods=1
  → pod=target-app-55dc8c66cd-wgn7h status=200  latency=2558.7ms
[141/756] 2022-04-13T22:00:00  total_mb=4418  pods=1
  → pod=target-app-55dc8c66cd-wgn7h status=200  latency=2468.5ms
[142/756] 2022-04-13T22:40:00  total_mb=4754  pods=1
  → pod=target-app-55dc8c66cd-wgn7h status=200  latency=2718.6ms
[143/756] 2022-04-13T23:20:00  total_mb=4906  pods=1
  → pod=target-app-55dc8c66cd-wgn7h status=200  latency=2880.5ms
[144/756] 2022-04-14T00:00:00  total_mb=4976  pods=1
  → pod=target-app-55dc8c66cd-wgn7h status=200  latency=2732.8ms
[145/756] 2022-04-14T00:40:00  total_mb=4985  pods=1
  → pod=target-app-55dc8c66cd-wgn7h status=200  latency=2906.2ms
[146/756] 2022-04-14T01:20:00  total_mb=5035  pods=1
  → pod=target-app-55dc8c66cd-wgn7h status=200  latency=2664.6ms
[147/756] 2022-04-14T02:00:00  total_mb=5097  pods=1
  → pod=target-app-55dc8c66cd-wgn7h status=200  latency=2851.0ms
[148/756] 2022-04-14T02:40:00  total_mb=5103  pods=1
  → pod=target-app-55dc8c66cd-wgn7h status=200  latency=3116.5ms
[149/756] 2022-04-14T03:20:00  total_mb=5125  pods=1
  → pod=target-app-55dc8c66cd-wgn7h status=200  latency=2907.2ms
[150/756] 2022-04-14T04:00:00  total_mb=5162  pods=1
  → pod=target-app-55dc8c66cd-wgn7h status=200  latency=2990.3ms
[151/756] 2022-04-14T04:40:00  total_mb=5204  pods=1
  → pod=target-app-55dc8c66cd-wgn7h status=200  latency=2747.3ms
[152/756] 2022-04-14T05:20:00  total_mb=5219  pods=1
  → pod=target-app-55dc8c66cd-wgn7h status=200  latency=2861.7ms
[153/756] 2022-04-14T06:00:00  total_mb=5336  pods=2
  → pod=target-app-55dc8c66cd-wgn7h status=200  latency=1627.8ms
  → pod=target-app-799b9dff59-qkk9v status=200  latency=1728.2ms
[154/756] 2022-04-14T06:40:00  total_mb=5439  pods=1
  → pod=target-app-799b9dff59-qkk9v status=200  latency=2814.8ms
[155/756] 2022-04-14T07:20:00  total_mb=5463  pods=1
  → pod=target-app-799b9dff59-qkk9v status=200  latency=2921.6ms
[156/756] 2022-04-14T08:00:00  total_mb=5532  pods=1
  → pod=target-app-799b9dff59-qkk9v status=200  latency=2908.6ms
[157/756] 2022-04-14T08:40:00  total_mb=5633  pods=1
  → pod=target-app-799b9dff59-qkk9v status=200  latency=3516.6ms
[158/756] 2022-04-14T09:20:00  total_mb=5717  pods=1
  → pod=target-app-799b9dff59-qkk9v status=200  latency=3365.9ms
[159/756] 2022-04-14T10:00:00  total_mb=5811  pods=1
  → pod=target-app-799b9dff59-qkk9v status=200  latency=3010.9ms
[160/756] 2022-04-14T10:40:00  total_mb=5885  pods=1
  → pod=target-app-799b9dff59-qkk9v status=200  latency=3368.8ms
[161/756] 2022-04-14T11:20:00  total_mb=5887  pods=1
  → pod=target-app-799b9dff59-qkk9v status=200  latency=3254.7ms
[162/756] 2022-04-14T12:00:00  total_mb=6025  pods=1
  → pod=target-app-799b9dff59-qkk9v status=200  latency=3202.1ms
[163/756] 2022-04-14T12:40:00  total_mb=6080  pods=1
  → pod=target-app-799b9dff59-qkk9v status=ERROR  latency=0.0ms
[164/756] 2022-04-14T13:20:00  total_mb=6083  pods=1
  → pod=target-app-757955768f-8l224 status=200  latency=3067.4ms
[165/756] 2022-04-14T14:00:00  total_mb=6111  pods=1
  → pod=target-app-757955768f-8l224 status=200  latency=3437.3ms
[166/756] 2022-04-14T14:40:00  total_mb=6190  pods=1
  → pod=target-app-757955768f-8l224 status=200  latency=3489.4ms
[167/756] 2022-04-14T15:20:00  total_mb=6150  pods=1
  → pod=target-app-757955768f-8l224 status=200  latency=3278.1ms
[168/756] 2022-04-14T16:00:00  total_mb=6146  pods=1
  → pod=target-app-757955768f-8l224 status=200  latency=3292.6ms
[169/756] 2022-04-14T16:40:00  total_mb=6194  pods=1
  → pod=target-app-757955768f-8l224 status=200  latency=3606.5ms
[170/756] 2022-04-14T17:20:00  total_mb=6199  pods=1
  → pod=target-app-757955768f-8l224 status=200  latency=3312.5ms
[171/756] 2022-04-14T18:00:00  total_mb=6209  pods=1
  → pod=target-app-757955768f-8l224 status=200  latency=3398.2ms
  Error on attempt 1/10 for pod target-app-7b58bf89f-m4ncg: kubectl exec failed: command terminated with exit code 137
, retrying in 3s …
  Error on attempt 2/10 for pod target-app-7b58bf89f-m4ncg: kubectl exec failed: command terminated with exit code 137
, retrying in 3s …
  Error on attempt 3/10 for pod target-app-7b58bf89f-m4ncg: kubectl exec failed: error: unable to upgrade connection: container not found ("target-app")
, retrying in 3s …
  Error on attempt 4/10 for pod target-app-7b58bf89f-m4ncg: kubectl exec failed: error: unable to upgrade connection: container not found ("target-app")
, retrying in 3s …
  Error on attempt 5/10 for pod target-app-7b58bf89f-m4ncg: kubectl exec failed: error: unable to upgrade connection: container not found ("target-app")
, retrying in 3s …
  Error on attempt 6/10 for pod target-app-7b58bf89f-m4ncg: kubectl exec failed: error: unable to upgrade connection: container not found ("target-app")
, retrying in 3s …
  Error on attempt 7/10 for pod target-app-7b58bf89f-m4ncg: kubectl exec failed: command terminated with exit code 137
, retrying in 3s …
  Error on attempt 8/10 for pod target-app-7b58bf89f-m4ncg: kubectl exec failed: error: unable to upgrade connection: container not found ("target-app")
, retrying in 3s …
  Error on attempt 9/10 for pod target-app-7b58bf89f-m4ncg: kubectl exec failed: error: unable to upgrade connection: container not found ("target-app")
, retrying in 3s …
  Error on attempt 10/10 for pod target-app-7b58bf89f-m4ncg: kubectl exec failed: Error from server (NotFound): pods "target-app-7b58bf89f-m4ncg" not found
, retrying in 3s …
  Error on attempt 1/10 for pod target-app-7b58bf89f-jkzkn: kubectl exec failed: command terminated with exit code 137
, retrying in 3s …
  Error on attempt 2/10 for pod target-app-7b58bf89f-jkzkn: kubectl exec failed: command terminated with exit code 137
, retrying in 3s …
  Error on attempt 3/10 for pod target-app-7b58bf89f-jkzkn: kubectl exec failed: error: unable to upgrade connection: container not found ("target-app")
, retrying in 3s …
  Error on attempt 4/10 for pod target-app-7b58bf89f-jkzkn: kubectl exec failed: error: cannot exec into a container in a completed pod; current phase is Failed
, retrying in 3s …
  Error on attempt 5/10 for pod target-app-7b58bf89f-jkzkn: kubectl exec failed: Error from server (NotFound): pods "target-app-7b58bf89f-jkzkn" not found
, retrying in 3s …
  Error on attempt 6/10 for pod target-app-7b58bf89f-jkzkn: kubectl exec failed: Error from server (NotFound): pods "target-app-7b58bf89f-jkzkn" not found
, retrying in 3s …
  Error on attempt 7/10 for pod target-app-7b58bf89f-jkzkn: kubectl exec failed: Error from server (NotFound): pods "target-app-7b58bf89f-jkzkn" not found
, retrying in 3s …
  Error on attempt 8/10 for pod target-app-7b58bf89f-jkzkn: kubectl exec failed: Error from server (NotFound): pods "target-app-7b58bf89f-jkzkn" not found
, retrying in 3s …
  Error on attempt 9/10 for pod target-app-7b58bf89f-jkzkn: kubectl exec failed: Error from server (NotFound): pods "target-app-7b58bf89f-jkzkn" not found
, retrying in 3s …
  Error on attempt 10/10 for pod target-app-7b58bf89f-jkzkn: kubectl exec failed: Error from server (NotFound): pods "target-app-7b58bf89f-jkzkn" not found
, retrying in 3s …
[172/756] 2022-04-14T18:40:00  total_mb=6217  pods=1
  → pod=target-app-757955768f-8l224 status=200  latency=3751.8ms
[173/756] 2022-04-14T19:20:00  total_mb=6179  pods=1
  → pod=target-app-757955768f-8l224 status=200  latency=3646.4ms
[174/756] 2022-04-14T20:00:00  total_mb=6169  pods=1
  → pod=target-app-757955768f-8l224 status=200  latency=3465.1ms
[175/756] 2022-04-14T20:40:00  total_mb=6182  pods=1
  → pod=target-app-757955768f-8l224 status=200  latency=3683.9ms
[176/756] 2022-04-14T21:20:00  total_mb=4185  pods=1
  → pod=target-app-757955768f-8l224 status=200  latency=2434.4ms
[177/756] 2022-04-14T22:00:00  total_mb=4339  pods=1
  → pod=target-app-757955768f-8l224 status=200  latency=2325.0ms
[178/756] 2022-04-14T22:40:00  total_mb=4608  pods=1
  → pod=target-app-757955768f-8l224 status=200  latency=2607.2ms
[179/756] 2022-04-14T23:20:00  total_mb=4841  pods=2
  → pod=target-app-757955768f-8l224 status=200  latency=1496.5ms
  → pod=target-app-799b9dff59-6ljh5 status=200  latency=1285.2ms
[180/756] 2022-04-15T00:00:00  total_mb=4925  pods=1
  → pod=target-app-799b9dff59-6ljh5 status=200  latency=2643.8ms
[181/756] 2022-04-15T00:40:00  total_mb=4926  pods=1
  → pod=target-app-799b9dff59-6ljh5 status=200  latency=2669.6ms
[182/756] 2022-04-15T01:20:00  total_mb=5013  pods=1
  → pod=target-app-799b9dff59-6ljh5 status=200  latency=3071.0ms
[183/756] 2022-04-15T02:00:00  total_mb=5046  pods=1
  → pod=target-app-799b9dff59-6ljh5 status=200  latency=2957.4ms
[184/756] 2022-04-15T02:40:00  total_mb=5131  pods=1
  → pod=target-app-799b9dff59-6ljh5 status=200  latency=2764.1ms
[185/756] 2022-04-15T03:20:00  total_mb=5141  pods=1
  → pod=target-app-799b9dff59-6ljh5 status=200  latency=2894.5ms
[186/756] 2022-04-15T04:00:00  total_mb=5201  pods=1
  → pod=target-app-799b9dff59-6ljh5 status=200  latency=2741.5ms
[187/756] 2022-04-15T04:40:00  total_mb=5182  pods=1
  → pod=target-app-799b9dff59-6ljh5 status=200  latency=3153.7ms
[188/756] 2022-04-15T05:20:00  total_mb=5171  pods=1
  → pod=target-app-799b9dff59-6ljh5 status=200  latency=2900.3ms
[189/756] 2022-04-15T06:00:00  total_mb=5181  pods=1
  → pod=target-app-799b9dff59-6ljh5 status=200  latency=2752.2ms
[190/756] 2022-04-15T06:40:00  total_mb=5231  pods=1
  → pod=target-app-799b9dff59-6ljh5 status=200  latency=2991.8ms
[191/756] 2022-04-15T07:20:00  total_mb=5466  pods=1
  → pod=target-app-799b9dff59-6ljh5 status=200  latency=3020.1ms
[192/756] 2022-04-15T08:00:00  total_mb=5538  pods=1
  → pod=target-app-799b9dff59-6ljh5 status=200  latency=3219.3ms
[193/756] 2022-04-15T08:40:00  total_mb=5573  pods=1
  → pod=target-app-799b9dff59-6ljh5 status=200  latency=3266.1ms
[194/756] 2022-04-15T09:20:00  total_mb=5809  pods=1
  → pod=target-app-799b9dff59-6ljh5 status=200  latency=3061.0ms
[195/756] 2022-04-15T10:00:00  total_mb=5964  pods=1
  → pod=target-app-799b9dff59-6ljh5 status=200  latency=3692.0ms
[196/756] 2022-04-15T10:40:00  total_mb=6054  pods=1
  → pod=target-app-7b58bf89f-m4ncg status=ERROR  latency=0.0ms
[197/756] 2022-04-15T11:20:00  total_mb=6054  pods=1
  → pod=target-app-757955768f-qsbwc status=200  latency=3034.5ms
[198/756] 2022-04-15T12:00:00  total_mb=6139  pods=1
  → pod=target-app-757955768f-qsbwc status=200  latency=3214.4ms
[199/756] 2022-04-15T12:40:00  total_mb=6209  pods=1
  → pod=target-app-757955768f-qsbwc status=200  latency=3327.9ms
[200/756] 2022-04-15T13:20:00  total_mb=6256  pods=1
  → pod=target-app-757955768f-qsbwc status=200  latency=3317.9ms
[201/756] 2022-04-15T14:00:00  total_mb=6273  pods=1
  → pod=target-app-757955768f-qsbwc status=200  latency=3570.0ms
[202/756] 2022-04-15T14:40:00  total_mb=6270  pods=1
  → pod=target-app-757955768f-qsbwc status=200  latency=3376.5ms
[203/756] 2022-04-15T15:20:00  total_mb=6282  pods=1
  → pod=target-app-757955768f-qsbwc status=200  latency=3278.8ms
[204/756] 2022-04-15T16:00:00  total_mb=6317  pods=1
  → pod=target-app-757955768f-qsbwc status=200  latency=3541.9ms
[205/756] 2022-04-15T16:40:00  total_mb=6359  pods=1
  → pod=target-app-757955768f-qsbwc status=200  latency=3383.9ms
[206/756] 2022-04-15T17:20:00  total_mb=6361  pods=1
  → pod=target-app-757955768f-qsbwc status=200  latency=3614.6ms
[207/756] 2022-04-15T18:00:00  total_mb=6347  pods=1
  → pod=target-app-757955768f-qsbwc status=200  latency=3812.5ms
[208/756] 2022-04-15T18:40:00  total_mb=6366  pods=1
  → pod=target-app-757955768f-qsbwc status=200  latency=4010.2ms
[209/756] 2022-04-15T19:20:00  total_mb=6449  pods=1
  → pod=target-app-757955768f-qsbwc status=200  latency=3636.5ms
[210/756] 2022-04-15T20:00:00  total_mb=6446  pods=1
  → pod=target-app-757955768f-qsbwc status=200  latency=3641.6ms
[211/756] 2022-04-15T20:40:00  total_mb=6452  pods=1
  → pod=target-app-757955768f-qsbwc status=200  latency=3558.7ms
[212/756] 2022-04-15T21:20:00  total_mb=4223  pods=2
  → pod=target-app-757955768f-qsbwc status=200  latency=1527.9ms
  → pod=target-app-7b58bf89f-jkzkn status=200  latency=1189.7ms
[213/756] 2022-04-15T22:00:00  total_mb=4419  pods=1
  → pod=target-app-7b58bf89f-jkzkn status=200  latency=2335.2ms
[214/756] 2022-04-15T22:40:00  total_mb=4661  pods=1
  → pod=target-app-7b58bf89f-jkzkn status=200  latency=2559.5ms
[215/756] 2022-04-15T23:20:00  total_mb=4894  pods=1
  → pod=target-app-7b58bf89f-jkzkn status=200  latency=2531.4ms
[216/756] 2022-04-16T00:00:00  total_mb=4985  pods=1
  → pod=target-app-7b58bf89f-jkzkn status=200  latency=3077.3ms
[217/756] 2022-04-16T00:40:00  total_mb=5032  pods=1
  → pod=target-app-7b58bf89f-jkzkn status=200  latency=2927.0ms
[218/756] 2022-04-16T01:20:00  total_mb=5105  pods=1
  → pod=target-app-7b58bf89f-jkzkn status=ERROR  latency=0.0ms
[219/756] 2022-04-16T02:00:00  total_mb=5068  pods=1
  → pod=target-app-757955768f-pgpsf status=200  latency=2508.3ms
[220/756] 2022-04-16T02:40:00  total_mb=5142  pods=1
  → pod=target-app-757955768f-pgpsf status=200  latency=2919.5ms
[221/756] 2022-04-16T03:20:00  total_mb=5157  pods=1
  → pod=target-app-757955768f-pgpsf status=200  latency=2736.5ms
[222/756] 2022-04-16T04:00:00  total_mb=5156  pods=1
  → pod=target-app-757955768f-pgpsf status=200  latency=2803.5ms
[223/756] 2022-04-16T04:40:00  total_mb=5099  pods=1
  → pod=target-app-757955768f-pgpsf status=200  latency=2742.9ms
[224/756] 2022-04-16T05:20:00  total_mb=5127  pods=1
  → pod=target-app-757955768f-pgpsf status=200  latency=2707.0ms
[225/756] 2022-04-16T06:00:00  total_mb=5080  pods=1
  → pod=target-app-757955768f-pgpsf status=200  latency=2873.5ms
[226/756] 2022-04-16T06:40:00  total_mb=5125  pods=1
  → pod=target-app-757955768f-pgpsf status=200  latency=3194.7ms
[227/756] 2022-04-16T07:20:00  total_mb=5196  pods=1
  → pod=target-app-757955768f-pgpsf status=200  latency=3259.6ms
[228/756] 2022-04-16T08:00:00  total_mb=5281  pods=1
  → pod=target-app-757955768f-pgpsf status=200  latency=3285.5ms
[229/756] 2022-04-16T08:40:00  total_mb=5357  pods=1
  → pod=target-app-757955768f-pgpsf status=200  latency=2935.6ms
[230/756] 2022-04-16T09:20:00  total_mb=5350  pods=1
  → pod=target-app-757955768f-pgpsf status=200  latency=3138.8ms
[231/756] 2022-04-16T10:00:00  total_mb=5357  pods=1
  → pod=target-app-757955768f-pgpsf status=200  latency=3070.2ms
[232/756] 2022-04-16T10:40:00  total_mb=5361  pods=1
  → pod=target-app-757955768f-pgpsf status=200  latency=2829.7ms
[233/756] 2022-04-16T11:20:00  total_mb=5376  pods=1
  → pod=target-app-757955768f-pgpsf status=200  latency=2894.2ms
[234/756] 2022-04-16T12:00:00  total_mb=5374  pods=2
  → pod=target-app-757955768f-pgpsf status=200  latency=1863.3ms
  → pod=target-app-799b9dff59-wfzww status=200  latency=1347.9ms
[235/756] 2022-04-16T12:40:00  total_mb=5410  pods=1
  → pod=target-app-799b9dff59-wfzww status=200  latency=2844.7ms
[236/756] 2022-04-16T13:20:00  total_mb=5427  pods=1
  → pod=target-app-799b9dff59-wfzww status=200  latency=3136.9ms
[237/756] 2022-04-16T14:00:00  total_mb=5501  pods=1
  → pod=target-app-799b9dff59-wfzww status=200  latency=2913.3ms
[238/756] 2022-04-16T14:40:00  total_mb=5485  pods=1
  Error on attempt 1/10 for pod target-app-7b58bf89f-dp5hm: kubectl exec failed: command terminated with exit code 137
, retrying in 3s …
  Error on attempt 1/10 for pod target-app-799b9dff59-6hcqn: kubectl exec failed: Error from server (NotFound): pods "target-app-799b9dff59-6hcqn" not found
, retrying in 3s …
  Error on attempt 2/10 for pod target-app-799b9dff59-6hcqn: kubectl exec failed: Error from server (NotFound): pods "target-app-799b9dff59-6hcqn" not found
, retrying in 3s …
  Error on attempt 3/10 for pod target-app-799b9dff59-6hcqn: kubectl exec failed: Error from server (NotFound): pods "target-app-799b9dff59-6hcqn" not found
, retrying in 3s …
  Error on attempt 4/10 for pod target-app-799b9dff59-6hcqn: kubectl exec failed: Error from server (NotFound): pods "target-app-799b9dff59-6hcqn" not found
, retrying in 3s …
  Error on attempt 5/10 for pod target-app-799b9dff59-6hcqn: kubectl exec failed: Error from server (NotFound): pods "target-app-799b9dff59-6hcqn" not found
, retrying in 3s …
  Error on attempt 6/10 for pod target-app-799b9dff59-6hcqn: kubectl exec failed: Error from server (NotFound): pods "target-app-799b9dff59-6hcqn" not found
, retrying in 3s …
  Error on attempt 7/10 for pod target-app-799b9dff59-6hcqn: kubectl exec failed: Error from server (NotFound): pods "target-app-799b9dff59-6hcqn" not found
, retrying in 3s …
  Error on attempt 8/10 for pod target-app-799b9dff59-6hcqn: kubectl exec failed: Error from server (NotFound): pods "target-app-799b9dff59-6hcqn" not found
, retrying in 3s …
  Error on attempt 9/10 for pod target-app-799b9dff59-6hcqn: kubectl exec failed: Error from server (NotFound): pods "target-app-799b9dff59-6hcqn" not found
, retrying in 3s …
  Error on attempt 10/10 for pod target-app-799b9dff59-6hcqn: kubectl exec failed: Error from server (NotFound): pods "target-app-799b9dff59-6hcqn" not found
, retrying in 3s …
  Error on attempt 1/10 for pod target-app-7b58bf89f-58wzl: kubectl exec failed: command terminated with exit code 137
, retrying in 3s …
  Error on attempt 2/10 for pod target-app-7b58bf89f-58wzl: kubectl exec failed: command terminated with exit code 137
, retrying in 3s …
  Error on attempt 3/10 for pod target-app-7b58bf89f-58wzl: kubectl exec failed: error: unable to upgrade connection: container not found ("target-app")
, retrying in 3s …
  Error on attempt 4/10 for pod target-app-7b58bf89f-58wzl: kubectl exec failed: error: unable to upgrade connection: container not found ("target-app")
, retrying in 3s …
  Error on attempt 5/10 for pod target-app-7b58bf89f-58wzl: kubectl exec failed: error: unable to upgrade connection: container not found ("target-app")
, retrying in 3s …
  Error on attempt 6/10 for pod target-app-7b58bf89f-58wzl: kubectl exec failed: Error from server (NotFound): pods "target-app-7b58bf89f-58wzl" not found
, retrying in 3s …
  Error on attempt 7/10 for pod target-app-7b58bf89f-58wzl: kubectl exec failed: Error from server (NotFound): pods "target-app-7b58bf89f-58wzl" not found
, retrying in 3s …
  Error on attempt 8/10 for pod target-app-7b58bf89f-58wzl: kubectl exec failed: Error from server (NotFound): pods "target-app-7b58bf89f-58wzl" not found
, retrying in 3s …
  Error on attempt 9/10 for pod target-app-7b58bf89f-58wzl: kubectl exec failed: Error from server (NotFound): pods "target-app-7b58bf89f-58wzl" not found
, retrying in 3s …
  Error on attempt 10/10 for pod target-app-7b58bf89f-58wzl: kubectl exec failed: Error from server (NotFound): pods "target-app-7b58bf89f-58wzl" not found
, retrying in 3s …
  → pod=target-app-799b9dff59-wfzww status=200  latency=2970.5ms
[239/756] 2022-04-16T15:20:00  total_mb=5484  pods=1
  → pod=target-app-799b9dff59-wfzww status=200  latency=3006.3ms
[240/756] 2022-04-16T16:00:00  total_mb=5424  pods=1
  → pod=target-app-799b9dff59-wfzww status=200  latency=3050.6ms
[241/756] 2022-04-16T16:40:00  total_mb=5433  pods=1
  → pod=target-app-799b9dff59-wfzww status=200  latency=2966.2ms
[242/756] 2022-04-16T17:20:00  total_mb=5441  pods=1
  → pod=target-app-799b9dff59-wfzww status=200  latency=2909.4ms
[243/756] 2022-04-16T18:00:00  total_mb=5462  pods=1
  → pod=target-app-799b9dff59-wfzww status=200  latency=2951.1ms
[244/756] 2022-04-16T18:40:00  total_mb=5528  pods=1
  → pod=target-app-799b9dff59-wfzww status=200  latency=3024.9ms
[245/756] 2022-04-16T19:20:00  total_mb=5598  pods=1
  → pod=target-app-799b9dff59-wfzww status=200  latency=3147.1ms
[246/756] 2022-04-16T20:00:00  total_mb=5654  pods=1
  → pod=target-app-799b9dff59-wfzww status=200  latency=3333.4ms
[247/756] 2022-04-16T20:40:00  total_mb=5632  pods=1
  → pod=target-app-799b9dff59-wfzww status=200  latency=2994.4ms
[248/756] 2022-04-16T21:20:00  total_mb=3817  pods=1
  → pod=target-app-799b9dff59-wfzww status=200  latency=2555.2ms
[249/756] 2022-04-16T22:00:00  total_mb=3984  pods=1
  → pod=target-app-799b9dff59-wfzww status=200  latency=2208.8ms
[250/756] 2022-04-16T22:40:00  total_mb=4046  pods=1
  → pod=target-app-799b9dff59-wfzww status=200  latency=2340.4ms
[251/756] 2022-04-16T23:20:00  total_mb=4148  pods=1
  → pod=target-app-7b58bf89f-dp5hm status=200  latency=2058.4ms
[252/756] 2022-04-17T00:00:00  total_mb=4227  pods=1
  → pod=target-app-7b58bf89f-dp5hm status=200  latency=2400.1ms
[253/756] 2022-04-17T00:40:00  total_mb=4364  pods=1
  → pod=target-app-7b58bf89f-dp5hm status=200  latency=2409.6ms
[254/756] 2022-04-17T01:20:00  total_mb=4464  pods=1
  → pod=target-app-7b58bf89f-dp5hm status=200  latency=2522.9ms
[255/756] 2022-04-17T02:00:00  total_mb=4471  pods=1
  → pod=target-app-7b58bf89f-dp5hm status=200  latency=2498.1ms
[256/756] 2022-04-17T02:40:00  total_mb=4496  pods=1
  → pod=target-app-7b58bf89f-dp5hm status=200  latency=2750.0ms
[257/756] 2022-04-17T03:20:00  total_mb=4510  pods=1
  → pod=target-app-7b58bf89f-dp5hm status=200  latency=2617.1ms
[258/756] 2022-04-17T04:00:00  total_mb=4478  pods=1
  → pod=target-app-7b58bf89f-dp5hm status=200  latency=2538.2ms
[259/756] 2022-04-17T04:40:00  total_mb=4549  pods=1
  → pod=target-app-7b58bf89f-dp5hm status=200  latency=2717.2ms
[260/756] 2022-04-17T05:20:00  total_mb=4902  pods=1
  → pod=target-app-7b58bf89f-dp5hm status=200  latency=2734.5ms
[261/756] 2022-04-17T06:00:00  total_mb=5050  pods=1
  → pod=target-app-7b58bf89f-dp5hm status=200  latency=2782.1ms
[262/756] 2022-04-17T06:40:00  total_mb=5075  pods=2
  → pod=target-app-799b9dff59-6hcqn status=200  latency=1291.3ms
  → pod=target-app-7b58bf89f-dp5hm status=200  latency=1615.7ms
[263/756] 2022-04-17T07:20:00  total_mb=5079  pods=1
  → pod=target-app-799b9dff59-6hcqn status=200  latency=2631.3ms
[264/756] 2022-04-17T08:00:00  total_mb=5120  pods=1
  → pod=target-app-799b9dff59-6hcqn status=200  latency=2820.4ms
[265/756] 2022-04-17T08:40:00  total_mb=5174  pods=1
  → pod=target-app-799b9dff59-6hcqn status=200  latency=3071.7ms
[266/756] 2022-04-17T09:20:00  total_mb=5267  pods=1
  → pod=target-app-799b9dff59-6hcqn status=200  latency=2929.0ms
[267/756] 2022-04-17T10:00:00  total_mb=5400  pods=1
  → pod=target-app-799b9dff59-6hcqn status=200  latency=2806.1ms
[268/756] 2022-04-17T10:40:00  total_mb=5487  pods=1
  → pod=target-app-799b9dff59-6hcqn status=200  latency=3236.8ms
[269/756] 2022-04-17T11:20:00  total_mb=5500  pods=1
  → pod=target-app-799b9dff59-6hcqn status=200  latency=2954.0ms
[270/756] 2022-04-17T12:00:00  total_mb=5507  pods=1
  → pod=target-app-799b9dff59-6hcqn status=200  latency=3167.3ms
[271/756] 2022-04-17T12:40:00  total_mb=5510  pods=1
  → pod=target-app-799b9dff59-6hcqn status=200  latency=3299.7ms
[272/756] 2022-04-17T13:20:00  total_mb=5590  pods=1
  → pod=target-app-799b9dff59-6hcqn status=200  latency=3146.1ms
[273/756] 2022-04-17T14:00:00  total_mb=5652  pods=1
  → pod=target-app-799b9dff59-6hcqn status=200  latency=2992.0ms
[274/756] 2022-04-17T14:40:00  total_mb=5657  pods=1
  → pod=target-app-799b9dff59-6hcqn status=200  latency=3152.9ms
[275/756] 2022-04-17T15:20:00  total_mb=5657  pods=1
  → pod=target-app-799b9dff59-6hcqn status=200  latency=3456.7ms
[276/756] 2022-04-17T16:00:00  total_mb=5660  pods=1
  → pod=target-app-799b9dff59-6hcqn status=200  latency=3412.8ms
[277/756] 2022-04-17T16:40:00  total_mb=5678  pods=1
  → pod=target-app-799b9dff59-6hcqn status=200  latency=3144.4ms
[278/756] 2022-04-17T17:20:00  total_mb=5736  pods=1
  → pod=target-app-799b9dff59-6hcqn status=200  latency=3451.8ms
[279/756] 2022-04-17T18:00:00  total_mb=5743  pods=2
  → pod=target-app-55dc8c66cd-t792h status=200  latency=1515.6ms
  → pod=target-app-799b9dff59-6hcqn status=ERROR  latency=0.0ms
[280/756] 2022-04-17T18:40:00  total_mb=5660  pods=1
  → pod=target-app-55dc8c66cd-t792h status=200  latency=2899.4ms
[281/756] 2022-04-17T19:20:00  total_mb=5612  pods=1
  → pod=target-app-55dc8c66cd-t792h status=200  latency=2990.7ms
[282/756] 2022-04-17T20:00:00  total_mb=5607  pods=1
  → pod=target-app-55dc8c66cd-t792h status=200  latency=3256.5ms
[283/756] 2022-04-17T20:40:00  total_mb=5613  pods=1
  → pod=target-app-55dc8c66cd-t792h status=200  latency=3210.4ms
[284/756] 2022-04-17T21:20:00  total_mb=4141  pods=1
  → pod=target-app-55dc8c66cd-t792h status=200  latency=2447.2ms
[285/756] 2022-04-17T22:00:00  total_mb=4237  pods=1
  → pod=target-app-55dc8c66cd-t792h status=200  latency=2415.8ms
[286/756] 2022-04-17T22:40:00  total_mb=4493  pods=1
  → pod=target-app-55dc8c66cd-t792h status=200  latency=2763.1ms
[287/756] 2022-04-17T23:20:00  total_mb=4813  pods=1
  → pod=target-app-55dc8c66cd-t792h status=200  latency=2850.9ms
[288/756] 2022-04-18T00:00:00  total_mb=4909  pods=1
  → pod=target-app-55dc8c66cd-t792h status=200  latency=2607.4ms
[289/756] 2022-04-18T00:40:00  total_mb=4922  pods=1
  → pod=target-app-55dc8c66cd-t792h status=200  latency=2949.1ms
[290/756] 2022-04-18T01:20:00  total_mb=4943  pods=1
  → pod=target-app-55dc8c66cd-t792h status=200  latency=2798.6ms
[291/756] 2022-04-18T02:00:00  total_mb=5070  pods=1
  → pod=target-app-55dc8c66cd-t792h status=200  latency=2829.9ms
[292/756] 2022-04-18T02:40:00  total_mb=5158  pods=1
  → pod=target-app-55dc8c66cd-t792h status=200  latency=2864.9ms
[293/756] 2022-04-18T03:20:00  total_mb=5169  pods=1
  → pod=target-app-55dc8c66cd-t792h status=200  latency=2715.0ms
[294/756] 2022-04-18T04:00:00  total_mb=5176  pods=2
  → pod=target-app-55dc8c66cd-t792h status=200  latency=1658.9ms
  → pod=target-app-7b58bf89f-58wzl status=200  latency=1298.4ms
[295/756] 2022-04-18T04:40:00  total_mb=5241  pods=1
  → pod=target-app-7b58bf89f-58wzl status=ERROR  latency=0.0ms
[296/756] 2022-04-18T05:20:00  total_mb=5273  pods=1
  → pod=target-app-55dc8c66cd-hbx8g status=200  latency=2736.6ms
[297/756] 2022-04-18T06:00:00  total_mb=5270  pods=1
  → pod=target-app-55dc8c66cd-hbx8g status=200  latency=2994.7ms
[298/756] 2022-04-18T06:40:00  total_mb=5384  pods=1
  → pod=target-app-55dc8c66cd-hbx8g status=200  latency=2961.3ms
[299/756] 2022-04-18T07:20:00  total_mb=5399  pods=1
  → pod=target-app-55dc8c66cd-hbx8g status=200  latency=2947.5ms
[300/756] 2022-04-18T08:00:00  total_mb=4816  pods=1
  → pod=target-app-55dc8c66cd-hbx8g status=200  latency=2690.8ms
[301/756] 2022-04-18T08:40:00  total_mb=4915  pods=1
  → pod=target-app-55dc8c66cd-hbx8g status=200  latency=2630.3ms
[302/756] 2022-04-18T09:20:00  total_mb=4998  pods=1
  → pod=target-app-55dc8c66cd-hbx8g status=200  latency=3160.3ms
[303/756] 2022-04-18T10:00:00  total_mb=5110  pods=1
  → pod=target-app-55dc8c66cd-hbx8g status=200  latency=2941.2ms
[304/756] 2022-04-18T10:40:00  total_mb=5119  pods=1
  → pod=target-app-55dc8c66cd-hbx8g status=200  latency=3030.3ms
  Error on attempt 1/10 for pod target-app-57f655b559-frsnt: kubectl exec failed: command terminated with exit code 137
, retrying in 3s …
  Error on attempt 2/10 for pod target-app-57f655b559-frsnt: kubectl exec failed: command terminated with exit code 137
, retrying in 3s …
  Error on attempt 3/10 for pod target-app-57f655b559-frsnt: kubectl exec failed: error: unable to upgrade connection: container not found ("target-app")
, retrying in 3s …
  Error on attempt 4/10 for pod target-app-57f655b559-frsnt: kubectl exec failed: error: unable to upgrade connection: container not found ("target-app")
, retrying in 3s …
  Error on attempt 5/10 for pod target-app-57f655b559-frsnt: kubectl exec failed: error: unable to upgrade connection: container not found ("target-app")
, retrying in 3s …
  Error on attempt 6/10 for pod target-app-57f655b559-frsnt: kubectl exec failed: error: unable to upgrade connection: container not found ("target-app")
, retrying in 3s …
  Error on attempt 7/10 for pod target-app-57f655b559-frsnt: kubectl exec failed: command terminated with exit code 137
, retrying in 3s …
  Error on attempt 8/10 for pod target-app-57f655b559-frsnt: kubectl exec failed: error: unable to upgrade connection: container not found ("target-app")
, retrying in 3s …
  Error on attempt 9/10 for pod target-app-57f655b559-frsnt: kubectl exec failed: error: unable to upgrade connection: container not found ("target-app")
, retrying in 3s …
  Error on attempt 10/10 for pod target-app-57f655b559-frsnt: kubectl exec failed: error: unable to upgrade connection: container not found ("target-app")
, retrying in 3s …
  Error on attempt 1/10 for pod target-app-57f655b559-frsnt: kubectl exec failed: command terminated with exit code 137
, retrying in 3s …
  Error on attempt 2/10 for pod target-app-57f655b559-frsnt: kubectl exec failed: error: unable to upgrade connection: container not found ("target-app")
, retrying in 3s …
  Error on attempt 3/10 for pod target-app-57f655b559-frsnt: kubectl exec failed: error: unable to upgrade connection: container not found ("target-app")
, retrying in 3s …
  Error on attempt 4/10 for pod target-app-57f655b559-frsnt: kubectl exec failed: error: unable to upgrade connection: container not found ("target-app")
, retrying in 3s …
  Error on attempt 5/10 for pod target-app-57f655b559-frsnt: kubectl exec failed: error: unable to upgrade connection: container not found ("target-app")
, retrying in 3s …
  Error on attempt 6/10 for pod target-app-57f655b559-frsnt: kubectl exec failed: error: unable to upgrade connection: container not found ("target-app")
, retrying in 3s …
  Error on attempt 7/10 for pod target-app-57f655b559-frsnt: kubectl exec failed: error: unable to upgrade connection: container not found ("target-app")
, retrying in 3s …
  Error on attempt 8/10 for pod target-app-57f655b559-frsnt: kubectl exec failed: error: unable to upgrade connection: container not found ("target-app")
, retrying in 3s …
  Error on attempt 9/10 for pod target-app-57f655b559-frsnt: kubectl exec failed: error: unable to upgrade connection: container not found ("target-app")
, retrying in 3s …
  Error on attempt 10/10 for pod target-app-57f655b559-frsnt: kubectl exec failed: error: unable to upgrade connection: container not found ("target-app")
, retrying in 3s …
  Error on attempt 1/10 for pod target-app-57f655b559-frsnt: kubectl exec failed: error: unable to upgrade connection: container not found ("target-app")
, retrying in 3s …
  Error on attempt 2/10 for pod target-app-57f655b559-frsnt: kubectl exec failed: error: unable to upgrade connection: container not found ("target-app")
, retrying in 3s …
  Error on attempt 3/10 for pod target-app-57f655b559-frsnt: kubectl exec failed: error: unable to upgrade connection: container not found ("target-app")
, retrying in 3s …
  Error on attempt 4/10 for pod target-app-57f655b559-frsnt: kubectl exec failed: command terminated with exit code 137
, retrying in 3s …
  Error on attempt 5/10 for pod target-app-57f655b559-frsnt: kubectl exec failed: error: unable to upgrade connection: container not found ("target-app")
, retrying in 3s …
  Error on attempt 6/10 for pod target-app-57f655b559-frsnt: kubectl exec failed: error: unable to upgrade connection: container not found ("target-app")
, retrying in 3s …
  Error on attempt 7/10 for pod target-app-57f655b559-frsnt: kubectl exec failed: error: unable to upgrade connection: container not found ("target-app")
, retrying in 3s …
  Error on attempt 8/10 for pod target-app-57f655b559-frsnt: kubectl exec failed: error: unable to upgrade connection: container not found ("target-app")
, retrying in 3s …
  Error on attempt 9/10 for pod target-app-57f655b559-frsnt: kubectl exec failed: error: unable to upgrade connection: container not found ("target-app")
, retrying in 3s …
  Error on attempt 10/10 for pod target-app-57f655b559-frsnt: kubectl exec failed: error: unable to upgrade connection: container not found ("target-app")
, retrying in 3s …
  Error on attempt 1/10 for pod target-app-57f655b559-frsnt: kubectl exec failed: error: unable to upgrade connection: container not found ("target-app")
, retrying in 3s …
  Error on attempt 2/10 for pod target-app-57f655b559-frsnt: kubectl exec failed: error: unable to upgrade connection: container not found ("target-app")
, retrying in 3s …
  Error on attempt 3/10 for pod target-app-57f655b559-frsnt: kubectl exec failed: error: unable to upgrade connection: container not found ("target-app")
, retrying in 3s …
  Error on attempt 4/10 for pod target-app-57f655b559-frsnt: kubectl exec failed: error: unable to upgrade connection: container not found ("target-app")
, retrying in 3s …
  Error on attempt 5/10 for pod target-app-57f655b559-frsnt: kubectl exec failed: error: unable to upgrade connection: container not found ("target-app")
, retrying in 3s …
  Error on attempt 6/10 for pod target-app-57f655b559-frsnt: kubectl exec failed: error: unable to upgrade connection: container not found ("target-app")
, retrying in 3s …
  Error on attempt 7/10 for pod target-app-57f655b559-frsnt: kubectl exec failed: error: unable to upgrade connection: container not found ("target-app")
, retrying in 3s …
  Error on attempt 8/10 for pod target-app-57f655b559-frsnt: kubectl exec failed: error: unable to upgrade connection: container not found ("target-app")
, retrying in 3s …
  Error on attempt 9/10 for pod target-app-57f655b559-frsnt: kubectl exec failed: error: unable to upgrade connection: container not found ("target-app")
, retrying in 3s …
  Error on attempt 10/10 for pod target-app-57f655b559-frsnt: kubectl exec failed: error: unable to upgrade connection: container not found ("target-app")
, retrying in 3s …
  Error on attempt 1/10 for pod target-app-57f655b559-frsnt: kubectl exec failed: error: unable to upgrade connection: container not found ("target-app")
, retrying in 3s …
  Error on attempt 2/10 for pod target-app-57f655b559-frsnt: kubectl exec failed: error: unable to upgrade connection: container not found ("target-app")
, retrying in 3s …
  Error on attempt 3/10 for pod target-app-57f655b559-frsnt: kubectl exec failed: error: unable to upgrade connection: container not found ("target-app")
, retrying in 3s …
  Error on attempt 4/10 for pod target-app-57f655b559-frsnt: kubectl exec failed: command terminated with exit code 137
, retrying in 3s …
  Error on attempt 5/10 for pod target-app-57f655b559-frsnt: kubectl exec failed: Error from server (NotFound): pods "target-app-57f655b559-frsnt" not found
, retrying in 3s …
  Error on attempt 6/10 for pod target-app-57f655b559-frsnt: kubectl exec failed: Error from server (NotFound): pods "target-app-57f655b559-frsnt" not found
, retrying in 3s …
  Error on attempt 7/10 for pod target-app-57f655b559-frsnt: kubectl exec failed: Error from server (NotFound): pods "target-app-57f655b559-frsnt" not found
, retrying in 3s …
  Error on attempt 8/10 for pod target-app-57f655b559-frsnt: kubectl exec failed: Error from server (NotFound): pods "target-app-57f655b559-frsnt" not found
, retrying in 3s …
  Error on attempt 9/10 for pod target-app-57f655b559-frsnt: kubectl exec failed: Error from server (NotFound): pods "target-app-57f655b559-frsnt" not found
, retrying in 3s …
  Error on attempt 10/10 for pod target-app-57f655b559-frsnt: kubectl exec failed: Error from server (NotFound): pods "target-app-57f655b559-frsnt" not found
, retrying in 3s …
  Error on attempt 1/10 for pod target-app-57f655b559-7ttdq: kubectl exec failed: command terminated with exit code 137
, retrying in 3s …
  Error on attempt 2/10 for pod target-app-57f655b559-7ttdq: kubectl exec failed: command terminated with exit code 137
, retrying in 3s …
  Error on attempt 3/10 for pod target-app-57f655b559-7ttdq: kubectl exec failed: error: unable to upgrade connection: container not found ("target-app")
, retrying in 3s …
  Error on attempt 4/10 for pod target-app-57f655b559-7ttdq: kubectl exec failed: error: unable to upgrade connection: container not found ("target-app")
, retrying in 3s …
  Error on attempt 5/10 for pod target-app-57f655b559-7ttdq: kubectl exec failed: error: unable to upgrade connection: container not found ("target-app")
, retrying in 3s …
  Error on attempt 6/10 for pod target-app-57f655b559-7ttdq: kubectl exec failed: error: cannot exec into a container in a completed pod; current phase is Failed
, retrying in 3s …
  Error on attempt 7/10 for pod target-app-57f655b559-7ttdq: kubectl exec failed: Error from server (NotFound): pods "target-app-57f655b559-7ttdq" not found
, retrying in 3s …
  Error on attempt 8/10 for pod target-app-57f655b559-7ttdq: kubectl exec failed: Error from server (NotFound): pods "target-app-57f655b559-7ttdq" not found
, retrying in 3s …
  Error on attempt 9/10 for pod target-app-57f655b559-7ttdq: kubectl exec failed: Error from server (NotFound): pods "target-app-57f655b559-7ttdq" not found
, retrying in 3s …
  Error on attempt 10/10 for pod target-app-57f655b559-7ttdq: kubectl exec failed: Error from server (NotFound): pods "target-app-57f655b559-7ttdq" not found
, retrying in 3s …
  Error on attempt 1/10 for pod target-app-7b58bf89f-m9fmq: kubectl exec failed: command terminated with exit code 137
, retrying in 3s …
  Error on attempt 2/10 for pod target-app-7b58bf89f-m9fmq: kubectl exec failed: command terminated with exit code 137
, retrying in 3s …
  Error on attempt 3/10 for pod target-app-7b58bf89f-m9fmq: kubectl exec failed: error: unable to upgrade connection: container not found ("target-app")
, retrying in 3s …
  Error on attempt 4/10 for pod target-app-7b58bf89f-m9fmq: kubectl exec failed: error: unable to upgrade connection: container not found ("target-app")
, retrying in 3s …
  Error on attempt 5/10 for pod target-app-7b58bf89f-m9fmq: kubectl exec failed: Error from server (NotFound): pods "target-app-7b58bf89f-m9fmq" not found
, retrying in 3s …
  Error on attempt 6/10 for pod target-app-7b58bf89f-m9fmq: kubectl exec failed: Error from server (NotFound): pods "target-app-7b58bf89f-m9fmq" not found
, retrying in 3s …
  Error on attempt 7/10 for pod target-app-7b58bf89f-m9fmq: kubectl exec failed: Error from server (NotFound): pods "target-app-7b58bf89f-m9fmq" not found
, retrying in 3s …
  Error on attempt 8/10 for pod target-app-7b58bf89f-m9fmq: kubectl exec failed: Error from server (NotFound): pods "target-app-7b58bf89f-m9fmq" not found
, retrying in 3s …
  Error on attempt 9/10 for pod target-app-7b58bf89f-m9fmq: kubectl exec failed: Error from server (NotFound): pods "target-app-7b58bf89f-m9fmq" not found
, retrying in 3s …
  Error on attempt 10/10 for pod target-app-7b58bf89f-m9fmq: kubectl exec failed: Error from server (NotFound): pods "target-app-7b58bf89f-m9fmq" not found
, retrying in 3s …
  Error on attempt 1/10 for pod target-app-7b58bf89f-nlvcl: kubectl exec failed: command terminated with exit code 137
, retrying in 3s …
  Error on attempt 2/10 for pod target-app-7b58bf89f-nlvcl: kubectl exec failed: command terminated with exit code 137
, retrying in 3s …
  Error on attempt 3/10 for pod target-app-7b58bf89f-nlvcl: kubectl exec failed: error: unable to upgrade connection: container not found ("target-app")
, retrying in 3s …
  Error on attempt 4/10 for pod target-app-7b58bf89f-nlvcl: kubectl exec failed: error: unable to upgrade connection: container not found ("target-app")
, retrying in 3s …
  Error on attempt 5/10 for pod target-app-7b58bf89f-nlvcl: kubectl exec failed: error: unable to upgrade connection: container not found ("target-app")
, retrying in 3s …
  Error on attempt 6/10 for pod target-app-7b58bf89f-nlvcl: kubectl exec failed: error: unable to upgrade connection: container not found ("target-app")
, retrying in 3s …
  Error on attempt 7/10 for pod target-app-7b58bf89f-nlvcl: kubectl exec failed: error: unable to upgrade connection: container not found ("target-app")
, retrying in 3s …
  Error on attempt 8/10 for pod target-app-7b58bf89f-nlvcl: kubectl exec failed: command terminated with exit code 137
, retrying in 3s …
  Error on attempt 9/10 for pod target-app-7b58bf89f-nlvcl: kubectl exec failed: error: unable to upgrade connection: container not found ("target-app")
, retrying in 3s …
  Error on attempt 10/10 for pod target-app-7b58bf89f-nlvcl: kubectl exec failed: error: unable to upgrade connection: container not found ("target-app")
, retrying in 3s …
  Error on attempt 1/10 for pod target-app-7b58bf89f-nlvcl: kubectl exec failed: error: unable to upgrade connection: container not found ("target-app")
, retrying in 3s …
  Error on attempt 2/10 for pod target-app-7b58bf89f-nlvcl: kubectl exec failed: error: unable to upgrade connection: container not found ("target-app")
, retrying in 3s …
  Error on attempt 3/10 for pod target-app-7b58bf89f-nlvcl: kubectl exec failed: error: unable to upgrade connection: container not found ("target-app")
, retrying in 3s …
  Error on attempt 4/10 for pod target-app-7b58bf89f-nlvcl: kubectl exec failed: command terminated with exit code 137
, retrying in 3s …
  Error on attempt 5/10 for pod target-app-7b58bf89f-nlvcl: kubectl exec failed: error: unable to upgrade connection: container not found ("target-app")
, retrying in 3s …
  Error on attempt 6/10 for pod target-app-7b58bf89f-nlvcl: kubectl exec failed: error: unable to upgrade connection: container not found ("target-app")
, retrying in 3s …
  Error on attempt 7/10 for pod target-app-7b58bf89f-nlvcl: kubectl exec failed: error: unable to upgrade connection: container not found ("target-app")
, retrying in 3s …
  Error on attempt 8/10 for pod target-app-7b58bf89f-nlvcl: kubectl exec failed: error: cannot exec into a container in a completed pod; current phase is Failed
, retrying in 3s …
  Error on attempt 9/10 for pod target-app-7b58bf89f-nlvcl: kubectl exec failed: Error from server (NotFound): pods "target-app-7b58bf89f-nlvcl" not found
, retrying in 3s …
  Error on attempt 10/10 for pod target-app-7b58bf89f-nlvcl: kubectl exec failed: Error from server (NotFound): pods "target-app-7b58bf89f-nlvcl" not found
, retrying in 3s …
  Error on attempt 1/10 for pod target-app-799b9dff59-vf8wx: kubectl exec failed: command terminated with exit code 137
, retrying in 3s …
  Error on attempt 2/10 for pod target-app-799b9dff59-vf8wx: kubectl exec failed: command terminated with exit code 137
, retrying in 3s …
  Error on attempt 3/10 for pod target-app-799b9dff59-vf8wx: kubectl exec failed: error: unable to upgrade connection: container not found ("target-app")
, retrying in 3s …
  Error on attempt 4/10 for pod target-app-799b9dff59-vf8wx: kubectl exec failed: error: unable to upgrade connection: container not found ("target-app")
, retrying in 3s …
  Error on attempt 5/10 for pod target-app-799b9dff59-vf8wx: kubectl exec failed: error: unable to upgrade connection: container not found ("target-app")
, retrying in 3s …
  Error on attempt 6/10 for pod target-app-799b9dff59-vf8wx: kubectl exec failed: error: unable to upgrade connection: container not found ("target-app")
, retrying in 3s …
  Error on attempt 7/10 for pod target-app-799b9dff59-vf8wx: kubectl exec failed: command terminated with exit code 137
, retrying in 3s …
  Error on attempt 8/10 for pod target-app-799b9dff59-vf8wx: kubectl exec failed: Error from server (NotFound): pods "target-app-799b9dff59-vf8wx" not found
, retrying in 3s …
  Error on attempt 9/10 for pod target-app-799b9dff59-vf8wx: kubectl exec failed: Error from server (NotFound): pods "target-app-799b9dff59-vf8wx" not found
, retrying in 3s …
  Error on attempt 10/10 for pod target-app-799b9dff59-vf8wx: kubectl exec failed: Error from server (NotFound): pods "target-app-799b9dff59-vf8wx" not found
, retrying in 3s …
  Error on attempt 1/10 for pod target-app-7b58bf89f-nj5xn: kubectl exec failed: command terminated with exit code 137
, retrying in 3s …
  Error on attempt 2/10 for pod target-app-7b58bf89f-nj5xn: kubectl exec failed: command terminated with exit code 137
, retrying in 3s …
  Error on attempt 3/10 for pod target-app-7b58bf89f-nj5xn: kubectl exec failed: Error from server (NotFound): pods "target-app-7b58bf89f-nj5xn" not found
, retrying in 3s …
  Error on attempt 4/10 for pod target-app-7b58bf89f-nj5xn: kubectl exec failed: Error from server (NotFound): pods "target-app-7b58bf89f-nj5xn" not found
, retrying in 3s …
  Error on attempt 5/10 for pod target-app-7b58bf89f-nj5xn: kubectl exec failed: Error from server (NotFound): pods "target-app-7b58bf89f-nj5xn" not found
, retrying in 3s …
  Error on attempt 6/10 for pod target-app-7b58bf89f-nj5xn: kubectl exec failed: Error from server (NotFound): pods "target-app-7b58bf89f-nj5xn" not found
, retrying in 3s …
  Error on attempt 7/10 for pod target-app-7b58bf89f-nj5xn: kubectl exec failed: Error from server (NotFound): pods "target-app-7b58bf89f-nj5xn" not found
, retrying in 3s …
  Error on attempt 8/10 for pod target-app-7b58bf89f-nj5xn: kubectl exec failed: Error from server (NotFound): pods "target-app-7b58bf89f-nj5xn" not found
, retrying in 3s …
  Error on attempt 9/10 for pod target-app-7b58bf89f-nj5xn: kubectl exec failed: Error from server (NotFound): pods "target-app-7b58bf89f-nj5xn" not found
, retrying in 3s …
  Error on attempt 10/10 for pod target-app-7b58bf89f-nj5xn: kubectl exec failed: Error from server (NotFound): pods "target-app-7b58bf89f-nj5xn" not found
, retrying in 3s …
[305/756] 2022-04-18T11:20:00  total_mb=5163  pods=1
  → pod=target-app-55dc8c66cd-hbx8g status=200  latency=3044.7ms
[306/756] 2022-04-18T12:00:00  total_mb=5287  pods=1
  → pod=target-app-55dc8c66cd-hbx8g status=200  latency=2783.3ms
[307/756] 2022-04-18T12:40:00  total_mb=5353  pods=1
  → pod=target-app-55dc8c66cd-hbx8g status=200  latency=3018.1ms
[308/756] 2022-04-18T13:20:00  total_mb=5456  pods=1
  → pod=target-app-55dc8c66cd-hbx8g status=200  latency=2947.2ms
[309/756] 2022-04-18T14:00:00  total_mb=5453  pods=1
  → pod=target-app-55dc8c66cd-hbx8g status=200  latency=2914.0ms
[310/756] 2022-04-18T14:40:00  total_mb=5481  pods=1
  → pod=target-app-55dc8c66cd-hbx8g status=200  latency=2951.6ms
[311/756] 2022-04-18T15:20:00  total_mb=5481  pods=2
  → pod=target-app-55dc8c66cd-hbx8g status=200  latency=1674.4ms
  → pod=target-app-57f655b559-frsnt status=200  latency=1366.9ms
[312/756] 2022-04-18T16:00:00  total_mb=5538  pods=1
  → pod=target-app-57f655b559-frsnt status=ERROR  latency=0.0ms
[313/756] 2022-04-18T16:40:00  total_mb=5663  pods=1
  → pod=target-app-57f655b559-frsnt status=ERROR  latency=0.0ms
[314/756] 2022-04-18T17:20:00  total_mb=5732  pods=1
  → pod=target-app-57f655b559-frsnt status=ERROR  latency=0.0ms
[315/756] 2022-04-18T18:00:00  total_mb=5756  pods=1
  → pod=target-app-57f655b559-frsnt status=ERROR  latency=0.0ms
[316/756] 2022-04-18T18:40:00  total_mb=5754  pods=1
  → pod=target-app-57f655b559-frsnt status=ERROR  latency=0.0ms
[317/756] 2022-04-18T19:20:00  total_mb=5758  pods=1
  → pod=target-app-757955768f-g4v68 status=200  latency=2981.2ms
[318/756] 2022-04-18T20:00:00  total_mb=5763  pods=1
  → pod=target-app-757955768f-g4v68 status=200  latency=3446.8ms
[319/756] 2022-04-18T20:40:00  total_mb=5761  pods=1
  → pod=target-app-757955768f-g4v68 status=200  latency=3495.2ms
[320/756] 2022-04-18T21:20:00  total_mb=4227  pods=1
  → pod=target-app-757955768f-g4v68 status=200  latency=2360.9ms
[321/756] 2022-04-18T22:00:00  total_mb=4351  pods=1
  → pod=target-app-757955768f-g4v68 status=200  latency=2446.6ms
[322/756] 2022-04-18T22:40:00  total_mb=4686  pods=1
  → pod=target-app-757955768f-g4v68 status=200  latency=2784.7ms
[323/756] 2022-04-18T23:20:00  total_mb=4843  pods=1
  → pod=target-app-757955768f-g4v68 status=200  latency=2755.0ms
[324/756] 2022-04-19T00:00:00  total_mb=4949  pods=1
  → pod=target-app-757955768f-g4v68 status=200  latency=2708.5ms
[325/756] 2022-04-19T00:40:00  total_mb=5037  pods=1
  → pod=target-app-757955768f-g4v68 status=200  latency=2769.2ms
[326/756] 2022-04-19T01:20:00  total_mb=5040  pods=1
  → pod=target-app-757955768f-g4v68 status=200  latency=3199.3ms
[327/756] 2022-04-19T02:00:00  total_mb=5123  pods=1
  → pod=target-app-757955768f-g4v68 status=200  latency=2701.0ms
[328/756] 2022-04-19T02:40:00  total_mb=5287  pods=1
  → pod=target-app-757955768f-g4v68 status=200  latency=3003.3ms
[329/756] 2022-04-19T03:20:00  total_mb=5294  pods=1
  → pod=target-app-757955768f-g4v68 status=200  latency=3059.4ms
[330/756] 2022-04-19T04:00:00  total_mb=5218  pods=1
  → pod=target-app-757955768f-g4v68 status=200  latency=3019.0ms
[331/756] 2022-04-19T04:40:00  total_mb=5240  pods=1
  → pod=target-app-757955768f-g4v68 status=200  latency=2865.8ms
[332/756] 2022-04-19T05:20:00  total_mb=5200  pods=1
  → pod=target-app-757955768f-g4v68 status=200  latency=2994.9ms
[333/756] 2022-04-19T06:00:00  total_mb=5192  pods=2
  → pod=target-app-57f655b559-7ttdq status=200  latency=1515.7ms
  → pod=target-app-757955768f-g4v68 status=200  latency=2155.1ms
[334/756] 2022-04-19T06:40:00  total_mb=5224  pods=1
  → pod=target-app-57f655b559-7ttdq status=ERROR  latency=0.0ms
[335/756] 2022-04-19T07:20:00  total_mb=5422  pods=1
  → pod=target-app-7b58bf89f-m9fmq status=ERROR  latency=0.0ms
[336/756] 2022-04-19T08:00:00  total_mb=5524  pods=1
  → pod=target-app-757955768f-mbx2w status=200  latency=2955.8ms
[337/756] 2022-04-19T08:40:00  total_mb=5689  pods=1
  → pod=target-app-757955768f-mbx2w status=200  latency=3119.4ms
[338/756] 2022-04-19T09:20:00  total_mb=5794  pods=1
  → pod=target-app-757955768f-mbx2w status=200  latency=3136.6ms
[339/756] 2022-04-19T10:00:00  total_mb=5788  pods=1
  → pod=target-app-757955768f-mbx2w status=200  latency=3146.3ms
[340/756] 2022-04-19T10:40:00  total_mb=5858  pods=1
  → pod=target-app-757955768f-mbx2w status=200  latency=3374.2ms
[341/756] 2022-04-19T11:20:00  total_mb=5985  pods=1
  → pod=target-app-757955768f-mbx2w status=200  latency=3328.0ms
[342/756] 2022-04-19T12:00:00  total_mb=6065  pods=1
  → pod=target-app-757955768f-mbx2w status=200  latency=3369.0ms
[343/756] 2022-04-19T12:40:00  total_mb=6087  pods=1
  → pod=target-app-757955768f-mbx2w status=200  latency=3198.9ms
[344/756] 2022-04-19T13:20:00  total_mb=6182  pods=1
  → pod=target-app-757955768f-mbx2w status=200  latency=3304.5ms
[345/756] 2022-04-19T14:00:00  total_mb=6243  pods=1
  → pod=target-app-757955768f-mbx2w status=200  latency=3614.9ms
[346/756] 2022-04-19T14:40:00  total_mb=6260  pods=1
  → pod=target-app-757955768f-mbx2w status=200  latency=3279.5ms
[347/756] 2022-04-19T15:20:00  total_mb=6313  pods=1
  → pod=target-app-757955768f-mbx2w status=200  latency=3412.1ms
[348/756] 2022-04-19T16:00:00  total_mb=6316  pods=1
  → pod=target-app-757955768f-mbx2w status=200  latency=3782.2ms
[349/756] 2022-04-19T16:40:00  total_mb=6328  pods=1
  → pod=target-app-757955768f-mbx2w status=200  latency=3586.1ms
[350/756] 2022-04-19T17:20:00  total_mb=6343  pods=1
  → pod=target-app-757955768f-mbx2w status=200  latency=3965.2ms
[351/756] 2022-04-19T18:00:00  total_mb=6289  pods=1
  → pod=target-app-7b58bf89f-nlvcl status=ERROR  latency=0.0ms
[352/756] 2022-04-19T18:40:00  total_mb=6303  pods=1
  → pod=target-app-7b58bf89f-nlvcl status=ERROR  latency=0.0ms
[353/756] 2022-04-19T19:20:00  total_mb=6309  pods=1
  → pod=target-app-799b9dff59-vf8wx status=ERROR  latency=0.0ms
[354/756] 2022-04-19T20:00:00  total_mb=6312  pods=1
  → pod=target-app-757955768f-cwgvf status=200  latency=3360.4ms
[355/756] 2022-04-19T20:40:00  total_mb=6330  pods=1
  → pod=target-app-757955768f-cwgvf status=200  latency=3386.2ms
[356/756] 2022-04-19T21:20:00  total_mb=4224  pods=1
  → pod=target-app-757955768f-cwgvf status=200  latency=2440.9ms
[357/756] 2022-04-19T22:00:00  total_mb=4401  pods=1
  → pod=target-app-757955768f-cwgvf status=200  latency=2825.4ms
[358/756] 2022-04-19T22:40:00  total_mb=4727  pods=1
  → pod=target-app-757955768f-cwgvf status=200  latency=2591.2ms
[359/756] 2022-04-19T23:20:00  total_mb=4849  pods=1
  → pod=target-app-757955768f-cwgvf status=200  latency=2637.9ms
[360/756] 2022-04-20T00:00:00  total_mb=4964  pods=1
  → pod=target-app-757955768f-cwgvf status=200  latency=3064.0ms
[361/756] 2022-04-20T00:40:00  total_mb=5049  pods=1
  → pod=target-app-757955768f-cwgvf status=200  latency=2711.3ms
[362/756] 2022-04-20T01:20:00  total_mb=5056  pods=1
  → pod=target-app-757955768f-cwgvf status=200  latency=3179.9ms
[363/756] 2022-04-20T02:00:00  total_mb=5066  pods=1
  → pod=target-app-757955768f-cwgvf status=200  latency=2642.7ms
[364/756] 2022-04-20T02:40:00  total_mb=5225  pods=1
  → pod=target-app-757955768f-cwgvf status=200  latency=2917.3ms
[365/756] 2022-04-20T03:20:00  total_mb=5228  pods=1
  → pod=target-app-757955768f-cwgvf status=200  latency=3164.5ms
[366/756] 2022-04-20T04:00:00  total_mb=5234  pods=1
  → pod=target-app-757955768f-cwgvf status=200  latency=2843.3ms
[367/756] 2022-04-20T04:40:00  total_mb=5296  pods=1
  → pod=target-app-757955768f-cwgvf status=200  latency=2887.1ms
[368/756] 2022-04-20T05:20:00  total_mb=5318  pods=1
  → pod=target-app-757955768f-cwgvf status=200  latency=2987.5ms
[369/756] 2022-04-20T06:00:00  total_mb=5358  pods=2
  → pod=target-app-757955768f-cwgvf status=200  latency=1844.7ms
  → pod=target-app-7b58bf89f-nj5xn status=200  latency=1426.0ms
[370/756] 2022-04-20T06:40:00  total_mb=5385  pods=1
  → pod=target-app-7b58bf89f-nj5xn status=ERROR  latency=0.0ms
[371/756] 2022-04-20T07:20:00  total_mb=5433  pods=1
