/usr/local/lib/python3.9/site-packages/google/auth/__init__.py:54: FutureWarning: You are using a Python version 3.9 past its end of life. Google will update google-auth with critical bug fixes on a best-effort basis, but not with any other fixes or features. Please upgrade your Python version, and then update google-auth.
  warnings.warn(eol_message.format("3.9"), FutureWarning)
/usr/local/lib/python3.9/site-packages/google/oauth2/__init__.py:40: FutureWarning: You are using a Python version 3.9 past its end of life. Google will update google-auth with critical bug fixes on a best-effort basis, but not with any other fixes or features. Please upgrade your Python version, and then update google-auth.
  warnings.warn(eol_message.format("3.9"), FutureWarning)
2026-06-18T20:15:51 [INFO] scaler.main — Scaler starting: namespace=tcc-ens-expsm-fft-c-cpu-hv model=Ensemble dataset=c-cpu mode=combined
2026-06-18T20:15:51 [INFO] scaler.main — Scale Engine active: VM Cores=5.00, VM RAM=8.00GB | Real Cores=4.00, Real RAM=8.00GB
2026-06-18T20:15:56 [WARNING] darts.models — The statsforecast module could not be imported. To enable support for the StatsForecastAutoARIMA, StatsForecastETS and Croston models, please consider installing it.
2026-06-18T20:15:56 [INFO] predictor — Model loaded: Ensemble[ExponentialSmoothing+FFT] | dataset_slug=c-cpu | run_dir=/app/experiments/results/cegedim_application_C_CPU_exp1/Ensemble[FFT+ExponentialSmoothing]/20260609_013912
2026-06-18T20:15:56 [INFO] predictor — Model loaded: Ensemble[ExponentialSmoothing+FFT] | dataset_slug=c-ram | run_dir=/app/experiments/results/cegedim_application_C_RAM_exp1/Ensemble[ExponentialSmoothing+FFT]/20260609_120547
2026-06-18T20:15:56 [INFO] predictor — Secondary model loaded for combined mode: slug=c-ram
2026-06-18T20:15:56 [INFO] k8s_scaler — Using in-cluster Kubernetes config
2026-06-18T20:15:56 [INFO] metrics_recorder — MetricsRecorder: initialized scaling and warmup logs in /results
2026-06-18T20:15:56 [INFO] scaler.main — Bootstrapping history: 30 minutes at 15s steps
2026-06-18T20:15:56 [INFO] scaler.main — Bootstrap complete: cpu=98 rows, ram=121 rows
2026-06-18T20:15:56 [INFO] predictor — fit_predict.history: rows=120 freq=15S head=[{'timestamp_date_format': Timestamp('2026-06-18 19:46:00'), 'Total_Usage': 0.07389237924183482}, {'timestamp_date_format': Timestamp('2026-06-18 19:46:15'), 'Total_Usage': 0.09093888}, {'timestamp_date_format': Timestamp('2026-06-18 19:46:30'), 'Total_Usage': 0.22428291734960998}] tail=[{'timestamp_date_format': Timestamp('2026-06-18 20:15:15'), 'Total_Usage': 0.2842975815599618}, {'timestamp_date_format': Timestamp('2026-06-18 20:15:30'), 'Total_Usage': 0.26180358854245006}, {'timestamp_date_format': Timestamp('2026-06-18 20:15:45'), 'Total_Usage': 0.2897825167430385}]
2026-06-18T20:15:56 [ERROR] main_logger — ValueError: Train series only contains 92 elements but ExponentialSmoothing(trend=ModelMode.ADDITIVE, damped=False, seasonal=SeasonalityMode.ADDITIVE, seasonal_periods=48 model requires at least 96 entries
2026-06-18T20:15:56 [ERROR] predictor — Re-fit raised an exception: Train series only contains 92 elements but ExponentialSmoothing(trend=ModelMode.ADDITIVE, damped=False, seasonal=SeasonalityMode.ADDITIVE, seasonal_periods=48 model requires at least 96 entries
2026-06-18T20:15:56 [INFO] predictor — fit_predict_secondary.history: rows=121 freq=15S head=[{'timestamp_date_format': Timestamp('2026-06-18 19:45:45'), 'Total_Usage': 3.1061935424804688}, {'timestamp_date_format': Timestamp('2026-06-18 19:46:00'), 'Total_Usage': 3.1062049865722656}, {'timestamp_date_format': Timestamp('2026-06-18 19:46:15'), 'Total_Usage': 3.1062088012695312}] tail=[{'timestamp_date_format': Timestamp('2026-06-18 20:15:15'), 'Total_Usage': 8.369064331054688}, {'timestamp_date_format': Timestamp('2026-06-18 20:15:30'), 'Total_Usage': 8.432567596435547}, {'timestamp_date_format': Timestamp('2026-06-18 20:15:45'), 'Total_Usage': 8.482463836669922}]
2026-06-18T20:15:56 [ERROR] main_logger — ValueError: Train series only contains 87 elements but ExponentialSmoothing(trend=ModelMode.ADDITIVE, damped=True, seasonal=SeasonalityMode.ADDITIVE, seasonal_periods=45 model requires at least 90 entries
2026-06-18T20:15:56 [ERROR] predictor — Re-fit raised an exception: Train series only contains 87 elements but ExponentialSmoothing(trend=ModelMode.ADDITIVE, damped=True, seasonal=SeasonalityMode.ADDITIVE, seasonal_periods=45 model requires at least 90 entries
2026-06-18T20:15:56 [INFO] k8s_scaler — Patching memory → limit=8192Mi request=256Mi
2026-06-18T20:15:56 [INFO] scaler.main — Cycle 0 | cpu=0.362→0.290 replicas=1→1 | ram=8.482GB→8.482GB mem=6144MB→8192MB | h=no_change v=scale_up | sla_cpu=False sla_ram=True
